2025-10-05 02:02:51.727 INFO: ===========VERIFYING SETTINGS===========
2025-10-05 02:02:51.730 INFO: MACE version: 0.3.14
2025-10-05 02:02:51.731 INFO: CUDA version: 12.6, CUDA device: 0
2025-10-05 02:02:51.735 INFO: Using foundation model mace-mp-0 small as initial checkpoint.
2025-10-05 02:02:51.863 INFO: CUDA version: 12.6, CUDA device: 0
2025-10-05 02:02:51.869 INFO: ===========LOADING INPUT DATA===========
2025-10-05 02:02:51.870 INFO: Using heads: ['Default']
2025-10-05 02:02:51.871 INFO: Using the key specifications to parse data:
2025-10-05 02:02:51.872 INFO: Default: KeySpecification(info_keys={'energy': 'REF_energy', 'stress': 'REF_stress', 'virials': 'REF_virials', 'dipole': 'dipole', 'head': 'head', 'elec_temp': 'elec_temp', 'total_charge': 'total_charge', 'polarizability': 'polarizability', 'total_spin': 'total_spin'}, arrays_keys={'forces': 'REF_forces', 'charges': 'REF_charges'})
2025-10-05 02:02:51.873 INFO: =============    Processing head Default     ===========
2025-10-05 02:02:52.224 INFO: Training set 1/1 [energy: 451, stress: 451, virials: 0, dipole components: 0, head: 451, elec_temp: 0, total_charge: 0, polarizability: 0, total_spin: 0, forces: 451, charges: 0]
2025-10-05 02:02:52.229 INFO: Total Training set [energy: 451, stress: 451, virials: 0, dipole components: 0, head: 451, elec_temp: 0, total_charge: 0, polarizability: 0, total_spin: 0, forces: 451, charges: 0]
2025-10-05 02:02:52.230 INFO: No validation set provided, splitting training data instead.
2025-10-05 02:02:52.236 INFO: Using random 20% of training set for validation with indices saved in: ./valid_indices_123.txt
2025-10-05 02:02:52.239 INFO: Random Split Training set [energy: 361, stress: 361, virials: 0, dipole components: 0, head: 361, elec_temp: 0, total_charge: 0, polarizability: 0, total_spin: 0, forces: 361, charges: 0]
2025-10-05 02:02:52.241 INFO: Random Split Validation set [energy: 90, stress: 90, virials: 0, dipole components: 0, head: 90, elec_temp: 0, total_charge: 0, polarizability: 0, total_spin: 0, forces: 90, charges: 0]
2025-10-05 02:02:52.856 INFO: Test set 1/1 [energy: 816, stress: 816, virials: 0, dipole components: 0, head: 816, elec_temp: 0, total_charge: 0, polarizability: 0, total_spin: 0, forces: 816, charges: 0]
2025-10-05 02:02:52.863 INFO: Total Test set [energy: 816, stress: 816, virials: 0, dipole components: 0, head: 816, elec_temp: 0, total_charge: 0, polarizability: 0, total_spin: 0, forces: 816, charges: 0]
2025-10-05 02:02:52.864 INFO: Total number of configurations: train=361, valid=90, tests=[Default_Default: 816],
2025-10-05 02:02:52.872 INFO: Atomic Numbers used: [8, 72]
2025-10-05 02:02:52.873 INFO: Isolated Atomic Energies (E0s) not in training file, using command line argument
2025-10-05 02:02:52.874 INFO: Atomic Energies used (z: eV) for head Default: {8: -443.8224565134432, 72: -1529.4984727695407}
2025-10-05 02:02:52.875 INFO: Processing datasets for head 'Default'
2025-10-05 02:02:55.143 INFO: Combining 1 list datasets for head 'Default'
2025-10-05 02:02:55.707 INFO: Head 'Default' training dataset size: 361
2025-10-05 02:02:55.709 INFO: Computing average number of neighbors
2025-10-05 02:02:55.907 INFO: Average number of neighbors: 57.789612929199976
2025-10-05 02:02:55.909 INFO: During training the following quantities will be reported: energy, forces
2025-10-05 02:02:55.910 INFO: ===========MODEL DETAILS===========
2025-10-05 02:02:56.074 INFO: Loading FOUNDATION model
2025-10-05 02:02:56.076 INFO: Using filtered elements: [8, 72]
2025-10-05 02:02:56.078 INFO: Model configuration extracted from foundation model
2025-10-05 02:02:56.079 INFO: Using weighted loss function for fine-tuning
2025-10-05 02:02:56.080 INFO: Message passing with hidden irreps 128x0e)
2025-10-05 02:02:56.081 INFO: 2 layers, each with correlation order: 3 (body order: 4) and spherical harmonics up to: l=3
2025-10-05 02:02:56.082 INFO: Radial cutoff: 6.0 A (total receptive field for each atom: 12.0 A)
2025-10-05 02:02:56.084 INFO: Distance transform for radial basis functions: None
2025-10-05 02:02:57.212 INFO: Total number of parameters: 362138
2025-10-05 02:02:57.214 INFO: 
2025-10-05 02:02:57.216 INFO: ===========OPTIMIZER INFORMATION===========
2025-10-05 02:02:57.217 INFO: Using ADAMW as parameter optimizer
2025-10-05 02:02:57.218 INFO: Batch size: 14
2025-10-05 02:02:57.219 INFO: Using Exponential Moving Average with decay: 0.99
2025-10-05 02:02:57.220 INFO: Number of gradient updates: 12892
2025-10-05 02:02:57.221 INFO: Learning rate: 0.01, weight decay: 5e-07
2025-10-05 02:02:57.223 INFO: WeightedEnergyForcesLoss(energy_weight=1.000, forces_weight=100.000)
2025-10-05 02:02:57.224 INFO: Converting model to CUEQ for accelerated training
2025-10-05 02:02:57.313 INFO: Creating new model with cuequivariance settings
2025-10-05 02:02:57.681 INFO: Stage Two (after 375 epochs) with loss function: WeightedEnergyForcesLoss(energy_weight=1000.000, forces_weight=100.000), with energy weight : 1000.0, forces weight : 100.0 and learning rate : 0.001
2025-10-05 02:02:57.742 INFO: Using Weights and Biases for logging
2025-10-05 02:02:59.065 INFO: Using gradient clipping with tolerance=10.000
2025-10-05 02:02:59.066 INFO: 
2025-10-05 02:02:59.067 INFO: ===========TRAINING===========
2025-10-05 02:02:59.068 INFO: Started training, reporting errors on validation set
2025-10-05 02:02:59.069 INFO: Loss metrics on validation set
2025-10-05 02:02:59.450 INFO: Initial: head: Default, loss=8.35949453, RMSE_E_per_atom= 7694.34 meV, RMSE_F=  494.23 meV / A
2025-10-05 02:03:02.114 INFO: Epoch 0: head: Default, loss=1.75637943, RMSE_E_per_atom= 2041.50 meV, RMSE_F=  365.57 meV / A
2025-10-05 02:03:04.725 INFO: Epoch 1: head: Default, loss=1.95413606, RMSE_E_per_atom= 1718.11 meV, RMSE_F=  407.41 meV / A
2025-10-05 02:03:07.378 INFO: Epoch 2: head: Default, loss=1.11372329, RMSE_E_per_atom=  735.22 meV, RMSE_F=  325.38 meV / A
2025-10-05 02:03:10.131 INFO: Epoch 3: head: Default, loss=0.90212809, RMSE_E_per_atom=  559.75 meV, RMSE_F=  294.70 meV / A
2025-10-05 02:03:12.909 INFO: Epoch 4: head: Default, loss=0.79140100, RMSE_E_per_atom=  372.91 meV, RMSE_F=  278.38 meV / A
2025-10-05 02:03:15.614 INFO: Epoch 5: head: Default, loss=0.73361100, RMSE_E_per_atom=  309.59 meV, RMSE_F=  268.71 meV / A
2025-10-05 02:03:18.299 INFO: Epoch 6: head: Default, loss=0.68291936, RMSE_E_per_atom=  290.19 meV, RMSE_F=  259.33 meV / A
2025-10-05 02:03:20.996 INFO: Epoch 7: head: Default, loss=0.65433104, RMSE_E_per_atom=  240.39 meV, RMSE_F=  254.32 meV / A
2025-10-05 02:03:23.693 INFO: Epoch 8: head: Default, loss=0.63727768, RMSE_E_per_atom=  219.77 meV, RMSE_F=  251.18 meV / A
2025-10-05 02:03:26.425 INFO: Epoch 9: head: Default, loss=0.63049830, RMSE_E_per_atom=  209.22 meV, RMSE_F=  249.88 meV / A
2025-10-05 02:03:29.133 INFO: Epoch 10: head: Default, loss=0.62240641, RMSE_E_per_atom=  218.22 meV, RMSE_F=  248.19 meV / A
2025-10-05 02:03:31.732 INFO: Epoch 11: head: Default, loss=0.72362959, RMSE_E_per_atom=  242.66 meV, RMSE_F=  267.68 meV / A
2025-10-05 02:03:34.351 INFO: Epoch 12: head: Default, loss=0.63732540, RMSE_E_per_atom=  222.72 meV, RMSE_F=  251.14 meV / A
2025-10-05 02:03:37.052 INFO: Epoch 13: head: Default, loss=0.61576541, RMSE_E_per_atom=  190.55 meV, RMSE_F=  247.04 meV / A
2025-10-05 02:03:39.782 INFO: Epoch 14: head: Default, loss=0.61028841, RMSE_E_per_atom=  201.21 meV, RMSE_F=  245.86 meV / A
2025-10-05 02:03:42.458 INFO: Epoch 15: head: Default, loss=0.59290463, RMSE_E_per_atom=  195.08 meV, RMSE_F=  242.39 meV / A
2025-10-05 02:03:45.163 INFO: Epoch 16: head: Default, loss=0.58156199, RMSE_E_per_atom=  174.68 meV, RMSE_F=  240.17 meV / A
2025-10-05 02:03:47.868 INFO: Epoch 17: head: Default, loss=0.58062617, RMSE_E_per_atom=  167.67 meV, RMSE_F=  240.05 meV / A
2025-10-05 02:03:50.585 INFO: Epoch 18: head: Default, loss=0.56892111, RMSE_E_per_atom=  162.08 meV, RMSE_F=  237.66 meV / A
2025-10-05 02:03:53.263 INFO: Epoch 19: head: Default, loss=0.55954407, RMSE_E_per_atom=  152.04 meV, RMSE_F=  235.75 meV / A
2025-10-05 02:03:55.948 INFO: Epoch 20: head: Default, loss=0.55558169, RMSE_E_per_atom=  153.02 meV, RMSE_F=  234.91 meV / A
2025-10-05 02:03:58.539 INFO: Epoch 21: head: Default, loss=0.60386224, RMSE_E_per_atom=  175.60 meV, RMSE_F=  244.82 meV / A
2025-10-05 02:04:01.212 INFO: Epoch 22: head: Default, loss=0.58168597, RMSE_E_per_atom=  180.52 meV, RMSE_F=  240.20 meV / A
2025-10-05 02:04:03.854 INFO: Epoch 23: head: Default, loss=0.57429528, RMSE_E_per_atom=  175.54 meV, RMSE_F=  238.68 meV / A
2025-10-05 02:04:06.518 INFO: Epoch 24: head: Default, loss=0.56289271, RMSE_E_per_atom=  159.23 meV, RMSE_F=  236.39 meV / A
2025-10-05 02:04:09.128 INFO: Epoch 25: head: Default, loss=0.55359702, RMSE_E_per_atom=  149.77 meV, RMSE_F=  234.48 meV / A
2025-10-05 02:04:11.822 INFO: Epoch 26: head: Default, loss=0.54368846, RMSE_E_per_atom=  143.18 meV, RMSE_F=  232.40 meV / A
2025-10-05 02:04:14.529 INFO: Epoch 27: head: Default, loss=0.54523975, RMSE_E_per_atom=  138.99 meV, RMSE_F=  232.75 meV / A
2025-10-05 02:04:17.204 INFO: Epoch 28: head: Default, loss=0.53912216, RMSE_E_per_atom=  131.50 meV, RMSE_F=  231.48 meV / A
2025-10-05 02:04:19.899 INFO: Epoch 29: head: Default, loss=0.52753986, RMSE_E_per_atom=  127.64 meV, RMSE_F=  228.99 meV / A
2025-10-05 02:04:22.566 INFO: Epoch 30: head: Default, loss=0.51638796, RMSE_E_per_atom=  118.05 meV, RMSE_F=  226.62 meV / A
2025-10-05 02:04:25.156 INFO: Epoch 31: head: Default, loss=0.52903967, RMSE_E_per_atom=  139.77 meV, RMSE_F=  229.36 meV / A
2025-10-05 02:04:27.846 INFO: Epoch 32: head: Default, loss=0.51583222, RMSE_E_per_atom=  132.23 meV, RMSE_F=  226.50 meV / A
2025-10-05 02:04:30.552 INFO: Epoch 33: head: Default, loss=0.51399956, RMSE_E_per_atom=  129.05 meV, RMSE_F=  226.09 meV / A
2025-10-05 02:04:33.270 INFO: Epoch 34: head: Default, loss=0.51184487, RMSE_E_per_atom=  122.66 meV, RMSE_F=  225.63 meV / A
2025-10-05 02:04:35.970 INFO: Epoch 35: head: Default, loss=0.50856289, RMSE_E_per_atom=  115.28 meV, RMSE_F=  224.94 meV / A
2025-10-05 02:04:38.727 INFO: Epoch 36: head: Default, loss=0.50567239, RMSE_E_per_atom=  118.80 meV, RMSE_F=  224.28 meV / A
2025-10-05 02:04:41.506 INFO: Epoch 37: head: Default, loss=0.50167192, RMSE_E_per_atom=  115.06 meV, RMSE_F=  223.41 meV / A
2025-10-05 02:04:44.195 INFO: Epoch 38: head: Default, loss=0.50071111, RMSE_E_per_atom=  108.00 meV, RMSE_F=  223.22 meV / A
2025-10-05 02:04:46.864 INFO: Epoch 39: head: Default, loss=0.50138980, RMSE_E_per_atom=  105.02 meV, RMSE_F=  223.37 meV / A
2025-10-05 02:04:49.512 INFO: Epoch 40: head: Default, loss=0.49905827, RMSE_E_per_atom=  104.48 meV, RMSE_F=  222.87 meV / A
2025-10-05 02:04:52.130 INFO: Epoch 41: head: Default, loss=0.50436649, RMSE_E_per_atom=  116.44 meV, RMSE_F=  224.01 meV / A
2025-10-05 02:04:54.783 INFO: Epoch 42: head: Default, loss=0.49846111, RMSE_E_per_atom=  108.50 meV, RMSE_F=  222.73 meV / A
2025-10-05 02:04:57.472 INFO: Epoch 43: head: Default, loss=0.49755372, RMSE_E_per_atom=  115.92 meV, RMSE_F=  222.47 meV / A
2025-10-05 02:05:00.174 INFO: Epoch 44: head: Default, loss=0.49658612, RMSE_E_per_atom=  117.22 meV, RMSE_F=  222.25 meV / A
2025-10-05 02:05:02.861 INFO: Epoch 45: head: Default, loss=0.49262233, RMSE_E_per_atom=  114.26 meV, RMSE_F=  221.39 meV / A
2025-10-05 02:05:05.572 INFO: Epoch 46: head: Default, loss=0.49192931, RMSE_E_per_atom=  111.05 meV, RMSE_F=  221.24 meV / A
2025-10-05 02:05:08.262 INFO: Epoch 47: head: Default, loss=0.48919164, RMSE_E_per_atom=  110.73 meV, RMSE_F=  220.62 meV / A
2025-10-05 02:05:10.921 INFO: Epoch 48: head: Default, loss=0.48712291, RMSE_E_per_atom=  102.06 meV, RMSE_F=  220.19 meV / A
2025-10-05 02:05:13.624 INFO: Epoch 49: head: Default, loss=0.48762718, RMSE_E_per_atom=  104.85 meV, RMSE_F=  220.31 meV / A
2025-10-05 02:05:16.280 INFO: Epoch 50: head: Default, loss=0.48259333, RMSE_E_per_atom=  104.16 meV, RMSE_F=  219.16 meV / A
2025-10-05 02:05:18.873 INFO: Epoch 51: head: Default, loss=0.48725145, RMSE_E_per_atom=  116.13 meV, RMSE_F=  220.16 meV / A
2025-10-05 02:05:21.518 INFO: Epoch 52: head: Default, loss=0.48249085, RMSE_E_per_atom=  108.16 meV, RMSE_F=  219.11 meV / A
2025-10-05 02:05:24.180 INFO: Epoch 53: head: Default, loss=0.47968670, RMSE_E_per_atom=  104.30 meV, RMSE_F=  218.50 meV / A
2025-10-05 02:05:26.893 INFO: Epoch 54: head: Default, loss=0.47531369, RMSE_E_per_atom=   99.19 meV, RMSE_F=  217.52 meV / A
2025-10-05 02:05:29.571 INFO: Epoch 55: head: Default, loss=0.47029971, RMSE_E_per_atom=   91.90 meV, RMSE_F=  216.40 meV / A
2025-10-05 02:05:32.246 INFO: Epoch 56: head: Default, loss=0.46695168, RMSE_E_per_atom=   87.88 meV, RMSE_F=  215.65 meV / A
2025-10-05 02:05:34.916 INFO: Epoch 57: head: Default, loss=0.46261000, RMSE_E_per_atom=   87.92 meV, RMSE_F=  214.66 meV / A
2025-10-05 02:05:37.608 INFO: Epoch 58: head: Default, loss=0.46080946, RMSE_E_per_atom=   86.81 meV, RMSE_F=  214.24 meV / A
2025-10-05 02:05:40.341 INFO: Epoch 59: head: Default, loss=0.46137827, RMSE_E_per_atom=   86.61 meV, RMSE_F=  214.38 meV / A
2025-10-05 02:05:43.000 INFO: Epoch 60: head: Default, loss=0.46639065, RMSE_E_per_atom=   86.98 meV, RMSE_F=  215.54 meV / A
2025-10-05 02:05:45.504 INFO: Epoch 61: head: Default, loss=0.48119402, RMSE_E_per_atom=   80.31 meV, RMSE_F=  218.96 meV / A
2025-10-05 02:05:48.108 INFO: Epoch 62: head: Default, loss=0.47752017, RMSE_E_per_atom=   80.55 meV, RMSE_F=  218.12 meV / A
2025-10-05 02:05:50.725 INFO: Epoch 63: head: Default, loss=0.47432787, RMSE_E_per_atom=   85.95 meV, RMSE_F=  217.37 meV / A
2025-10-05 02:05:53.360 INFO: Epoch 64: head: Default, loss=0.47128689, RMSE_E_per_atom=   87.28 meV, RMSE_F=  216.67 meV / A
2025-10-05 02:05:55.992 INFO: Epoch 65: head: Default, loss=0.46762566, RMSE_E_per_atom=   86.71 meV, RMSE_F=  215.82 meV / A
2025-10-05 02:05:58.639 INFO: Epoch 66: head: Default, loss=0.46334770, RMSE_E_per_atom=   86.52 meV, RMSE_F=  214.84 meV / A
2025-10-05 02:06:01.233 INFO: Epoch 67: head: Default, loss=0.46143934, RMSE_E_per_atom=   86.35 meV, RMSE_F=  214.41 meV / A
2025-10-05 02:06:03.826 INFO: Epoch 68: head: Default, loss=0.46211236, RMSE_E_per_atom=   95.62 meV, RMSE_F=  214.51 meV / A
2025-10-05 02:06:06.457 INFO: Epoch 69: head: Default, loss=0.46396176, RMSE_E_per_atom=   96.17 meV, RMSE_F=  214.92 meV / A
2025-10-05 02:06:09.060 INFO: Epoch 70: head: Default, loss=0.46278860, RMSE_E_per_atom=   88.23 meV, RMSE_F=  214.69 meV / A
2025-10-05 02:06:11.600 INFO: Epoch 71: head: Default, loss=0.47562746, RMSE_E_per_atom=   93.06 meV, RMSE_F=  217.61 meV / A
2025-10-05 02:06:14.218 INFO: Epoch 72: head: Default, loss=0.46953754, RMSE_E_per_atom=   88.35 meV, RMSE_F=  216.25 meV / A
2025-10-05 02:06:16.858 INFO: Epoch 73: head: Default, loss=0.46156798, RMSE_E_per_atom=   84.21 meV, RMSE_F=  214.43 meV / A
2025-10-05 02:06:19.488 INFO: Epoch 74: head: Default, loss=0.45670499, RMSE_E_per_atom=   84.42 meV, RMSE_F=  213.30 meV / A
2025-10-05 02:06:22.163 INFO: Epoch 75: head: Default, loss=0.45069545, RMSE_E_per_atom=   79.32 meV, RMSE_F=  211.91 meV / A
2025-10-05 02:06:24.827 INFO: Epoch 76: head: Default, loss=0.44716169, RMSE_E_per_atom=   77.77 meV, RMSE_F=  211.09 meV / A
2025-10-05 02:06:27.499 INFO: Epoch 77: head: Default, loss=0.44121733, RMSE_E_per_atom=   75.00 meV, RMSE_F=  209.71 meV / A
2025-10-05 02:06:30.256 INFO: Epoch 78: head: Default, loss=0.43974289, RMSE_E_per_atom=   71.96 meV, RMSE_F=  209.37 meV / A
2025-10-05 02:06:32.989 INFO: Epoch 79: head: Default, loss=0.43832833, RMSE_E_per_atom=   77.23 meV, RMSE_F=  209.01 meV / A
2025-10-05 02:06:35.802 INFO: Epoch 80: head: Default, loss=0.43447660, RMSE_E_per_atom=   73.62 meV, RMSE_F=  208.11 meV / A
2025-10-05 02:06:38.479 INFO: Epoch 81: head: Default, loss=0.43684478, RMSE_E_per_atom=   75.08 meV, RMSE_F=  208.69 meV / A
2025-10-05 02:06:41.178 INFO: Epoch 82: head: Default, loss=0.43383210, RMSE_E_per_atom=   72.40 meV, RMSE_F=  207.99 meV / A
2025-10-05 02:06:43.972 INFO: Epoch 83: head: Default, loss=0.43612823, RMSE_E_per_atom=   76.15 meV, RMSE_F=  208.50 meV / A
2025-10-05 02:06:46.725 INFO: Epoch 84: head: Default, loss=0.43168565, RMSE_E_per_atom=   73.28 meV, RMSE_F=  207.44 meV / A
2025-10-05 02:06:49.482 INFO: Epoch 85: head: Default, loss=0.43514343, RMSE_E_per_atom=   83.79 meV, RMSE_F=  208.23 meV / A
2025-10-05 02:06:52.195 INFO: Epoch 86: head: Default, loss=0.43584143, RMSE_E_per_atom=   83.22 meV, RMSE_F=  208.40 meV / A
2025-10-05 02:06:54.898 INFO: Epoch 87: head: Default, loss=0.43739160, RMSE_E_per_atom=   87.53 meV, RMSE_F=  208.76 meV / A
2025-10-05 02:06:57.641 INFO: Epoch 88: head: Default, loss=0.43842850, RMSE_E_per_atom=   89.90 meV, RMSE_F=  208.98 meV / A
2025-10-05 02:07:00.335 INFO: Epoch 89: head: Default, loss=0.43620237, RMSE_E_per_atom=   82.54 meV, RMSE_F=  208.49 meV / A
2025-10-05 02:07:03.058 INFO: Epoch 90: head: Default, loss=0.43466096, RMSE_E_per_atom=   77.96 meV, RMSE_F=  208.14 meV / A
2025-10-05 02:07:05.643 INFO: Epoch 91: head: Default, loss=0.44612910, RMSE_E_per_atom=   86.45 meV, RMSE_F=  210.85 meV / A
2025-10-05 02:07:08.291 INFO: Epoch 92: head: Default, loss=0.43957376, RMSE_E_per_atom=   83.48 meV, RMSE_F=  209.32 meV / A
2025-10-05 02:07:10.951 INFO: Epoch 93: head: Default, loss=0.43622101, RMSE_E_per_atom=   80.63 meV, RMSE_F=  208.53 meV / A
2025-10-05 02:07:13.571 INFO: Epoch 94: head: Default, loss=0.43306761, RMSE_E_per_atom=   80.22 meV, RMSE_F=  207.77 meV / A
2025-10-05 02:07:16.203 INFO: Epoch 95: head: Default, loss=0.43143414, RMSE_E_per_atom=   77.99 meV, RMSE_F=  207.38 meV / A
2025-10-05 02:07:19.290 INFO: Epoch 96: head: Default, loss=0.42906741, RMSE_E_per_atom=   76.32 meV, RMSE_F=  206.82 meV / A
2025-10-05 02:07:21.995 INFO: Epoch 97: head: Default, loss=0.42782854, RMSE_E_per_atom=   74.77 meV, RMSE_F=  206.53 meV / A
2025-10-05 02:07:24.724 INFO: Epoch 98: head: Default, loss=0.42370741, RMSE_E_per_atom=   72.67 meV, RMSE_F=  205.54 meV / A
2025-10-05 02:07:27.411 INFO: Epoch 99: head: Default, loss=0.41935907, RMSE_E_per_atom=   70.77 meV, RMSE_F=  204.49 meV / A
2025-10-05 02:07:30.116 INFO: Epoch 100: head: Default, loss=0.41796320, RMSE_E_per_atom=   69.77 meV, RMSE_F=  204.17 meV / A
2025-10-05 02:07:32.734 INFO: Epoch 101: head: Default, loss=0.42175381, RMSE_E_per_atom=   77.00 meV, RMSE_F=  205.05 meV / A
2025-10-05 02:07:35.365 INFO: Epoch 102: head: Default, loss=0.41866368, RMSE_E_per_atom=   73.42 meV, RMSE_F=  204.31 meV / A
2025-10-05 02:07:38.001 INFO: Epoch 103: head: Default, loss=0.41747548, RMSE_E_per_atom=   70.55 meV, RMSE_F=  204.03 meV / A
2025-10-05 02:07:40.669 INFO: Epoch 104: head: Default, loss=0.41720460, RMSE_E_per_atom=   69.18 meV, RMSE_F=  203.99 meV / A
2025-10-05 02:07:43.356 INFO: Epoch 105: head: Default, loss=0.41672212, RMSE_E_per_atom=   69.65 meV, RMSE_F=  203.87 meV / A
2025-10-05 02:07:46.060 INFO: Epoch 106: head: Default, loss=0.41475395, RMSE_E_per_atom=   68.96 meV, RMSE_F=  203.40 meV / A
2025-10-05 02:07:48.752 INFO: Epoch 107: head: Default, loss=0.41318564, RMSE_E_per_atom=   66.10 meV, RMSE_F=  203.02 meV / A
2025-10-05 02:07:51.450 INFO: Epoch 108: head: Default, loss=0.41532961, RMSE_E_per_atom=   69.09 meV, RMSE_F=  203.53 meV / A
2025-10-05 02:07:54.067 INFO: Epoch 109: head: Default, loss=0.41615399, RMSE_E_per_atom=   69.17 meV, RMSE_F=  203.74 meV / A
2025-10-05 02:07:56.695 INFO: Epoch 110: head: Default, loss=0.41381439, RMSE_E_per_atom=   64.55 meV, RMSE_F=  203.20 meV / A
2025-10-05 02:07:59.277 INFO: Epoch 111: head: Default, loss=0.41364388, RMSE_E_per_atom=   60.56 meV, RMSE_F=  203.17 meV / A
2025-10-05 02:08:01.890 INFO: Epoch 112: head: Default, loss=0.41222335, RMSE_E_per_atom=   62.90 meV, RMSE_F=  202.81 meV / A
2025-10-05 02:08:04.574 INFO: Epoch 113: head: Default, loss=0.40863415, RMSE_E_per_atom=   62.78 meV, RMSE_F=  201.93 meV / A
2025-10-05 02:08:07.287 INFO: Epoch 114: head: Default, loss=0.40615995, RMSE_E_per_atom=   63.38 meV, RMSE_F=  201.32 meV / A
2025-10-05 02:08:09.984 INFO: Epoch 115: head: Default, loss=0.40397053, RMSE_E_per_atom=   64.10 meV, RMSE_F=  200.77 meV / A
2025-10-05 02:08:12.714 INFO: Epoch 116: head: Default, loss=0.40764794, RMSE_E_per_atom=   67.26 meV, RMSE_F=  201.67 meV / A
2025-10-05 02:08:15.342 INFO: Epoch 117: head: Default, loss=0.40538731, RMSE_E_per_atom=   65.60 meV, RMSE_F=  201.11 meV / A
2025-10-05 02:08:17.984 INFO: Epoch 118: head: Default, loss=0.40261345, RMSE_E_per_atom=   68.00 meV, RMSE_F=  200.40 meV / A
2025-10-05 02:08:20.695 INFO: Epoch 119: head: Default, loss=0.39994875, RMSE_E_per_atom=   68.26 meV, RMSE_F=  199.74 meV / A
2025-10-05 02:08:23.397 INFO: Epoch 120: head: Default, loss=0.39920204, RMSE_E_per_atom=   65.54 meV, RMSE_F=  199.56 meV / A
2025-10-05 02:08:26.064 INFO: Epoch 121: head: Default, loss=0.40662259, RMSE_E_per_atom=   73.63 meV, RMSE_F=  201.36 meV / A
2025-10-05 02:08:28.697 INFO: Epoch 122: head: Default, loss=0.40572064, RMSE_E_per_atom=   70.96 meV, RMSE_F=  201.15 meV / A
2025-10-05 02:08:31.379 INFO: Epoch 123: head: Default, loss=0.40376595, RMSE_E_per_atom=   68.99 meV, RMSE_F=  200.68 meV / A
2025-10-05 02:08:34.045 INFO: Epoch 124: head: Default, loss=0.40122494, RMSE_E_per_atom=   69.70 meV, RMSE_F=  200.05 meV / A
2025-10-05 02:08:36.732 INFO: Epoch 125: head: Default, loss=0.39900628, RMSE_E_per_atom=   66.97 meV, RMSE_F=  199.52 meV / A
2025-10-05 02:08:39.410 INFO: Epoch 126: head: Default, loss=0.39594959, RMSE_E_per_atom=   67.23 meV, RMSE_F=  198.76 meV / A
2025-10-05 02:08:42.091 INFO: Epoch 127: head: Default, loss=0.39475093, RMSE_E_per_atom=   64.68 meV, RMSE_F=  198.48 meV / A
2025-10-05 02:08:44.791 INFO: Epoch 128: head: Default, loss=0.39400905, RMSE_E_per_atom=   64.00 meV, RMSE_F=  198.29 meV / A
2025-10-05 02:08:47.475 INFO: Epoch 129: head: Default, loss=0.39458466, RMSE_E_per_atom=   61.07 meV, RMSE_F=  198.44 meV / A
2025-10-05 02:08:50.148 INFO: Epoch 130: head: Default, loss=0.39478950, RMSE_E_per_atom=   60.18 meV, RMSE_F=  198.49 meV / A
2025-10-05 02:08:52.688 INFO: Epoch 131: head: Default, loss=0.39791785, RMSE_E_per_atom=   55.90 meV, RMSE_F=  199.28 meV / A
2025-10-05 02:08:55.328 INFO: Epoch 132: head: Default, loss=0.39467572, RMSE_E_per_atom=   56.98 meV, RMSE_F=  198.48 meV / A
2025-10-05 02:08:57.940 INFO: Epoch 133: head: Default, loss=0.39552841, RMSE_E_per_atom=   59.04 meV, RMSE_F=  198.69 meV / A
2025-10-05 02:09:00.589 INFO: Epoch 134: head: Default, loss=0.39481261, RMSE_E_per_atom=   60.93 meV, RMSE_F=  198.52 meV / A
2025-10-05 02:09:03.240 INFO: Epoch 135: head: Default, loss=0.39428784, RMSE_E_per_atom=   58.37 meV, RMSE_F=  198.39 meV / A
2025-10-05 02:09:05.876 INFO: Epoch 136: head: Default, loss=0.39251554, RMSE_E_per_atom=   60.80 meV, RMSE_F=  197.94 meV / A
2025-10-05 02:09:08.573 INFO: Epoch 137: head: Default, loss=0.39263391, RMSE_E_per_atom=   60.41 meV, RMSE_F=  197.96 meV / A
2025-10-05 02:09:11.216 INFO: Epoch 138: head: Default, loss=0.39421871, RMSE_E_per_atom=   63.79 meV, RMSE_F=  198.36 meV / A
2025-10-05 02:09:13.876 INFO: Epoch 139: head: Default, loss=0.39956379, RMSE_E_per_atom=   71.38 meV, RMSE_F=  199.65 meV / A
2025-10-05 02:09:16.500 INFO: Epoch 140: head: Default, loss=0.40161216, RMSE_E_per_atom=   70.20 meV, RMSE_F=  200.17 meV / A
2025-10-05 02:09:19.038 INFO: Epoch 141: head: Default, loss=0.40336156, RMSE_E_per_atom=   78.62 meV, RMSE_F=  200.58 meV / A
2025-10-05 02:09:21.699 INFO: Epoch 142: head: Default, loss=0.40109785, RMSE_E_per_atom=   70.97 meV, RMSE_F=  200.04 meV / A
2025-10-05 02:09:24.362 INFO: Epoch 143: head: Default, loss=0.40231445, RMSE_E_per_atom=   74.14 meV, RMSE_F=  200.32 meV / A
2025-10-05 02:09:27.053 INFO: Epoch 144: head: Default, loss=0.39993578, RMSE_E_per_atom=   73.14 meV, RMSE_F=  199.73 meV / A
2025-10-05 02:09:29.703 INFO: Epoch 145: head: Default, loss=0.40048823, RMSE_E_per_atom=   72.28 meV, RMSE_F=  199.88 meV / A
2025-10-05 02:09:32.328 INFO: Epoch 146: head: Default, loss=0.39731093, RMSE_E_per_atom=   70.41 meV, RMSE_F=  199.10 meV / A
2025-10-05 02:09:34.972 INFO: Epoch 147: head: Default, loss=0.39559810, RMSE_E_per_atom=   69.65 meV, RMSE_F=  198.68 meV / A
2025-10-05 02:09:37.629 INFO: Epoch 148: head: Default, loss=0.39540431, RMSE_E_per_atom=   66.60 meV, RMSE_F=  198.64 meV / A
2025-10-05 02:09:40.284 INFO: Epoch 149: head: Default, loss=0.39442723, RMSE_E_per_atom=   65.08 meV, RMSE_F=  198.40 meV / A
2025-10-05 02:09:42.943 INFO: Epoch 150: head: Default, loss=0.39412072, RMSE_E_per_atom=   64.78 meV, RMSE_F=  198.33 meV / A
2025-10-05 02:09:45.480 INFO: Epoch 151: head: Default, loss=0.40280977, RMSE_E_per_atom=   61.00 meV, RMSE_F=  200.51 meV / A
2025-10-05 02:09:48.083 INFO: Epoch 152: head: Default, loss=0.39937132, RMSE_E_per_atom=   59.29 meV, RMSE_F=  199.66 meV / A
2025-10-05 02:09:50.736 INFO: Epoch 153: head: Default, loss=0.39836414, RMSE_E_per_atom=   62.52 meV, RMSE_F=  199.42 meV / A
2025-10-05 02:09:53.418 INFO: Epoch 154: head: Default, loss=0.39531802, RMSE_E_per_atom=   62.72 meV, RMSE_F=  198.64 meV / A
2025-10-05 02:09:56.044 INFO: Epoch 155: head: Default, loss=0.39621063, RMSE_E_per_atom=   64.13 meV, RMSE_F=  198.85 meV / A
2025-10-05 02:09:58.686 INFO: Epoch 156: head: Default, loss=0.39370225, RMSE_E_per_atom=   62.04 meV, RMSE_F=  198.23 meV / A
2025-10-05 02:10:01.340 INFO: Epoch 157: head: Default, loss=0.39311751, RMSE_E_per_atom=   63.77 meV, RMSE_F=  198.08 meV / A
2025-10-05 02:10:03.996 INFO: Epoch 158: head: Default, loss=0.39508948, RMSE_E_per_atom=   63.72 meV, RMSE_F=  198.57 meV / A
2025-10-05 02:10:06.632 INFO: Epoch 159: head: Default, loss=0.39661460, RMSE_E_per_atom=   64.90 meV, RMSE_F=  198.94 meV / A
2025-10-05 02:10:09.250 INFO: Epoch 160: head: Default, loss=0.39827615, RMSE_E_per_atom=   68.05 meV, RMSE_F=  199.35 meV / A
2025-10-05 02:10:11.793 INFO: Epoch 161: head: Default, loss=0.40969825, RMSE_E_per_atom=   67.33 meV, RMSE_F=  202.22 meV / A
2025-10-05 02:10:14.423 INFO: Epoch 162: head: Default, loss=0.40974192, RMSE_E_per_atom=   66.39 meV, RMSE_F=  202.20 meV / A
2025-10-05 02:10:17.077 INFO: Epoch 163: head: Default, loss=0.40565194, RMSE_E_per_atom=   67.24 meV, RMSE_F=  201.20 meV / A
2025-10-05 02:10:19.701 INFO: Epoch 164: head: Default, loss=0.40142716, RMSE_E_per_atom=   63.62 meV, RMSE_F=  200.15 meV / A
2025-10-05 02:10:22.342 INFO: Epoch 165: head: Default, loss=0.39779125, RMSE_E_per_atom=   61.16 meV, RMSE_F=  199.26 meV / A
2025-10-05 02:10:24.980 INFO: Epoch 166: head: Default, loss=0.39636963, RMSE_E_per_atom=   58.81 meV, RMSE_F=  198.92 meV / A
2025-10-05 02:10:27.697 INFO: Epoch 167: head: Default, loss=0.39709301, RMSE_E_per_atom=   58.67 meV, RMSE_F=  199.10 meV / A
2025-10-05 02:10:30.366 INFO: Epoch 168: head: Default, loss=0.39288486, RMSE_E_per_atom=   59.44 meV, RMSE_F=  198.05 meV / A
2025-10-05 02:10:33.041 INFO: Epoch 169: head: Default, loss=0.39040408, RMSE_E_per_atom=   58.52 meV, RMSE_F=  197.42 meV / A
2025-10-05 02:10:35.741 INFO: Epoch 170: head: Default, loss=0.38987076, RMSE_E_per_atom=   58.65 meV, RMSE_F=  197.28 meV / A
2025-10-05 02:10:38.335 INFO: Epoch 171: head: Default, loss=0.39578847, RMSE_E_per_atom=   58.89 meV, RMSE_F=  198.76 meV / A
2025-10-05 02:10:40.975 INFO: Epoch 172: head: Default, loss=0.39293733, RMSE_E_per_atom=   58.76 meV, RMSE_F=  198.05 meV / A
2025-10-05 02:10:43.617 INFO: Epoch 173: head: Default, loss=0.39155115, RMSE_E_per_atom=   55.72 meV, RMSE_F=  197.71 meV / A
2025-10-05 02:10:46.252 INFO: Epoch 174: head: Default, loss=0.38924340, RMSE_E_per_atom=   57.55 meV, RMSE_F=  197.13 meV / A
2025-10-05 02:10:48.964 INFO: Epoch 175: head: Default, loss=0.38673992, RMSE_E_per_atom=   54.70 meV, RMSE_F=  196.51 meV / A
2025-10-05 02:10:51.629 INFO: Epoch 176: head: Default, loss=0.38590866, RMSE_E_per_atom=   54.82 meV, RMSE_F=  196.30 meV / A
2025-10-05 02:10:54.383 INFO: Epoch 177: head: Default, loss=0.38630211, RMSE_E_per_atom=   52.40 meV, RMSE_F=  196.41 meV / A
2025-10-05 02:10:57.029 INFO: Epoch 178: head: Default, loss=0.38555427, RMSE_E_per_atom=   53.43 meV, RMSE_F=  196.21 meV / A
2025-10-05 02:10:59.718 INFO: Epoch 179: head: Default, loss=0.38324471, RMSE_E_per_atom=   52.47 meV, RMSE_F=  195.63 meV / A
2025-10-05 02:11:02.430 INFO: Epoch 180: head: Default, loss=0.38418131, RMSE_E_per_atom=   53.29 meV, RMSE_F=  195.86 meV / A
2025-10-05 02:11:04.961 INFO: Epoch 181: head: Default, loss=0.39750440, RMSE_E_per_atom=   50.86 meV, RMSE_F=  199.22 meV / A
2025-10-05 02:11:07.634 INFO: Epoch 182: head: Default, loss=0.39305692, RMSE_E_per_atom=   54.36 meV, RMSE_F=  198.10 meV / A
2025-10-05 02:11:10.284 INFO: Epoch 183: head: Default, loss=0.38922310, RMSE_E_per_atom=   54.02 meV, RMSE_F=  197.15 meV / A
2025-10-05 02:11:12.922 INFO: Epoch 184: head: Default, loss=0.38574902, RMSE_E_per_atom=   53.58 meV, RMSE_F=  196.27 meV / A
2025-10-05 02:11:15.566 INFO: Epoch 185: head: Default, loss=0.38498990, RMSE_E_per_atom=   55.31 meV, RMSE_F=  196.06 meV / A
2025-10-05 02:11:18.195 INFO: Epoch 186: head: Default, loss=0.38353855, RMSE_E_per_atom=   52.66 meV, RMSE_F=  195.70 meV / A
2025-10-05 02:11:20.853 INFO: Epoch 187: head: Default, loss=0.38091036, RMSE_E_per_atom=   53.11 meV, RMSE_F=  195.03 meV / A
2025-10-05 02:11:23.517 INFO: Epoch 188: head: Default, loss=0.38107190, RMSE_E_per_atom=   52.76 meV, RMSE_F=  195.07 meV / A
2025-10-05 02:11:26.139 INFO: Epoch 189: head: Default, loss=0.38357096, RMSE_E_per_atom=   54.17 meV, RMSE_F=  195.71 meV / A
2025-10-05 02:11:28.769 INFO: Epoch 190: head: Default, loss=0.38344738, RMSE_E_per_atom=   55.87 meV, RMSE_F=  195.67 meV / A
2025-10-05 02:11:31.349 INFO: Epoch 191: head: Default, loss=0.38770286, RMSE_E_per_atom=   62.15 meV, RMSE_F=  196.75 meV / A
2025-10-05 02:11:33.965 INFO: Epoch 192: head: Default, loss=0.38367363, RMSE_E_per_atom=   57.68 meV, RMSE_F=  195.73 meV / A
2025-10-05 02:11:36.596 INFO: Epoch 193: head: Default, loss=0.38349247, RMSE_E_per_atom=   55.80 meV, RMSE_F=  195.68 meV / A
2025-10-05 02:11:39.214 INFO: Epoch 194: head: Default, loss=0.38189095, RMSE_E_per_atom=   57.23 meV, RMSE_F=  195.27 meV / A
2025-10-05 02:11:41.860 INFO: Epoch 195: head: Default, loss=0.38034529, RMSE_E_per_atom=   55.60 meV, RMSE_F=  194.88 meV / A
2025-10-05 02:11:44.565 INFO: Epoch 196: head: Default, loss=0.38062050, RMSE_E_per_atom=   59.61 meV, RMSE_F=  194.93 meV / A
2025-10-05 02:11:47.215 INFO: Epoch 197: head: Default, loss=0.38127378, RMSE_E_per_atom=   54.72 meV, RMSE_F=  195.11 meV / A
2025-10-05 02:11:49.803 INFO: Epoch 198: head: Default, loss=0.38247907, RMSE_E_per_atom=   53.26 meV, RMSE_F=  195.43 meV / A
2025-10-05 02:11:52.440 INFO: Epoch 199: head: Default, loss=0.38279237, RMSE_E_per_atom=   51.34 meV, RMSE_F=  195.51 meV / A
2025-10-05 02:11:55.105 INFO: Epoch 200: head: Default, loss=0.38153114, RMSE_E_per_atom=   49.95 meV, RMSE_F=  195.19 meV / A
2025-10-05 02:11:57.689 INFO: Epoch 201: head: Default, loss=0.38357187, RMSE_E_per_atom=   55.87 meV, RMSE_F=  195.70 meV / A
2025-10-05 02:12:00.341 INFO: Epoch 202: head: Default, loss=0.38012275, RMSE_E_per_atom=   56.22 meV, RMSE_F=  194.81 meV / A
2025-10-05 02:12:03.101 INFO: Epoch 203: head: Default, loss=0.37739603, RMSE_E_per_atom=   54.82 meV, RMSE_F=  194.12 meV / A
2025-10-05 02:12:05.794 INFO: Epoch 204: head: Default, loss=0.37670476, RMSE_E_per_atom=   53.14 meV, RMSE_F=  193.95 meV / A
2025-10-05 02:12:08.501 INFO: Epoch 205: head: Default, loss=0.37666464, RMSE_E_per_atom=   52.91 meV, RMSE_F=  193.94 meV / A
2025-10-05 02:12:11.221 INFO: Epoch 206: head: Default, loss=0.37685618, RMSE_E_per_atom=   50.56 meV, RMSE_F=  194.00 meV / A
2025-10-05 02:12:13.882 INFO: Epoch 207: head: Default, loss=0.37596863, RMSE_E_per_atom=   49.76 meV, RMSE_F=  193.77 meV / A
2025-10-05 02:12:16.572 INFO: Epoch 208: head: Default, loss=0.37451539, RMSE_E_per_atom=   49.73 meV, RMSE_F=  193.39 meV / A
2025-10-05 02:12:19.274 INFO: Epoch 209: head: Default, loss=0.37485585, RMSE_E_per_atom=   49.78 meV, RMSE_F=  193.48 meV / A
2025-10-05 02:12:21.939 INFO: Epoch 210: head: Default, loss=0.37581320, RMSE_E_per_atom=   50.27 meV, RMSE_F=  193.72 meV / A
2025-10-05 02:12:24.533 INFO: Epoch 211: head: Default, loss=0.38419779, RMSE_E_per_atom=   50.01 meV, RMSE_F=  195.86 meV / A
2025-10-05 02:12:27.169 INFO: Epoch 212: head: Default, loss=0.38208159, RMSE_E_per_atom=   50.77 meV, RMSE_F=  195.32 meV / A
2025-10-05 02:12:29.791 INFO: Epoch 213: head: Default, loss=0.37939678, RMSE_E_per_atom=   50.44 meV, RMSE_F=  194.63 meV / A
2025-10-05 02:12:32.451 INFO: Epoch 214: head: Default, loss=0.37880879, RMSE_E_per_atom=   50.05 meV, RMSE_F=  194.49 meV / A
2025-10-05 02:12:35.132 INFO: Epoch 215: head: Default, loss=0.37837176, RMSE_E_per_atom=   51.00 meV, RMSE_F=  194.37 meV / A
2025-10-05 02:12:37.751 INFO: Epoch 216: head: Default, loss=0.37981115, RMSE_E_per_atom=   48.97 meV, RMSE_F=  194.74 meV / A
2025-10-05 02:12:40.370 INFO: Epoch 217: head: Default, loss=0.37987395, RMSE_E_per_atom=   50.40 meV, RMSE_F=  194.76 meV / A
2025-10-05 02:12:43.023 INFO: Epoch 218: head: Default, loss=0.37914819, RMSE_E_per_atom=   49.32 meV, RMSE_F=  194.57 meV / A
2025-10-05 02:12:45.672 INFO: Epoch 219: head: Default, loss=0.37714206, RMSE_E_per_atom=   48.54 meV, RMSE_F=  194.06 meV / A
2025-10-05 02:12:48.341 INFO: Epoch 220: head: Default, loss=0.37767273, RMSE_E_per_atom=   47.64 meV, RMSE_F=  194.19 meV / A
2025-10-05 02:12:50.835 INFO: Epoch 221: head: Default, loss=0.38536747, RMSE_E_per_atom=   45.32 meV, RMSE_F=  196.14 meV / A
2025-10-05 02:12:53.448 INFO: Epoch 222: head: Default, loss=0.38320172, RMSE_E_per_atom=   45.85 meV, RMSE_F=  195.60 meV / A
2025-10-05 02:12:56.105 INFO: Epoch 223: head: Default, loss=0.37976751, RMSE_E_per_atom=   47.74 meV, RMSE_F=  194.72 meV / A
2025-10-05 02:12:58.763 INFO: Epoch 224: head: Default, loss=0.37712644, RMSE_E_per_atom=   45.26 meV, RMSE_F=  194.05 meV / A
2025-10-05 02:13:01.394 INFO: Epoch 225: head: Default, loss=0.37700546, RMSE_E_per_atom=   46.06 meV, RMSE_F=  194.02 meV / A
2025-10-05 02:13:04.017 INFO: Epoch 226: head: Default, loss=0.37743706, RMSE_E_per_atom=   47.67 meV, RMSE_F=  194.15 meV / A
2025-10-05 02:13:06.620 INFO: Epoch 227: head: Default, loss=0.37820071, RMSE_E_per_atom=   46.33 meV, RMSE_F=  194.36 meV / A
2025-10-05 02:13:09.237 INFO: Epoch 228: head: Default, loss=0.37780936, RMSE_E_per_atom=   49.66 meV, RMSE_F=  194.25 meV / A
2025-10-05 02:13:11.878 INFO: Epoch 229: head: Default, loss=0.37852544, RMSE_E_per_atom=   48.98 meV, RMSE_F=  194.43 meV / A
2025-10-05 02:13:14.544 INFO: Epoch 230: head: Default, loss=0.37827567, RMSE_E_per_atom=   50.13 meV, RMSE_F=  194.36 meV / A
2025-10-05 02:13:17.069 INFO: Epoch 231: head: Default, loss=0.38045769, RMSE_E_per_atom=   50.75 meV, RMSE_F=  194.90 meV / A
2025-10-05 02:13:19.670 INFO: Epoch 232: head: Default, loss=0.38336994, RMSE_E_per_atom=   53.00 meV, RMSE_F=  195.63 meV / A
2025-10-05 02:13:22.316 INFO: Epoch 233: head: Default, loss=0.38284307, RMSE_E_per_atom=   51.10 meV, RMSE_F=  195.51 meV / A
2025-10-05 02:13:24.959 INFO: Epoch 234: head: Default, loss=0.38255622, RMSE_E_per_atom=   49.84 meV, RMSE_F=  195.44 meV / A
2025-10-05 02:13:27.575 INFO: Epoch 235: head: Default, loss=0.38039390, RMSE_E_per_atom=   49.75 meV, RMSE_F=  194.89 meV / A
2025-10-05 02:13:30.191 INFO: Epoch 236: head: Default, loss=0.38073605, RMSE_E_per_atom=   49.20 meV, RMSE_F=  194.98 meV / A
2025-10-05 02:13:32.825 INFO: Epoch 237: head: Default, loss=0.38134982, RMSE_E_per_atom=   51.71 meV, RMSE_F=  195.13 meV / A
2025-10-05 02:13:35.441 INFO: Epoch 238: head: Default, loss=0.38095385, RMSE_E_per_atom=   51.29 meV, RMSE_F=  195.04 meV / A
2025-10-05 02:13:38.085 INFO: Epoch 239: head: Default, loss=0.38040262, RMSE_E_per_atom=   50.55 meV, RMSE_F=  194.90 meV / A
2025-10-05 02:13:40.698 INFO: Epoch 240: head: Default, loss=0.38110994, RMSE_E_per_atom=   49.61 meV, RMSE_F=  195.09 meV / A
2025-10-05 02:13:43.228 INFO: Epoch 241: head: Default, loss=0.38285153, RMSE_E_per_atom=   48.13 meV, RMSE_F=  195.54 meV / A
2025-10-05 02:13:45.880 INFO: Epoch 242: head: Default, loss=0.38169055, RMSE_E_per_atom=   48.23 meV, RMSE_F=  195.24 meV / A
2025-10-05 02:13:48.595 INFO: Epoch 243: head: Default, loss=0.38219681, RMSE_E_per_atom=   50.13 meV, RMSE_F=  195.37 meV / A
2025-10-05 02:13:51.249 INFO: Epoch 244: head: Default, loss=0.38226162, RMSE_E_per_atom=   50.91 meV, RMSE_F=  195.39 meV / A
2025-10-05 02:13:53.864 INFO: Epoch 245: head: Default, loss=0.38082047, RMSE_E_per_atom=   51.67 meV, RMSE_F=  195.01 meV / A
2025-10-05 02:13:56.539 INFO: Epoch 246: head: Default, loss=0.38078501, RMSE_E_per_atom=   50.77 meV, RMSE_F=  195.01 meV / A
2025-10-05 02:13:59.187 INFO: Epoch 247: head: Default, loss=0.38226551, RMSE_E_per_atom=   51.77 meV, RMSE_F=  195.37 meV / A
2025-10-05 02:14:01.834 INFO: Epoch 248: head: Default, loss=0.38127790, RMSE_E_per_atom=   49.31 meV, RMSE_F=  195.12 meV / A
2025-10-05 02:14:04.469 INFO: Epoch 249: head: Default, loss=0.37842830, RMSE_E_per_atom=   47.51 meV, RMSE_F=  194.40 meV / A
2025-10-05 02:14:07.087 INFO: Epoch 250: head: Default, loss=0.37708918, RMSE_E_per_atom=   46.19 meV, RMSE_F=  194.06 meV / A
2025-10-05 02:14:09.585 INFO: Epoch 251: head: Default, loss=0.37823271, RMSE_E_per_atom=   44.24 meV, RMSE_F=  194.35 meV / A
2025-10-05 02:14:12.238 INFO: Epoch 252: head: Default, loss=0.37707108, RMSE_E_per_atom=   43.25 meV, RMSE_F=  194.06 meV / A
2025-10-05 02:14:14.909 INFO: Epoch 253: head: Default, loss=0.37531150, RMSE_E_per_atom=   43.46 meV, RMSE_F=  193.61 meV / A
2025-10-05 02:14:17.563 INFO: Epoch 254: head: Default, loss=0.37502130, RMSE_E_per_atom=   44.21 meV, RMSE_F=  193.54 meV / A
2025-10-05 02:14:20.234 INFO: Epoch 255: head: Default, loss=0.37547112, RMSE_E_per_atom=   42.64 meV, RMSE_F=  193.66 meV / A
2025-10-05 02:14:22.855 INFO: Epoch 256: head: Default, loss=0.37695005, RMSE_E_per_atom=   45.12 meV, RMSE_F=  194.04 meV / A
2025-10-05 02:14:25.482 INFO: Epoch 257: head: Default, loss=0.37728986, RMSE_E_per_atom=   44.77 meV, RMSE_F=  194.12 meV / A
2025-10-05 02:14:28.163 INFO: Epoch 258: head: Default, loss=0.37761619, RMSE_E_per_atom=   46.39 meV, RMSE_F=  194.21 meV / A
2025-10-05 02:14:30.777 INFO: Epoch 259: head: Default, loss=0.37816887, RMSE_E_per_atom=   48.46 meV, RMSE_F=  194.32 meV / A
2025-10-05 02:14:33.396 INFO: Epoch 260: head: Default, loss=0.37750419, RMSE_E_per_atom=   50.46 meV, RMSE_F=  194.14 meV / A
2025-10-05 02:14:35.940 INFO: Epoch 261: head: Default, loss=0.37652765, RMSE_E_per_atom=   50.86 meV, RMSE_F=  193.90 meV / A
2025-10-05 02:14:38.616 INFO: Epoch 262: head: Default, loss=0.37594515, RMSE_E_per_atom=   47.08 meV, RMSE_F=  193.77 meV / A
2025-10-05 02:14:41.218 INFO: Epoch 263: head: Default, loss=0.37573172, RMSE_E_per_atom=   46.43 meV, RMSE_F=  193.71 meV / A
2025-10-05 02:14:43.821 INFO: Epoch 264: head: Default, loss=0.37613700, RMSE_E_per_atom=   44.64 meV, RMSE_F=  193.82 meV / A
2025-10-05 02:14:46.416 INFO: Epoch 265: head: Default, loss=0.37782971, RMSE_E_per_atom=   45.03 meV, RMSE_F=  194.25 meV / A
2025-10-05 02:14:49.047 INFO: Epoch 266: head: Default, loss=0.37977210, RMSE_E_per_atom=   47.04 meV, RMSE_F=  194.74 meV / A
2025-10-05 02:14:51.714 INFO: Epoch 267: head: Default, loss=0.37977653, RMSE_E_per_atom=   44.30 meV, RMSE_F=  194.75 meV / A
2025-10-05 02:14:54.335 INFO: Epoch 268: head: Default, loss=0.37863298, RMSE_E_per_atom=   42.94 meV, RMSE_F=  194.46 meV / A
2025-10-05 02:14:56.963 INFO: Epoch 269: head: Default, loss=0.37841838, RMSE_E_per_atom=   41.70 meV, RMSE_F=  194.40 meV / A
2025-10-05 02:14:59.603 INFO: Epoch 270: head: Default, loss=0.37828334, RMSE_E_per_atom=   39.89 meV, RMSE_F=  194.38 meV / A
2025-10-05 02:15:02.168 INFO: Epoch 271: head: Default, loss=0.38028804, RMSE_E_per_atom=   38.23 meV, RMSE_F=  194.90 meV / A
2025-10-05 02:15:04.815 INFO: Epoch 272: head: Default, loss=0.37907278, RMSE_E_per_atom=   38.64 meV, RMSE_F=  194.59 meV / A
2025-10-05 02:15:07.467 INFO: Epoch 273: head: Default, loss=0.37829921, RMSE_E_per_atom=   38.56 meV, RMSE_F=  194.39 meV / A
2025-10-05 02:15:10.103 INFO: Epoch 274: head: Default, loss=0.37725696, RMSE_E_per_atom=   38.39 meV, RMSE_F=  194.13 meV / A
2025-10-05 02:15:12.726 INFO: Epoch 275: head: Default, loss=0.37704138, RMSE_E_per_atom=   38.42 meV, RMSE_F=  194.08 meV / A
2025-10-05 02:15:15.372 INFO: Epoch 276: head: Default, loss=0.37748646, RMSE_E_per_atom=   38.70 meV, RMSE_F=  194.19 meV / A
2025-10-05 02:15:18.015 INFO: Epoch 277: head: Default, loss=0.37729881, RMSE_E_per_atom=   39.93 meV, RMSE_F=  194.14 meV / A
2025-10-05 02:15:20.652 INFO: Epoch 278: head: Default, loss=0.37689385, RMSE_E_per_atom=   40.28 meV, RMSE_F=  194.03 meV / A
2025-10-05 02:15:23.313 INFO: Epoch 279: head: Default, loss=0.37725888, RMSE_E_per_atom=   40.28 meV, RMSE_F=  194.12 meV / A
2025-10-05 02:15:25.931 INFO: Epoch 280: head: Default, loss=0.37804417, RMSE_E_per_atom=   39.59 meV, RMSE_F=  194.33 meV / A
2025-10-05 02:15:28.536 INFO: Epoch 281: head: Default, loss=0.37830610, RMSE_E_per_atom=   37.63 meV, RMSE_F=  194.41 meV / A
2025-10-05 02:15:31.168 INFO: Epoch 282: head: Default, loss=0.37748764, RMSE_E_per_atom=   36.44 meV, RMSE_F=  194.20 meV / A
2025-10-05 02:15:33.798 INFO: Epoch 283: head: Default, loss=0.37769697, RMSE_E_per_atom=   36.60 meV, RMSE_F=  194.25 meV / A
2025-10-05 02:15:36.396 INFO: Epoch 284: head: Default, loss=0.37724987, RMSE_E_per_atom=   37.78 meV, RMSE_F=  194.12 meV / A
2025-10-05 02:15:39.025 INFO: Epoch 285: head: Default, loss=0.37626060, RMSE_E_per_atom=   36.82 meV, RMSE_F=  193.87 meV / A
2025-10-05 02:15:41.692 INFO: Epoch 286: head: Default, loss=0.37640419, RMSE_E_per_atom=   37.43 meV, RMSE_F=  193.91 meV / A
2025-10-05 02:15:44.335 INFO: Epoch 287: head: Default, loss=0.37550117, RMSE_E_per_atom=   37.37 meV, RMSE_F=  193.68 meV / A
2025-10-05 02:15:46.977 INFO: Epoch 288: head: Default, loss=0.37563624, RMSE_E_per_atom=   37.38 meV, RMSE_F=  193.72 meV / A
2025-10-05 02:15:49.578 INFO: Epoch 289: head: Default, loss=0.37497551, RMSE_E_per_atom=   38.51 meV, RMSE_F=  193.55 meV / A
2025-10-05 02:15:52.195 INFO: Epoch 290: head: Default, loss=0.37572124, RMSE_E_per_atom=   36.84 meV, RMSE_F=  193.74 meV / A
2025-10-05 02:15:54.756 INFO: Epoch 291: head: Default, loss=0.37972373, RMSE_E_per_atom=   34.06 meV, RMSE_F=  194.76 meV / A
2025-10-05 02:15:57.388 INFO: Epoch 292: head: Default, loss=0.37918720, RMSE_E_per_atom=   34.09 meV, RMSE_F=  194.63 meV / A
2025-10-05 02:16:00.033 INFO: Epoch 293: head: Default, loss=0.37624292, RMSE_E_per_atom=   34.20 meV, RMSE_F=  193.88 meV / A
2025-10-05 02:16:02.655 INFO: Epoch 294: head: Default, loss=0.37748058, RMSE_E_per_atom=   36.60 meV, RMSE_F=  194.20 meV / A
2025-10-05 02:16:05.323 INFO: Epoch 295: head: Default, loss=0.37751348, RMSE_E_per_atom=   37.42 meV, RMSE_F=  194.21 meV / A
2025-10-05 02:16:07.971 INFO: Epoch 296: head: Default, loss=0.37808455, RMSE_E_per_atom=   37.18 meV, RMSE_F=  194.37 meV / A
2025-10-05 02:16:10.608 INFO: Epoch 297: head: Default, loss=0.37790505, RMSE_E_per_atom=   36.79 meV, RMSE_F=  194.32 meV / A
2025-10-05 02:16:13.251 INFO: Epoch 298: head: Default, loss=0.37826918, RMSE_E_per_atom=   37.34 meV, RMSE_F=  194.41 meV / A
2025-10-05 02:16:15.936 INFO: Epoch 299: head: Default, loss=0.37875357, RMSE_E_per_atom=   39.80 meV, RMSE_F=  194.53 meV / A
2025-10-05 02:16:18.626 INFO: Epoch 300: head: Default, loss=0.37976690, RMSE_E_per_atom=   41.27 meV, RMSE_F=  194.79 meV / A
2025-10-05 02:16:21.175 INFO: Epoch 301: head: Default, loss=0.38298454, RMSE_E_per_atom=   40.37 meV, RMSE_F=  195.60 meV / A
2025-10-05 02:16:23.812 INFO: Epoch 302: head: Default, loss=0.38221660, RMSE_E_per_atom=   40.68 meV, RMSE_F=  195.40 meV / A
2025-10-05 02:16:26.419 INFO: Epoch 303: head: Default, loss=0.38270201, RMSE_E_per_atom=   40.47 meV, RMSE_F=  195.53 meV / A
2025-10-05 02:16:29.042 INFO: Epoch 304: head: Default, loss=0.38237467, RMSE_E_per_atom=   40.13 meV, RMSE_F=  195.46 meV / A
2025-10-05 02:16:31.699 INFO: Epoch 305: head: Default, loss=0.38129033, RMSE_E_per_atom=   39.52 meV, RMSE_F=  195.18 meV / A
2025-10-05 02:16:34.319 INFO: Epoch 306: head: Default, loss=0.38194769, RMSE_E_per_atom=   39.78 meV, RMSE_F=  195.35 meV / A
2025-10-05 02:16:36.923 INFO: Epoch 307: head: Default, loss=0.37979537, RMSE_E_per_atom=   41.38 meV, RMSE_F=  194.78 meV / A
2025-10-05 02:16:39.535 INFO: Epoch 308: head: Default, loss=0.37891547, RMSE_E_per_atom=   41.13 meV, RMSE_F=  194.56 meV / A
2025-10-05 02:16:42.183 INFO: Epoch 309: head: Default, loss=0.37908449, RMSE_E_per_atom=   39.45 meV, RMSE_F=  194.61 meV / A
2025-10-05 02:16:44.847 INFO: Epoch 310: head: Default, loss=0.37907498, RMSE_E_per_atom=   37.96 meV, RMSE_F=  194.61 meV / A
2025-10-05 02:16:47.364 INFO: Epoch 311: head: Default, loss=0.38090159, RMSE_E_per_atom=   36.94 meV, RMSE_F=  195.08 meV / A
2025-10-05 02:16:49.985 INFO: Epoch 312: head: Default, loss=0.38064244, RMSE_E_per_atom=   35.46 meV, RMSE_F=  195.02 meV / A
2025-10-05 02:16:52.623 INFO: Epoch 313: head: Default, loss=0.37968143, RMSE_E_per_atom=   35.83 meV, RMSE_F=  194.77 meV / A
2025-10-05 02:16:55.272 INFO: Epoch 314: head: Default, loss=0.37799321, RMSE_E_per_atom=   34.49 meV, RMSE_F=  194.34 meV / A
2025-10-05 02:16:57.957 INFO: Epoch 315: head: Default, loss=0.37784666, RMSE_E_per_atom=   34.15 meV, RMSE_F=  194.29 meV / A
2025-10-05 02:17:00.586 INFO: Epoch 316: head: Default, loss=0.37753769, RMSE_E_per_atom=   33.50 meV, RMSE_F=  194.21 meV / A
2025-10-05 02:17:03.198 INFO: Epoch 317: head: Default, loss=0.37701009, RMSE_E_per_atom=   33.31 meV, RMSE_F=  194.08 meV / A
2025-10-05 02:17:05.830 INFO: Epoch 318: head: Default, loss=0.37772706, RMSE_E_per_atom=   32.92 meV, RMSE_F=  194.27 meV / A
2025-10-05 02:17:08.536 INFO: Epoch 319: head: Default, loss=0.37791016, RMSE_E_per_atom=   32.05 meV, RMSE_F=  194.32 meV / A
2025-10-05 02:17:11.164 INFO: Epoch 320: head: Default, loss=0.37770413, RMSE_E_per_atom=   32.22 meV, RMSE_F=  194.26 meV / A
2025-10-05 02:17:13.718 INFO: Epoch 321: head: Default, loss=0.37913548, RMSE_E_per_atom=   30.37 meV, RMSE_F=  194.63 meV / A
2025-10-05 02:17:16.360 INFO: Epoch 322: head: Default, loss=0.37895517, RMSE_E_per_atom=   29.95 meV, RMSE_F=  194.58 meV / A
2025-10-05 02:17:19.016 INFO: Epoch 323: head: Default, loss=0.37797811, RMSE_E_per_atom=   30.60 meV, RMSE_F=  194.33 meV / A
2025-10-05 02:17:21.673 INFO: Epoch 324: head: Default, loss=0.37731847, RMSE_E_per_atom=   31.54 meV, RMSE_F=  194.16 meV / A
2025-10-05 02:17:24.289 INFO: Epoch 325: head: Default, loss=0.37736972, RMSE_E_per_atom=   31.48 meV, RMSE_F=  194.18 meV / A
2025-10-05 02:17:26.929 INFO: Epoch 326: head: Default, loss=0.37719822, RMSE_E_per_atom=   31.17 meV, RMSE_F=  194.14 meV / A
2025-10-05 02:17:29.554 INFO: Epoch 327: head: Default, loss=0.37796818, RMSE_E_per_atom=   31.49 meV, RMSE_F=  194.34 meV / A
2025-10-05 02:17:32.253 INFO: Epoch 328: head: Default, loss=0.37773881, RMSE_E_per_atom=   30.22 meV, RMSE_F=  194.28 meV / A
2025-10-05 02:17:34.935 INFO: Epoch 329: head: Default, loss=0.37748169, RMSE_E_per_atom=   30.75 meV, RMSE_F=  194.21 meV / A
2025-10-05 02:17:37.615 INFO: Epoch 330: head: Default, loss=0.37716745, RMSE_E_per_atom=   30.76 meV, RMSE_F=  194.13 meV / A
2025-10-05 02:17:40.172 INFO: Epoch 331: head: Default, loss=0.37748341, RMSE_E_per_atom=   28.69 meV, RMSE_F=  194.22 meV / A
2025-10-05 02:17:42.774 INFO: Epoch 332: head: Default, loss=0.37705004, RMSE_E_per_atom=   28.57 meV, RMSE_F=  194.12 meV / A
2025-10-05 02:17:45.452 INFO: Epoch 333: head: Default, loss=0.37666539, RMSE_E_per_atom=   28.89 meV, RMSE_F=  194.01 meV / A
2025-10-05 02:17:48.077 INFO: Epoch 334: head: Default, loss=0.37556766, RMSE_E_per_atom=   30.21 meV, RMSE_F=  193.73 meV / A
2025-10-05 02:17:50.713 INFO: Epoch 335: head: Default, loss=0.37538995, RMSE_E_per_atom=   31.01 meV, RMSE_F=  193.68 meV / A
2025-10-05 02:17:53.351 INFO: Epoch 336: head: Default, loss=0.37588240, RMSE_E_per_atom=   30.69 meV, RMSE_F=  193.80 meV / A
2025-10-05 02:17:56.002 INFO: Epoch 337: head: Default, loss=0.37550555, RMSE_E_per_atom=   30.30 meV, RMSE_F=  193.69 meV / A
2025-10-05 02:17:58.662 INFO: Epoch 338: head: Default, loss=0.37541579, RMSE_E_per_atom=   30.66 meV, RMSE_F=  193.67 meV / A
2025-10-05 02:18:01.298 INFO: Epoch 339: head: Default, loss=0.37543274, RMSE_E_per_atom=   30.02 meV, RMSE_F=  193.68 meV / A
2025-10-05 02:18:03.924 INFO: Epoch 340: head: Default, loss=0.37526090, RMSE_E_per_atom=   29.57 meV, RMSE_F=  193.64 meV / A
2025-10-05 02:18:06.458 INFO: Epoch 341: head: Default, loss=0.37801457, RMSE_E_per_atom=   31.50 meV, RMSE_F=  194.37 meV / A
2025-10-05 02:18:09.108 INFO: Epoch 342: head: Default, loss=0.37606224, RMSE_E_per_atom=   33.26 meV, RMSE_F=  193.85 meV / A
2025-10-05 02:18:11.813 INFO: Epoch 343: head: Default, loss=0.37552972, RMSE_E_per_atom=   34.35 meV, RMSE_F=  193.69 meV / A
2025-10-05 02:18:14.428 INFO: Epoch 344: head: Default, loss=0.37478860, RMSE_E_per_atom=   35.25 meV, RMSE_F=  193.50 meV / A
2025-10-05 02:18:17.021 INFO: Epoch 345: head: Default, loss=0.37508023, RMSE_E_per_atom=   34.30 meV, RMSE_F=  193.57 meV / A
2025-10-05 02:18:19.636 INFO: Epoch 346: head: Default, loss=0.37564495, RMSE_E_per_atom=   32.55 meV, RMSE_F=  193.73 meV / A
2025-10-05 02:18:22.283 INFO: Epoch 347: head: Default, loss=0.37506703, RMSE_E_per_atom=   32.53 meV, RMSE_F=  193.58 meV / A
2025-10-05 02:18:24.958 INFO: Epoch 348: head: Default, loss=0.37524794, RMSE_E_per_atom=   32.68 meV, RMSE_F=  193.63 meV / A
2025-10-05 02:18:27.586 INFO: Epoch 349: head: Default, loss=0.37661032, RMSE_E_per_atom=   32.41 meV, RMSE_F=  193.98 meV / A
2025-10-05 02:18:30.222 INFO: Epoch 350: head: Default, loss=0.37661996, RMSE_E_per_atom=   31.62 meV, RMSE_F=  193.98 meV / A
2025-10-05 02:18:32.766 INFO: Epoch 351: head: Default, loss=0.37691185, RMSE_E_per_atom=   32.61 meV, RMSE_F=  194.06 meV / A
2025-10-05 02:18:35.448 INFO: Epoch 352: head: Default, loss=0.37606935, RMSE_E_per_atom=   31.19 meV, RMSE_F=  193.84 meV / A
2025-10-05 02:18:38.074 INFO: Epoch 353: head: Default, loss=0.37571317, RMSE_E_per_atom=   31.57 meV, RMSE_F=  193.75 meV / A
2025-10-05 02:18:40.709 INFO: Epoch 354: head: Default, loss=0.37545048, RMSE_E_per_atom=   32.61 meV, RMSE_F=  193.68 meV / A
2025-10-05 02:18:43.364 INFO: Epoch 355: head: Default, loss=0.37673548, RMSE_E_per_atom=   32.73 meV, RMSE_F=  194.02 meV / A
2025-10-05 02:18:45.984 INFO: Epoch 356: head: Default, loss=0.37654047, RMSE_E_per_atom=   32.04 meV, RMSE_F=  193.97 meV / A
2025-10-05 02:18:48.652 INFO: Epoch 357: head: Default, loss=0.37628695, RMSE_E_per_atom=   32.18 meV, RMSE_F=  193.91 meV / A
2025-10-05 02:18:51.241 INFO: Epoch 358: head: Default, loss=0.37737691, RMSE_E_per_atom=   31.90 meV, RMSE_F=  194.19 meV / A
2025-10-05 02:18:53.856 INFO: Epoch 359: head: Default, loss=0.37832790, RMSE_E_per_atom=   31.24 meV, RMSE_F=  194.44 meV / A
2025-10-05 02:18:56.478 INFO: Epoch 360: head: Default, loss=0.37750979, RMSE_E_per_atom=   29.61 meV, RMSE_F=  194.22 meV / A
2025-10-05 02:18:59.020 INFO: Epoch 361: head: Default, loss=0.37975816, RMSE_E_per_atom=   32.76 meV, RMSE_F=  194.79 meV / A
2025-10-05 02:19:01.673 INFO: Epoch 362: head: Default, loss=0.37973075, RMSE_E_per_atom=   32.20 meV, RMSE_F=  194.79 meV / A
2025-10-05 02:19:04.273 INFO: Epoch 363: head: Default, loss=0.37969726, RMSE_E_per_atom=   31.22 meV, RMSE_F=  194.79 meV / A
2025-10-05 02:19:06.893 INFO: Epoch 364: head: Default, loss=0.37988340, RMSE_E_per_atom=   30.52 meV, RMSE_F=  194.84 meV / A
2025-10-05 02:19:09.498 INFO: Epoch 365: head: Default, loss=0.38039295, RMSE_E_per_atom=   29.79 meV, RMSE_F=  194.97 meV / A
2025-10-05 02:19:12.164 INFO: Epoch 366: head: Default, loss=0.38111559, RMSE_E_per_atom=   29.46 meV, RMSE_F=  195.16 meV / A
2025-10-05 02:19:14.808 INFO: Epoch 367: head: Default, loss=0.38036715, RMSE_E_per_atom=   29.78 meV, RMSE_F=  194.96 meV / A
2025-10-05 02:19:17.438 INFO: Epoch 368: head: Default, loss=0.38182147, RMSE_E_per_atom=   29.72 meV, RMSE_F=  195.33 meV / A
2025-10-05 02:19:20.081 INFO: Epoch 369: head: Default, loss=0.38145787, RMSE_E_per_atom=   29.38 meV, RMSE_F=  195.24 meV / A
2025-10-05 02:19:22.719 INFO: Epoch 370: head: Default, loss=0.38174923, RMSE_E_per_atom=   29.49 meV, RMSE_F=  195.32 meV / A
2025-10-05 02:19:25.298 INFO: Epoch 371: head: Default, loss=0.38223092, RMSE_E_per_atom=   30.95 meV, RMSE_F=  195.43 meV / A
2025-10-05 02:19:27.937 INFO: Epoch 372: head: Default, loss=0.38220626, RMSE_E_per_atom=   30.06 meV, RMSE_F=  195.43 meV / A
2025-10-05 02:19:30.565 INFO: Epoch 373: head: Default, loss=0.38278472, RMSE_E_per_atom=   29.71 meV, RMSE_F=  195.58 meV / A
2025-10-05 02:19:33.198 INFO: Epoch 374: head: Default, loss=0.38283861, RMSE_E_per_atom=   29.14 meV, RMSE_F=  195.60 meV / A
2025-10-05 02:19:33.200 INFO: Changing loss based on Stage Two Weights
2025-10-05 02:19:35.829 INFO: Epoch 375: head: Default, loss=0.45059244, RMSE_E_per_atom=   25.92 meV, RMSE_F=  195.76 meV / A
2025-10-05 02:19:38.528 INFO: Epoch 376: head: Default, loss=0.43159026, RMSE_E_per_atom=   21.84 meV, RMSE_F=  195.89 meV / A
2025-10-05 02:19:41.258 INFO: Epoch 377: head: Default, loss=0.41943796, RMSE_E_per_atom=   18.76 meV, RMSE_F=  195.97 meV / A
2025-10-05 02:19:43.983 INFO: Epoch 378: head: Default, loss=0.40906343, RMSE_E_per_atom=   15.69 meV, RMSE_F=  196.03 meV / A
2025-10-05 02:19:46.651 INFO: Epoch 379: head: Default, loss=0.40466052, RMSE_E_per_atom=   14.15 meV, RMSE_F=  196.08 meV / A
2025-10-05 02:19:49.387 INFO: Epoch 380: head: Default, loss=0.40134072, RMSE_E_per_atom=   12.83 meV, RMSE_F=  196.14 meV / A
2025-10-05 02:19:52.013 INFO: Epoch 381: head: Default, loss=0.39724200, RMSE_E_per_atom=   10.88 meV, RMSE_F=  196.28 meV / A
2025-10-05 02:19:54.682 INFO: Epoch 382: head: Default, loss=0.39617460, RMSE_E_per_atom=   10.14 meV, RMSE_F=  196.40 meV / A
2025-10-05 02:19:57.345 INFO: Epoch 383: head: Default, loss=0.39582903, RMSE_E_per_atom=    9.82 meV, RMSE_F=  196.48 meV / A
2025-10-05 02:19:59.988 INFO: Epoch 384: head: Default, loss=0.39490429, RMSE_E_per_atom=    9.21 meV, RMSE_F=  196.54 meV / A
2025-10-05 02:20:02.714 INFO: Epoch 385: head: Default, loss=0.39470456, RMSE_E_per_atom=    8.95 meV, RMSE_F=  196.61 meV / A
2025-10-05 02:20:05.392 INFO: Epoch 386: head: Default, loss=0.39410875, RMSE_E_per_atom=    8.77 meV, RMSE_F=  196.54 meV / A
2025-10-05 02:20:08.092 INFO: Epoch 387: head: Default, loss=0.39412771, RMSE_E_per_atom=    8.59 meV, RMSE_F=  196.63 meV / A
2025-10-05 02:20:10.753 INFO: Epoch 388: head: Default, loss=0.39355951, RMSE_E_per_atom=    8.24 meV, RMSE_F=  196.63 meV / A
2025-10-05 02:20:13.411 INFO: Epoch 389: head: Default, loss=0.39333792, RMSE_E_per_atom=    8.11 meV, RMSE_F=  196.63 meV / A
2025-10-05 02:20:16.208 INFO: Epoch 390: head: Default, loss=0.39341576, RMSE_E_per_atom=    7.98 meV, RMSE_F=  196.70 meV / A
2025-10-05 02:20:18.741 INFO: Epoch 391: head: Default, loss=0.39644206, RMSE_E_per_atom=    9.54 meV, RMSE_F=  196.78 meV / A
2025-10-05 02:20:21.388 INFO: Epoch 392: head: Default, loss=0.39529104, RMSE_E_per_atom=    8.88 meV, RMSE_F=  196.79 meV / A
2025-10-05 02:20:24.016 INFO: Epoch 393: head: Default, loss=0.39492779, RMSE_E_per_atom=    8.48 meV, RMSE_F=  196.87 meV / A
2025-10-05 02:20:26.659 INFO: Epoch 394: head: Default, loss=0.39453459, RMSE_E_per_atom=    8.25 meV, RMSE_F=  196.88 meV / A
2025-10-05 02:20:29.330 INFO: Epoch 395: head: Default, loss=0.39390316, RMSE_E_per_atom=    7.83 meV, RMSE_F=  196.89 meV / A
2025-10-05 02:20:31.959 INFO: Epoch 396: head: Default, loss=0.39402172, RMSE_E_per_atom=    7.74 meV, RMSE_F=  196.95 meV / A
2025-10-05 02:20:34.603 INFO: Epoch 397: head: Default, loss=0.39396398, RMSE_E_per_atom=    7.70 meV, RMSE_F=  196.95 meV / A
2025-10-05 02:20:37.224 INFO: Epoch 398: head: Default, loss=0.39337975, RMSE_E_per_atom=    7.44 meV, RMSE_F=  196.91 meV / A
2025-10-05 02:20:39.896 INFO: Epoch 399: head: Default, loss=0.39322593, RMSE_E_per_atom=    7.28 meV, RMSE_F=  196.92 meV / A
2025-10-05 02:20:42.636 INFO: Epoch 400: head: Default, loss=0.39294611, RMSE_E_per_atom=    7.37 meV, RMSE_F=  196.82 meV / A
2025-10-05 02:20:45.229 INFO: Epoch 401: head: Default, loss=0.39719551, RMSE_E_per_atom=    9.84 meV, RMSE_F=  196.82 meV / A
2025-10-05 02:20:47.856 INFO: Epoch 402: head: Default, loss=0.39525379, RMSE_E_per_atom=    8.89 meV, RMSE_F=  196.78 meV / A
2025-10-05 02:20:50.534 INFO: Epoch 403: head: Default, loss=0.39396235, RMSE_E_per_atom=    8.32 meV, RMSE_F=  196.70 meV / A
2025-10-05 02:20:53.215 INFO: Epoch 404: head: Default, loss=0.39268138, RMSE_E_per_atom=    7.61 meV, RMSE_F=  196.66 meV / A
2025-10-05 02:20:55.903 INFO: Epoch 405: head: Default, loss=0.39261934, RMSE_E_per_atom=    7.31 meV, RMSE_F=  196.76 meV / A
2025-10-05 02:20:58.592 INFO: Epoch 406: head: Default, loss=0.39260257, RMSE_E_per_atom=    7.23 meV, RMSE_F=  196.79 meV / A
2025-10-05 02:21:01.277 INFO: Epoch 407: head: Default, loss=0.39260909, RMSE_E_per_atom=    7.14 meV, RMSE_F=  196.82 meV / A
2025-10-05 02:21:03.887 INFO: Epoch 408: head: Default, loss=0.39260717, RMSE_E_per_atom=    7.22 meV, RMSE_F=  196.79 meV / A
2025-10-05 02:21:06.584 INFO: Epoch 409: head: Default, loss=0.39239471, RMSE_E_per_atom=    7.12 meV, RMSE_F=  196.78 meV / A
2025-10-05 02:21:09.268 INFO: Epoch 410: head: Default, loss=0.39223210, RMSE_E_per_atom=    7.17 meV, RMSE_F=  196.72 meV / A
2025-10-05 02:21:11.828 INFO: Epoch 411: head: Default, loss=0.39638470, RMSE_E_per_atom=    9.61 meV, RMSE_F=  196.73 meV / A
2025-10-05 02:21:14.433 INFO: Epoch 412: head: Default, loss=0.39539906, RMSE_E_per_atom=    9.07 meV, RMSE_F=  196.73 meV / A
2025-10-05 02:21:17.119 INFO: Epoch 413: head: Default, loss=0.39462531, RMSE_E_per_atom=    8.62 meV, RMSE_F=  196.74 meV / A
2025-10-05 02:21:19.755 INFO: Epoch 414: head: Default, loss=0.39358854, RMSE_E_per_atom=    8.03 meV, RMSE_F=  196.73 meV / A
2025-10-05 02:21:22.420 INFO: Epoch 415: head: Default, loss=0.39313065, RMSE_E_per_atom=    7.58 meV, RMSE_F=  196.79 meV / A
2025-10-05 02:21:25.062 INFO: Epoch 416: head: Default, loss=0.39333335, RMSE_E_per_atom=    7.59 meV, RMSE_F=  196.84 meV / A
2025-10-05 02:21:27.720 INFO: Epoch 417: head: Default, loss=0.39290541, RMSE_E_per_atom=    7.40 meV, RMSE_F=  196.80 meV / A
2025-10-05 02:21:30.386 INFO: Epoch 418: head: Default, loss=0.39258692, RMSE_E_per_atom=    7.16 meV, RMSE_F=  196.81 meV / A
2025-10-05 02:21:33.325 INFO: Epoch 419: head: Default, loss=0.39236685, RMSE_E_per_atom=    7.14 meV, RMSE_F=  196.76 meV / A
2025-10-05 02:21:35.971 INFO: Epoch 420: head: Default, loss=0.39212200, RMSE_E_per_atom=    7.15 meV, RMSE_F=  196.69 meV / A
2025-10-05 02:21:38.582 INFO: Epoch 421: head: Default, loss=0.39277118, RMSE_E_per_atom=    7.61 meV, RMSE_F=  196.68 meV / A
2025-10-05 02:21:41.248 INFO: Epoch 422: head: Default, loss=0.39241338, RMSE_E_per_atom=    7.36 meV, RMSE_F=  196.69 meV / A
2025-10-05 02:21:43.916 INFO: Epoch 423: head: Default, loss=0.39229236, RMSE_E_per_atom=    7.27 meV, RMSE_F=  196.69 meV / A
2025-10-05 02:21:46.516 INFO: Epoch 424: head: Default, loss=0.39195699, RMSE_E_per_atom=    7.10 meV, RMSE_F=  196.66 meV / A
2025-10-05 02:21:49.199 INFO: Epoch 425: head: Default, loss=0.39180062, RMSE_E_per_atom=    7.06 meV, RMSE_F=  196.64 meV / A
2025-10-05 02:21:51.843 INFO: Epoch 426: head: Default, loss=0.39209026, RMSE_E_per_atom=    7.06 meV, RMSE_F=  196.71 meV / A
2025-10-05 02:21:54.507 INFO: Epoch 427: head: Default, loss=0.39212456, RMSE_E_per_atom=    7.09 meV, RMSE_F=  196.71 meV / A
2025-10-05 02:21:57.178 INFO: Epoch 428: head: Default, loss=0.39238561, RMSE_E_per_atom=    7.16 meV, RMSE_F=  196.75 meV / A
2025-10-05 02:21:59.782 INFO: Epoch 429: head: Default, loss=0.39207271, RMSE_E_per_atom=    7.06 meV, RMSE_F=  196.71 meV / A
2025-10-05 02:22:02.384 INFO: Epoch 430: head: Default, loss=0.39181056, RMSE_E_per_atom=    7.02 meV, RMSE_F=  196.65 meV / A
2025-10-05 02:22:04.932 INFO: Epoch 431: head: Default, loss=0.39443052, RMSE_E_per_atom=    8.77 meV, RMSE_F=  196.61 meV / A
2025-10-05 02:22:07.608 INFO: Epoch 432: head: Default, loss=0.39366251, RMSE_E_per_atom=    8.42 meV, RMSE_F=  196.57 meV / A
2025-10-05 02:22:10.215 INFO: Epoch 433: head: Default, loss=0.39262210, RMSE_E_per_atom=    7.84 meV, RMSE_F=  196.55 meV / A
2025-10-05 02:22:12.820 INFO: Epoch 434: head: Default, loss=0.39174558, RMSE_E_per_atom=    7.25 meV, RMSE_F=  196.55 meV / A
2025-10-05 02:22:15.504 INFO: Epoch 435: head: Default, loss=0.39145604, RMSE_E_per_atom=    7.17 meV, RMSE_F=  196.51 meV / A
2025-10-05 02:22:18.177 INFO: Epoch 436: head: Default, loss=0.39113025, RMSE_E_per_atom=    7.06 meV, RMSE_F=  196.46 meV / A
2025-10-05 02:22:20.866 INFO: Epoch 437: head: Default, loss=0.39102817, RMSE_E_per_atom=    6.87 meV, RMSE_F=  196.51 meV / A
2025-10-05 02:22:23.538 INFO: Epoch 438: head: Default, loss=0.39078262, RMSE_E_per_atom=    6.86 meV, RMSE_F=  196.45 meV / A
2025-10-05 02:22:26.231 INFO: Epoch 439: head: Default, loss=0.39091598, RMSE_E_per_atom=    6.88 meV, RMSE_F=  196.48 meV / A
2025-10-05 02:22:28.843 INFO: Epoch 440: head: Default, loss=0.39098643, RMSE_E_per_atom=    6.85 meV, RMSE_F=  196.50 meV / A
2025-10-05 02:22:31.433 INFO: Epoch 441: head: Default, loss=0.39128495, RMSE_E_per_atom=    6.97 meV, RMSE_F=  196.53 meV / A
2025-10-05 02:22:34.147 INFO: Epoch 442: head: Default, loss=0.39125620, RMSE_E_per_atom=    6.86 meV, RMSE_F=  196.56 meV / A
2025-10-05 02:22:36.813 INFO: Epoch 443: head: Default, loss=0.39121186, RMSE_E_per_atom=    6.79 meV, RMSE_F=  196.58 meV / A
2025-10-05 02:22:39.425 INFO: Epoch 444: head: Default, loss=0.39124367, RMSE_E_per_atom=    6.74 meV, RMSE_F=  196.60 meV / A
2025-10-05 02:22:42.018 INFO: Epoch 445: head: Default, loss=0.39132010, RMSE_E_per_atom=    6.78 meV, RMSE_F=  196.61 meV / A
2025-10-05 02:22:44.740 INFO: Epoch 446: head: Default, loss=0.39129978, RMSE_E_per_atom=    6.83 meV, RMSE_F=  196.59 meV / A
2025-10-05 02:22:47.461 INFO: Epoch 447: head: Default, loss=0.39145812, RMSE_E_per_atom=    6.88 meV, RMSE_F=  196.61 meV / A
2025-10-05 02:22:50.099 INFO: Epoch 448: head: Default, loss=0.39125245, RMSE_E_per_atom=    6.90 meV, RMSE_F=  196.55 meV / A
2025-10-05 02:22:52.727 INFO: Epoch 449: head: Default, loss=0.39084089, RMSE_E_per_atom=    6.80 meV, RMSE_F=  196.48 meV / A
2025-10-05 02:22:55.358 INFO: Epoch 450: head: Default, loss=0.39078485, RMSE_E_per_atom=    6.82 meV, RMSE_F=  196.46 meV / A
2025-10-05 02:22:57.948 INFO: Epoch 451: head: Default, loss=0.39080838, RMSE_E_per_atom=    6.98 meV, RMSE_F=  196.41 meV / A
2025-10-05 02:23:00.598 INFO: Epoch 452: head: Default, loss=0.39086608, RMSE_E_per_atom=    6.84 meV, RMSE_F=  196.48 meV / A
2025-10-05 02:23:03.259 INFO: Epoch 453: head: Default, loss=0.39093819, RMSE_E_per_atom=    6.98 meV, RMSE_F=  196.45 meV / A
2025-10-05 02:23:05.927 INFO: Epoch 454: head: Default, loss=0.39080481, RMSE_E_per_atom=    6.79 meV, RMSE_F=  196.48 meV / A
2025-10-05 02:23:08.581 INFO: Epoch 455: head: Default, loss=0.39079476, RMSE_E_per_atom=    6.81 meV, RMSE_F=  196.47 meV / A
2025-10-05 02:23:11.242 INFO: Epoch 456: head: Default, loss=0.39083914, RMSE_E_per_atom=    6.74 meV, RMSE_F=  196.50 meV / A
2025-10-05 02:23:13.868 INFO: Epoch 457: head: Default, loss=0.39111673, RMSE_E_per_atom=    6.74 meV, RMSE_F=  196.57 meV / A
2025-10-05 02:23:16.524 INFO: Epoch 458: head: Default, loss=0.39094814, RMSE_E_per_atom=    6.66 meV, RMSE_F=  196.56 meV / A
