2025-10-06 16:37:35.824 INFO: ===========VERIFYING SETTINGS===========
2025-10-06 16:37:35.827 INFO: MACE version: 0.3.14
2025-10-06 16:37:35.828 DEBUG: Configuration: Namespace(config='configs/dpp_small_ft-HfOx_v0.5.yml', name='small_ft-HfOx', seed=123, work_dir='.', log_dir='models/small_dpp_HfOx-ft_4', model_dir='models/small_dpp_HfOx-ft_4', checkpoints_dir='models/small_dpp_HfOx-ft_4', results_dir='models/small_dpp_HfOx-ft_4', downloads_dir='./downloads', device='cuda', default_dtype='float64', distributed=False, launcher='slurm', log_level='INFO', plot=True, plot_frequency=10, plot_interaction_e=False, error_table='PerAtomRMSE', model='MACE', r_max=5.0, radial_type='bessel', num_radial_basis=8, num_cutoff_basis=5, pair_repulsion=False, distance_transform='None', apply_cutoff=True, use_last_readout_only=False, use_embedding_readout=False, interaction='RealAgnosticResidualInteractionBlock', interaction_first='RealAgnosticResidualInteractionBlock', max_ell=3, correlation=3, use_reduced_cg=False, use_so3=False, use_agnostic_product=False, num_interactions=2, MLP_irreps='16x0e', radial_MLP='[64, 64, 64]', hidden_irreps='128x0e + 128x1o', edge_irreps=None, num_channels=128, max_L=1, gate='silu', scaling='rms_forces_scaling', avg_num_neighbors=1, compute_avg_num_neighbors=True, compute_stress=False, compute_forces=True, compute_polarizability=<function str2bool at 0x7ef5aac2c040>, compute_atomic_dipole=<function str2bool at 0x7ef5aac2c040>, train_file='data/dpp_train.xyz', valid_file='data/dpp_validation.xyz', valid_fraction=0.1, test_file='data/test.xyz', test_dir=None, multi_processed_test=False, num_workers=0, pin_memory=True, atomic_numbers=None, mean=None, std=None, statistics_file=None, les_arguments=None, E0s='{8: -443.8224565134432, 72: -1529.4984727695407}', pseudolabel_replay=False, foundation_filter_elements=True, heads=None, multiheads_finetuning=False, foundation_head=None, weight_pt_head=1.0, real_pt_data_ratio_threshold=0.1, num_samples_pt=10000, force_mh_ft_lr=False, subselect_pt='random', filter_type_pt='none', allow_random_padding_pt=True, pt_train_file=None, pt_valid_file=None, foundation_model_elements=False, keep_isolated_atoms=False, energy_key='REF_energy', forces_key='REF_forces', virials_key='REF_virials', stress_key='REF_stress', dipole_key='dipole', polarizability_key='polarizability', head_key='head', charges_key='REF_charges', elec_temp_key='elec_temp', total_spin_key='total_spin', total_charge_key='total_charge', embedding_specs=None, skip_evaluate_heads='pt_head', loss='weighted', forces_weight=100.0, swa_forces_weight=100.0, energy_weight=1.0, swa_energy_weight=1000.0, virials_weight=1.0, swa_virials_weight=10.0, stress_weight=0.0, swa_stress_weight=10.0, dipole_weight=1.0, swa_dipole_weight=1.0, swa_polarizability_weight=1.0, polarizability_weight=1.0, config_type_weights='{"Default":1.0}', huber_delta=0.001, optimizer='adam', beta=0.9, batch_size=14, valid_batch_size=10, lr=0.01, swa_lr=0.001, weight_decay=0.0, amsgrad=True, scheduler='ReduceLROnPlateau', lr_factor=0.8, scheduler_patience=50, lr_scheduler_gamma=0.9993, swa=True, start_swa=375, lbfgs=False, ema=True, ema_decay=0.99, max_num_epochs=500, patience=2048, foundation_model='small', foundation_model_readout=True, eval_interval=1, keep_checkpoints=False, save_all_checkpoints=False, restart_latest=False, save_cpu=False, clip_grad=10.0, dry_run=False, enable_cueq=True, only_cueq=False, enable_oeq=False, wandb=True, wandb_dir=None, wandb_project='MACE_HfOx_ft', wandb_entity='', wandb_name='small_model_dpp-4', wandb_log_hypers=['lr', 'lr_factor', 'lr_scheduler_gamma', 'scheduler', 'swa', 'swa_lr', 'start_swa', 'scheduler_patience', 'swa_energy_weight', 'swa_forces_weight', 'energy_weight', 'forces_weight', 'ema', 'ema_decay', 'weight_decay', 'huber_delta', 'optimizer', 'amsgrad', 'beta', 'batch_size', 'max_num_epochs', 'seed'], key_specification=KeySpecification(info_keys={'energy': 'REF_energy', 'stress': 'REF_stress', 'virials': 'REF_virials', 'dipole': 'dipole', 'head': 'head', 'elec_temp': 'elec_temp', 'total_charge': 'total_charge', 'polarizability': 'polarizability', 'total_spin': 'total_spin'}, arrays_keys={'forces': 'REF_forces', 'charges': 'REF_charges'}))
2025-10-06 16:37:35.828 INFO: CUDA version: 12.6, CUDA device: 0
2025-10-06 16:37:35.829 DEBUG: sys.platform='linux', git_executable='git'
2025-10-06 16:37:35.833 DEBUG: Error accessing Git repository: /content/drive/MyDrive/colab_temp/mace_fine-tuning_expts
2025-10-06 16:37:35.833 INFO: Using foundation model mace-mp-0 small as initial checkpoint.
2025-10-06 16:37:35.963 INFO: CUDA version: 12.6, CUDA device: 0
2025-10-06 16:37:35.969 INFO: ===========LOADING INPUT DATA===========
2025-10-06 16:37:35.970 INFO: Using heads: ['Default']
2025-10-06 16:37:35.971 INFO: Using the key specifications to parse data:
2025-10-06 16:37:35.972 INFO: Default: KeySpecification(info_keys={'energy': 'REF_energy', 'stress': 'REF_stress', 'virials': 'REF_virials', 'dipole': 'dipole', 'head': 'head', 'elec_temp': 'elec_temp', 'total_charge': 'total_charge', 'polarizability': 'polarizability', 'total_spin': 'total_spin'}, arrays_keys={'forces': 'REF_forces', 'charges': 'REF_charges'})
2025-10-06 16:37:35.974 INFO: =============    Processing head Default     ===========
2025-10-06 16:37:35.976 DEBUG: Loading training file: data/dpp_train.xyz
2025-10-06 16:37:36.260 INFO: Training set 1/1 [energy: 361, stress: 361, virials: 0, dipole components: 0, head: 361, elec_temp: 0, total_charge: 0, polarizability: 0, total_spin: 0, forces: 361, charges: 0]
2025-10-06 16:37:36.263 INFO: Total Training set [energy: 361, stress: 361, virials: 0, dipole components: 0, head: 361, elec_temp: 0, total_charge: 0, polarizability: 0, total_spin: 0, forces: 361, charges: 0]
2025-10-06 16:37:36.353 INFO: Validation set 1/1 [energy: 90, stress: 90, virials: 0, dipole components: 0, head: 90, elec_temp: 0, total_charge: 0, polarizability: 0, total_spin: 0, forces: 90, charges: 0]
2025-10-06 16:37:36.355 INFO: Total Validation set [energy: 90, stress: 90, virials: 0, dipole components: 0, head: 90, elec_temp: 0, total_charge: 0, polarizability: 0, total_spin: 0, forces: 90, charges: 0]
2025-10-06 16:37:36.976 INFO: Test set 1/1 [energy: 816, stress: 816, virials: 0, dipole components: 0, head: 816, elec_temp: 0, total_charge: 0, polarizability: 0, total_spin: 0, forces: 816, charges: 0]
2025-10-06 16:37:36.984 INFO: Total Test set [energy: 816, stress: 816, virials: 0, dipole components: 0, head: 816, elec_temp: 0, total_charge: 0, polarizability: 0, total_spin: 0, forces: 816, charges: 0]
2025-10-06 16:37:36.986 INFO: Total number of configurations: train=361, valid=90, tests=[Default_Default: 816],
2025-10-06 16:37:36.994 INFO: Atomic Numbers used: [8, 72]
2025-10-06 16:37:36.995 INFO: Isolated Atomic Energies (E0s) not in training file, using command line argument
2025-10-06 16:37:36.996 INFO: Atomic Energies used (z: eV) for head Default: {8: -443.8224565134432, 72: -1529.4984727695407}
2025-10-06 16:37:36.997 INFO: Processing datasets for head 'Default'
2025-10-06 16:37:39.078 DEBUG: Successfully loaded dataset from ASE files: ['data/dpp_train.xyz']
2025-10-06 16:37:39.079 INFO: Combining 1 list datasets for head 'Default'
2025-10-06 16:37:39.626 DEBUG: Successfully loaded validation dataset from ASE files: ['data/dpp_validation.xyz']
2025-10-06 16:37:39.627 INFO: Combining 1 list datasets for head 'Default_valid'
2025-10-06 16:37:39.628 INFO: Combined validation datasets for Default
2025-10-06 16:37:39.630 INFO: Head 'Default' training dataset size: 361
2025-10-06 16:37:39.631 INFO: Computing average number of neighbors
2025-10-06 16:37:39.799 INFO: Average number of neighbors: 52.15321958594304
2025-10-06 16:37:39.801 INFO: During training the following quantities will be reported: energy, forces
2025-10-06 16:37:39.803 INFO: ===========MODEL DETAILS===========
2025-10-06 16:37:39.944 INFO: Loading FOUNDATION model
2025-10-06 16:37:39.947 INFO: Using filtered elements: [8, 72]
2025-10-06 16:37:39.948 INFO: Model configuration extracted from foundation model
2025-10-06 16:37:39.949 INFO: Using weighted loss function for fine-tuning
2025-10-06 16:37:39.951 INFO: Message passing with hidden irreps 128x0e)
2025-10-06 16:37:39.952 INFO: 2 layers, each with correlation order: 3 (body order: 4) and spherical harmonics up to: l=3
2025-10-06 16:37:39.953 INFO: Radial cutoff: 6.0 A (total receptive field for each atom: 12.0 A)
2025-10-06 16:37:39.954 INFO: Distance transform for radial basis functions: None
2025-10-06 16:37:41.140 DEBUG: ScaleShiftMACE(
  (node_embedding): LinearNodeEmbeddingBlock(
    (linear): Linear(2x0e -> 128x0e | 256 weights)
  )
  (radial_embedding): RadialEmbeddingBlock(
    (bessel_fn): BesselBasis(r_max=6.0, num_basis=10, trainable=True)
    (cutoff_fn): PolynomialCutoff(p=5, r_max=6.0)
  )
  (spherical_harmonics): SphericalHarmonics()
  (atomic_energies_fn): AtomicEnergiesBlock(energies=[[-443.8225, -1529.4985]])
  (interactions): ModuleList(
    (0-1): 2 x RealAgnosticResidualInteractionBlock(
      (linear_up): Linear(128x0e -> 128x0e | 16384 weights)
      (conv_tp): TensorProduct(128x0e x 1x0e+1x1o+1x2e+1x3o -> 128x0e+128x1o+128x2e+128x3o | 512 paths | 512 weights)
      (conv_tp_weights): FullyConnectedNet[10, 64, 64, 64, 512]
      (linear): Linear(128x0e+128x1o+128x2e+128x3o -> 128x0e+128x1o+128x2e+128x3o | 65536 weights)
      (skip_tp): FullyConnectedTensorProduct(128x0e x 2x0e -> 128x0e | 32768 paths | 32768 weights)
      (reshape): reshape_irreps()
    )
  )
  (products): ModuleList(
    (0-1): 2 x EquivariantProductBasisBlock(
      (symmetric_contractions): SymmetricContraction(
        (contractions): ModuleList(
          (0): Contraction(
            (contractions_weighting): ModuleList(
              (0-1): 2 x GraphModule()
            )
            (contractions_features): ModuleList(
              (0-1): 2 x GraphModule()
            )
            (weights): ParameterList(
                (0): Parameter containing: [torch.float64 of size 2x4x128 (cuda:0)]
                (1): Parameter containing: [torch.float64 of size 2x1x128 (cuda:0)]
            )
            (graph_opt_main): GraphModule()
          )
        )
      )
      (linear): Linear(128x0e -> 128x0e | 16384 weights)
    )
  )
  (readouts): ModuleList(
    (0): LinearReadoutBlock(
      (linear): Linear(128x0e -> 1x0e | 128 weights)
    )
    (1): NonLinearReadoutBlock(
      (linear_1): Linear(128x0e -> 16x0e | 2048 weights)
      (non_linearity): Activation [x] (16x0e -> 16x0e)
      (linear_2): Linear(16x0e -> 1x0e | 16 weights)
    )
  )
  (scale_shift): ScaleShiftBlock(scale=0.8042, shift=0.1641)
)
2025-10-06 16:37:41.142 INFO: Total number of parameters: 362138
2025-10-06 16:37:41.144 INFO: 
2025-10-06 16:37:41.145 INFO: ===========OPTIMIZER INFORMATION===========
2025-10-06 16:37:41.146 INFO: Using ADAM as parameter optimizer
2025-10-06 16:37:41.148 INFO: Batch size: 14
2025-10-06 16:37:41.149 INFO: Using Exponential Moving Average with decay: 0.99
2025-10-06 16:37:41.150 INFO: Number of gradient updates: 12892
2025-10-06 16:37:41.151 INFO: Learning rate: 0.01, weight decay: 0.0
2025-10-06 16:37:41.152 INFO: WeightedEnergyForcesLoss(energy_weight=1.000, forces_weight=100.000)
2025-10-06 16:37:41.154 INFO: Converting model to CUEQ for accelerated training
2025-10-06 16:37:41.244 INFO: Creating new model with cuequivariance settings
2025-10-06 16:37:41.247 DEBUG: Normalized paths for operand 2 in uv,iu,iv operands=[(2, 128)],[(1, 2)],[(1, 128)] paths=[op0[0]*op1[0]*op2[0]*1.]: got uv,iu,iv operands=[(2, 128)],[(1, 2)],[(1, 128)] paths=[op0[0]*op1[0]*op2[0]*0.71]
2025-10-06 16:37:41.269 DEBUG: Normalized paths for operand 2 in uv,iu,iv operands=[(128, 128)],[(1, 128)],[(1, 128)] paths=[op0[0]*op1[0]*op2[0]*1.]: got uv,iu,iv operands=[(128, 128)],[(1, 128)],[(1, 128)] paths=[op0[0]*op1[0]*op2[0]*0.09]
2025-10-06 16:37:41.284 DEBUG: Normalized paths for operand 3 in uv,iu,jv,kuv+ijk sizes=512,128,16,2048 num_segments=4,1,4,4 num_paths=4 i=1 j={1, 3, 5, 7} k={1, 3, 5, 7} u=128 v=1: got uv,iu,jv,kuv+ijk sizes=512,128,16,2048 num_segments=4,1,4,4 num_paths=4 i=1 j={1, 3, 5, 7} k={1, 3, 5, 7} u=128 v=1
2025-10-06 16:37:41.285 DEBUG: Flattened ijk in uv,iu,jv,kuv+ijk sizes=512,128,16,2048 num_segments=4,1,4,4 num_paths=4 i=1 j={1, 3, 5, 7} k={1, 3, 5, 7} u=128 v=1: got uv,u,v,uv sizes=512,128,16,2048 num_segments=4,1,16,16 num_paths=16 u=128 v=1
2025-10-06 16:37:41.287 DEBUG: Squeezed uv,u,v,uv sizes=512,128,16,2048 num_segments=4,1,16,16 num_paths=16 u=128 v=1 to u,u,,u sizes=512,128,16,2048 num_segments=4,1,16,16 num_paths=16 u=128
2025-10-06 16:37:41.289 DEBUG: Flattened ijk in uv,iu,jv,kuv+ijk sizes=512,128,16,2048 num_segments=4,1,4,4 num_paths=4 i=1 j={1, 3, 5, 7} k={1, 3, 5, 7} u=128 v=1: got uv,u,v,uv sizes=512,128,16,2048 num_segments=4,1,16,16 num_paths=16 u=128 v=1
2025-10-06 16:37:41.290 DEBUG: Squeezed uv,u,v,uv sizes=512,128,16,2048 num_segments=4,1,16,16 num_paths=16 u=128 v=1 to u,u,,u sizes=512,128,16,2048 num_segments=4,1,16,16 num_paths=16 u=128
2025-10-06 16:37:41.325 DEBUG: Normalized paths for operand 2 in uv,iu,iv sizes=65536,2048,2048 num_segments=4,4,4 num_paths=4 i={1, 3, 5, 7} u=128 v=128: got uv,iu,iv sizes=65536,2048,2048 num_segments=4,4,4 num_paths=4 i={1, 3, 5, 7} u=128 v=128
2025-10-06 16:37:41.359 DEBUG: Normalized paths for operand 3 in uvw,iu,jv,kw+ijk operands=[(128, 2, 128)],[(1, 128)],[(1, 2)],[(1, 128)] paths=[op0[0]*op1[0]*op2[0]*op3[0]*[[[1.]]]]: got uvw,iu,jv,kw+ijk operands=[(128, 2, 128)],[(1, 128)],[(1, 2)],[(1, 128)] paths=[op0[0]*op1[0]*op2[0]*op3[0]*[[[0.06]]]]
2025-10-06 16:37:41.383 DEBUG: Normalized paths for operand 2 in uv,iu,iv operands=[(128, 128)],[(1, 128)],[(1, 128)] paths=[op0[0]*op1[0]*op2[0]*1.]: got uv,iu,iv operands=[(128, 128)],[(1, 128)],[(1, 128)] paths=[op0[0]*op1[0]*op2[0]*0.09]
2025-10-06 16:37:41.395 DEBUG: Normalized paths for operand 2 in uv,iu,iv operands=[(128, 1)],[(1, 128)],[(1, 1)] paths=[op0[0]*op1[0]*op2[0]*1.]: got uv,iu,iv operands=[(128, 1)],[(1, 128)],[(1, 1)] paths=[op0[0]*op1[0]*op2[0]*0.09]
2025-10-06 16:37:41.407 DEBUG: Normalized paths for operand 2 in uv,iu,iv operands=[(128, 128)],[(1, 128)],[(1, 128)] paths=[op0[0]*op1[0]*op2[0]*1.]: got uv,iu,iv operands=[(128, 128)],[(1, 128)],[(1, 128)] paths=[op0[0]*op1[0]*op2[0]*0.09]
2025-10-06 16:37:41.422 DEBUG: Normalized paths for operand 3 in uv,iu,jv,kuv+ijk sizes=512,128,16,2048 num_segments=4,1,4,4 num_paths=4 i=1 j={1, 3, 5, 7} k={1, 3, 5, 7} u=128 v=1: got uv,iu,jv,kuv+ijk sizes=512,128,16,2048 num_segments=4,1,4,4 num_paths=4 i=1 j={1, 3, 5, 7} k={1, 3, 5, 7} u=128 v=1
2025-10-06 16:37:41.423 DEBUG: Flattened ijk in uv,iu,jv,kuv+ijk sizes=512,128,16,2048 num_segments=4,1,4,4 num_paths=4 i=1 j={1, 3, 5, 7} k={1, 3, 5, 7} u=128 v=1: got uv,u,v,uv sizes=512,128,16,2048 num_segments=4,1,16,16 num_paths=16 u=128 v=1
2025-10-06 16:37:41.425 DEBUG: Squeezed uv,u,v,uv sizes=512,128,16,2048 num_segments=4,1,16,16 num_paths=16 u=128 v=1 to u,u,,u sizes=512,128,16,2048 num_segments=4,1,16,16 num_paths=16 u=128
2025-10-06 16:37:41.426 DEBUG: Flattened ijk in uv,iu,jv,kuv+ijk sizes=512,128,16,2048 num_segments=4,1,4,4 num_paths=4 i=1 j={1, 3, 5, 7} k={1, 3, 5, 7} u=128 v=1: got uv,u,v,uv sizes=512,128,16,2048 num_segments=4,1,16,16 num_paths=16 u=128 v=1
2025-10-06 16:37:41.428 DEBUG: Squeezed uv,u,v,uv sizes=512,128,16,2048 num_segments=4,1,16,16 num_paths=16 u=128 v=1 to u,u,,u sizes=512,128,16,2048 num_segments=4,1,16,16 num_paths=16 u=128
2025-10-06 16:37:41.463 DEBUG: Normalized paths for operand 2 in uv,iu,iv sizes=65536,2048,2048 num_segments=4,4,4 num_paths=4 i={1, 3, 5, 7} u=128 v=128: got uv,iu,iv sizes=65536,2048,2048 num_segments=4,4,4 num_paths=4 i={1, 3, 5, 7} u=128 v=128
2025-10-06 16:37:41.498 DEBUG: Normalized paths for operand 3 in uvw,iu,jv,kw+ijk operands=[(128, 2, 128)],[(1, 128)],[(1, 2)],[(1, 128)] paths=[op0[0]*op1[0]*op2[0]*op3[0]*[[[1.]]]]: got uvw,iu,jv,kw+ijk operands=[(128, 2, 128)],[(1, 128)],[(1, 2)],[(1, 128)] paths=[op0[0]*op1[0]*op2[0]*op3[0]*[[[0.06]]]]
2025-10-06 16:37:41.521 DEBUG: Normalized paths for operand 2 in uv,iu,iv operands=[(128, 128)],[(1, 128)],[(1, 128)] paths=[op0[0]*op1[0]*op2[0]*1.]: got uv,iu,iv operands=[(128, 128)],[(1, 128)],[(1, 128)] paths=[op0[0]*op1[0]*op2[0]*0.09]
2025-10-06 16:37:41.534 DEBUG: Normalized paths for operand 2 in uv,iu,iv operands=[(128, 16)],[(1, 128)],[(1, 16)] paths=[op0[0]*op1[0]*op2[0]*1.]: got uv,iu,iv operands=[(128, 16)],[(1, 128)],[(1, 16)] paths=[op0[0]*op1[0]*op2[0]*0.09]
2025-10-06 16:37:41.579 DEBUG: Normalized paths for operand 2 in uv,iu,iv operands=[(16, 1)],[(1, 16)],[(1, 1)] paths=[op0[0]*op1[0]*op2[0]*1.]: got uv,iu,iv operands=[(16, 1)],[(1, 16)],[(1, 1)] paths=[op0[0]*op1[0]*op2[0]*0.25]
2025-10-06 16:37:41.597 DEBUG: Transferring key products.1.linear.weight after adapting shape (16384,) → (1, 16384) -> torch.Size([1, 16384])
2025-10-06 16:37:41.597 DEBUG: Transferring key readouts.1.linear_1.weight after adapting shape (2048,) → (1, 2048) -> torch.Size([1, 2048])
2025-10-06 16:37:41.597 DEBUG: Transferring additional key: scale_shift.shift
2025-10-06 16:37:41.597 DEBUG: Transferring key interactions.0.linear.weight after adapting shape (65536,) → (1, 65536) -> torch.Size([1, 65536])
2025-10-06 16:37:41.597 DEBUG: Transferring additional key: interactions.0.conv_tp_weights.layer0.weight
2025-10-06 16:37:41.598 DEBUG: Transferring additional key: atomic_numbers
2025-10-06 16:37:41.598 DEBUG: Transferring additional key: interactions.1.conv_tp_weights.layer1.weight
2025-10-06 16:37:41.598 DEBUG: Transferring additional key: radial_embedding.bessel_fn.bessel_weights
2025-10-06 16:37:41.598 DEBUG: Transferring additional key: radial_embedding.bessel_fn.r_max
2025-10-06 16:37:41.598 DEBUG: Transferring key interactions.0.linear_up.weight after adapting shape (16384,) → (1, 16384) -> torch.Size([1, 16384])
2025-10-06 16:37:41.598 DEBUG: Transferring additional key: interactions.0.conv_tp_weights.layer1.weight
2025-10-06 16:37:41.598 DEBUG: Transferring additional key: interactions.1.conv_tp_weights.layer3.weight
2025-10-06 16:37:41.598 DEBUG: Transferring key node_embedding.linear.weight after adapting shape (256,) → (1, 256) -> torch.Size([1, 256])
2025-10-06 16:37:41.598 DEBUG: Transferring key interactions.1.linear.weight after adapting shape (65536,) → (1, 65536) -> torch.Size([1, 65536])
2025-10-06 16:37:41.598 DEBUG: Transferring additional key: interactions.0.conv_tp_weights.layer2.weight
2025-10-06 16:37:41.598 DEBUG: Transferring additional key: r_max
2025-10-06 16:37:41.598 DEBUG: Transferring key readouts.0.linear.weight after adapting shape (128,) → (1, 128) -> torch.Size([1, 128])
2025-10-06 16:37:41.598 DEBUG: Transferring additional key: num_interactions
2025-10-06 16:37:41.599 DEBUG: Transferring additional key: radial_embedding.bessel_fn.prefactor
2025-10-06 16:37:41.599 DEBUG: Transferring key products.0.linear.weight after adapting shape (16384,) → (1, 16384) -> torch.Size([1, 16384])
2025-10-06 16:37:41.599 DEBUG: Transferring key readouts.1.linear_2.weight after adapting shape (16,) → (1, 16) -> torch.Size([1, 16])
2025-10-06 16:37:41.599 DEBUG: Transferring additional key: interactions.1.conv_tp_weights.layer0.weight
2025-10-06 16:37:41.599 DEBUG: Transferring additional key: interactions.0.conv_tp_weights.layer3.weight
2025-10-06 16:37:41.599 DEBUG: Transferring key interactions.0.skip_tp.weight after adapting shape (32768,) → (1, 32768) -> torch.Size([1, 32768])
2025-10-06 16:37:41.599 DEBUG: Transferring key interactions.1.linear_up.weight after adapting shape (16384,) → (1, 16384) -> torch.Size([1, 16384])
2025-10-06 16:37:41.599 DEBUG: Transferring additional key: interactions.1.conv_tp_weights.layer2.weight
2025-10-06 16:37:41.599 DEBUG: Transferring key interactions.1.skip_tp.weight after adapting shape (32768,) → (1, 32768) -> torch.Size([1, 32768])
2025-10-06 16:37:41.599 DEBUG: Transferring additional key: atomic_energies_fn.atomic_energies
2025-10-06 16:37:41.599 DEBUG: Transferring additional key: scale_shift.scale
2025-10-06 16:37:41.599 DEBUG: Transferring additional key: radial_embedding.cutoff_fn.r_max
2025-10-06 16:37:41.599 DEBUG: Transferring additional key: radial_embedding.cutoff_fn.p
2025-10-06 16:37:41.607 INFO: Stage Two (after 375 epochs) with loss function: WeightedEnergyForcesLoss(energy_weight=1000.000, forces_weight=100.000), with energy weight : 1000.0, forces weight : 100.0 and learning rate : 0.001
2025-10-06 16:37:41.670 INFO: Using Weights and Biases for logging
2025-10-06 16:37:43.938 DEBUG: sys.platform='linux', git_executable='git'
2025-10-06 16:37:45.084 INFO: Using gradient clipping with tolerance=10.000
2025-10-06 16:37:45.085 INFO: 
2025-10-06 16:37:45.086 INFO: ===========TRAINING===========
2025-10-06 16:37:45.087 INFO: Started training, reporting errors on validation set
2025-10-06 16:37:45.088 INFO: Loss metrics on validation set
2025-10-06 16:37:45.477 INFO: Initial: head: Default, loss=12.37370970, RMSE_E_per_atom= 7683.88 meV, RMSE_F=  802.74 meV / A
2025-10-06 16:37:48.001 INFO: Epoch 0: head: Default, loss=2.13909031, RMSE_E_per_atom= 2157.67 meV, RMSE_F=  408.12 meV / A
2025-10-06 16:37:48.003 DEBUG: Running inference on train_Default dataset
2025-10-06 16:37:48.047 DEBUG: Plotting failed: too many indices for tensor of dimension 1
2025-10-06 16:37:48.051 DEBUG: Saving checkpoint: models/small_dpp_HfOx-ft_4/small_ft-HfOx_run-123_epoch-0.pt
2025-10-06 16:37:50.485 INFO: Epoch 1: head: Default, loss=2.25159325, RMSE_E_per_atom= 1806.74 meV, RMSE_F=  437.82 meV / A
2025-10-06 16:37:53.049 INFO: Epoch 2: head: Default, loss=1.39437644, RMSE_E_per_atom= 1204.73 meV, RMSE_F=  352.26 meV / A
2025-10-06 16:37:53.054 DEBUG: Deleting old checkpoint file: models/small_dpp_HfOx-ft_4/small_ft-HfOx_run-123_epoch-0.pt
2025-10-06 16:37:53.057 DEBUG: Saving checkpoint: models/small_dpp_HfOx-ft_4/small_ft-HfOx_run-123_epoch-2.pt
2025-10-06 16:37:55.728 INFO: Epoch 3: head: Default, loss=1.12366231, RMSE_E_per_atom=  845.13 meV, RMSE_F=  322.86 meV / A
2025-10-06 16:37:55.733 DEBUG: Deleting old checkpoint file: models/small_dpp_HfOx-ft_4/small_ft-HfOx_run-123_epoch-2.pt
2025-10-06 16:37:55.735 DEBUG: Saving checkpoint: models/small_dpp_HfOx-ft_4/small_ft-HfOx_run-123_epoch-3.pt
2025-10-06 16:37:58.370 INFO: Epoch 4: head: Default, loss=0.99855359, RMSE_E_per_atom=  719.17 meV, RMSE_F=  306.05 meV / A
2025-10-06 16:37:58.375 DEBUG: Deleting old checkpoint file: models/small_dpp_HfOx-ft_4/small_ft-HfOx_run-123_epoch-3.pt
2025-10-06 16:37:58.378 DEBUG: Saving checkpoint: models/small_dpp_HfOx-ft_4/small_ft-HfOx_run-123_epoch-4.pt
2025-10-06 16:38:01.006 INFO: Epoch 5: head: Default, loss=0.92309908, RMSE_E_per_atom=  529.90 meV, RMSE_F=  297.54 meV / A
2025-10-06 16:38:01.010 DEBUG: Deleting old checkpoint file: models/small_dpp_HfOx-ft_4/small_ft-HfOx_run-123_epoch-4.pt
2025-10-06 16:38:01.013 DEBUG: Saving checkpoint: models/small_dpp_HfOx-ft_4/small_ft-HfOx_run-123_epoch-5.pt
2025-10-06 16:38:03.630 INFO: Epoch 6: head: Default, loss=0.86738219, RMSE_E_per_atom=  436.46 meV, RMSE_F=  289.68 meV / A
2025-10-06 16:38:03.635 DEBUG: Deleting old checkpoint file: models/small_dpp_HfOx-ft_4/small_ft-HfOx_run-123_epoch-5.pt
2025-10-06 16:38:03.638 DEBUG: Saving checkpoint: models/small_dpp_HfOx-ft_4/small_ft-HfOx_run-123_epoch-6.pt
2025-10-06 16:38:06.389 INFO: Epoch 7: head: Default, loss=0.82712993, RMSE_E_per_atom=  368.24 meV, RMSE_F=  283.35 meV / A
2025-10-06 16:38:06.393 DEBUG: Deleting old checkpoint file: models/small_dpp_HfOx-ft_4/small_ft-HfOx_run-123_epoch-6.pt
2025-10-06 16:38:06.396 DEBUG: Saving checkpoint: models/small_dpp_HfOx-ft_4/small_ft-HfOx_run-123_epoch-7.pt
2025-10-06 16:38:09.010 INFO: Epoch 8: head: Default, loss=0.79622920, RMSE_E_per_atom=  317.47 meV, RMSE_F=  278.51 meV / A
2025-10-06 16:38:09.015 DEBUG: Deleting old checkpoint file: models/small_dpp_HfOx-ft_4/small_ft-HfOx_run-123_epoch-7.pt
2025-10-06 16:38:09.017 DEBUG: Saving checkpoint: models/small_dpp_HfOx-ft_4/small_ft-HfOx_run-123_epoch-8.pt
2025-10-06 16:38:11.670 INFO: Epoch 9: head: Default, loss=0.78666618, RMSE_E_per_atom=  308.32 meV, RMSE_F=  276.91 meV / A
2025-10-06 16:38:11.674 DEBUG: Deleting old checkpoint file: models/small_dpp_HfOx-ft_4/small_ft-HfOx_run-123_epoch-8.pt
2025-10-06 16:38:11.677 DEBUG: Saving checkpoint: models/small_dpp_HfOx-ft_4/small_ft-HfOx_run-123_epoch-9.pt
2025-10-06 16:38:14.285 INFO: Epoch 10: head: Default, loss=0.76670273, RMSE_E_per_atom=  282.97 meV, RMSE_F=  273.64 meV / A
2025-10-06 16:38:14.287 DEBUG: Running inference on train_Default dataset
2025-10-06 16:38:14.327 DEBUG: Plotting failed: too many indices for tensor of dimension 1
2025-10-06 16:38:14.331 DEBUG: Deleting old checkpoint file: models/small_dpp_HfOx-ft_4/small_ft-HfOx_run-123_epoch-9.pt
2025-10-06 16:38:14.334 DEBUG: Saving checkpoint: models/small_dpp_HfOx-ft_4/small_ft-HfOx_run-123_epoch-10.pt
2025-10-06 16:38:16.761 INFO: Epoch 11: head: Default, loss=0.84729988, RMSE_E_per_atom=  261.30 meV, RMSE_F=  288.79 meV / A
2025-10-06 16:38:19.352 INFO: Epoch 12: head: Default, loss=0.75860156, RMSE_E_per_atom=  247.08 meV, RMSE_F=  272.69 meV / A
2025-10-06 16:38:19.356 DEBUG: Deleting old checkpoint file: models/small_dpp_HfOx-ft_4/small_ft-HfOx_run-123_epoch-10.pt
2025-10-06 16:38:19.359 DEBUG: Saving checkpoint: models/small_dpp_HfOx-ft_4/small_ft-HfOx_run-123_epoch-12.pt
2025-10-06 16:38:21.960 INFO: Epoch 13: head: Default, loss=0.73207010, RMSE_E_per_atom=  229.46 meV, RMSE_F=  267.68 meV / A
2025-10-06 16:38:21.964 DEBUG: Deleting old checkpoint file: models/small_dpp_HfOx-ft_4/small_ft-HfOx_run-123_epoch-12.pt
2025-10-06 16:38:21.967 DEBUG: Saving checkpoint: models/small_dpp_HfOx-ft_4/small_ft-HfOx_run-123_epoch-13.pt
2025-10-06 16:38:24.528 INFO: Epoch 14: head: Default, loss=0.71704774, RMSE_E_per_atom=  204.91 meV, RMSE_F=  265.07 meV / A
2025-10-06 16:38:24.532 DEBUG: Deleting old checkpoint file: models/small_dpp_HfOx-ft_4/small_ft-HfOx_run-123_epoch-13.pt
2025-10-06 16:38:24.535 DEBUG: Saving checkpoint: models/small_dpp_HfOx-ft_4/small_ft-HfOx_run-123_epoch-14.pt
2025-10-06 16:38:27.511 INFO: Epoch 15: head: Default, loss=0.70085276, RMSE_E_per_atom=  176.59 meV, RMSE_F=  262.19 meV / A
2025-10-06 16:38:27.515 DEBUG: Deleting old checkpoint file: models/small_dpp_HfOx-ft_4/small_ft-HfOx_run-123_epoch-14.pt
2025-10-06 16:38:27.518 DEBUG: Saving checkpoint: models/small_dpp_HfOx-ft_4/small_ft-HfOx_run-123_epoch-15.pt
2025-10-06 16:38:30.187 INFO: Epoch 16: head: Default, loss=0.69053847, RMSE_E_per_atom=  167.62 meV, RMSE_F=  260.29 meV / A
2025-10-06 16:38:30.191 DEBUG: Deleting old checkpoint file: models/small_dpp_HfOx-ft_4/small_ft-HfOx_run-123_epoch-15.pt
2025-10-06 16:38:30.194 DEBUG: Saving checkpoint: models/small_dpp_HfOx-ft_4/small_ft-HfOx_run-123_epoch-16.pt
2025-10-06 16:38:32.840 INFO: Epoch 17: head: Default, loss=0.68007708, RMSE_E_per_atom=  167.98 meV, RMSE_F=  258.20 meV / A
2025-10-06 16:38:32.845 DEBUG: Deleting old checkpoint file: models/small_dpp_HfOx-ft_4/small_ft-HfOx_run-123_epoch-16.pt
2025-10-06 16:38:32.847 DEBUG: Saving checkpoint: models/small_dpp_HfOx-ft_4/small_ft-HfOx_run-123_epoch-17.pt
2025-10-06 16:38:35.445 INFO: Epoch 18: head: Default, loss=0.67033960, RMSE_E_per_atom=  162.72 meV, RMSE_F=  256.34 meV / A
2025-10-06 16:38:35.450 DEBUG: Deleting old checkpoint file: models/small_dpp_HfOx-ft_4/small_ft-HfOx_run-123_epoch-17.pt
2025-10-06 16:38:35.452 DEBUG: Saving checkpoint: models/small_dpp_HfOx-ft_4/small_ft-HfOx_run-123_epoch-18.pt
2025-10-06 16:38:38.065 INFO: Epoch 19: head: Default, loss=0.66302131, RMSE_E_per_atom=  155.26 meV, RMSE_F=  254.97 meV / A
2025-10-06 16:38:38.069 DEBUG: Deleting old checkpoint file: models/small_dpp_HfOx-ft_4/small_ft-HfOx_run-123_epoch-18.pt
2025-10-06 16:38:38.072 DEBUG: Saving checkpoint: models/small_dpp_HfOx-ft_4/small_ft-HfOx_run-123_epoch-19.pt
2025-10-06 16:38:40.662 INFO: Epoch 20: head: Default, loss=0.66173078, RMSE_E_per_atom=  171.52 meV, RMSE_F=  254.65 meV / A
2025-10-06 16:38:40.664 DEBUG: Running inference on train_Default dataset
2025-10-06 16:38:40.703 DEBUG: Plotting failed: too many indices for tensor of dimension 1
2025-10-06 16:38:40.706 DEBUG: Deleting old checkpoint file: models/small_dpp_HfOx-ft_4/small_ft-HfOx_run-123_epoch-19.pt
2025-10-06 16:38:40.709 DEBUG: Saving checkpoint: models/small_dpp_HfOx-ft_4/small_ft-HfOx_run-123_epoch-20.pt
2025-10-06 16:38:43.221 INFO: Epoch 21: head: Default, loss=0.73201077, RMSE_E_per_atom=  219.19 meV, RMSE_F=  267.92 meV / A
2025-10-06 16:38:45.832 INFO: Epoch 22: head: Default, loss=0.69426595, RMSE_E_per_atom=  205.88 meV, RMSE_F=  260.76 meV / A
2025-10-06 16:38:48.401 INFO: Epoch 23: head: Default, loss=0.66874482, RMSE_E_per_atom=  176.56 meV, RMSE_F=  256.02 meV / A
2025-10-06 16:38:50.969 INFO: Epoch 24: head: Default, loss=0.65699183, RMSE_E_per_atom=  160.10 meV, RMSE_F=  253.78 meV / A
2025-10-06 16:38:50.973 DEBUG: Deleting old checkpoint file: models/small_dpp_HfOx-ft_4/small_ft-HfOx_run-123_epoch-20.pt
2025-10-06 16:38:50.975 DEBUG: Saving checkpoint: models/small_dpp_HfOx-ft_4/small_ft-HfOx_run-123_epoch-24.pt
2025-10-06 16:38:53.556 INFO: Epoch 25: head: Default, loss=0.64514794, RMSE_E_per_atom=  157.20 meV, RMSE_F=  251.49 meV / A
2025-10-06 16:38:53.560 DEBUG: Deleting old checkpoint file: models/small_dpp_HfOx-ft_4/small_ft-HfOx_run-123_epoch-24.pt
2025-10-06 16:38:53.563 DEBUG: Saving checkpoint: models/small_dpp_HfOx-ft_4/small_ft-HfOx_run-123_epoch-25.pt
2025-10-06 16:38:56.345 INFO: Epoch 26: head: Default, loss=0.63846669, RMSE_E_per_atom=  150.43 meV, RMSE_F=  250.24 meV / A
2025-10-06 16:38:56.350 DEBUG: Deleting old checkpoint file: models/small_dpp_HfOx-ft_4/small_ft-HfOx_run-123_epoch-25.pt
2025-10-06 16:38:56.353 DEBUG: Saving checkpoint: models/small_dpp_HfOx-ft_4/small_ft-HfOx_run-123_epoch-26.pt
2025-10-06 16:38:59.021 INFO: Epoch 27: head: Default, loss=0.62777229, RMSE_E_per_atom=  139.47 meV, RMSE_F=  248.07 meV / A
2025-10-06 16:38:59.025 DEBUG: Deleting old checkpoint file: models/small_dpp_HfOx-ft_4/small_ft-HfOx_run-123_epoch-26.pt
2025-10-06 16:38:59.028 DEBUG: Saving checkpoint: models/small_dpp_HfOx-ft_4/small_ft-HfOx_run-123_epoch-27.pt
2025-10-06 16:39:01.684 INFO: Epoch 28: head: Default, loss=0.62567117, RMSE_E_per_atom=  140.47 meV, RMSE_F=  247.63 meV / A
2025-10-06 16:39:01.688 DEBUG: Deleting old checkpoint file: models/small_dpp_HfOx-ft_4/small_ft-HfOx_run-123_epoch-27.pt
2025-10-06 16:39:01.691 DEBUG: Saving checkpoint: models/small_dpp_HfOx-ft_4/small_ft-HfOx_run-123_epoch-28.pt
2025-10-06 16:39:04.324 INFO: Epoch 29: head: Default, loss=0.62359918, RMSE_E_per_atom=  133.84 meV, RMSE_F=  247.27 meV / A
2025-10-06 16:39:04.329 DEBUG: Deleting old checkpoint file: models/small_dpp_HfOx-ft_4/small_ft-HfOx_run-123_epoch-28.pt
2025-10-06 16:39:04.332 DEBUG: Saving checkpoint: models/small_dpp_HfOx-ft_4/small_ft-HfOx_run-123_epoch-29.pt
2025-10-06 16:39:07.011 INFO: Epoch 30: head: Default, loss=0.61867561, RMSE_E_per_atom=  134.02 meV, RMSE_F=  246.29 meV / A
2025-10-06 16:39:07.013 DEBUG: Running inference on train_Default dataset
2025-10-06 16:39:07.055 DEBUG: Plotting failed: too many indices for tensor of dimension 1
2025-10-06 16:39:07.059 DEBUG: Deleting old checkpoint file: models/small_dpp_HfOx-ft_4/small_ft-HfOx_run-123_epoch-29.pt
2025-10-06 16:39:07.062 DEBUG: Saving checkpoint: models/small_dpp_HfOx-ft_4/small_ft-HfOx_run-123_epoch-30.pt
2025-10-06 16:39:09.562 INFO: Epoch 31: head: Default, loss=0.62861639, RMSE_E_per_atom=  134.84 meV, RMSE_F=  248.27 meV / A
2025-10-06 16:39:12.152 INFO: Epoch 32: head: Default, loss=0.61916388, RMSE_E_per_atom=  126.48 meV, RMSE_F=  246.43 meV / A
2025-10-06 16:39:14.734 INFO: Epoch 33: head: Default, loss=0.61311652, RMSE_E_per_atom=  131.07 meV, RMSE_F=  245.21 meV / A
2025-10-06 16:39:14.738 DEBUG: Deleting old checkpoint file: models/small_dpp_HfOx-ft_4/small_ft-HfOx_run-123_epoch-30.pt
2025-10-06 16:39:14.741 DEBUG: Saving checkpoint: models/small_dpp_HfOx-ft_4/small_ft-HfOx_run-123_epoch-33.pt
2025-10-06 16:39:17.371 INFO: Epoch 34: head: Default, loss=0.60610620, RMSE_E_per_atom=  122.28 meV, RMSE_F=  243.81 meV / A
2025-10-06 16:39:17.375 DEBUG: Deleting old checkpoint file: models/small_dpp_HfOx-ft_4/small_ft-HfOx_run-123_epoch-33.pt
2025-10-06 16:39:17.377 DEBUG: Saving checkpoint: models/small_dpp_HfOx-ft_4/small_ft-HfOx_run-123_epoch-34.pt
2025-10-06 16:39:20.048 INFO: Epoch 35: head: Default, loss=0.60108386, RMSE_E_per_atom=  112.52 meV, RMSE_F=  242.82 meV / A
2025-10-06 16:39:20.053 DEBUG: Deleting old checkpoint file: models/small_dpp_HfOx-ft_4/small_ft-HfOx_run-123_epoch-34.pt
2025-10-06 16:39:20.055 DEBUG: Saving checkpoint: models/small_dpp_HfOx-ft_4/small_ft-HfOx_run-123_epoch-35.pt
2025-10-06 16:39:22.719 INFO: Epoch 36: head: Default, loss=0.59655900, RMSE_E_per_atom=  111.62 meV, RMSE_F=  241.88 meV / A
2025-10-06 16:39:22.723 DEBUG: Deleting old checkpoint file: models/small_dpp_HfOx-ft_4/small_ft-HfOx_run-123_epoch-35.pt
2025-10-06 16:39:22.726 DEBUG: Saving checkpoint: models/small_dpp_HfOx-ft_4/small_ft-HfOx_run-123_epoch-36.pt
2025-10-06 16:39:25.343 INFO: Epoch 37: head: Default, loss=0.59218283, RMSE_E_per_atom=  103.45 meV, RMSE_F=  241.01 meV / A
2025-10-06 16:39:25.347 DEBUG: Deleting old checkpoint file: models/small_dpp_HfOx-ft_4/small_ft-HfOx_run-123_epoch-36.pt
2025-10-06 16:39:25.349 DEBUG: Saving checkpoint: models/small_dpp_HfOx-ft_4/small_ft-HfOx_run-123_epoch-37.pt
2025-10-06 16:39:27.958 INFO: Epoch 38: head: Default, loss=0.58824846, RMSE_E_per_atom=   98.82 meV, RMSE_F=  240.17 meV / A
2025-10-06 16:39:27.962 DEBUG: Deleting old checkpoint file: models/small_dpp_HfOx-ft_4/small_ft-HfOx_run-123_epoch-37.pt
2025-10-06 16:39:27.965 DEBUG: Saving checkpoint: models/small_dpp_HfOx-ft_4/small_ft-HfOx_run-123_epoch-38.pt
2025-10-06 16:39:30.589 INFO: Epoch 39: head: Default, loss=0.58702236, RMSE_E_per_atom=  101.03 meV, RMSE_F=  239.97 meV / A
2025-10-06 16:39:30.593 DEBUG: Deleting old checkpoint file: models/small_dpp_HfOx-ft_4/small_ft-HfOx_run-123_epoch-38.pt
2025-10-06 16:39:30.596 DEBUG: Saving checkpoint: models/small_dpp_HfOx-ft_4/small_ft-HfOx_run-123_epoch-39.pt
2025-10-06 16:39:33.281 INFO: Epoch 40: head: Default, loss=0.58521442, RMSE_E_per_atom=   95.35 meV, RMSE_F=  239.61 meV / A
2025-10-06 16:39:33.283 DEBUG: Running inference on train_Default dataset
2025-10-06 16:39:33.324 DEBUG: Plotting failed: too many indices for tensor of dimension 1
2025-10-06 16:39:33.328 DEBUG: Deleting old checkpoint file: models/small_dpp_HfOx-ft_4/small_ft-HfOx_run-123_epoch-39.pt
2025-10-06 16:39:33.331 DEBUG: Saving checkpoint: models/small_dpp_HfOx-ft_4/small_ft-HfOx_run-123_epoch-40.pt
2025-10-06 16:39:35.810 INFO: Epoch 41: head: Default, loss=0.59664747, RMSE_E_per_atom=   86.73 meV, RMSE_F=  242.01 meV / A
2025-10-06 16:39:38.364 INFO: Epoch 42: head: Default, loss=0.58571856, RMSE_E_per_atom=   86.56 meV, RMSE_F=  239.74 meV / A
2025-10-06 16:39:40.959 INFO: Epoch 43: head: Default, loss=0.58444518, RMSE_E_per_atom=   92.00 meV, RMSE_F=  239.42 meV / A
2025-10-06 16:39:40.963 DEBUG: Deleting old checkpoint file: models/small_dpp_HfOx-ft_4/small_ft-HfOx_run-123_epoch-40.pt
2025-10-06 16:39:40.965 DEBUG: Saving checkpoint: models/small_dpp_HfOx-ft_4/small_ft-HfOx_run-123_epoch-43.pt
2025-10-06 16:39:43.584 INFO: Epoch 44: head: Default, loss=0.58107919, RMSE_E_per_atom=   90.63 meV, RMSE_F=  238.69 meV / A
2025-10-06 16:39:43.589 DEBUG: Deleting old checkpoint file: models/small_dpp_HfOx-ft_4/small_ft-HfOx_run-123_epoch-43.pt
2025-10-06 16:39:43.592 DEBUG: Saving checkpoint: models/small_dpp_HfOx-ft_4/small_ft-HfOx_run-123_epoch-44.pt
2025-10-06 16:39:46.282 INFO: Epoch 45: head: Default, loss=0.57722159, RMSE_E_per_atom=   89.83 meV, RMSE_F=  237.90 meV / A
2025-10-06 16:39:46.286 DEBUG: Deleting old checkpoint file: models/small_dpp_HfOx-ft_4/small_ft-HfOx_run-123_epoch-44.pt
2025-10-06 16:39:46.289 DEBUG: Saving checkpoint: models/small_dpp_HfOx-ft_4/small_ft-HfOx_run-123_epoch-45.pt
2025-10-06 16:39:48.903 INFO: Epoch 46: head: Default, loss=0.57246414, RMSE_E_per_atom=   81.97 meV, RMSE_F=  236.93 meV / A
2025-10-06 16:39:48.907 DEBUG: Deleting old checkpoint file: models/small_dpp_HfOx-ft_4/small_ft-HfOx_run-123_epoch-45.pt
2025-10-06 16:39:48.910 DEBUG: Saving checkpoint: models/small_dpp_HfOx-ft_4/small_ft-HfOx_run-123_epoch-46.pt
2025-10-06 16:39:51.511 INFO: Epoch 47: head: Default, loss=0.56821422, RMSE_E_per_atom=   79.23 meV, RMSE_F=  236.01 meV / A
2025-10-06 16:39:51.516 DEBUG: Deleting old checkpoint file: models/small_dpp_HfOx-ft_4/small_ft-HfOx_run-123_epoch-46.pt
2025-10-06 16:39:51.518 DEBUG: Saving checkpoint: models/small_dpp_HfOx-ft_4/small_ft-HfOx_run-123_epoch-47.pt
2025-10-06 16:39:54.119 INFO: Epoch 48: head: Default, loss=0.56383737, RMSE_E_per_atom=   80.94 meV, RMSE_F=  235.06 meV / A
2025-10-06 16:39:54.123 DEBUG: Deleting old checkpoint file: models/small_dpp_HfOx-ft_4/small_ft-HfOx_run-123_epoch-47.pt
2025-10-06 16:39:54.126 DEBUG: Saving checkpoint: models/small_dpp_HfOx-ft_4/small_ft-HfOx_run-123_epoch-48.pt
2025-10-06 16:39:56.825 INFO: Epoch 49: head: Default, loss=0.56037343, RMSE_E_per_atom=   81.80 meV, RMSE_F=  234.32 meV / A
2025-10-06 16:39:56.830 DEBUG: Deleting old checkpoint file: models/small_dpp_HfOx-ft_4/small_ft-HfOx_run-123_epoch-48.pt
2025-10-06 16:39:56.832 DEBUG: Saving checkpoint: models/small_dpp_HfOx-ft_4/small_ft-HfOx_run-123_epoch-49.pt
2025-10-06 16:39:59.483 INFO: Epoch 50: head: Default, loss=0.55569357, RMSE_E_per_atom=   76.40 meV, RMSE_F=  233.36 meV / A
2025-10-06 16:39:59.485 DEBUG: Running inference on train_Default dataset
2025-10-06 16:39:59.529 DEBUG: Plotting failed: too many indices for tensor of dimension 1
2025-10-06 16:39:59.532 DEBUG: Deleting old checkpoint file: models/small_dpp_HfOx-ft_4/small_ft-HfOx_run-123_epoch-49.pt
2025-10-06 16:39:59.535 DEBUG: Saving checkpoint: models/small_dpp_HfOx-ft_4/small_ft-HfOx_run-123_epoch-50.pt
2025-10-06 16:40:01.998 INFO: Epoch 51: head: Default, loss=0.55897479, RMSE_E_per_atom=   72.29 meV, RMSE_F=  234.04 meV / A
2025-10-06 16:40:04.555 INFO: Epoch 52: head: Default, loss=0.56074577, RMSE_E_per_atom=   74.42 meV, RMSE_F=  234.46 meV / A
2025-10-06 16:40:07.092 INFO: Epoch 53: head: Default, loss=0.55611542, RMSE_E_per_atom=   80.27 meV, RMSE_F=  233.43 meV / A
2025-10-06 16:40:09.683 INFO: Epoch 54: head: Default, loss=0.55317635, RMSE_E_per_atom=   76.48 meV, RMSE_F=  232.80 meV / A
2025-10-06 16:40:09.687 DEBUG: Deleting old checkpoint file: models/small_dpp_HfOx-ft_4/small_ft-HfOx_run-123_epoch-50.pt
2025-10-06 16:40:09.690 DEBUG: Saving checkpoint: models/small_dpp_HfOx-ft_4/small_ft-HfOx_run-123_epoch-54.pt
2025-10-06 16:40:12.358 INFO: Epoch 55: head: Default, loss=0.55230715, RMSE_E_per_atom=   77.78 meV, RMSE_F=  232.63 meV / A
2025-10-06 16:40:12.362 DEBUG: Deleting old checkpoint file: models/small_dpp_HfOx-ft_4/small_ft-HfOx_run-123_epoch-54.pt
2025-10-06 16:40:12.378 DEBUG: Saving checkpoint: models/small_dpp_HfOx-ft_4/small_ft-HfOx_run-123_epoch-55.pt
2025-10-06 16:40:15.034 INFO: Epoch 56: head: Default, loss=0.55243897, RMSE_E_per_atom=   80.94 meV, RMSE_F=  232.64 meV / A
2025-10-06 16:40:17.625 INFO: Epoch 57: head: Default, loss=0.55263906, RMSE_E_per_atom=   93.25 meV, RMSE_F=  232.62 meV / A
2025-10-06 16:40:20.219 INFO: Epoch 58: head: Default, loss=0.55225272, RMSE_E_per_atom=   96.77 meV, RMSE_F=  232.53 meV / A
2025-10-06 16:40:20.224 DEBUG: Deleting old checkpoint file: models/small_dpp_HfOx-ft_4/small_ft-HfOx_run-123_epoch-55.pt
2025-10-06 16:40:20.226 DEBUG: Saving checkpoint: models/small_dpp_HfOx-ft_4/small_ft-HfOx_run-123_epoch-58.pt
2025-10-06 16:40:22.895 INFO: Epoch 59: head: Default, loss=0.55135101, RMSE_E_per_atom=   95.09 meV, RMSE_F=  232.34 meV / A
2025-10-06 16:40:22.900 DEBUG: Deleting old checkpoint file: models/small_dpp_HfOx-ft_4/small_ft-HfOx_run-123_epoch-58.pt
2025-10-06 16:40:22.903 DEBUG: Saving checkpoint: models/small_dpp_HfOx-ft_4/small_ft-HfOx_run-123_epoch-59.pt
2025-10-06 16:40:25.559 INFO: Epoch 60: head: Default, loss=0.55080489, RMSE_E_per_atom=   92.22 meV, RMSE_F=  232.25 meV / A
2025-10-06 16:40:25.561 DEBUG: Running inference on train_Default dataset
2025-10-06 16:40:25.601 DEBUG: Plotting failed: too many indices for tensor of dimension 1
2025-10-06 16:40:25.605 DEBUG: Deleting old checkpoint file: models/small_dpp_HfOx-ft_4/small_ft-HfOx_run-123_epoch-59.pt
2025-10-06 16:40:25.608 DEBUG: Saving checkpoint: models/small_dpp_HfOx-ft_4/small_ft-HfOx_run-123_epoch-60.pt
2025-10-06 16:40:28.049 INFO: Epoch 61: head: Default, loss=0.56566508, RMSE_E_per_atom=   92.69 meV, RMSE_F=  235.56 meV / A
2025-10-06 16:40:30.621 INFO: Epoch 62: head: Default, loss=0.55740307, RMSE_E_per_atom=   89.66 meV, RMSE_F=  233.80 meV / A
2025-10-06 16:40:33.172 INFO: Epoch 63: head: Default, loss=0.55132887, RMSE_E_per_atom=   85.64 meV, RMSE_F=  232.49 meV / A
2025-10-06 16:40:35.798 INFO: Epoch 64: head: Default, loss=0.54585556, RMSE_E_per_atom=   80.91 meV, RMSE_F=  231.30 meV / A
2025-10-06 16:40:35.803 DEBUG: Deleting old checkpoint file: models/small_dpp_HfOx-ft_4/small_ft-HfOx_run-123_epoch-60.pt
2025-10-06 16:40:35.806 DEBUG: Saving checkpoint: models/small_dpp_HfOx-ft_4/small_ft-HfOx_run-123_epoch-64.pt
2025-10-06 16:40:38.473 INFO: Epoch 65: head: Default, loss=0.54153824, RMSE_E_per_atom=   79.78 meV, RMSE_F=  230.33 meV / A
2025-10-06 16:40:38.477 DEBUG: Deleting old checkpoint file: models/small_dpp_HfOx-ft_4/small_ft-HfOx_run-123_epoch-64.pt
2025-10-06 16:40:38.480 DEBUG: Saving checkpoint: models/small_dpp_HfOx-ft_4/small_ft-HfOx_run-123_epoch-65.pt
2025-10-06 16:40:41.091 INFO: Epoch 66: head: Default, loss=0.54096926, RMSE_E_per_atom=   85.56 meV, RMSE_F=  230.16 meV / A
2025-10-06 16:40:41.096 DEBUG: Deleting old checkpoint file: models/small_dpp_HfOx-ft_4/small_ft-HfOx_run-123_epoch-65.pt
2025-10-06 16:40:41.107 DEBUG: Saving checkpoint: models/small_dpp_HfOx-ft_4/small_ft-HfOx_run-123_epoch-66.pt
2025-10-06 16:40:43.731 INFO: Epoch 67: head: Default, loss=0.54132273, RMSE_E_per_atom=   90.45 meV, RMSE_F=  230.22 meV / A
2025-10-06 16:40:46.316 INFO: Epoch 68: head: Default, loss=0.53873895, RMSE_E_per_atom=   85.67 meV, RMSE_F=  229.66 meV / A
2025-10-06 16:40:46.320 DEBUG: Deleting old checkpoint file: models/small_dpp_HfOx-ft_4/small_ft-HfOx_run-123_epoch-66.pt
2025-10-06 16:40:46.323 DEBUG: Saving checkpoint: models/small_dpp_HfOx-ft_4/small_ft-HfOx_run-123_epoch-68.pt
2025-10-06 16:40:49.023 INFO: Epoch 69: head: Default, loss=0.53520179, RMSE_E_per_atom=   81.15 meV, RMSE_F=  228.92 meV / A
2025-10-06 16:40:49.028 DEBUG: Deleting old checkpoint file: models/small_dpp_HfOx-ft_4/small_ft-HfOx_run-123_epoch-68.pt
2025-10-06 16:40:49.030 DEBUG: Saving checkpoint: models/small_dpp_HfOx-ft_4/small_ft-HfOx_run-123_epoch-69.pt
2025-10-06 16:40:51.641 INFO: Epoch 70: head: Default, loss=0.53195542, RMSE_E_per_atom=   74.91 meV, RMSE_F=  228.24 meV / A
2025-10-06 16:40:51.644 DEBUG: Running inference on train_Default dataset
2025-10-06 16:40:51.686 DEBUG: Plotting failed: too many indices for tensor of dimension 1
2025-10-06 16:40:51.689 DEBUG: Deleting old checkpoint file: models/small_dpp_HfOx-ft_4/small_ft-HfOx_run-123_epoch-69.pt
2025-10-06 16:40:51.692 DEBUG: Saving checkpoint: models/small_dpp_HfOx-ft_4/small_ft-HfOx_run-123_epoch-70.pt
2025-10-06 16:40:54.192 INFO: Epoch 71: head: Default, loss=0.53211666, RMSE_E_per_atom=   66.87 meV, RMSE_F=  228.24 meV / A
2025-10-06 16:40:56.724 INFO: Epoch 72: head: Default, loss=0.52630541, RMSE_E_per_atom=   67.90 meV, RMSE_F=  226.96 meV / A
2025-10-06 16:40:56.728 DEBUG: Deleting old checkpoint file: models/small_dpp_HfOx-ft_4/small_ft-HfOx_run-123_epoch-70.pt
2025-10-06 16:40:56.730 DEBUG: Saving checkpoint: models/small_dpp_HfOx-ft_4/small_ft-HfOx_run-123_epoch-72.pt
2025-10-06 16:40:59.382 INFO: Epoch 73: head: Default, loss=0.52586079, RMSE_E_per_atom=   67.36 meV, RMSE_F=  226.89 meV / A
2025-10-06 16:40:59.386 DEBUG: Deleting old checkpoint file: models/small_dpp_HfOx-ft_4/small_ft-HfOx_run-123_epoch-72.pt
2025-10-06 16:40:59.389 DEBUG: Saving checkpoint: models/small_dpp_HfOx-ft_4/small_ft-HfOx_run-123_epoch-73.pt
2025-10-06 16:41:02.020 INFO: Epoch 74: head: Default, loss=0.52352829, RMSE_E_per_atom=   67.33 meV, RMSE_F=  226.37 meV / A
2025-10-06 16:41:02.024 DEBUG: Deleting old checkpoint file: models/small_dpp_HfOx-ft_4/small_ft-HfOx_run-123_epoch-73.pt
2025-10-06 16:41:02.027 DEBUG: Saving checkpoint: models/small_dpp_HfOx-ft_4/small_ft-HfOx_run-123_epoch-74.pt
2025-10-06 16:41:04.665 INFO: Epoch 75: head: Default, loss=0.52043801, RMSE_E_per_atom=   60.11 meV, RMSE_F=  225.68 meV / A
2025-10-06 16:41:04.669 DEBUG: Deleting old checkpoint file: models/small_dpp_HfOx-ft_4/small_ft-HfOx_run-123_epoch-74.pt
2025-10-06 16:41:04.672 DEBUG: Saving checkpoint: models/small_dpp_HfOx-ft_4/small_ft-HfOx_run-123_epoch-75.pt
2025-10-06 16:41:07.279 INFO: Epoch 76: head: Default, loss=0.51917272, RMSE_E_per_atom=   65.45 meV, RMSE_F=  225.40 meV / A
2025-10-06 16:41:07.283 DEBUG: Deleting old checkpoint file: models/small_dpp_HfOx-ft_4/small_ft-HfOx_run-123_epoch-75.pt
2025-10-06 16:41:07.286 DEBUG: Saving checkpoint: models/small_dpp_HfOx-ft_4/small_ft-HfOx_run-123_epoch-76.pt
2025-10-06 16:41:09.984 INFO: Epoch 77: head: Default, loss=0.51905204, RMSE_E_per_atom=   64.99 meV, RMSE_F=  225.36 meV / A
2025-10-06 16:41:09.989 DEBUG: Deleting old checkpoint file: models/small_dpp_HfOx-ft_4/small_ft-HfOx_run-123_epoch-76.pt
2025-10-06 16:41:09.992 DEBUG: Saving checkpoint: models/small_dpp_HfOx-ft_4/small_ft-HfOx_run-123_epoch-77.pt
2025-10-06 16:41:12.616 INFO: Epoch 78: head: Default, loss=0.51919859, RMSE_E_per_atom=   63.86 meV, RMSE_F=  225.40 meV / A
2025-10-06 16:41:15.225 INFO: Epoch 79: head: Default, loss=0.51973771, RMSE_E_per_atom=   64.86 meV, RMSE_F=  225.50 meV / A
2025-10-06 16:41:17.798 INFO: Epoch 80: head: Default, loss=0.52167600, RMSE_E_per_atom=   67.44 meV, RMSE_F=  225.95 meV / A
2025-10-06 16:41:17.801 DEBUG: Running inference on train_Default dataset
2025-10-06 16:41:17.841 DEBUG: Plotting failed: too many indices for tensor of dimension 1
2025-10-06 16:41:20.271 INFO: Epoch 81: head: Default, loss=0.53696306, RMSE_E_per_atom=   88.76 meV, RMSE_F=  229.29 meV / A
2025-10-06 16:41:22.881 INFO: Epoch 82: head: Default, loss=0.53126189, RMSE_E_per_atom=   83.12 meV, RMSE_F=  228.04 meV / A
2025-10-06 16:41:25.486 INFO: Epoch 83: head: Default, loss=0.52819803, RMSE_E_per_atom=   77.47 meV, RMSE_F=  227.39 meV / A
2025-10-06 16:41:28.114 INFO: Epoch 84: head: Default, loss=0.52425916, RMSE_E_per_atom=   75.50 meV, RMSE_F=  226.52 meV / A
2025-10-06 16:41:30.682 INFO: Epoch 85: head: Default, loss=0.52147410, RMSE_E_per_atom=   71.02 meV, RMSE_F=  225.90 meV / A
2025-10-06 16:41:33.272 INFO: Epoch 86: head: Default, loss=0.51789329, RMSE_E_per_atom=   70.10 meV, RMSE_F=  225.07 meV / A
2025-10-06 16:41:33.276 DEBUG: Deleting old checkpoint file: models/small_dpp_HfOx-ft_4/small_ft-HfOx_run-123_epoch-77.pt
2025-10-06 16:41:33.279 DEBUG: Saving checkpoint: models/small_dpp_HfOx-ft_4/small_ft-HfOx_run-123_epoch-86.pt
2025-10-06 16:41:35.938 INFO: Epoch 87: head: Default, loss=0.51422802, RMSE_E_per_atom=   67.87 meV, RMSE_F=  224.25 meV / A
2025-10-06 16:41:35.943 DEBUG: Deleting old checkpoint file: models/small_dpp_HfOx-ft_4/small_ft-HfOx_run-123_epoch-86.pt
2025-10-06 16:41:35.946 DEBUG: Saving checkpoint: models/small_dpp_HfOx-ft_4/small_ft-HfOx_run-123_epoch-87.pt
2025-10-06 16:41:38.584 INFO: Epoch 88: head: Default, loss=0.51325756, RMSE_E_per_atom=   63.29 meV, RMSE_F=  224.06 meV / A
2025-10-06 16:41:38.589 DEBUG: Deleting old checkpoint file: models/small_dpp_HfOx-ft_4/small_ft-HfOx_run-123_epoch-87.pt
2025-10-06 16:41:38.592 DEBUG: Saving checkpoint: models/small_dpp_HfOx-ft_4/small_ft-HfOx_run-123_epoch-88.pt
2025-10-06 16:41:41.287 INFO: Epoch 89: head: Default, loss=0.50968599, RMSE_E_per_atom=   62.67 meV, RMSE_F=  223.27 meV / A
2025-10-06 16:41:41.291 DEBUG: Deleting old checkpoint file: models/small_dpp_HfOx-ft_4/small_ft-HfOx_run-123_epoch-88.pt
2025-10-06 16:41:41.293 DEBUG: Saving checkpoint: models/small_dpp_HfOx-ft_4/small_ft-HfOx_run-123_epoch-89.pt
2025-10-06 16:41:43.897 INFO: Epoch 90: head: Default, loss=0.50752349, RMSE_E_per_atom=   64.32 meV, RMSE_F=  222.78 meV / A
2025-10-06 16:41:43.899 DEBUG: Running inference on train_Default dataset
2025-10-06 16:41:43.943 DEBUG: Plotting failed: too many indices for tensor of dimension 1
2025-10-06 16:41:43.946 DEBUG: Deleting old checkpoint file: models/small_dpp_HfOx-ft_4/small_ft-HfOx_run-123_epoch-89.pt
2025-10-06 16:41:43.949 DEBUG: Saving checkpoint: models/small_dpp_HfOx-ft_4/small_ft-HfOx_run-123_epoch-90.pt
2025-10-06 16:41:46.429 INFO: Epoch 91: head: Default, loss=0.50783577, RMSE_E_per_atom=   69.87 meV, RMSE_F=  222.87 meV / A
2025-10-06 16:41:49.002 INFO: Epoch 92: head: Default, loss=0.50569339, RMSE_E_per_atom=   67.92 meV, RMSE_F=  222.37 meV / A
2025-10-06 16:41:49.006 DEBUG: Deleting old checkpoint file: models/small_dpp_HfOx-ft_4/small_ft-HfOx_run-123_epoch-90.pt
2025-10-06 16:41:49.009 DEBUG: Saving checkpoint: models/small_dpp_HfOx-ft_4/small_ft-HfOx_run-123_epoch-92.pt
2025-10-06 16:41:51.696 INFO: Epoch 93: head: Default, loss=0.50418000, RMSE_E_per_atom=   63.89 meV, RMSE_F=  222.02 meV / A
2025-10-06 16:41:51.700 DEBUG: Deleting old checkpoint file: models/small_dpp_HfOx-ft_4/small_ft-HfOx_run-123_epoch-92.pt
2025-10-06 16:41:51.703 DEBUG: Saving checkpoint: models/small_dpp_HfOx-ft_4/small_ft-HfOx_run-123_epoch-93.pt
2025-10-06 16:41:54.300 INFO: Epoch 94: head: Default, loss=0.50378650, RMSE_E_per_atom=   63.27 meV, RMSE_F=  221.96 meV / A
2025-10-06 16:41:54.305 DEBUG: Deleting old checkpoint file: models/small_dpp_HfOx-ft_4/small_ft-HfOx_run-123_epoch-93.pt
2025-10-06 16:41:54.308 DEBUG: Saving checkpoint: models/small_dpp_HfOx-ft_4/small_ft-HfOx_run-123_epoch-94.pt
2025-10-06 16:41:56.906 INFO: Epoch 95: head: Default, loss=0.50120897, RMSE_E_per_atom=   62.96 meV, RMSE_F=  221.37 meV / A
2025-10-06 16:41:56.911 DEBUG: Deleting old checkpoint file: models/small_dpp_HfOx-ft_4/small_ft-HfOx_run-123_epoch-94.pt
2025-10-06 16:41:56.913 DEBUG: Saving checkpoint: models/small_dpp_HfOx-ft_4/small_ft-HfOx_run-123_epoch-95.pt
2025-10-06 16:41:59.546 INFO: Epoch 96: head: Default, loss=0.49971434, RMSE_E_per_atom=   59.97 meV, RMSE_F=  221.03 meV / A
2025-10-06 16:41:59.550 DEBUG: Deleting old checkpoint file: models/small_dpp_HfOx-ft_4/small_ft-HfOx_run-123_epoch-95.pt
2025-10-06 16:41:59.553 DEBUG: Saving checkpoint: models/small_dpp_HfOx-ft_4/small_ft-HfOx_run-123_epoch-96.pt
2025-10-06 16:42:02.191 INFO: Epoch 97: head: Default, loss=0.49763618, RMSE_E_per_atom=   56.41 meV, RMSE_F=  220.56 meV / A
2025-10-06 16:42:02.196 DEBUG: Deleting old checkpoint file: models/small_dpp_HfOx-ft_4/small_ft-HfOx_run-123_epoch-96.pt
2025-10-06 16:42:02.199 DEBUG: Saving checkpoint: models/small_dpp_HfOx-ft_4/small_ft-HfOx_run-123_epoch-97.pt
2025-10-06 16:42:04.855 INFO: Epoch 98: head: Default, loss=0.49813303, RMSE_E_per_atom=   55.95 meV, RMSE_F=  220.68 meV / A
2025-10-06 16:42:07.451 INFO: Epoch 99: head: Default, loss=0.49884065, RMSE_E_per_atom=   52.80 meV, RMSE_F=  220.84 meV / A
2025-10-06 16:42:10.061 INFO: Epoch 100: head: Default, loss=0.49526184, RMSE_E_per_atom=   52.69 meV, RMSE_F=  220.03 meV / A
2025-10-06 16:42:10.063 DEBUG: Running inference on train_Default dataset
2025-10-06 16:42:10.108 DEBUG: Plotting failed: too many indices for tensor of dimension 1
2025-10-06 16:42:10.112 DEBUG: Deleting old checkpoint file: models/small_dpp_HfOx-ft_4/small_ft-HfOx_run-123_epoch-97.pt
2025-10-06 16:42:10.115 DEBUG: Saving checkpoint: models/small_dpp_HfOx-ft_4/small_ft-HfOx_run-123_epoch-100.pt
2025-10-06 16:42:12.613 INFO: Epoch 101: head: Default, loss=0.49372187, RMSE_E_per_atom=   58.97 meV, RMSE_F=  219.67 meV / A
2025-10-06 16:42:12.617 DEBUG: Deleting old checkpoint file: models/small_dpp_HfOx-ft_4/small_ft-HfOx_run-123_epoch-100.pt
2025-10-06 16:42:12.630 DEBUG: Saving checkpoint: models/small_dpp_HfOx-ft_4/small_ft-HfOx_run-123_epoch-101.pt
2025-10-06 16:42:15.308 INFO: Epoch 102: head: Default, loss=0.49278563, RMSE_E_per_atom=   57.51 meV, RMSE_F=  219.46 meV / A
2025-10-06 16:42:15.312 DEBUG: Deleting old checkpoint file: models/small_dpp_HfOx-ft_4/small_ft-HfOx_run-123_epoch-101.pt
2025-10-06 16:42:15.315 DEBUG: Saving checkpoint: models/small_dpp_HfOx-ft_4/small_ft-HfOx_run-123_epoch-102.pt
2025-10-06 16:42:17.999 INFO: Epoch 103: head: Default, loss=0.49150405, RMSE_E_per_atom=   59.56 meV, RMSE_F=  219.17 meV / A
2025-10-06 16:42:18.004 DEBUG: Deleting old checkpoint file: models/small_dpp_HfOx-ft_4/small_ft-HfOx_run-123_epoch-102.pt
2025-10-06 16:42:18.007 DEBUG: Saving checkpoint: models/small_dpp_HfOx-ft_4/small_ft-HfOx_run-123_epoch-103.pt
2025-10-06 16:42:20.675 INFO: Epoch 104: head: Default, loss=0.49034141, RMSE_E_per_atom=   59.33 meV, RMSE_F=  218.88 meV / A
2025-10-06 16:42:20.679 DEBUG: Deleting old checkpoint file: models/small_dpp_HfOx-ft_4/small_ft-HfOx_run-123_epoch-103.pt
2025-10-06 16:42:20.682 DEBUG: Saving checkpoint: models/small_dpp_HfOx-ft_4/small_ft-HfOx_run-123_epoch-104.pt
2025-10-06 16:42:23.300 INFO: Epoch 105: head: Default, loss=0.48923896, RMSE_E_per_atom=   56.11 meV, RMSE_F=  218.64 meV / A
2025-10-06 16:42:23.305 DEBUG: Deleting old checkpoint file: models/small_dpp_HfOx-ft_4/small_ft-HfOx_run-123_epoch-104.pt
2025-10-06 16:42:23.307 DEBUG: Saving checkpoint: models/small_dpp_HfOx-ft_4/small_ft-HfOx_run-123_epoch-105.pt
2025-10-06 16:42:25.974 INFO: Epoch 106: head: Default, loss=0.48932243, RMSE_E_per_atom=   57.26 meV, RMSE_F=  218.65 meV / A
2025-10-06 16:42:28.554 INFO: Epoch 107: head: Default, loss=0.48999108, RMSE_E_per_atom=   58.38 meV, RMSE_F=  218.80 meV / A
2025-10-06 16:42:31.150 INFO: Epoch 108: head: Default, loss=0.49250541, RMSE_E_per_atom=   61.32 meV, RMSE_F=  219.36 meV / A
2025-10-06 16:42:33.710 INFO: Epoch 109: head: Default, loss=0.49240908, RMSE_E_per_atom=   63.20 meV, RMSE_F=  219.32 meV / A
2025-10-06 16:42:36.304 INFO: Epoch 110: head: Default, loss=0.49219202, RMSE_E_per_atom=   65.67 meV, RMSE_F=  219.24 meV / A
2025-10-06 16:42:36.306 DEBUG: Running inference on train_Default dataset
2025-10-06 16:42:36.352 DEBUG: Plotting failed: too many indices for tensor of dimension 1
2025-10-06 16:42:38.757 INFO: Epoch 111: head: Default, loss=0.49924702, RMSE_E_per_atom=   72.04 meV, RMSE_F=  220.83 meV / A
2025-10-06 16:42:41.359 INFO: Epoch 112: head: Default, loss=0.49430038, RMSE_E_per_atom=   73.94 meV, RMSE_F=  219.68 meV / A
2025-10-06 16:42:43.941 INFO: Epoch 113: head: Default, loss=0.49304924, RMSE_E_per_atom=   72.53 meV, RMSE_F=  219.43 meV / A
2025-10-06 16:42:46.506 INFO: Epoch 114: head: Default, loss=0.49221640, RMSE_E_per_atom=   68.46 meV, RMSE_F=  219.24 meV / A
2025-10-06 16:42:49.114 INFO: Epoch 115: head: Default, loss=0.48998341, RMSE_E_per_atom=   66.24 meV, RMSE_F=  218.72 meV / A
2025-10-06 16:42:51.692 INFO: Epoch 116: head: Default, loss=0.48970710, RMSE_E_per_atom=   61.92 meV, RMSE_F=  218.66 meV / A
2025-10-06 16:42:54.287 INFO: Epoch 117: head: Default, loss=0.48852589, RMSE_E_per_atom=   61.55 meV, RMSE_F=  218.40 meV / A
2025-10-06 16:42:54.291 DEBUG: Deleting old checkpoint file: models/small_dpp_HfOx-ft_4/small_ft-HfOx_run-123_epoch-105.pt
2025-10-06 16:42:54.294 DEBUG: Saving checkpoint: models/small_dpp_HfOx-ft_4/small_ft-HfOx_run-123_epoch-117.pt
2025-10-06 16:42:56.936 INFO: Epoch 118: head: Default, loss=0.48900631, RMSE_E_per_atom=   60.09 meV, RMSE_F=  218.53 meV / A
2025-10-06 16:42:59.512 INFO: Epoch 119: head: Default, loss=0.48666634, RMSE_E_per_atom=   59.37 meV, RMSE_F=  218.02 meV / A
2025-10-06 16:42:59.516 DEBUG: Deleting old checkpoint file: models/small_dpp_HfOx-ft_4/small_ft-HfOx_run-123_epoch-117.pt
2025-10-06 16:42:59.519 DEBUG: Saving checkpoint: models/small_dpp_HfOx-ft_4/small_ft-HfOx_run-123_epoch-119.pt
2025-10-06 16:43:02.174 INFO: Epoch 120: head: Default, loss=0.48779981, RMSE_E_per_atom=   58.47 meV, RMSE_F=  218.29 meV / A
2025-10-06 16:43:02.176 DEBUG: Running inference on train_Default dataset
2025-10-06 16:43:02.218 DEBUG: Plotting failed: too many indices for tensor of dimension 1
2025-10-06 16:43:04.641 INFO: Epoch 121: head: Default, loss=0.50781462, RMSE_E_per_atom=   56.13 meV, RMSE_F=  222.81 meV / A
2025-10-06 16:43:07.272 INFO: Epoch 122: head: Default, loss=0.50159577, RMSE_E_per_atom=   54.80 meV, RMSE_F=  221.42 meV / A
2025-10-06 16:43:09.873 INFO: Epoch 123: head: Default, loss=0.49741835, RMSE_E_per_atom=   57.11 meV, RMSE_F=  220.49 meV / A
2025-10-06 16:43:12.507 INFO: Epoch 124: head: Default, loss=0.49359761, RMSE_E_per_atom=   58.54 meV, RMSE_F=  219.60 meV / A
2025-10-06 16:43:15.082 INFO: Epoch 125: head: Default, loss=0.49060688, RMSE_E_per_atom=   56.49 meV, RMSE_F=  218.92 meV / A
2025-10-06 16:43:17.656 INFO: Epoch 126: head: Default, loss=0.48833060, RMSE_E_per_atom=   55.21 meV, RMSE_F=  218.40 meV / A
2025-10-06 16:43:20.267 INFO: Epoch 127: head: Default, loss=0.48785282, RMSE_E_per_atom=   54.84 meV, RMSE_F=  218.29 meV / A
2025-10-06 16:43:22.881 INFO: Epoch 128: head: Default, loss=0.48653478, RMSE_E_per_atom=   53.45 meV, RMSE_F=  217.99 meV / A
2025-10-06 16:43:22.886 DEBUG: Deleting old checkpoint file: models/small_dpp_HfOx-ft_4/small_ft-HfOx_run-123_epoch-119.pt
2025-10-06 16:43:22.888 DEBUG: Saving checkpoint: models/small_dpp_HfOx-ft_4/small_ft-HfOx_run-123_epoch-128.pt
2025-10-06 16:43:25.572 INFO: Epoch 129: head: Default, loss=0.48694549, RMSE_E_per_atom=   55.38 meV, RMSE_F=  218.04 meV / A
2025-10-06 16:43:28.161 INFO: Epoch 130: head: Default, loss=0.48699575, RMSE_E_per_atom=   58.03 meV, RMSE_F=  218.03 meV / A
2025-10-06 16:43:28.163 DEBUG: Running inference on train_Default dataset
2025-10-06 16:43:28.212 DEBUG: Plotting failed: too many indices for tensor of dimension 1
2025-10-06 16:43:30.637 INFO: Epoch 131: head: Default, loss=0.49739706, RMSE_E_per_atom=   61.42 meV, RMSE_F=  220.45 meV / A
2025-10-06 16:43:33.214 INFO: Epoch 132: head: Default, loss=0.49619940, RMSE_E_per_atom=   62.68 meV, RMSE_F=  220.18 meV / A
2025-10-06 16:43:35.794 INFO: Epoch 133: head: Default, loss=0.49278722, RMSE_E_per_atom=   65.62 meV, RMSE_F=  219.37 meV / A
2025-10-06 16:43:38.389 INFO: Epoch 134: head: Default, loss=0.48946488, RMSE_E_per_atom=   61.11 meV, RMSE_F=  218.60 meV / A
2025-10-06 16:43:41.005 INFO: Epoch 135: head: Default, loss=0.48789077, RMSE_E_per_atom=   57.81 meV, RMSE_F=  218.24 meV / A
2025-10-06 16:43:43.609 INFO: Epoch 136: head: Default, loss=0.48451932, RMSE_E_per_atom=   56.76 meV, RMSE_F=  217.44 meV / A
2025-10-06 16:43:43.614 DEBUG: Deleting old checkpoint file: models/small_dpp_HfOx-ft_4/small_ft-HfOx_run-123_epoch-128.pt
2025-10-06 16:43:43.616 DEBUG: Saving checkpoint: models/small_dpp_HfOx-ft_4/small_ft-HfOx_run-123_epoch-136.pt
2025-10-06 16:43:46.219 INFO: Epoch 137: head: Default, loss=0.48412829, RMSE_E_per_atom=   56.95 meV, RMSE_F=  217.35 meV / A
2025-10-06 16:43:46.223 DEBUG: Deleting old checkpoint file: models/small_dpp_HfOx-ft_4/small_ft-HfOx_run-123_epoch-136.pt
2025-10-06 16:43:46.226 DEBUG: Saving checkpoint: models/small_dpp_HfOx-ft_4/small_ft-HfOx_run-123_epoch-137.pt
2025-10-06 16:43:48.875 INFO: Epoch 138: head: Default, loss=0.48345228, RMSE_E_per_atom=   62.50 meV, RMSE_F=  217.18 meV / A
2025-10-06 16:43:48.879 DEBUG: Deleting old checkpoint file: models/small_dpp_HfOx-ft_4/small_ft-HfOx_run-123_epoch-137.pt
2025-10-06 16:43:48.882 DEBUG: Saving checkpoint: models/small_dpp_HfOx-ft_4/small_ft-HfOx_run-123_epoch-138.pt
2025-10-06 16:43:51.519 INFO: Epoch 139: head: Default, loss=0.48254700, RMSE_E_per_atom=   58.73 meV, RMSE_F=  216.96 meV / A
2025-10-06 16:43:51.524 DEBUG: Deleting old checkpoint file: models/small_dpp_HfOx-ft_4/small_ft-HfOx_run-123_epoch-138.pt
2025-10-06 16:43:51.527 DEBUG: Saving checkpoint: models/small_dpp_HfOx-ft_4/small_ft-HfOx_run-123_epoch-139.pt
2025-10-06 16:43:54.193 INFO: Epoch 140: head: Default, loss=0.48111796, RMSE_E_per_atom=   57.18 meV, RMSE_F=  216.61 meV / A
2025-10-06 16:43:54.195 DEBUG: Running inference on train_Default dataset
2025-10-06 16:43:54.241 DEBUG: Plotting failed: too many indices for tensor of dimension 1
2025-10-06 16:43:54.244 DEBUG: Deleting old checkpoint file: models/small_dpp_HfOx-ft_4/small_ft-HfOx_run-123_epoch-139.pt
2025-10-06 16:43:54.247 DEBUG: Saving checkpoint: models/small_dpp_HfOx-ft_4/small_ft-HfOx_run-123_epoch-140.pt
2025-10-06 16:43:56.771 INFO: Epoch 141: head: Default, loss=0.48395148, RMSE_E_per_atom=   50.50 meV, RMSE_F=  217.19 meV / A
2025-10-06 16:43:59.357 INFO: Epoch 142: head: Default, loss=0.48377620, RMSE_E_per_atom=   50.25 meV, RMSE_F=  217.20 meV / A
2025-10-06 16:44:01.939 INFO: Epoch 143: head: Default, loss=0.48397340, RMSE_E_per_atom=   51.58 meV, RMSE_F=  217.23 meV / A
2025-10-06 16:44:04.537 INFO: Epoch 144: head: Default, loss=0.48239217, RMSE_E_per_atom=   50.31 meV, RMSE_F=  216.88 meV / A
2025-10-06 16:44:07.122 INFO: Epoch 145: head: Default, loss=0.48138511, RMSE_E_per_atom=   49.24 meV, RMSE_F=  216.64 meV / A
2025-10-06 16:44:09.741 INFO: Epoch 146: head: Default, loss=0.47990454, RMSE_E_per_atom=   49.41 meV, RMSE_F=  216.30 meV / A
2025-10-06 16:44:09.746 DEBUG: Deleting old checkpoint file: models/small_dpp_HfOx-ft_4/small_ft-HfOx_run-123_epoch-140.pt
2025-10-06 16:44:09.748 DEBUG: Saving checkpoint: models/small_dpp_HfOx-ft_4/small_ft-HfOx_run-123_epoch-146.pt
2025-10-06 16:44:12.382 INFO: Epoch 147: head: Default, loss=0.47993305, RMSE_E_per_atom=   49.62 meV, RMSE_F=  216.32 meV / A
2025-10-06 16:44:14.986 INFO: Epoch 148: head: Default, loss=0.47835034, RMSE_E_per_atom=   50.41 meV, RMSE_F=  215.95 meV / A
2025-10-06 16:44:14.990 DEBUG: Deleting old checkpoint file: models/small_dpp_HfOx-ft_4/small_ft-HfOx_run-123_epoch-146.pt
2025-10-06 16:44:14.993 DEBUG: Saving checkpoint: models/small_dpp_HfOx-ft_4/small_ft-HfOx_run-123_epoch-148.pt
2025-10-06 16:44:17.598 INFO: Epoch 149: head: Default, loss=0.47946006, RMSE_E_per_atom=   50.21 meV, RMSE_F=  216.22 meV / A
2025-10-06 16:44:20.157 INFO: Epoch 150: head: Default, loss=0.47847961, RMSE_E_per_atom=   50.01 meV, RMSE_F=  216.00 meV / A
2025-10-06 16:44:20.159 DEBUG: Running inference on train_Default dataset
2025-10-06 16:44:20.198 DEBUG: Plotting failed: too many indices for tensor of dimension 1
2025-10-06 16:44:22.656 INFO: Epoch 151: head: Default, loss=0.47947111, RMSE_E_per_atom=   52.98 meV, RMSE_F=  216.24 meV / A
2025-10-06 16:44:25.232 INFO: Epoch 152: head: Default, loss=0.47870131, RMSE_E_per_atom=   51.34 meV, RMSE_F=  216.09 meV / A
2025-10-06 16:44:27.820 INFO: Epoch 153: head: Default, loss=0.47923081, RMSE_E_per_atom=   52.34 meV, RMSE_F=  216.20 meV / A
2025-10-06 16:44:30.353 INFO: Epoch 154: head: Default, loss=0.47927810, RMSE_E_per_atom=   51.15 meV, RMSE_F=  216.17 meV / A
2025-10-06 16:44:32.972 INFO: Epoch 155: head: Default, loss=0.47891692, RMSE_E_per_atom=   51.67 meV, RMSE_F=  216.08 meV / A
2025-10-06 16:44:35.599 INFO: Epoch 156: head: Default, loss=0.48033270, RMSE_E_per_atom=   51.12 meV, RMSE_F=  216.40 meV / A
2025-10-06 16:44:38.203 INFO: Epoch 157: head: Default, loss=0.48094013, RMSE_E_per_atom=   53.17 meV, RMSE_F=  216.56 meV / A
2025-10-06 16:44:40.841 INFO: Epoch 158: head: Default, loss=0.48002327, RMSE_E_per_atom=   52.00 meV, RMSE_F=  216.37 meV / A
