2025-10-07 02:40:48.755 INFO: ===========VERIFYING SETTINGS===========
2025-10-07 02:40:48.757 INFO: MACE version: 0.3.14
2025-10-07 02:40:48.758 DEBUG: Configuration: Namespace(config='configs/from_scratch-3.yml', name='HfOx_from-scratch', seed=123, work_dir='.', log_dir='models/HfOx_from-scratch_3', model_dir='models/HfOx_from-scratch_3', checkpoints_dir='models/HfOx_from-scratch_3', results_dir='models/HfOx_from-scratch_3', downloads_dir='./downloads', device='cuda', default_dtype='float64', distributed=False, launcher='slurm', log_level='INFO', plot=True, plot_frequency=10, plot_interaction_e=False, error_table='PerAtomRMSE', model='MACE', r_max=6.0, radial_type='bessel', num_radial_basis=8, num_cutoff_basis=5, pair_repulsion=False, distance_transform='None', apply_cutoff=True, use_last_readout_only=False, use_embedding_readout=False, interaction='RealAgnosticResidualInteractionBlock', interaction_first='RealAgnosticResidualInteractionBlock', max_ell=3, correlation=3, use_reduced_cg=False, use_so3=False, use_agnostic_product=False, num_interactions=2, MLP_irreps='16x0e', radial_MLP='[64, 64, 64]', hidden_irreps='256x0e + 256x1o', edge_irreps=None, num_channels=256, max_L=1, gate='silu', scaling='rms_forces_scaling', avg_num_neighbors=1, compute_avg_num_neighbors=True, compute_stress=False, compute_forces=True, compute_polarizability=<function str2bool at 0x7a6964d77600>, compute_atomic_dipole=<function str2bool at 0x7a6964d77600>, train_file='data/nothing_above_5/new_dpp_train.xyz', valid_file='data/nothing_above_5/new_dpp_validation.xyz', valid_fraction=0.1, test_file='data/nothing_above_5/test.xyz', test_dir=None, multi_processed_test=False, num_workers=0, pin_memory=True, atomic_numbers=None, mean=None, std=None, statistics_file=None, les_arguments=None, E0s='{8: -444.4382601985303, 72: -1528.3129784907499}', pseudolabel_replay=False, foundation_filter_elements=True, heads=None, multiheads_finetuning=True, foundation_head=None, weight_pt_head=1.0, real_pt_data_ratio_threshold=0.1, num_samples_pt=10000, force_mh_ft_lr=False, subselect_pt='random', filter_type_pt='none', allow_random_padding_pt=True, pt_train_file=None, pt_valid_file=None, foundation_model_elements=False, keep_isolated_atoms=False, energy_key='REF_energy', forces_key='REF_forces', virials_key='REF_virials', stress_key='REF_stress', dipole_key='dipole', polarizability_key='polarizability', head_key='head', charges_key='REF_charges', elec_temp_key='elec_temp', total_spin_key='total_spin', total_charge_key='total_charge', embedding_specs=None, skip_evaluate_heads='pt_head', loss='weighted', forces_weight=100.0, swa_forces_weight=100.0, energy_weight=1.0, swa_energy_weight=1000.0, virials_weight=1.0, swa_virials_weight=10.0, stress_weight=0.0, swa_stress_weight=10.0, dipole_weight=1.0, swa_dipole_weight=1.0, swa_polarizability_weight=1.0, polarizability_weight=1.0, config_type_weights='{"Default":1.0}', huber_delta=0.001, optimizer='adam', beta=0.9, batch_size=3, valid_batch_size=10, lr=0.005, swa_lr=0.001, weight_decay=5e-07, amsgrad=True, scheduler='ReduceLROnPlateau', lr_factor=0.8, scheduler_patience=50, lr_scheduler_gamma=0.9993, swa=True, start_swa=75, lbfgs=False, ema=True, ema_decay=0.99, max_num_epochs=100, patience=2048, foundation_model=None, foundation_model_readout=True, eval_interval=1, keep_checkpoints=False, save_all_checkpoints=False, restart_latest=False, save_cpu=False, clip_grad=10.0, dry_run=False, enable_cueq=True, only_cueq=False, enable_oeq=False, wandb=True, wandb_dir=None, wandb_project='MACE_HfOx_from-scratch', wandb_entity='', wandb_name='HfOx-3', wandb_log_hypers=['lr', 'lr_factor', 'lr_scheduler_gamma', 'scheduler', 'swa', 'swa_lr', 'start_swa', 'scheduler_patience', 'swa_energy_weight', 'swa_forces_weight', 'energy_weight', 'forces_weight', 'ema', 'ema_decay', 'weight_decay', 'huber_delta', 'optimizer', 'amsgrad', 'beta', 'batch_size', 'max_num_epochs', 'seed'], key_specification=KeySpecification(info_keys={'energy': 'REF_energy', 'stress': 'REF_stress', 'virials': 'REF_virials', 'dipole': 'dipole', 'head': 'head', 'elec_temp': 'elec_temp', 'total_charge': 'total_charge', 'polarizability': 'polarizability', 'total_spin': 'total_spin'}, arrays_keys={'forces': 'REF_forces', 'charges': 'REF_charges'}))
2025-10-07 02:40:48.759 INFO: CUDA version: 12.6, CUDA device: 0
2025-10-07 02:40:48.760 DEBUG: sys.platform='linux', git_executable='git'
2025-10-07 02:40:48.762 DEBUG: Error accessing Git repository: /content/drive/MyDrive/colab_temp/mace_fine-tuning_expts
2025-10-07 02:40:48.762 INFO: ===========LOADING INPUT DATA===========
2025-10-07 02:40:48.763 INFO: Using heads: ['Default']
2025-10-07 02:40:48.764 INFO: Using the key specifications to parse data:
2025-10-07 02:40:48.765 INFO: Default: KeySpecification(info_keys={'energy': 'REF_energy', 'stress': 'REF_stress', 'virials': 'REF_virials', 'dipole': 'dipole', 'head': 'head', 'elec_temp': 'elec_temp', 'total_charge': 'total_charge', 'polarizability': 'polarizability', 'total_spin': 'total_spin'}, arrays_keys={'forces': 'REF_forces', 'charges': 'REF_charges'})
2025-10-07 02:40:48.767 INFO: =============    Processing head Default     ===========
2025-10-07 02:40:48.769 DEBUG: Loading training file: data/nothing_above_5/new_dpp_train.xyz
2025-10-07 02:40:49.046 INFO: Training set 1/1 [energy: 361, stress: 361, virials: 0, dipole components: 0, head: 361, elec_temp: 0, total_charge: 0, polarizability: 0, total_spin: 0, forces: 361, charges: 0]
2025-10-07 02:40:49.050 INFO: Total Training set [energy: 361, stress: 361, virials: 0, dipole components: 0, head: 361, elec_temp: 0, total_charge: 0, polarizability: 0, total_spin: 0, forces: 361, charges: 0]
2025-10-07 02:40:49.138 INFO: Validation set 1/1 [energy: 90, stress: 90, virials: 0, dipole components: 0, head: 90, elec_temp: 0, total_charge: 0, polarizability: 0, total_spin: 0, forces: 90, charges: 0]
2025-10-07 02:40:49.140 INFO: Total Validation set [energy: 90, stress: 90, virials: 0, dipole components: 0, head: 90, elec_temp: 0, total_charge: 0, polarizability: 0, total_spin: 0, forces: 90, charges: 0]
2025-10-07 02:40:49.434 INFO: Test set 1/1 [energy: 389, stress: 389, virials: 0, dipole components: 0, head: 389, elec_temp: 0, total_charge: 0, polarizability: 0, total_spin: 0, forces: 389, charges: 0]
2025-10-07 02:40:49.438 INFO: Total Test set [energy: 389, stress: 389, virials: 0, dipole components: 0, head: 389, elec_temp: 0, total_charge: 0, polarizability: 0, total_spin: 0, forces: 389, charges: 0]
2025-10-07 02:40:49.439 INFO: Total number of configurations: train=361, valid=90, tests=[Default_Default: 389],
2025-10-07 02:40:49.447 INFO: Atomic Numbers used: [8, 72]
2025-10-07 02:40:49.448 INFO: Isolated Atomic Energies (E0s) not in training file, using command line argument
2025-10-07 02:40:49.449 INFO: Atomic Energies used (z: eV) for head Default: {8: -444.4382601985303, 72: -1528.3129784907499}
2025-10-07 02:40:49.451 INFO: Processing datasets for head 'Default'
2025-10-07 02:40:51.795 DEBUG: Successfully loaded dataset from ASE files: ['data/nothing_above_5/new_dpp_train.xyz']
2025-10-07 02:40:51.795 INFO: Combining 1 list datasets for head 'Default'
2025-10-07 02:40:52.443 DEBUG: Successfully loaded validation dataset from ASE files: ['data/nothing_above_5/new_dpp_validation.xyz']
2025-10-07 02:40:52.444 INFO: Combining 1 list datasets for head 'Default_valid'
2025-10-07 02:40:52.445 INFO: Combined validation datasets for Default
2025-10-07 02:40:52.446 INFO: Head 'Default' training dataset size: 361
2025-10-07 02:40:52.448 INFO: Computing average number of neighbors
2025-10-07 02:40:52.803 INFO: Average number of neighbors: 59.42249876428343
2025-10-07 02:40:52.805 INFO: During training the following quantities will be reported: energy, forces
2025-10-07 02:40:52.807 INFO: ===========MODEL DETAILS===========
2025-10-07 02:40:53.096 INFO: Building model
2025-10-07 02:40:53.097 INFO: Message passing with 256 channels and max_L=1 (256x0e + 256x1o)
2025-10-07 02:40:53.099 INFO: 2 layers, each with correlation order: 3 (body order: 4) and spherical harmonics up to: l=3
2025-10-07 02:40:53.100 INFO: 8 radial and 5 basis functions
2025-10-07 02:40:53.101 INFO: Radial cutoff: 6.0 A (total receptive field for each atom: 12.0 A)
2025-10-07 02:40:53.102 INFO: Distance transform for radial basis functions: None
2025-10-07 02:40:53.103 INFO: Hidden irreps: 256x0e + 256x1o
2025-10-07 02:40:54.697 DEBUG: ScaleShiftMACE(
  (node_embedding): LinearNodeEmbeddingBlock(
    (linear): Linear(2x0e -> 256x0e | 512 weights)
  )
  (radial_embedding): RadialEmbeddingBlock(
    (bessel_fn): BesselBasis(r_max=6.0, num_basis=8, trainable=False)
    (cutoff_fn): PolynomialCutoff(p=5, r_max=6.0)
  )
  (spherical_harmonics): SphericalHarmonics()
  (atomic_energies_fn): AtomicEnergiesBlock(energies=[[-444.4383, -1528.3130]])
  (interactions): ModuleList(
    (0): RealAgnosticInteractionBlock(
      (linear_up): Linear(256x0e -> 256x0e | 65536 weights)
      (conv_tp): TensorProduct(256x0e x 1x0e+1x1o+1x2e+1x3o -> 256x0e+256x1o+256x2e+256x3o | 1024 paths | 1024 weights)
      (conv_tp_weights): FullyConnectedNet[8, 64, 64, 64, 1024]
      (linear): Linear(256x0e+256x1o+256x2e+256x3o -> 256x0e+256x1o+256x2e+256x3o | 262144 weights)
      (skip_tp): FullyConnectedTensorProduct(256x0e+256x1o+256x2e+256x3o x 2x0e -> 256x0e+256x1o+256x2e+256x3o | 524288 paths | 524288 weights)
      (reshape): reshape_irreps()
    )
    (1): RealAgnosticResidualInteractionBlock(
      (linear_up): Linear(256x0e+256x1o -> 256x0e+256x1o | 131072 weights)
      (conv_tp): TensorProduct(256x0e+256x1o x 1x0e+1x1o+1x2e+1x3o -> 512x0e+768x1o+768x2e+512x3o | 2560 paths | 2560 weights)
      (conv_tp_weights): FullyConnectedNet[8, 64, 64, 64, 2560]
      (linear): Linear(256x0e+256x0e+256x1o+256x1o+256x1o+256x2e+256x2e+256x2e+256x3o+256x3o -> 256x0e+256x1o+256x2e+256x3o | 655360 weights)
      (skip_tp): FullyConnectedTensorProduct(256x0e+256x1o x 2x0e -> 256x0e | 131072 paths | 131072 weights)
      (reshape): reshape_irreps()
    )
  )
  (products): ModuleList(
    (0): EquivariantProductBasisBlock(
      (symmetric_contractions): SymmetricContraction(
        (contractions): ModuleList(
          (0): Contraction(
            (contractions_weighting): ModuleList(
              (0-1): 2 x GraphModule()
            )
            (contractions_features): ModuleList(
              (0-1): 2 x GraphModule()
            )
            (weights): ParameterList(
                (0): Parameter containing: [torch.float64 of size 2x4x256 (cuda:0)]
                (1): Parameter containing: [torch.float64 of size 2x1x256 (cuda:0)]
            )
            (graph_opt_main): GraphModule()
          )
          (1): Contraction(
            (contractions_weighting): ModuleList(
              (0-1): 2 x GraphModule()
            )
            (contractions_features): ModuleList(
              (0-1): 2 x GraphModule()
            )
            (weights): ParameterList(
                (0): Parameter containing: [torch.float64 of size 2x6x256 (cuda:0)]
                (1): Parameter containing: [torch.float64 of size 2x1x256 (cuda:0)]
            )
            (graph_opt_main): GraphModule()
          )
        )
      )
      (linear): Linear(256x0e+256x1o -> 256x0e+256x1o | 131072 weights)
    )
    (1): EquivariantProductBasisBlock(
      (symmetric_contractions): SymmetricContraction(
        (contractions): ModuleList(
          (0): Contraction(
            (contractions_weighting): ModuleList(
              (0-1): 2 x GraphModule()
            )
            (contractions_features): ModuleList(
              (0-1): 2 x GraphModule()
            )
            (weights): ParameterList(
                (0): Parameter containing: [torch.float64 of size 2x4x256 (cuda:0)]
                (1): Parameter containing: [torch.float64 of size 2x1x256 (cuda:0)]
            )
            (graph_opt_main): GraphModule()
          )
        )
      )
      (linear): Linear(256x0e -> 256x0e | 65536 weights)
    )
  )
  (readouts): ModuleList(
    (0): LinearReadoutBlock(
      (linear): Linear(256x0e+256x1o -> 1x0e | 256 weights)
    )
    (1): NonLinearReadoutBlock(
      (linear_1): Linear(256x0e -> 16x0e | 4096 weights)
      (non_linearity): Activation [x] (16x0e -> 16x0e)
      (linear_2): Linear(16x0e -> 1x0e | 16 weights)
    )
  )
  (scale_shift): ScaleShiftBlock(scale=1.2170, shift=0.0000)
)
2025-10-07 02:40:54.699 INFO: Total number of parameters: 2276112
2025-10-07 02:40:54.701 INFO: 
2025-10-07 02:40:54.702 INFO: ===========OPTIMIZER INFORMATION===========
2025-10-07 02:40:54.703 INFO: Using ADAM as parameter optimizer
2025-10-07 02:40:54.705 INFO: Batch size: 3
2025-10-07 02:40:54.706 INFO: Using Exponential Moving Average with decay: 0.99
2025-10-07 02:40:54.707 INFO: Number of gradient updates: 12033
2025-10-07 02:40:54.708 INFO: Learning rate: 0.005, weight decay: 5e-07
2025-10-07 02:40:54.709 INFO: WeightedEnergyForcesLoss(energy_weight=1.000, forces_weight=100.000)
2025-10-07 02:40:54.710 INFO: Converting model to CUEQ for accelerated training
2025-10-07 02:40:54.809 INFO: Creating new model with cuequivariance settings
2025-10-07 02:40:54.812 DEBUG: Normalized paths for operand 2 in uv,iu,iv operands=[(2, 256)],[(1, 2)],[(1, 256)] paths=[op0[0]*op1[0]*op2[0]*1.]: got uv,iu,iv operands=[(2, 256)],[(1, 2)],[(1, 256)] paths=[op0[0]*op1[0]*op2[0]*0.71]
2025-10-07 02:40:54.842 DEBUG: Normalized paths for operand 2 in uv,iu,iv operands=[(256, 256)],[(1, 256)],[(1, 256)] paths=[op0[0]*op1[0]*op2[0]*1.]: got uv,iu,iv operands=[(256, 256)],[(1, 256)],[(1, 256)] paths=[op0[0]*op1[0]*op2[0]*0.06]
2025-10-07 02:40:54.859 DEBUG: Normalized paths for operand 3 in uv,iu,jv,kuv+ijk sizes=1024,256,16,4096 num_segments=4,1,4,4 num_paths=4 i=1 j={1, 3, 5, 7} k={1, 3, 5, 7} u=256 v=1: got uv,iu,jv,kuv+ijk sizes=1024,256,16,4096 num_segments=4,1,4,4 num_paths=4 i=1 j={1, 3, 5, 7} k={1, 3, 5, 7} u=256 v=1
2025-10-07 02:40:54.860 DEBUG: Flattened ijk in uv,iu,jv,kuv+ijk sizes=1024,256,16,4096 num_segments=4,1,4,4 num_paths=4 i=1 j={1, 3, 5, 7} k={1, 3, 5, 7} u=256 v=1: got uv,u,v,uv sizes=1024,256,16,4096 num_segments=4,1,16,16 num_paths=16 u=256 v=1
2025-10-07 02:40:54.862 DEBUG: Squeezed uv,u,v,uv sizes=1024,256,16,4096 num_segments=4,1,16,16 num_paths=16 u=256 v=1 to u,u,,u sizes=1024,256,16,4096 num_segments=4,1,16,16 num_paths=16 u=256
2025-10-07 02:40:54.863 DEBUG: Flattened ijk in uv,iu,jv,kuv+ijk sizes=1024,256,16,4096 num_segments=4,1,4,4 num_paths=4 i=1 j={1, 3, 5, 7} k={1, 3, 5, 7} u=256 v=1: got uv,u,v,uv sizes=1024,256,16,4096 num_segments=4,1,16,16 num_paths=16 u=256 v=1
2025-10-07 02:40:54.865 DEBUG: Squeezed uv,u,v,uv sizes=1024,256,16,4096 num_segments=4,1,16,16 num_paths=16 u=256 v=1 to u,u,,u sizes=1024,256,16,4096 num_segments=4,1,16,16 num_paths=16 u=256
2025-10-07 02:40:54.900 DEBUG: Normalized paths for operand 2 in uv,iu,iv sizes=262144,4096,4096 num_segments=4,4,4 num_paths=4 i={1, 3, 5, 7} u=256 v=256: got uv,iu,iv sizes=262144,4096,4096 num_segments=4,4,4 num_paths=4 i={1, 3, 5, 7} u=256 v=256
2025-10-07 02:40:54.939 DEBUG: Normalized paths for operand 3 in uvw,iu,jv,kw+ijk sizes=524288,4096,2,4096 num_segments=4,4,1,4 num_paths=4 i={1, 3, 5, 7} j=1 k={1, 3, 5, 7} u=256 v=2 w=256: got uvw,iu,jv,kw+ijk sizes=524288,4096,2,4096 num_segments=4,4,1,4 num_paths=4 i={1, 3, 5, 7} j=1 k={1, 3, 5, 7} u=256 v=2 w=256
2025-10-07 02:40:55.027 DEBUG: Normalized paths for operand 2 in uv,iu,iv sizes=131072,1024,1024 num_segments=2,2,2 num_paths=2 i={1, 3} u=256 v=256: got uv,iu,iv sizes=131072,1024,1024 num_segments=2,2,2 num_paths=2 i={1, 3} u=256 v=256
2025-10-07 02:40:55.048 DEBUG: Normalized paths for operand 2 in uv,iu,iv sizes=256,1024,1 num_segments=1,2,1 num_paths=1 i={1, 3} u=256 v=1: got uv,iu,iv sizes=256,1024,1 num_segments=1,2,1 num_paths=1 i={1, 3} u=256 v=1
2025-10-07 02:40:55.060 DEBUG: Normalized paths for operand 2 in uv,iu,iv sizes=131072,1024,1024 num_segments=2,2,2 num_paths=2 i={1, 3} u=256 v=256: got uv,iu,iv sizes=131072,1024,1024 num_segments=2,2,2 num_paths=2 i={1, 3} u=256 v=256
2025-10-07 02:40:55.086 DEBUG: Normalized paths for operand 3 in uv,iu,jv,kuv+ijk sizes=2560,1024,16,10240 num_segments=10,2,4,10 num_paths=10 i={1, 3} j={1, 3, 5, 7} k={1, 3, 5, 7} u=256 v=1: got uv,iu,jv,kuv+ijk sizes=2560,1024,16,10240 num_segments=10,2,4,10 num_paths=10 i={1, 3} j={1, 3, 5, 7} k={1, 3, 5, 7} u=256 v=1
2025-10-07 02:40:55.090 DEBUG: Flattened ijk in uv,iu,jv,kuv+ijk sizes=2560,1024,16,10240 num_segments=10,2,4,10 num_paths=10 i={1, 3} j={1, 3, 5, 7} k={1, 3, 5, 7} u=256 v=1: got uv,u,v,uv sizes=2560,1024,16,10240 num_segments=10,4,16,40 num_paths=86 u=256 v=1
2025-10-07 02:40:55.094 DEBUG: Squeezed uv,u,v,uv sizes=2560,1024,16,10240 num_segments=10,4,16,40 num_paths=86 u=256 v=1 to u,u,,u sizes=2560,1024,16,10240 num_segments=10,4,16,40 num_paths=86 u=256
2025-10-07 02:40:55.099 DEBUG: Flattened ijk in uv,iu,jv,kuv+ijk sizes=2560,1024,16,10240 num_segments=10,2,4,10 num_paths=10 i={1, 3} j={1, 3, 5, 7} k={1, 3, 5, 7} u=256 v=1: got uv,u,v,uv sizes=2560,1024,16,10240 num_segments=10,4,16,40 num_paths=86 u=256 v=1
2025-10-07 02:40:55.102 DEBUG: Squeezed uv,u,v,uv sizes=2560,1024,16,10240 num_segments=10,4,16,40 num_paths=86 u=256 v=1 to u,u,,u sizes=2560,1024,16,10240 num_segments=10,4,16,40 num_paths=86 u=256
2025-10-07 02:40:55.142 DEBUG: Normalized paths for operand 2 in uv,iu,iv sizes=655360,10240,4096 num_segments=10,10,4 num_paths=10 i={1, 3, 5, 7} u=256 v=256: got uv,iu,iv sizes=655360,10240,4096 num_segments=10,10,4 num_paths=10 i={1, 3, 5, 7} u=256 v=256
2025-10-07 02:40:55.233 DEBUG: Normalized paths for operand 3 in uvw,iu,jv,kw+ijk sizes=131072,1024,2,256 num_segments=1,2,1,1 num_paths=1 i={1, 3} j=1 k=1 u=256 v=2 w=256: got uvw,iu,jv,kw+ijk sizes=131072,1024,2,256 num_segments=1,2,1,1 num_paths=1 i={1, 3} j=1 k=1 u=256 v=2 w=256
2025-10-07 02:40:55.260 DEBUG: Normalized paths for operand 2 in uv,iu,iv operands=[(256, 256)],[(1, 256)],[(1, 256)] paths=[op0[0]*op1[0]*op2[0]*1.]: got uv,iu,iv operands=[(256, 256)],[(1, 256)],[(1, 256)] paths=[op0[0]*op1[0]*op2[0]*0.06]
2025-10-07 02:40:55.273 DEBUG: Normalized paths for operand 2 in uv,iu,iv operands=[(256, 16)],[(1, 256)],[(1, 16)] paths=[op0[0]*op1[0]*op2[0]*1.]: got uv,iu,iv operands=[(256, 16)],[(1, 256)],[(1, 16)] paths=[op0[0]*op1[0]*op2[0]*0.06]
2025-10-07 02:40:55.316 DEBUG: Normalized paths for operand 2 in uv,iu,iv operands=[(16, 1)],[(1, 16)],[(1, 1)] paths=[op0[0]*op1[0]*op2[0]*1.]: got uv,iu,iv operands=[(16, 1)],[(1, 16)],[(1, 1)] paths=[op0[0]*op1[0]*op2[0]*0.25]
2025-10-07 02:40:55.337 DEBUG: Transferring key interactions.1.linear.weight after adapting shape (655360,) → (1, 655360) -> torch.Size([1, 655360])
2025-10-07 02:40:55.337 DEBUG: Transferring additional key: r_max
2025-10-07 02:40:55.337 DEBUG: Transferring additional key: interactions.0.conv_tp_weights.layer3.weight
2025-10-07 02:40:55.337 DEBUG: Transferring additional key: num_interactions
2025-10-07 02:40:55.337 DEBUG: Transferring additional key: scale_shift.shift
2025-10-07 02:40:55.337 DEBUG: Transferring key readouts.1.linear_1.weight after adapting shape (4096,) → (1, 4096) -> torch.Size([1, 4096])
2025-10-07 02:40:55.337 DEBUG: Transferring additional key: radial_embedding.bessel_fn.prefactor
2025-10-07 02:40:55.337 DEBUG: Transferring additional key: atomic_energies_fn.atomic_energies
2025-10-07 02:40:55.337 DEBUG: Transferring key products.0.linear.weight after adapting shape (131072,) → (1, 131072) -> torch.Size([1, 131072])
2025-10-07 02:40:55.337 DEBUG: Transferring additional key: interactions.0.conv_tp_weights.layer0.weight
2025-10-07 02:40:55.338 DEBUG: Transferring additional key: radial_embedding.cutoff_fn.p
2025-10-07 02:40:55.338 DEBUG: Transferring additional key: interactions.1.conv_tp_weights.layer2.weight
2025-10-07 02:40:55.338 DEBUG: Transferring additional key: interactions.1.conv_tp_weights.layer3.weight
2025-10-07 02:40:55.338 DEBUG: Transferring additional key: interactions.0.conv_tp_weights.layer2.weight
2025-10-07 02:40:55.338 DEBUG: Transferring key readouts.1.linear_2.weight after adapting shape (16,) → (1, 16) -> torch.Size([1, 16])
2025-10-07 02:40:55.338 DEBUG: Transferring additional key: interactions.1.conv_tp_weights.layer0.weight
2025-10-07 02:40:55.338 DEBUG: Transferring key readouts.0.linear.weight after adapting shape (256,) → (1, 256) -> torch.Size([1, 256])
2025-10-07 02:40:55.338 DEBUG: Transferring additional key: radial_embedding.bessel_fn.r_max
2025-10-07 02:40:55.338 DEBUG: Transferring additional key: scale_shift.scale
2025-10-07 02:40:55.338 DEBUG: Transferring additional key: atomic_numbers
2025-10-07 02:40:55.338 DEBUG: Transferring additional key: interactions.1.conv_tp_weights.layer1.weight
2025-10-07 02:40:55.338 DEBUG: Transferring key interactions.0.linear_up.weight after adapting shape (65536,) → (1, 65536) -> torch.Size([1, 65536])
2025-10-07 02:40:55.338 DEBUG: Transferring key interactions.1.skip_tp.weight after adapting shape (131072,) → (1, 131072) -> torch.Size([1, 131072])
2025-10-07 02:40:55.339 DEBUG: Transferring key node_embedding.linear.weight after adapting shape (512,) → (1, 512) -> torch.Size([1, 512])
2025-10-07 02:40:55.339 DEBUG: Transferring additional key: radial_embedding.cutoff_fn.r_max
2025-10-07 02:40:55.339 DEBUG: Transferring key interactions.0.linear.weight after adapting shape (262144,) → (1, 262144) -> torch.Size([1, 262144])
2025-10-07 02:40:55.339 DEBUG: Transferring key interactions.1.linear_up.weight after adapting shape (131072,) → (1, 131072) -> torch.Size([1, 131072])
2025-10-07 02:40:55.339 DEBUG: Transferring additional key: radial_embedding.bessel_fn.bessel_weights
2025-10-07 02:40:55.339 DEBUG: Transferring additional key: interactions.0.conv_tp_weights.layer1.weight
2025-10-07 02:40:55.339 DEBUG: Transferring key interactions.0.skip_tp.weight after adapting shape (524288,) → (1, 524288) -> torch.Size([1, 524288])
2025-10-07 02:40:55.339 DEBUG: Transferring key products.1.linear.weight after adapting shape (65536,) → (1, 65536) -> torch.Size([1, 65536])
2025-10-07 02:40:55.346 INFO: Stage Two (after 75 epochs) with loss function: WeightedEnergyForcesLoss(energy_weight=1000.000, forces_weight=100.000), with energy weight : 1000.0, forces weight : 100.0 and learning rate : 0.001
2025-10-07 02:40:55.442 INFO: Using Weights and Biases for logging
2025-10-07 02:40:55.844 DEBUG: sys.platform='linux', git_executable='git'
2025-10-07 02:40:56.586 INFO: Using gradient clipping with tolerance=10.000
2025-10-07 02:40:56.588 INFO: 
2025-10-07 02:40:56.589 INFO: ===========TRAINING===========
2025-10-07 02:40:56.590 INFO: Started training, reporting errors on validation set
2025-10-07 02:40:56.591 INFO: Loss metrics on validation set
2025-10-07 02:40:57.268 INFO: Initial: head: Default, loss=18.01621703, RMSE_E_per_atom= 7278.61 meV, RMSE_F= 1128.96 meV / A
2025-10-07 02:41:10.409 INFO: Epoch 0: head: Default, loss=2.12967651, RMSE_E_per_atom= 1039.91 meV, RMSE_F=  448.20 meV / A
2025-10-07 02:41:10.411 DEBUG: Running inference on train_Default dataset
2025-10-07 02:41:10.464 DEBUG: Plotting failed: too many indices for tensor of dimension 1
2025-10-07 02:41:10.468 DEBUG: Saving checkpoint: models/HfOx_from-scratch_3/HfOx_from-scratch_run-123_epoch-0.pt
2025-10-07 02:41:22.301 INFO: Epoch 1: head: Default, loss=2.30011713, RMSE_E_per_atom=  806.40 meV, RMSE_F=  471.56 meV / A
2025-10-07 02:41:35.316 INFO: Epoch 2: head: Default, loss=1.26513484, RMSE_E_per_atom=  702.75 meV, RMSE_F=  347.66 meV / A
2025-10-07 02:41:35.330 DEBUG: Deleting old checkpoint file: models/HfOx_from-scratch_3/HfOx_from-scratch_run-123_epoch-0.pt
2025-10-07 02:41:35.337 DEBUG: Saving checkpoint: models/HfOx_from-scratch_3/HfOx_from-scratch_run-123_epoch-2.pt
2025-10-07 02:41:48.460 INFO: Epoch 3: head: Default, loss=0.99596995, RMSE_E_per_atom=  518.49 meV, RMSE_F=  310.78 meV / A
2025-10-07 02:41:48.464 DEBUG: Deleting old checkpoint file: models/HfOx_from-scratch_3/HfOx_from-scratch_run-123_epoch-2.pt
2025-10-07 02:41:48.471 DEBUG: Saving checkpoint: models/HfOx_from-scratch_3/HfOx_from-scratch_run-123_epoch-3.pt
2025-10-07 02:42:02.039 INFO: Epoch 4: head: Default, loss=0.82506459, RMSE_E_per_atom=  406.71 meV, RMSE_F=  283.51 meV / A
2025-10-07 02:42:02.043 DEBUG: Deleting old checkpoint file: models/HfOx_from-scratch_3/HfOx_from-scratch_run-123_epoch-3.pt
2025-10-07 02:42:02.050 DEBUG: Saving checkpoint: models/HfOx_from-scratch_3/HfOx_from-scratch_run-123_epoch-4.pt
2025-10-07 02:42:15.171 INFO: Epoch 5: head: Default, loss=0.73862603, RMSE_E_per_atom=  345.57 meV, RMSE_F=  268.80 meV / A
2025-10-07 02:42:15.176 DEBUG: Deleting old checkpoint file: models/HfOx_from-scratch_3/HfOx_from-scratch_run-123_epoch-4.pt
2025-10-07 02:42:15.183 DEBUG: Saving checkpoint: models/HfOx_from-scratch_3/HfOx_from-scratch_run-123_epoch-5.pt
2025-10-07 02:42:28.379 INFO: Epoch 6: head: Default, loss=0.66943984, RMSE_E_per_atom=  292.76 meV, RMSE_F=  256.21 meV / A
2025-10-07 02:42:28.383 DEBUG: Deleting old checkpoint file: models/HfOx_from-scratch_3/HfOx_from-scratch_run-123_epoch-5.pt
2025-10-07 02:42:28.390 DEBUG: Saving checkpoint: models/HfOx_from-scratch_3/HfOx_from-scratch_run-123_epoch-6.pt
2025-10-07 02:42:41.576 INFO: Epoch 7: head: Default, loss=0.61522162, RMSE_E_per_atom=  266.37 meV, RMSE_F=  245.70 meV / A
2025-10-07 02:42:41.581 DEBUG: Deleting old checkpoint file: models/HfOx_from-scratch_3/HfOx_from-scratch_run-123_epoch-6.pt
2025-10-07 02:42:41.588 DEBUG: Saving checkpoint: models/HfOx_from-scratch_3/HfOx_from-scratch_run-123_epoch-7.pt
2025-10-07 02:42:54.767 INFO: Epoch 8: head: Default, loss=0.56979013, RMSE_E_per_atom=  241.08 meV, RMSE_F=  236.55 meV / A
2025-10-07 02:42:54.772 DEBUG: Deleting old checkpoint file: models/HfOx_from-scratch_3/HfOx_from-scratch_run-123_epoch-7.pt
2025-10-07 02:42:54.789 DEBUG: Saving checkpoint: models/HfOx_from-scratch_3/HfOx_from-scratch_run-123_epoch-8.pt
2025-10-07 02:43:07.957 INFO: Epoch 9: head: Default, loss=0.54125304, RMSE_E_per_atom=  221.13 meV, RMSE_F=  230.84 meV / A
2025-10-07 02:43:07.961 DEBUG: Deleting old checkpoint file: models/HfOx_from-scratch_3/HfOx_from-scratch_run-123_epoch-8.pt
2025-10-07 02:43:07.968 DEBUG: Saving checkpoint: models/HfOx_from-scratch_3/HfOx_from-scratch_run-123_epoch-9.pt
2025-10-07 02:43:21.148 INFO: Epoch 10: head: Default, loss=0.50230799, RMSE_E_per_atom=  198.49 meV, RMSE_F=  222.29 meV / A
2025-10-07 02:43:21.150 DEBUG: Running inference on train_Default dataset
2025-10-07 02:43:21.197 DEBUG: Plotting failed: too many indices for tensor of dimension 1
2025-10-07 02:43:21.200 DEBUG: Deleting old checkpoint file: models/HfOx_from-scratch_3/HfOx_from-scratch_run-123_epoch-9.pt
2025-10-07 02:43:21.208 DEBUG: Saving checkpoint: models/HfOx_from-scratch_3/HfOx_from-scratch_run-123_epoch-10.pt
2025-10-07 02:43:33.048 INFO: Epoch 11: head: Default, loss=0.53984515, RMSE_E_per_atom=  232.78 meV, RMSE_F=  230.18 meV / A
2025-10-07 02:43:46.074 INFO: Epoch 12: head: Default, loss=0.48445421, RMSE_E_per_atom=  184.48 meV, RMSE_F=  218.25 meV / A
2025-10-07 02:43:46.078 DEBUG: Deleting old checkpoint file: models/HfOx_from-scratch_3/HfOx_from-scratch_run-123_epoch-10.pt
2025-10-07 02:43:46.086 DEBUG: Saving checkpoint: models/HfOx_from-scratch_3/HfOx_from-scratch_run-123_epoch-12.pt
2025-10-07 02:43:59.434 INFO: Epoch 13: head: Default, loss=0.45235415, RMSE_E_per_atom=  147.75 meV, RMSE_F=  211.18 meV / A
2025-10-07 02:43:59.439 DEBUG: Deleting old checkpoint file: models/HfOx_from-scratch_3/HfOx_from-scratch_run-123_epoch-12.pt
2025-10-07 02:43:59.446 DEBUG: Saving checkpoint: models/HfOx_from-scratch_3/HfOx_from-scratch_run-123_epoch-13.pt
2025-10-07 02:44:12.681 INFO: Epoch 14: head: Default, loss=0.43835980, RMSE_E_per_atom=  163.56 meV, RMSE_F=  207.70 meV / A
2025-10-07 02:44:12.685 DEBUG: Deleting old checkpoint file: models/HfOx_from-scratch_3/HfOx_from-scratch_run-123_epoch-13.pt
2025-10-07 02:44:12.692 DEBUG: Saving checkpoint: models/HfOx_from-scratch_3/HfOx_from-scratch_run-123_epoch-14.pt
2025-10-07 02:44:25.901 INFO: Epoch 15: head: Default, loss=0.41791287, RMSE_E_per_atom=  153.31 meV, RMSE_F=  202.78 meV / A
2025-10-07 02:44:25.906 DEBUG: Deleting old checkpoint file: models/HfOx_from-scratch_3/HfOx_from-scratch_run-123_epoch-14.pt
2025-10-07 02:44:25.913 DEBUG: Saving checkpoint: models/HfOx_from-scratch_3/HfOx_from-scratch_run-123_epoch-15.pt
2025-10-07 02:44:39.283 INFO: Epoch 16: head: Default, loss=0.39951471, RMSE_E_per_atom=  126.92 meV, RMSE_F=  198.38 meV / A
2025-10-07 02:44:39.288 DEBUG: Deleting old checkpoint file: models/HfOx_from-scratch_3/HfOx_from-scratch_run-123_epoch-15.pt
2025-10-07 02:44:39.296 DEBUG: Saving checkpoint: models/HfOx_from-scratch_3/HfOx_from-scratch_run-123_epoch-16.pt
2025-10-07 02:44:52.666 INFO: Epoch 17: head: Default, loss=0.38592314, RMSE_E_per_atom=  112.19 meV, RMSE_F=  194.97 meV / A
2025-10-07 02:44:52.670 DEBUG: Deleting old checkpoint file: models/HfOx_from-scratch_3/HfOx_from-scratch_run-123_epoch-16.pt
2025-10-07 02:44:52.677 DEBUG: Saving checkpoint: models/HfOx_from-scratch_3/HfOx_from-scratch_run-123_epoch-17.pt
2025-10-07 02:45:05.837 INFO: Epoch 18: head: Default, loss=0.37460399, RMSE_E_per_atom=  105.93 meV, RMSE_F=  192.15 meV / A
2025-10-07 02:45:05.841 DEBUG: Deleting old checkpoint file: models/HfOx_from-scratch_3/HfOx_from-scratch_run-123_epoch-17.pt
2025-10-07 02:45:05.848 DEBUG: Saving checkpoint: models/HfOx_from-scratch_3/HfOx_from-scratch_run-123_epoch-18.pt
2025-10-07 02:45:19.036 INFO: Epoch 19: head: Default, loss=0.36645766, RMSE_E_per_atom=  124.05 meV, RMSE_F=  189.93 meV / A
2025-10-07 02:45:19.040 DEBUG: Deleting old checkpoint file: models/HfOx_from-scratch_3/HfOx_from-scratch_run-123_epoch-18.pt
2025-10-07 02:45:19.049 DEBUG: Saving checkpoint: models/HfOx_from-scratch_3/HfOx_from-scratch_run-123_epoch-19.pt
2025-10-07 02:45:32.344 INFO: Epoch 20: head: Default, loss=0.35465318, RMSE_E_per_atom=  119.78 meV, RMSE_F=  186.70 meV / A
2025-10-07 02:45:32.346 DEBUG: Running inference on train_Default dataset
2025-10-07 02:45:32.394 DEBUG: Plotting failed: too many indices for tensor of dimension 1
2025-10-07 02:45:32.398 DEBUG: Deleting old checkpoint file: models/HfOx_from-scratch_3/HfOx_from-scratch_run-123_epoch-19.pt
2025-10-07 02:45:32.405 DEBUG: Saving checkpoint: models/HfOx_from-scratch_3/HfOx_from-scratch_run-123_epoch-20.pt
2025-10-07 02:45:44.130 INFO: Epoch 21: head: Default, loss=0.36723018, RMSE_E_per_atom=  130.86 meV, RMSE_F=  189.87 meV / A
2025-10-07 02:45:57.071 INFO: Epoch 22: head: Default, loss=0.34223876, RMSE_E_per_atom=  104.32 meV, RMSE_F=  183.51 meV / A
2025-10-07 02:45:57.075 DEBUG: Deleting old checkpoint file: models/HfOx_from-scratch_3/HfOx_from-scratch_run-123_epoch-20.pt
2025-10-07 02:45:57.082 DEBUG: Saving checkpoint: models/HfOx_from-scratch_3/HfOx_from-scratch_run-123_epoch-22.pt
2025-10-07 02:46:10.347 INFO: Epoch 23: head: Default, loss=0.33616551, RMSE_E_per_atom=  103.20 meV, RMSE_F=  181.87 meV / A
2025-10-07 02:46:10.351 DEBUG: Deleting old checkpoint file: models/HfOx_from-scratch_3/HfOx_from-scratch_run-123_epoch-22.pt
2025-10-07 02:46:10.359 DEBUG: Saving checkpoint: models/HfOx_from-scratch_3/HfOx_from-scratch_run-123_epoch-23.pt
2025-10-07 02:46:23.673 INFO: Epoch 24: head: Default, loss=0.32811159, RMSE_E_per_atom=   98.73 meV, RMSE_F=  179.74 meV / A
2025-10-07 02:46:23.677 DEBUG: Deleting old checkpoint file: models/HfOx_from-scratch_3/HfOx_from-scratch_run-123_epoch-23.pt
2025-10-07 02:46:23.685 DEBUG: Saving checkpoint: models/HfOx_from-scratch_3/HfOx_from-scratch_run-123_epoch-24.pt
2025-10-07 02:46:36.979 INFO: Epoch 25: head: Default, loss=0.32415444, RMSE_E_per_atom=   93.17 meV, RMSE_F=  178.45 meV / A
2025-10-07 02:46:36.983 DEBUG: Deleting old checkpoint file: models/HfOx_from-scratch_3/HfOx_from-scratch_run-123_epoch-24.pt
2025-10-07 02:46:36.990 DEBUG: Saving checkpoint: models/HfOx_from-scratch_3/HfOx_from-scratch_run-123_epoch-25.pt
2025-10-07 02:46:50.191 INFO: Epoch 26: head: Default, loss=0.31717448, RMSE_E_per_atom=   93.65 meV, RMSE_F=  176.53 meV / A
2025-10-07 02:46:50.195 DEBUG: Deleting old checkpoint file: models/HfOx_from-scratch_3/HfOx_from-scratch_run-123_epoch-25.pt
2025-10-07 02:46:50.203 DEBUG: Saving checkpoint: models/HfOx_from-scratch_3/HfOx_from-scratch_run-123_epoch-26.pt
2025-10-07 02:47:03.349 INFO: Epoch 27: head: Default, loss=0.31076368, RMSE_E_per_atom=  101.60 meV, RMSE_F=  174.67 meV / A
2025-10-07 02:47:03.354 DEBUG: Deleting old checkpoint file: models/HfOx_from-scratch_3/HfOx_from-scratch_run-123_epoch-26.pt
2025-10-07 02:47:03.361 DEBUG: Saving checkpoint: models/HfOx_from-scratch_3/HfOx_from-scratch_run-123_epoch-27.pt
2025-10-07 02:47:16.572 INFO: Epoch 28: head: Default, loss=0.30674462, RMSE_E_per_atom=   96.98 meV, RMSE_F=  173.59 meV / A
2025-10-07 02:47:16.576 DEBUG: Deleting old checkpoint file: models/HfOx_from-scratch_3/HfOx_from-scratch_run-123_epoch-27.pt
2025-10-07 02:47:16.583 DEBUG: Saving checkpoint: models/HfOx_from-scratch_3/HfOx_from-scratch_run-123_epoch-28.pt
2025-10-07 02:47:29.866 INFO: Epoch 29: head: Default, loss=0.30413475, RMSE_E_per_atom=  100.28 meV, RMSE_F=  172.80 meV / A
2025-10-07 02:47:29.870 DEBUG: Deleting old checkpoint file: models/HfOx_from-scratch_3/HfOx_from-scratch_run-123_epoch-28.pt
2025-10-07 02:47:29.877 DEBUG: Saving checkpoint: models/HfOx_from-scratch_3/HfOx_from-scratch_run-123_epoch-29.pt
2025-10-07 02:47:43.044 INFO: Epoch 30: head: Default, loss=0.30046471, RMSE_E_per_atom=  107.26 meV, RMSE_F=  171.74 meV / A
2025-10-07 02:47:43.045 DEBUG: Running inference on train_Default dataset
2025-10-07 02:47:43.092 DEBUG: Plotting failed: too many indices for tensor of dimension 1
2025-10-07 02:47:43.096 DEBUG: Deleting old checkpoint file: models/HfOx_from-scratch_3/HfOx_from-scratch_run-123_epoch-29.pt
2025-10-07 02:47:43.105 DEBUG: Saving checkpoint: models/HfOx_from-scratch_3/HfOx_from-scratch_run-123_epoch-30.pt
2025-10-07 02:47:55.031 INFO: Epoch 31: head: Default, loss=0.33626476, RMSE_E_per_atom=  123.51 meV, RMSE_F=  181.92 meV / A
2025-10-07 02:48:07.941 INFO: Epoch 32: head: Default, loss=0.29947439, RMSE_E_per_atom=   96.05 meV, RMSE_F=  171.62 meV / A
2025-10-07 02:48:07.945 DEBUG: Deleting old checkpoint file: models/HfOx_from-scratch_3/HfOx_from-scratch_run-123_epoch-30.pt
2025-10-07 02:48:07.953 DEBUG: Saving checkpoint: models/HfOx_from-scratch_3/HfOx_from-scratch_run-123_epoch-32.pt
2025-10-07 02:48:21.241 INFO: Epoch 33: head: Default, loss=0.29648897, RMSE_E_per_atom=  104.33 meV, RMSE_F=  170.63 meV / A
2025-10-07 02:48:21.246 DEBUG: Deleting old checkpoint file: models/HfOx_from-scratch_3/HfOx_from-scratch_run-123_epoch-32.pt
2025-10-07 02:48:21.254 DEBUG: Saving checkpoint: models/HfOx_from-scratch_3/HfOx_from-scratch_run-123_epoch-33.pt
2025-10-07 02:48:34.578 INFO: Epoch 34: head: Default, loss=0.28824230, RMSE_E_per_atom=  104.26 meV, RMSE_F=  168.20 meV / A
2025-10-07 02:48:34.583 DEBUG: Deleting old checkpoint file: models/HfOx_from-scratch_3/HfOx_from-scratch_run-123_epoch-33.pt
2025-10-07 02:48:34.590 DEBUG: Saving checkpoint: models/HfOx_from-scratch_3/HfOx_from-scratch_run-123_epoch-34.pt
2025-10-07 02:48:47.808 INFO: Epoch 35: head: Default, loss=0.28747066, RMSE_E_per_atom=  105.88 meV, RMSE_F=  167.96 meV / A
2025-10-07 02:48:47.812 DEBUG: Deleting old checkpoint file: models/HfOx_from-scratch_3/HfOx_from-scratch_run-123_epoch-34.pt
2025-10-07 02:48:47.820 DEBUG: Saving checkpoint: models/HfOx_from-scratch_3/HfOx_from-scratch_run-123_epoch-35.pt
2025-10-07 02:49:01.064 INFO: Epoch 36: head: Default, loss=0.27750081, RMSE_E_per_atom=   91.19 meV, RMSE_F=  165.13 meV / A
2025-10-07 02:49:01.068 DEBUG: Deleting old checkpoint file: models/HfOx_from-scratch_3/HfOx_from-scratch_run-123_epoch-35.pt
2025-10-07 02:49:01.079 DEBUG: Saving checkpoint: models/HfOx_from-scratch_3/HfOx_from-scratch_run-123_epoch-36.pt
2025-10-07 02:49:14.292 INFO: Epoch 37: head: Default, loss=0.27554058, RMSE_E_per_atom=   87.95 meV, RMSE_F=  164.60 meV / A
2025-10-07 02:49:14.296 DEBUG: Deleting old checkpoint file: models/HfOx_from-scratch_3/HfOx_from-scratch_run-123_epoch-36.pt
2025-10-07 02:49:14.304 DEBUG: Saving checkpoint: models/HfOx_from-scratch_3/HfOx_from-scratch_run-123_epoch-37.pt
2025-10-07 02:49:27.489 INFO: Epoch 38: head: Default, loss=0.27173093, RMSE_E_per_atom=   79.68 meV, RMSE_F=  163.55 meV / A
2025-10-07 02:49:27.493 DEBUG: Deleting old checkpoint file: models/HfOx_from-scratch_3/HfOx_from-scratch_run-123_epoch-37.pt
2025-10-07 02:49:27.500 DEBUG: Saving checkpoint: models/HfOx_from-scratch_3/HfOx_from-scratch_run-123_epoch-38.pt
2025-10-07 02:49:40.671 INFO: Epoch 39: head: Default, loss=0.27017430, RMSE_E_per_atom=   82.83 meV, RMSE_F=  162.96 meV / A
2025-10-07 02:49:40.675 DEBUG: Deleting old checkpoint file: models/HfOx_from-scratch_3/HfOx_from-scratch_run-123_epoch-38.pt
2025-10-07 02:49:40.682 DEBUG: Saving checkpoint: models/HfOx_from-scratch_3/HfOx_from-scratch_run-123_epoch-39.pt
2025-10-07 02:49:53.859 INFO: Epoch 40: head: Default, loss=0.26645313, RMSE_E_per_atom=   83.20 meV, RMSE_F=  161.94 meV / A
2025-10-07 02:49:53.861 DEBUG: Running inference on train_Default dataset
2025-10-07 02:49:53.913 DEBUG: Plotting failed: too many indices for tensor of dimension 1
2025-10-07 02:49:53.917 DEBUG: Deleting old checkpoint file: models/HfOx_from-scratch_3/HfOx_from-scratch_run-123_epoch-39.pt
2025-10-07 02:49:53.927 DEBUG: Saving checkpoint: models/HfOx_from-scratch_3/HfOx_from-scratch_run-123_epoch-40.pt
2025-10-07 02:50:05.731 INFO: Epoch 41: head: Default, loss=0.28713278, RMSE_E_per_atom=   86.53 meV, RMSE_F=  168.08 meV / A
2025-10-07 02:50:18.784 INFO: Epoch 42: head: Default, loss=0.26333272, RMSE_E_per_atom=   83.85 meV, RMSE_F=  160.87 meV / A
2025-10-07 02:50:18.788 DEBUG: Deleting old checkpoint file: models/HfOx_from-scratch_3/HfOx_from-scratch_run-123_epoch-40.pt
2025-10-07 02:50:18.789 DEBUG: Saving checkpoint: models/HfOx_from-scratch_3/HfOx_from-scratch_run-123_epoch-42.pt
2025-10-07 02:50:31.946 INFO: Epoch 43: head: Default, loss=0.25870853, RMSE_E_per_atom=   77.84 meV, RMSE_F=  159.59 meV / A
2025-10-07 02:50:31.950 DEBUG: Deleting old checkpoint file: models/HfOx_from-scratch_3/HfOx_from-scratch_run-123_epoch-42.pt
2025-10-07 02:50:31.957 DEBUG: Saving checkpoint: models/HfOx_from-scratch_3/HfOx_from-scratch_run-123_epoch-43.pt
2025-10-07 02:50:45.067 INFO: Epoch 44: head: Default, loss=0.25610414, RMSE_E_per_atom=   76.58 meV, RMSE_F=  158.81 meV / A
2025-10-07 02:50:45.071 DEBUG: Deleting old checkpoint file: models/HfOx_from-scratch_3/HfOx_from-scratch_run-123_epoch-43.pt
2025-10-07 02:50:45.080 DEBUG: Saving checkpoint: models/HfOx_from-scratch_3/HfOx_from-scratch_run-123_epoch-44.pt
2025-10-07 02:50:58.186 INFO: Epoch 45: head: Default, loss=0.25619278, RMSE_E_per_atom=   84.05 meV, RMSE_F=  158.74 meV / A
2025-10-07 02:51:11.089 INFO: Epoch 46: head: Default, loss=0.25365307, RMSE_E_per_atom=   79.04 meV, RMSE_F=  157.98 meV / A
2025-10-07 02:51:11.094 DEBUG: Deleting old checkpoint file: models/HfOx_from-scratch_3/HfOx_from-scratch_run-123_epoch-44.pt
2025-10-07 02:51:11.106 DEBUG: Saving checkpoint: models/HfOx_from-scratch_3/HfOx_from-scratch_run-123_epoch-46.pt
2025-10-07 02:51:24.361 INFO: Epoch 47: head: Default, loss=0.24824188, RMSE_E_per_atom=   75.51 meV, RMSE_F=  156.33 meV / A
2025-10-07 02:51:24.365 DEBUG: Deleting old checkpoint file: models/HfOx_from-scratch_3/HfOx_from-scratch_run-123_epoch-46.pt
2025-10-07 02:51:24.373 DEBUG: Saving checkpoint: models/HfOx_from-scratch_3/HfOx_from-scratch_run-123_epoch-47.pt
2025-10-07 02:51:37.509 INFO: Epoch 48: head: Default, loss=0.24383107, RMSE_E_per_atom=   72.49 meV, RMSE_F=  154.85 meV / A
2025-10-07 02:51:37.513 DEBUG: Deleting old checkpoint file: models/HfOx_from-scratch_3/HfOx_from-scratch_run-123_epoch-47.pt
2025-10-07 02:51:37.524 DEBUG: Saving checkpoint: models/HfOx_from-scratch_3/HfOx_from-scratch_run-123_epoch-48.pt
2025-10-07 02:51:50.703 INFO: Epoch 49: head: Default, loss=0.24203623, RMSE_E_per_atom=   84.22 meV, RMSE_F=  154.20 meV / A
2025-10-07 02:51:50.708 DEBUG: Deleting old checkpoint file: models/HfOx_from-scratch_3/HfOx_from-scratch_run-123_epoch-48.pt
2025-10-07 02:51:50.715 DEBUG: Saving checkpoint: models/HfOx_from-scratch_3/HfOx_from-scratch_run-123_epoch-49.pt
2025-10-07 02:52:03.958 INFO: Epoch 50: head: Default, loss=0.24133334, RMSE_E_per_atom=   73.00 meV, RMSE_F=  154.06 meV / A
2025-10-07 02:52:03.960 DEBUG: Running inference on train_Default dataset
2025-10-07 02:52:04.005 DEBUG: Plotting failed: too many indices for tensor of dimension 1
2025-10-07 02:52:04.009 DEBUG: Deleting old checkpoint file: models/HfOx_from-scratch_3/HfOx_from-scratch_run-123_epoch-49.pt
2025-10-07 02:52:04.017 DEBUG: Saving checkpoint: models/HfOx_from-scratch_3/HfOx_from-scratch_run-123_epoch-50.pt
2025-10-07 02:52:15.782 INFO: Epoch 51: head: Default, loss=0.25588234, RMSE_E_per_atom=   87.27 meV, RMSE_F=  158.62 meV / A
2025-10-07 02:52:28.695 INFO: Epoch 52: head: Default, loss=0.23922893, RMSE_E_per_atom=   75.63 meV, RMSE_F=  153.35 meV / A
2025-10-07 02:52:28.699 DEBUG: Deleting old checkpoint file: models/HfOx_from-scratch_3/HfOx_from-scratch_run-123_epoch-50.pt
2025-10-07 02:52:28.706 DEBUG: Saving checkpoint: models/HfOx_from-scratch_3/HfOx_from-scratch_run-123_epoch-52.pt
2025-10-07 02:52:42.028 INFO: Epoch 53: head: Default, loss=0.23687210, RMSE_E_per_atom=   70.69 meV, RMSE_F=  152.63 meV / A
2025-10-07 02:52:42.032 DEBUG: Deleting old checkpoint file: models/HfOx_from-scratch_3/HfOx_from-scratch_run-123_epoch-52.pt
2025-10-07 02:52:42.040 DEBUG: Saving checkpoint: models/HfOx_from-scratch_3/HfOx_from-scratch_run-123_epoch-53.pt
2025-10-07 02:52:55.381 INFO: Epoch 54: head: Default, loss=0.23760939, RMSE_E_per_atom=   75.58 meV, RMSE_F=  152.84 meV / A
2025-10-07 02:53:08.370 INFO: Epoch 55: head: Default, loss=0.23621743, RMSE_E_per_atom=   73.04 meV, RMSE_F=  152.62 meV / A
2025-10-07 02:53:08.375 DEBUG: Deleting old checkpoint file: models/HfOx_from-scratch_3/HfOx_from-scratch_run-123_epoch-53.pt
2025-10-07 02:53:08.382 DEBUG: Saving checkpoint: models/HfOx_from-scratch_3/HfOx_from-scratch_run-123_epoch-55.pt
2025-10-07 02:53:21.651 INFO: Epoch 56: head: Default, loss=0.23425851, RMSE_E_per_atom=   77.55 meV, RMSE_F=  151.83 meV / A
2025-10-07 02:53:21.655 DEBUG: Deleting old checkpoint file: models/HfOx_from-scratch_3/HfOx_from-scratch_run-123_epoch-55.pt
2025-10-07 02:53:21.663 DEBUG: Saving checkpoint: models/HfOx_from-scratch_3/HfOx_from-scratch_run-123_epoch-56.pt
2025-10-07 02:53:34.914 INFO: Epoch 57: head: Default, loss=0.23137488, RMSE_E_per_atom=   68.32 meV, RMSE_F=  150.86 meV / A
2025-10-07 02:53:34.919 DEBUG: Deleting old checkpoint file: models/HfOx_from-scratch_3/HfOx_from-scratch_run-123_epoch-56.pt
2025-10-07 02:53:34.926 DEBUG: Saving checkpoint: models/HfOx_from-scratch_3/HfOx_from-scratch_run-123_epoch-57.pt
2025-10-07 02:53:48.131 INFO: Epoch 58: head: Default, loss=0.23070151, RMSE_E_per_atom=   68.90 meV, RMSE_F=  150.69 meV / A
2025-10-07 02:53:48.136 DEBUG: Deleting old checkpoint file: models/HfOx_from-scratch_3/HfOx_from-scratch_run-123_epoch-57.pt
2025-10-07 02:53:48.144 DEBUG: Saving checkpoint: models/HfOx_from-scratch_3/HfOx_from-scratch_run-123_epoch-58.pt
2025-10-07 02:54:01.352 INFO: Epoch 59: head: Default, loss=0.22983951, RMSE_E_per_atom=   70.24 meV, RMSE_F=  150.40 meV / A
2025-10-07 02:54:01.356 DEBUG: Deleting old checkpoint file: models/HfOx_from-scratch_3/HfOx_from-scratch_run-123_epoch-58.pt
2025-10-07 02:54:01.363 DEBUG: Saving checkpoint: models/HfOx_from-scratch_3/HfOx_from-scratch_run-123_epoch-59.pt
2025-10-07 02:54:14.591 INFO: Epoch 60: head: Default, loss=0.22910577, RMSE_E_per_atom=   66.11 meV, RMSE_F=  150.18 meV / A
2025-10-07 02:54:14.592 DEBUG: Running inference on train_Default dataset
2025-10-07 02:54:14.638 DEBUG: Plotting failed: too many indices for tensor of dimension 1
2025-10-07 02:54:14.642 DEBUG: Deleting old checkpoint file: models/HfOx_from-scratch_3/HfOx_from-scratch_run-123_epoch-59.pt
2025-10-07 02:54:14.650 DEBUG: Saving checkpoint: models/HfOx_from-scratch_3/HfOx_from-scratch_run-123_epoch-60.pt
2025-10-07 02:54:26.443 INFO: Epoch 61: head: Default, loss=0.23562245, RMSE_E_per_atom=   63.39 meV, RMSE_F=  152.31 meV / A
2025-10-07 02:54:39.377 INFO: Epoch 62: head: Default, loss=0.22718440, RMSE_E_per_atom=   61.00 meV, RMSE_F=  149.53 meV / A
2025-10-07 02:54:39.381 DEBUG: Deleting old checkpoint file: models/HfOx_from-scratch_3/HfOx_from-scratch_run-123_epoch-60.pt
2025-10-07 02:54:39.389 DEBUG: Saving checkpoint: models/HfOx_from-scratch_3/HfOx_from-scratch_run-123_epoch-62.pt
2025-10-07 02:54:52.611 INFO: Epoch 63: head: Default, loss=0.22380377, RMSE_E_per_atom=   62.00 meV, RMSE_F=  148.40 meV / A
2025-10-07 02:54:52.615 DEBUG: Deleting old checkpoint file: models/HfOx_from-scratch_3/HfOx_from-scratch_run-123_epoch-62.pt
2025-10-07 02:54:52.623 DEBUG: Saving checkpoint: models/HfOx_from-scratch_3/HfOx_from-scratch_run-123_epoch-63.pt
2025-10-07 02:55:05.785 INFO: Epoch 64: head: Default, loss=0.22301424, RMSE_E_per_atom=   61.79 meV, RMSE_F=  148.16 meV / A
2025-10-07 02:55:05.790 DEBUG: Deleting old checkpoint file: models/HfOx_from-scratch_3/HfOx_from-scratch_run-123_epoch-63.pt
2025-10-07 02:55:05.797 DEBUG: Saving checkpoint: models/HfOx_from-scratch_3/HfOx_from-scratch_run-123_epoch-64.pt
2025-10-07 02:55:19.040 INFO: Epoch 65: head: Default, loss=0.22346504, RMSE_E_per_atom=   63.70 meV, RMSE_F=  148.29 meV / A
2025-10-07 02:55:32.018 INFO: Epoch 66: head: Default, loss=0.22223457, RMSE_E_per_atom=   62.81 meV, RMSE_F=  147.90 meV / A
2025-10-07 02:55:32.022 DEBUG: Deleting old checkpoint file: models/HfOx_from-scratch_3/HfOx_from-scratch_run-123_epoch-64.pt
2025-10-07 02:55:32.030 DEBUG: Saving checkpoint: models/HfOx_from-scratch_3/HfOx_from-scratch_run-123_epoch-66.pt
2025-10-07 02:55:45.237 INFO: Epoch 67: head: Default, loss=0.22330758, RMSE_E_per_atom=   65.48 meV, RMSE_F=  148.22 meV / A
2025-10-07 02:55:58.196 INFO: Epoch 68: head: Default, loss=0.22362473, RMSE_E_per_atom=   70.65 meV, RMSE_F=  148.29 meV / A
2025-10-07 02:56:11.448 INFO: Epoch 69: head: Default, loss=0.22449444, RMSE_E_per_atom=   65.26 meV, RMSE_F=  148.60 meV / A
2025-10-07 02:56:24.478 INFO: Epoch 70: head: Default, loss=0.22418447, RMSE_E_per_atom=   63.01 meV, RMSE_F=  148.65 meV / A
2025-10-07 02:56:24.480 DEBUG: Running inference on train_Default dataset
2025-10-07 02:56:24.526 DEBUG: Plotting failed: too many indices for tensor of dimension 1
2025-10-07 02:56:36.098 INFO: Epoch 71: head: Default, loss=0.23666448, RMSE_E_per_atom=   69.85 meV, RMSE_F=  152.72 meV / A
2025-10-07 02:56:49.076 INFO: Epoch 72: head: Default, loss=0.22123396, RMSE_E_per_atom=   60.35 meV, RMSE_F=  147.54 meV / A
2025-10-07 02:56:49.080 DEBUG: Deleting old checkpoint file: models/HfOx_from-scratch_3/HfOx_from-scratch_run-123_epoch-66.pt
2025-10-07 02:56:49.087 DEBUG: Saving checkpoint: models/HfOx_from-scratch_3/HfOx_from-scratch_run-123_epoch-72.pt
2025-10-07 02:57:02.225 INFO: Epoch 73: head: Default, loss=0.21680075, RMSE_E_per_atom=   60.73 meV, RMSE_F=  146.11 meV / A
2025-10-07 02:57:02.229 DEBUG: Deleting old checkpoint file: models/HfOx_from-scratch_3/HfOx_from-scratch_run-123_epoch-72.pt
2025-10-07 02:57:02.237 DEBUG: Saving checkpoint: models/HfOx_from-scratch_3/HfOx_from-scratch_run-123_epoch-73.pt
2025-10-07 02:57:15.509 INFO: Epoch 74: head: Default, loss=0.21702521, RMSE_E_per_atom=   59.52 meV, RMSE_F=  146.09 meV / A
2025-10-07 02:57:15.512 INFO: Changing loss based on Stage Two Weights
2025-10-07 02:57:28.500 INFO: Epoch 75: head: Default, loss=0.39778626, RMSE_E_per_atom=   41.56 meV, RMSE_F=  149.03 meV / A
2025-10-07 02:57:28.504 DEBUG: Saving checkpoint: models/HfOx_from-scratch_3/HfOx_from-scratch_run-123_epoch-75_swa.pt
2025-10-07 02:57:41.931 INFO: Epoch 76: head: Default, loss=0.30817499, RMSE_E_per_atom=   28.13 meV, RMSE_F=  150.36 meV / A
2025-10-07 02:57:41.935 DEBUG: Deleting old checkpoint file: models/HfOx_from-scratch_3/HfOx_from-scratch_run-123_epoch-75_swa.pt
2025-10-07 02:57:41.941 DEBUG: Saving checkpoint: models/HfOx_from-scratch_3/HfOx_from-scratch_run-123_epoch-76_swa.pt
2025-10-07 02:57:55.106 INFO: Epoch 77: head: Default, loss=0.28302643, RMSE_E_per_atom=   23.06 meV, RMSE_F=  150.58 meV / A
2025-10-07 02:57:55.110 DEBUG: Deleting old checkpoint file: models/HfOx_from-scratch_3/HfOx_from-scratch_run-123_epoch-76_swa.pt
2025-10-07 02:57:55.117 DEBUG: Saving checkpoint: models/HfOx_from-scratch_3/HfOx_from-scratch_run-123_epoch-77_swa.pt
2025-10-07 02:58:08.335 INFO: Epoch 78: head: Default, loss=0.27840576, RMSE_E_per_atom=   22.65 meV, RMSE_F=  149.67 meV / A
2025-10-07 02:58:08.339 DEBUG: Deleting old checkpoint file: models/HfOx_from-scratch_3/HfOx_from-scratch_run-123_epoch-77_swa.pt
2025-10-07 02:58:08.346 DEBUG: Saving checkpoint: models/HfOx_from-scratch_3/HfOx_from-scratch_run-123_epoch-78_swa.pt
2025-10-07 02:58:21.461 INFO: Epoch 79: head: Default, loss=0.26855502, RMSE_E_per_atom=   20.96 meV, RMSE_F=  148.82 meV / A
2025-10-07 02:58:21.465 DEBUG: Deleting old checkpoint file: models/HfOx_from-scratch_3/HfOx_from-scratch_run-123_epoch-78_swa.pt
2025-10-07 02:58:21.472 DEBUG: Saving checkpoint: models/HfOx_from-scratch_3/HfOx_from-scratch_run-123_epoch-79_swa.pt
2025-10-07 02:58:34.795 INFO: Epoch 80: head: Default, loss=0.26287634, RMSE_E_per_atom=   19.63 meV, RMSE_F=  148.69 meV / A
2025-10-07 02:58:34.797 DEBUG: Running inference on train_Default dataset
2025-10-07 02:58:34.845 DEBUG: Plotting failed: too many indices for tensor of dimension 1
2025-10-07 02:58:34.849 DEBUG: Deleting old checkpoint file: models/HfOx_from-scratch_3/HfOx_from-scratch_run-123_epoch-79_swa.pt
2025-10-07 02:58:34.860 DEBUG: Saving checkpoint: models/HfOx_from-scratch_3/HfOx_from-scratch_run-123_epoch-80_swa.pt
2025-10-07 02:58:46.776 INFO: Epoch 81: head: Default, loss=0.38210045, RMSE_E_per_atom=   39.71 meV, RMSE_F=  148.72 meV / A
2025-10-07 02:58:59.812 INFO: Epoch 82: head: Default, loss=0.31313868, RMSE_E_per_atom=   29.64 meV, RMSE_F=  149.06 meV / A
2025-10-07 02:59:12.974 INFO: Epoch 83: head: Default, loss=0.26983175, RMSE_E_per_atom=   21.11 meV, RMSE_F=  149.01 meV / A
2025-10-07 02:59:25.883 INFO: Epoch 84: head: Default, loss=0.25993073, RMSE_E_per_atom=   18.76 meV, RMSE_F=  148.81 meV / A
2025-10-07 02:59:25.887 DEBUG: Deleting old checkpoint file: models/HfOx_from-scratch_3/HfOx_from-scratch_run-123_epoch-80_swa.pt
2025-10-07 02:59:25.889 DEBUG: Saving checkpoint: models/HfOx_from-scratch_3/HfOx_from-scratch_run-123_epoch-84_swa.pt
2025-10-07 02:59:39.045 INFO: Epoch 85: head: Default, loss=0.27189422, RMSE_E_per_atom=   21.82 meV, RMSE_F=  148.63 meV / A
2025-10-07 02:59:52.068 INFO: Epoch 86: head: Default, loss=0.26073852, RMSE_E_per_atom=   19.22 meV, RMSE_F=  148.48 meV / A
2025-10-07 03:00:05.722 INFO: Epoch 87: head: Default, loss=0.25301056, RMSE_E_per_atom=   17.26 meV, RMSE_F=  148.29 meV / A
2025-10-07 03:00:05.726 DEBUG: Deleting old checkpoint file: models/HfOx_from-scratch_3/HfOx_from-scratch_run-123_epoch-84_swa.pt
2025-10-07 03:00:05.733 DEBUG: Saving checkpoint: models/HfOx_from-scratch_3/HfOx_from-scratch_run-123_epoch-87_swa.pt
2025-10-07 03:00:18.931 INFO: Epoch 88: head: Default, loss=0.24916419, RMSE_E_per_atom=   16.25 meV, RMSE_F=  148.14 meV / A
2025-10-07 03:00:18.935 DEBUG: Deleting old checkpoint file: models/HfOx_from-scratch_3/HfOx_from-scratch_run-123_epoch-87_swa.pt
2025-10-07 03:00:18.942 DEBUG: Saving checkpoint: models/HfOx_from-scratch_3/HfOx_from-scratch_run-123_epoch-88_swa.pt
2025-10-07 03:00:32.055 INFO: Epoch 89: head: Default, loss=0.25006937, RMSE_E_per_atom=   16.39 meV, RMSE_F=  148.28 meV / A
2025-10-07 03:00:45.091 INFO: Epoch 90: head: Default, loss=0.24815197, RMSE_E_per_atom=   16.23 meV, RMSE_F=  147.83 meV / A
2025-10-07 03:00:45.093 DEBUG: Running inference on train_Default dataset
2025-10-07 03:00:45.137 DEBUG: Plotting failed: too many indices for tensor of dimension 1
2025-10-07 03:00:45.141 DEBUG: Deleting old checkpoint file: models/HfOx_from-scratch_3/HfOx_from-scratch_run-123_epoch-88_swa.pt
2025-10-07 03:00:45.149 DEBUG: Saving checkpoint: models/HfOx_from-scratch_3/HfOx_from-scratch_run-123_epoch-90_swa.pt
2025-10-07 03:00:56.962 INFO: Epoch 91: head: Default, loss=0.26782812, RMSE_E_per_atom=   21.33 meV, RMSE_F=  148.00 meV / A
2025-10-07 03:01:09.928 INFO: Epoch 92: head: Default, loss=0.24798061, RMSE_E_per_atom=   15.84 meV, RMSE_F=  148.18 meV / A
2025-10-07 03:01:09.933 DEBUG: Deleting old checkpoint file: models/HfOx_from-scratch_3/HfOx_from-scratch_run-123_epoch-90_swa.pt
2025-10-07 03:01:09.940 DEBUG: Saving checkpoint: models/HfOx_from-scratch_3/HfOx_from-scratch_run-123_epoch-92_swa.pt
2025-10-07 03:01:23.152 INFO: Epoch 93: head: Default, loss=0.25081007, RMSE_E_per_atom=   16.54 meV, RMSE_F=  148.37 meV / A
2025-10-07 03:01:36.079 INFO: Epoch 94: head: Default, loss=0.24822483, RMSE_E_per_atom=   16.00 meV, RMSE_F=  148.10 meV / A
2025-10-07 03:01:49.230 INFO: Epoch 95: head: Default, loss=0.24973759, RMSE_E_per_atom=   16.12 meV, RMSE_F=  148.47 meV / A
2025-10-07 03:02:02.237 INFO: Epoch 96: head: Default, loss=0.24455229, RMSE_E_per_atom=   14.40 meV, RMSE_F=  148.51 meV / A
2025-10-07 03:02:02.242 DEBUG: Deleting old checkpoint file: models/HfOx_from-scratch_3/HfOx_from-scratch_run-123_epoch-92_swa.pt
2025-10-07 03:02:02.243 DEBUG: Saving checkpoint: models/HfOx_from-scratch_3/HfOx_from-scratch_run-123_epoch-96_swa.pt
2025-10-07 03:02:15.412 INFO: Epoch 97: head: Default, loss=0.24628249, RMSE_E_per_atom=   15.46 meV, RMSE_F=  148.03 meV / A
2025-10-07 03:02:28.448 INFO: Epoch 98: head: Default, loss=0.24731793, RMSE_E_per_atom=   15.95 meV, RMSE_F=  147.87 meV / A
2025-10-07 03:02:41.554 INFO: Epoch 99: head: Default, loss=0.24587422, RMSE_E_per_atom=   15.41 meV, RMSE_F=  147.95 meV / A
2025-10-07 03:02:41.556 INFO: Training complete
2025-10-07 03:02:41.557 INFO: 
2025-10-07 03:02:41.558 INFO: ===========RESULTS===========
2025-10-07 03:02:43.376 INFO: Loading checkpoint: models/HfOx_from-scratch_3/HfOx_from-scratch_run-123_epoch-73.pt
2025-10-07 03:02:43.511 INFO: Loaded Stage one model from epoch 73 for evaluation
2025-10-07 03:02:43.513 INFO: Saving model to models/HfOx_from-scratch_3/HfOx_from-scratch_run-123.model
2025-10-07 03:02:43.602 INFO: RUNING CUEQ TO E3NN
2025-10-07 03:02:43.690 INFO: Creating new model without CuEq settings
2025-10-07 03:02:45.244 DEBUG: Transferring key interactions.1.linear.weight after adapting shape (1, 655360) → (655360,)
2025-10-07 03:02:45.244 DEBUG: Transferring additional key: r_max
2025-10-07 03:02:45.244 DEBUG: Transferring additional key: interactions.0.conv_tp_weights.layer3.weight
2025-10-07 03:02:45.244 DEBUG: Transferring additional key: num_interactions
2025-10-07 03:02:45.244 DEBUG: Transferring additional key: scale_shift.shift
2025-10-07 03:02:45.244 DEBUG: Transferring key readouts.1.linear_1.weight after adapting shape (1, 4096) → (4096,)
2025-10-07 03:02:45.244 DEBUG: Transferring additional key: radial_embedding.bessel_fn.prefactor
2025-10-07 03:02:45.244 DEBUG: Transferring additional key: atomic_energies_fn.atomic_energies
2025-10-07 03:02:45.245 DEBUG: Transferring key products.0.linear.weight after adapting shape (1, 131072) → (131072,)
2025-10-07 03:02:45.245 DEBUG: Transferring additional key: interactions.0.conv_tp_weights.layer0.weight
2025-10-07 03:02:45.245 DEBUG: Transferring additional key: radial_embedding.cutoff_fn.p
2025-10-07 03:02:45.245 DEBUG: Transferring additional key: interactions.1.conv_tp_weights.layer2.weight
2025-10-07 03:02:45.245 DEBUG: Transferring additional key: interactions.1.conv_tp_weights.layer3.weight
2025-10-07 03:02:45.245 DEBUG: Transferring additional key: interactions.0.conv_tp_weights.layer2.weight
2025-10-07 03:02:45.245 DEBUG: Transferring key readouts.1.linear_2.weight after adapting shape (1, 16) → (16,)
2025-10-07 03:02:45.245 DEBUG: Transferring additional key: interactions.1.conv_tp_weights.layer0.weight
2025-10-07 03:02:45.245 DEBUG: Transferring key readouts.0.linear.weight after adapting shape (1, 256) → (256,)
2025-10-07 03:02:45.245 DEBUG: Transferring additional key: radial_embedding.bessel_fn.r_max
2025-10-07 03:02:45.245 DEBUG: Transferring additional key: scale_shift.scale
2025-10-07 03:02:45.245 DEBUG: Transferring additional key: atomic_numbers
2025-10-07 03:02:45.245 DEBUG: Transferring additional key: interactions.1.conv_tp_weights.layer1.weight
2025-10-07 03:02:45.245 DEBUG: Transferring key interactions.0.linear_up.weight after adapting shape (1, 65536) → (65536,)
2025-10-07 03:02:45.246 DEBUG: Transferring key interactions.1.skip_tp.weight after adapting shape (1, 131072) → (131072,)
2025-10-07 03:02:45.246 DEBUG: Transferring key node_embedding.linear.weight after adapting shape (1, 512) → (512,)
2025-10-07 03:02:45.246 DEBUG: Transferring additional key: radial_embedding.cutoff_fn.r_max
2025-10-07 03:02:45.246 DEBUG: Transferring key interactions.0.linear.weight after adapting shape (1, 262144) → (262144,)
2025-10-07 03:02:45.246 DEBUG: Transferring key interactions.1.linear_up.weight after adapting shape (1, 131072) → (131072,)
2025-10-07 03:02:45.246 DEBUG: Transferring additional key: radial_embedding.bessel_fn.bessel_weights
2025-10-07 03:02:45.246 DEBUG: Transferring additional key: interactions.0.conv_tp_weights.layer1.weight
2025-10-07 03:02:45.246 DEBUG: Transferring key interactions.0.skip_tp.weight after adapting shape (1, 524288) → (524288,)
2025-10-07 03:02:45.246 DEBUG: Transferring key products.1.linear.weight after adapting shape (1, 65536) → (65536,)
2025-10-07 03:02:45.429 INFO: Compiling model, saving metadata to models/HfOx_from-scratch_3/HfOx_from-scratch_compiled.model
2025-10-07 03:02:46.276 INFO: Computing metrics for training, validation, and test sets
2025-10-07 03:02:46.278 INFO: Skipping evaluation for heads: ['pt_head']
2025-10-07 03:02:46.279 INFO: Evaluating train_Default ...
2025-10-07 03:02:52.682 INFO: Evaluating valid_Default ...
2025-10-07 03:02:53.416 INFO: Error-table on TRAIN and VALID:
+---------------+---------------------+------------------+-------------------+
|  config_type  | RMSE E / meV / atom | RMSE F / meV / A | relative F RMSE % |
+---------------+---------------------+------------------+-------------------+
| train_Default |           51.2      |         87.8     |          7.21     |
| valid_Default |           60.7      |        146.1     |         12.94     |
+---------------+---------------------+------------------+-------------------+
2025-10-07 03:02:53.418 INFO: Evaluating Default_Default ...
2025-10-07 03:02:56.172 INFO: Error-table on TEST:
+-----------------+---------------------+------------------+-------------------+
|   config_type   | RMSE E / meV / atom | RMSE F / meV / A | relative F RMSE % |
+-----------------+---------------------+------------------+-------------------+
| Default_Default |           60.8      |        103.3     |         11.43     |
+-----------------+---------------------+------------------+-------------------+
2025-10-07 03:02:56.174 DEBUG: Running inference on train_Default dataset
2025-10-07 03:02:56.222 DEBUG: Plotting failed: too many indices for tensor of dimension 1
2025-10-07 03:02:56.224 INFO: Loading checkpoint: models/HfOx_from-scratch_3/HfOx_from-scratch_run-123_epoch-96_swa.pt
2025-10-07 03:02:56.369 INFO: Loaded Stage two model from epoch 96 for evaluation
2025-10-07 03:02:56.371 INFO: Saving model to models/HfOx_from-scratch_3/HfOx_from-scratch_run-123_stagetwo.model
2025-10-07 03:02:56.460 INFO: RUNING CUEQ TO E3NN
2025-10-07 03:02:56.547 INFO: Creating new model without CuEq settings
2025-10-07 03:02:58.058 DEBUG: Transferring key interactions.1.linear.weight after adapting shape (1, 655360) → (655360,)
2025-10-07 03:02:58.059 DEBUG: Transferring additional key: r_max
2025-10-07 03:02:58.059 DEBUG: Transferring additional key: interactions.0.conv_tp_weights.layer3.weight
2025-10-07 03:02:58.059 DEBUG: Transferring additional key: num_interactions
2025-10-07 03:02:58.059 DEBUG: Transferring additional key: scale_shift.shift
2025-10-07 03:02:58.059 DEBUG: Transferring key readouts.1.linear_1.weight after adapting shape (1, 4096) → (4096,)
2025-10-07 03:02:58.059 DEBUG: Transferring additional key: radial_embedding.bessel_fn.prefactor
2025-10-07 03:02:58.059 DEBUG: Transferring additional key: atomic_energies_fn.atomic_energies
2025-10-07 03:02:58.059 DEBUG: Transferring key products.0.linear.weight after adapting shape (1, 131072) → (131072,)
2025-10-07 03:02:58.059 DEBUG: Transferring additional key: interactions.0.conv_tp_weights.layer0.weight
2025-10-07 03:02:58.059 DEBUG: Transferring additional key: radial_embedding.cutoff_fn.p
2025-10-07 03:02:58.059 DEBUG: Transferring additional key: interactions.1.conv_tp_weights.layer2.weight
2025-10-07 03:02:58.060 DEBUG: Transferring additional key: interactions.1.conv_tp_weights.layer3.weight
2025-10-07 03:02:58.060 DEBUG: Transferring additional key: interactions.0.conv_tp_weights.layer2.weight
2025-10-07 03:02:58.060 DEBUG: Transferring key readouts.1.linear_2.weight after adapting shape (1, 16) → (16,)
2025-10-07 03:02:58.060 DEBUG: Transferring additional key: interactions.1.conv_tp_weights.layer0.weight
2025-10-07 03:02:58.060 DEBUG: Transferring key readouts.0.linear.weight after adapting shape (1, 256) → (256,)
2025-10-07 03:02:58.060 DEBUG: Transferring additional key: radial_embedding.bessel_fn.r_max
2025-10-07 03:02:58.060 DEBUG: Transferring additional key: scale_shift.scale
2025-10-07 03:02:58.060 DEBUG: Transferring additional key: atomic_numbers
2025-10-07 03:02:58.060 DEBUG: Transferring additional key: interactions.1.conv_tp_weights.layer1.weight
2025-10-07 03:02:58.060 DEBUG: Transferring key interactions.0.linear_up.weight after adapting shape (1, 65536) → (65536,)
2025-10-07 03:02:58.060 DEBUG: Transferring key interactions.1.skip_tp.weight after adapting shape (1, 131072) → (131072,)
2025-10-07 03:02:58.060 DEBUG: Transferring key node_embedding.linear.weight after adapting shape (1, 512) → (512,)
2025-10-07 03:02:58.061 DEBUG: Transferring additional key: radial_embedding.cutoff_fn.r_max
2025-10-07 03:02:58.061 DEBUG: Transferring key interactions.0.linear.weight after adapting shape (1, 262144) → (262144,)
2025-10-07 03:02:58.061 DEBUG: Transferring key interactions.1.linear_up.weight after adapting shape (1, 131072) → (131072,)
2025-10-07 03:02:58.061 DEBUG: Transferring additional key: radial_embedding.bessel_fn.bessel_weights
2025-10-07 03:02:58.061 DEBUG: Transferring additional key: interactions.0.conv_tp_weights.layer1.weight
2025-10-07 03:02:58.061 DEBUG: Transferring key interactions.0.skip_tp.weight after adapting shape (1, 524288) → (524288,)
2025-10-07 03:02:58.061 DEBUG: Transferring key products.1.linear.weight after adapting shape (1, 65536) → (65536,)
2025-10-07 03:02:58.241 INFO: Compiling model, saving metadata models/HfOx_from-scratch_3/HfOx_from-scratch_stagetwo_compiled.model
2025-10-07 03:02:59.010 INFO: Computing metrics for training, validation, and test sets
2025-10-07 03:02:59.012 INFO: Skipping evaluation for heads: ['pt_head']
2025-10-07 03:02:59.014 INFO: Evaluating train_Default ...
2025-10-07 03:03:05.381 INFO: Evaluating valid_Default ...
2025-10-07 03:03:06.263 INFO: Error-table on TRAIN and VALID:
+---------------+---------------------+------------------+-------------------+
|  config_type  | RMSE E / meV / atom | RMSE F / meV / A | relative F RMSE % |
+---------------+---------------------+------------------+-------------------+
| train_Default |            9.4      |         84.7     |          6.95     |
| valid_Default |           14.4      |        148.5     |         13.15     |
+---------------+---------------------+------------------+-------------------+
2025-10-07 03:03:06.265 INFO: Evaluating Default_Default ...
2025-10-07 03:03:08.978 INFO: Error-table on TEST:
+-----------------+---------------------+------------------+-------------------+
|   config_type   | RMSE E / meV / atom | RMSE F / meV / A | relative F RMSE % |
+-----------------+---------------------+------------------+-------------------+
| Default_Default |           39.2      |        106.5     |         11.78     |
+-----------------+---------------------+------------------+-------------------+
2025-10-07 03:03:08.980 DEBUG: Running inference on train_Default dataset
2025-10-07 03:03:09.030 DEBUG: Plotting failed: too many indices for tensor of dimension 1
2025-10-07 03:03:09.031 INFO: Done
