2025-10-14 16:40:52.959 INFO: ===========VERIFYING SETTINGS===========
2025-10-14 16:40:52.962 INFO: Stage Two is activated as start_stage_two was defined
2025-10-14 16:40:52.963 INFO: MACE version: 0.3.14
2025-10-14 16:40:52.965 INFO: CUDA version: 12.6, CUDA device: 0
2025-10-14 16:40:52.970 INFO: Using foundation model mace-mp-0 small as initial checkpoint.
2025-10-14 16:40:53.143 INFO: CUDA version: 12.6, CUDA device: 0
2025-10-14 16:40:53.149 INFO: ===========LOADING INPUT DATA===========
2025-10-14 16:40:53.150 INFO: Using heads: ['Default']
2025-10-14 16:40:53.152 INFO: Using the key specifications to parse data:
2025-10-14 16:40:53.153 INFO: Default: KeySpecification(info_keys={'energy': 'REF_energy', 'stress': 'REF_stress', 'virials': 'REF_virials', 'dipole': 'dipole', 'head': 'head', 'elec_temp': 'elec_temp', 'total_charge': 'total_charge', 'polarizability': 'polarizability', 'total_spin': 'total_spin'}, arrays_keys={'forces': 'REF_forces', 'charges': 'REF_charges'})
2025-10-14 16:40:53.154 INFO: =============    Processing head Default     ===========
2025-10-14 16:40:53.467 INFO: Training set 1/1 [energy: 361, stress: 361, virials: 0, dipole components: 0, head: 361, elec_temp: 0, total_charge: 0, polarizability: 0, total_spin: 0, forces: 361, charges: 0]
2025-10-14 16:40:53.472 INFO: Total Training set [energy: 361, stress: 361, virials: 0, dipole components: 0, head: 361, elec_temp: 0, total_charge: 0, polarizability: 0, total_spin: 0, forces: 361, charges: 0]
2025-10-14 16:40:53.576 INFO: Validation set 1/1 [energy: 90, stress: 90, virials: 0, dipole components: 0, head: 90, elec_temp: 0, total_charge: 0, polarizability: 0, total_spin: 0, forces: 90, charges: 0]
2025-10-14 16:40:53.579 INFO: Total Validation set [energy: 90, stress: 90, virials: 0, dipole components: 0, head: 90, elec_temp: 0, total_charge: 0, polarizability: 0, total_spin: 0, forces: 90, charges: 0]
2025-10-14 16:40:53.888 INFO: Test set 1/1 [energy: 389, stress: 389, virials: 0, dipole components: 0, head: 389, elec_temp: 0, total_charge: 0, polarizability: 0, total_spin: 0, forces: 389, charges: 0]
2025-10-14 16:40:53.893 INFO: Total Test set [energy: 389, stress: 389, virials: 0, dipole components: 0, head: 389, elec_temp: 0, total_charge: 0, polarizability: 0, total_spin: 0, forces: 389, charges: 0]
2025-10-14 16:40:53.895 INFO: Total number of configurations: train=361, valid=90, tests=[Default_Default: 389],
2025-10-14 16:40:53.904 INFO: Atomic Numbers used: [8, 72]
2025-10-14 16:40:53.905 INFO: Isolated Atomic Energies (E0s) not in training file, using command line argument
2025-10-14 16:40:53.907 INFO: Atomic Energies used (z: eV) for head Default: {8: -444.4382601985303, 72: -1528.3129784907499}
2025-10-14 16:40:53.909 INFO: Processing datasets for head 'Default'
2025-10-14 16:40:56.539 INFO: Combining 1 list datasets for head 'Default'
2025-10-14 16:40:57.235 INFO: Combining 1 list datasets for head 'Default_valid'
2025-10-14 16:40:57.236 INFO: Combined validation datasets for Default
2025-10-14 16:40:57.238 INFO: Head 'Default' training dataset size: 361
2025-10-14 16:40:57.239 INFO: Computing average number of neighbors
2025-10-14 16:40:57.467 INFO: Average number of neighbors: 59.54062481261618
2025-10-14 16:40:57.469 INFO: During training the following quantities will be reported: energy, forces
2025-10-14 16:40:57.470 INFO: ===========MODEL DETAILS===========
2025-10-14 16:40:57.658 INFO: Loading FOUNDATION model
2025-10-14 16:40:57.660 INFO: Using filtered elements: [8, 72]
2025-10-14 16:40:57.662 INFO: Model configuration extracted from foundation model
2025-10-14 16:40:57.663 INFO: Using weighted loss function for fine-tuning
2025-10-14 16:40:57.665 INFO: Message passing with hidden irreps 128x0e)
2025-10-14 16:40:57.666 INFO: 2 layers, each with correlation order: 3 (body order: 4) and spherical harmonics up to: l=3
2025-10-14 16:40:57.667 INFO: Radial cutoff: 6.0 A (total receptive field for each atom: 12.0 A)
2025-10-14 16:40:57.668 INFO: Distance transform for radial basis functions: None
2025-10-14 16:40:58.923 INFO: Total number of parameters: 362138
2025-10-14 16:40:58.925 INFO: 
2025-10-14 16:40:58.927 INFO: ===========OPTIMIZER INFORMATION===========
2025-10-14 16:40:58.928 INFO: Using ADAM as parameter optimizer
2025-10-14 16:40:58.929 INFO: Batch size: 14
2025-10-14 16:40:58.931 INFO: Using Exponential Moving Average with decay: 0.99
2025-10-14 16:40:58.932 INFO: Number of gradient updates: 7735
2025-10-14 16:40:58.933 INFO: Learning rate: 0.01, weight decay: 5e-07
2025-10-14 16:40:58.934 INFO: WeightedEnergyForcesLoss(energy_weight=1.000, forces_weight=100.000)
2025-10-14 16:40:58.936 INFO: Converting model to CUEQ for accelerated training
2025-10-14 16:40:59.045 INFO: Creating new model with cuequivariance settings
2025-10-14 16:40:59.447 INFO: Stage Two (after 180 epochs) with loss function: WeightedEnergyForcesLoss(energy_weight=1000.000, forces_weight=100.000), with energy weight : 1000.0, forces weight : 100.0 and learning rate : 0.001
2025-10-14 16:40:59.517 INFO: Using Weights and Biases for logging
2025-10-14 16:41:01.289 INFO: Using gradient clipping with tolerance=10.000
2025-10-14 16:41:01.291 INFO: 
2025-10-14 16:41:01.292 INFO: ===========TRAINING===========
2025-10-14 16:41:01.293 INFO: Started training, reporting errors on validation set
2025-10-14 16:41:01.295 INFO: Loss metrics on validation set
2025-10-14 16:41:01.754 INFO: Initial: head: Default, loss=7.52737403, RMSE_E_per_atom= 7885.95 meV, RMSE_F=  361.32 meV / A
2025-10-14 16:41:04.804 INFO: Epoch 0: head: Default, loss=1.26943042, RMSE_E_per_atom= 1498.26 meV, RMSE_F=  326.90 meV / A
2025-10-14 16:41:07.743 INFO: Epoch 1: head: Default, loss=1.54255331, RMSE_E_per_atom= 1482.81 meV, RMSE_F=  364.96 meV / A
2025-10-14 16:41:10.762 INFO: Epoch 2: head: Default, loss=0.70447666, RMSE_E_per_atom=  686.31 meV, RMSE_F=  255.43 meV / A
2025-10-14 16:41:13.826 INFO: Epoch 3: head: Default, loss=0.56598545, RMSE_E_per_atom=  411.45 meV, RMSE_F=  233.24 meV / A
2025-10-14 16:41:17.018 INFO: Epoch 4: head: Default, loss=0.52983151, RMSE_E_per_atom=  283.07 meV, RMSE_F=  227.26 meV / A
2025-10-14 16:41:20.141 INFO: Epoch 5: head: Default, loss=0.49843726, RMSE_E_per_atom=  239.09 meV, RMSE_F=  220.87 meV / A
2025-10-14 16:41:23.276 INFO: Epoch 6: head: Default, loss=0.53061749, RMSE_E_per_atom=  271.06 meV, RMSE_F=  227.54 meV / A
2025-10-14 16:41:26.306 INFO: Epoch 7: head: Default, loss=0.49419558, RMSE_E_per_atom=  245.67 meV, RMSE_F=  219.64 meV / A
2025-10-14 16:41:29.397 INFO: Epoch 8: head: Default, loss=0.45867063, RMSE_E_per_atom=  164.99 meV, RMSE_F=  212.28 meV / A
2025-10-14 16:41:32.523 INFO: Epoch 9: head: Default, loss=0.44269264, RMSE_E_per_atom=  155.13 meV, RMSE_F=  208.57 meV / A
2025-10-14 16:41:35.601 INFO: Epoch 10: head: Default, loss=0.42710240, RMSE_E_per_atom=  152.90 meV, RMSE_F=  204.84 meV / A
2025-10-14 16:41:38.526 INFO: Epoch 11: head: Default, loss=0.48834673, RMSE_E_per_atom=  161.82 meV, RMSE_F=  219.01 meV / A
2025-10-14 16:41:41.569 INFO: Epoch 12: head: Default, loss=0.41496001, RMSE_E_per_atom=  147.17 meV, RMSE_F=  201.85 meV / A
2025-10-14 16:41:44.729 INFO: Epoch 13: head: Default, loss=0.39808545, RMSE_E_per_atom=  145.18 meV, RMSE_F=  197.65 meV / A
2025-10-14 16:41:47.787 INFO: Epoch 14: head: Default, loss=0.39158325, RMSE_E_per_atom=  144.90 meV, RMSE_F=  196.01 meV / A
2025-10-14 16:41:50.844 INFO: Epoch 15: head: Default, loss=0.38149245, RMSE_E_per_atom=  156.29 meV, RMSE_F=  193.36 meV / A
2025-10-14 16:41:53.943 INFO: Epoch 16: head: Default, loss=0.37793573, RMSE_E_per_atom=  162.69 meV, RMSE_F=  192.41 meV / A
2025-10-14 16:41:57.011 INFO: Epoch 17: head: Default, loss=0.36931883, RMSE_E_per_atom=  151.85 meV, RMSE_F=  190.28 meV / A
2025-10-14 16:42:00.067 INFO: Epoch 18: head: Default, loss=0.37037993, RMSE_E_per_atom=  130.29 meV, RMSE_F=  190.72 meV / A
2025-10-14 16:42:03.048 INFO: Epoch 19: head: Default, loss=0.36499654, RMSE_E_per_atom=  122.92 meV, RMSE_F=  189.35 meV / A
2025-10-14 16:42:06.130 INFO: Epoch 20: head: Default, loss=0.35828552, RMSE_E_per_atom=  122.89 meV, RMSE_F=  187.59 meV / A
2025-10-14 16:42:09.114 INFO: Epoch 21: head: Default, loss=0.38364992, RMSE_E_per_atom=  158.72 meV, RMSE_F=  193.92 meV / A
2025-10-14 16:42:12.139 INFO: Epoch 22: head: Default, loss=0.37117494, RMSE_E_per_atom=  150.02 meV, RMSE_F=  190.80 meV / A
2025-10-14 16:42:15.189 INFO: Epoch 23: head: Default, loss=0.35313251, RMSE_E_per_atom=  126.43 meV, RMSE_F=  186.23 meV / A
2025-10-14 16:42:18.268 INFO: Epoch 24: head: Default, loss=0.34282561, RMSE_E_per_atom=  115.30 meV, RMSE_F=  183.54 meV / A
2025-10-14 16:42:21.354 INFO: Epoch 25: head: Default, loss=0.33493485, RMSE_E_per_atom=  106.40 meV, RMSE_F=  181.47 meV / A
2025-10-14 16:42:24.395 INFO: Epoch 26: head: Default, loss=0.33003472, RMSE_E_per_atom=   99.93 meV, RMSE_F=  180.19 meV / A
2025-10-14 16:42:27.433 INFO: Epoch 27: head: Default, loss=0.32518813, RMSE_E_per_atom=   95.43 meV, RMSE_F=  178.87 meV / A
2025-10-14 16:42:30.466 INFO: Epoch 28: head: Default, loss=0.32003859, RMSE_E_per_atom=   95.56 meV, RMSE_F=  177.42 meV / A
2025-10-14 16:42:33.573 INFO: Epoch 29: head: Default, loss=0.31935675, RMSE_E_per_atom=  106.47 meV, RMSE_F=  177.18 meV / A
2025-10-14 16:42:36.682 INFO: Epoch 30: head: Default, loss=0.31877315, RMSE_E_per_atom=   98.44 meV, RMSE_F=  177.04 meV / A
2025-10-14 16:42:39.586 INFO: Epoch 31: head: Default, loss=0.32951762, RMSE_E_per_atom=   91.25 meV, RMSE_F=  180.08 meV / A
2025-10-14 16:42:42.588 INFO: Epoch 32: head: Default, loss=0.32385757, RMSE_E_per_atom=   93.98 meV, RMSE_F=  178.52 meV / A
2025-10-14 16:42:45.602 INFO: Epoch 33: head: Default, loss=0.32157738, RMSE_E_per_atom=   94.26 meV, RMSE_F=  177.88 meV / A
2025-10-14 16:42:48.641 INFO: Epoch 34: head: Default, loss=0.31777831, RMSE_E_per_atom=   85.86 meV, RMSE_F=  176.85 meV / A
2025-10-14 16:42:51.707 INFO: Epoch 35: head: Default, loss=0.31492966, RMSE_E_per_atom=   89.38 meV, RMSE_F=  176.06 meV / A
2025-10-14 16:42:54.772 INFO: Epoch 36: head: Default, loss=0.31002698, RMSE_E_per_atom=   84.93 meV, RMSE_F=  174.71 meV / A
2025-10-14 16:42:57.852 INFO: Epoch 37: head: Default, loss=0.30514682, RMSE_E_per_atom=   81.98 meV, RMSE_F=  173.34 meV / A
2025-10-14 16:43:00.957 INFO: Epoch 38: head: Default, loss=0.30211282, RMSE_E_per_atom=   80.12 meV, RMSE_F=  172.49 meV / A
2025-10-14 16:43:04.019 INFO: Epoch 39: head: Default, loss=0.29802752, RMSE_E_per_atom=   74.75 meV, RMSE_F=  171.36 meV / A
2025-10-14 16:43:07.116 INFO: Epoch 40: head: Default, loss=0.29104685, RMSE_E_per_atom=   70.88 meV, RMSE_F=  169.35 meV / A
2025-10-14 16:43:10.040 INFO: Epoch 41: head: Default, loss=0.28743190, RMSE_E_per_atom=   69.35 meV, RMSE_F=  168.33 meV / A
2025-10-14 16:43:13.120 INFO: Epoch 42: head: Default, loss=0.28210530, RMSE_E_per_atom=   68.94 meV, RMSE_F=  166.75 meV / A
2025-10-14 16:43:16.192 INFO: Epoch 43: head: Default, loss=0.27829090, RMSE_E_per_atom=   65.70 meV, RMSE_F=  165.63 meV / A
2025-10-14 16:43:19.255 INFO: Epoch 44: head: Default, loss=0.27678435, RMSE_E_per_atom=   65.51 meV, RMSE_F=  165.18 meV / A
2025-10-14 16:43:22.261 INFO: Epoch 45: head: Default, loss=0.27406703, RMSE_E_per_atom=   64.84 meV, RMSE_F=  164.37 meV / A
2025-10-14 16:43:25.308 INFO: Epoch 46: head: Default, loss=0.27261999, RMSE_E_per_atom=   67.70 meV, RMSE_F=  163.93 meV / A
2025-10-14 16:43:28.394 INFO: Epoch 47: head: Default, loss=0.27091523, RMSE_E_per_atom=   63.86 meV, RMSE_F=  163.42 meV / A
2025-10-14 16:43:31.501 INFO: Epoch 48: head: Default, loss=0.26830492, RMSE_E_per_atom=   63.59 meV, RMSE_F=  162.62 meV / A
2025-10-14 16:43:34.542 INFO: Epoch 49: head: Default, loss=0.26595877, RMSE_E_per_atom=   60.79 meV, RMSE_F=  161.91 meV / A
2025-10-14 16:43:37.632 INFO: Epoch 50: head: Default, loss=0.26355640, RMSE_E_per_atom=   60.34 meV, RMSE_F=  161.18 meV / A
2025-10-14 16:43:40.527 INFO: Epoch 51: head: Default, loss=0.26384577, RMSE_E_per_atom=   59.89 meV, RMSE_F=  161.27 meV / A
2025-10-14 16:43:43.499 INFO: Epoch 52: head: Default, loss=0.26051721, RMSE_E_per_atom=   57.59 meV, RMSE_F=  160.26 meV / A
2025-10-14 16:43:46.539 INFO: Epoch 53: head: Default, loss=0.25761306, RMSE_E_per_atom=   56.19 meV, RMSE_F=  159.36 meV / A
2025-10-14 16:43:49.556 INFO: Epoch 54: head: Default, loss=0.25552055, RMSE_E_per_atom=   56.60 meV, RMSE_F=  158.74 meV / A
2025-10-14 16:43:52.649 INFO: Epoch 55: head: Default, loss=0.25332266, RMSE_E_per_atom=   52.64 meV, RMSE_F=  158.12 meV / A
2025-10-14 16:43:55.758 INFO: Epoch 56: head: Default, loss=0.25132551, RMSE_E_per_atom=   54.69 meV, RMSE_F=  157.47 meV / A
2025-10-14 16:43:58.828 INFO: Epoch 57: head: Default, loss=0.25219558, RMSE_E_per_atom=   57.54 meV, RMSE_F=  157.71 meV / A
2025-10-14 16:44:01.806 INFO: Epoch 58: head: Default, loss=0.25014407, RMSE_E_per_atom=   55.66 meV, RMSE_F=  157.06 meV / A
2025-10-14 16:44:04.891 INFO: Epoch 59: head: Default, loss=0.24856994, RMSE_E_per_atom=   55.44 meV, RMSE_F=  156.55 meV / A
2025-10-14 16:44:07.932 INFO: Epoch 60: head: Default, loss=0.24737511, RMSE_E_per_atom=   59.89 meV, RMSE_F=  156.14 meV / A
2025-10-14 16:44:10.829 INFO: Epoch 61: head: Default, loss=0.24744660, RMSE_E_per_atom=   58.86 meV, RMSE_F=  156.20 meV / A
2025-10-14 16:44:13.799 INFO: Epoch 62: head: Default, loss=0.24637406, RMSE_E_per_atom=   58.98 meV, RMSE_F=  155.85 meV / A
2025-10-14 16:44:16.893 INFO: Epoch 63: head: Default, loss=0.24595460, RMSE_E_per_atom=   58.80 meV, RMSE_F=  155.71 meV / A
2025-10-14 16:44:19.951 INFO: Epoch 64: head: Default, loss=0.24772398, RMSE_E_per_atom=   58.99 meV, RMSE_F=  156.26 meV / A
2025-10-14 16:44:22.918 INFO: Epoch 65: head: Default, loss=0.24566149, RMSE_E_per_atom=   56.30 meV, RMSE_F=  155.62 meV / A
2025-10-14 16:44:26.002 INFO: Epoch 66: head: Default, loss=0.24332870, RMSE_E_per_atom=   55.01 meV, RMSE_F=  154.90 meV / A
2025-10-14 16:44:29.085 INFO: Epoch 67: head: Default, loss=0.24195387, RMSE_E_per_atom=   51.70 meV, RMSE_F=  154.48 meV / A
2025-10-14 16:44:32.182 INFO: Epoch 68: head: Default, loss=0.24135253, RMSE_E_per_atom=   55.75 meV, RMSE_F=  154.27 meV / A
2025-10-14 16:44:35.302 INFO: Epoch 69: head: Default, loss=0.24197410, RMSE_E_per_atom=   60.41 meV, RMSE_F=  154.43 meV / A
2025-10-14 16:44:38.326 INFO: Epoch 70: head: Default, loss=0.24196183, RMSE_E_per_atom=   59.06 meV, RMSE_F=  154.44 meV / A
2025-10-14 16:44:41.197 INFO: Epoch 71: head: Default, loss=0.25138171, RMSE_E_per_atom=   56.18 meV, RMSE_F=  157.45 meV / A
2025-10-14 16:44:44.249 INFO: Epoch 72: head: Default, loss=0.24816263, RMSE_E_per_atom=   57.36 meV, RMSE_F=  156.41 meV / A
2025-10-14 16:44:47.280 INFO: Epoch 73: head: Default, loss=0.24633985, RMSE_E_per_atom=   55.04 meV, RMSE_F=  155.82 meV / A
2025-10-14 16:44:50.317 INFO: Epoch 74: head: Default, loss=0.24294899, RMSE_E_per_atom=   51.15 meV, RMSE_F=  154.78 meV / A
2025-10-14 16:44:53.343 INFO: Epoch 75: head: Default, loss=0.24267066, RMSE_E_per_atom=   56.94 meV, RMSE_F=  154.65 meV / A
2025-10-14 16:44:56.384 INFO: Epoch 76: head: Default, loss=0.24048997, RMSE_E_per_atom=   55.60 meV, RMSE_F=  153.97 meV / A
2025-10-14 16:44:59.452 INFO: Epoch 77: head: Default, loss=0.23799523, RMSE_E_per_atom=   56.41 meV, RMSE_F=  153.16 meV / A
2025-10-14 16:45:02.485 INFO: Epoch 78: head: Default, loss=0.23506908, RMSE_E_per_atom=   54.85 meV, RMSE_F=  152.23 meV / A
2025-10-14 16:45:05.544 INFO: Epoch 79: head: Default, loss=0.23425016, RMSE_E_per_atom=   57.25 meV, RMSE_F=  151.94 meV / A
2025-10-14 16:45:08.641 INFO: Epoch 80: head: Default, loss=0.23224362, RMSE_E_per_atom=   56.26 meV, RMSE_F=  151.30 meV / A
2025-10-14 16:45:11.561 INFO: Epoch 81: head: Default, loss=0.23796761, RMSE_E_per_atom=   67.65 meV, RMSE_F=  153.18 meV / A
2025-10-14 16:45:14.586 INFO: Epoch 82: head: Default, loss=0.23390650, RMSE_E_per_atom=   65.35 meV, RMSE_F=  151.87 meV / A
2025-10-14 16:45:17.599 INFO: Epoch 83: head: Default, loss=0.22972348, RMSE_E_per_atom=   60.06 meV, RMSE_F=  150.52 meV / A
2025-10-14 16:45:20.687 INFO: Epoch 84: head: Default, loss=0.22677910, RMSE_E_per_atom=   59.66 meV, RMSE_F=  149.52 meV / A
2025-10-14 16:45:23.766 INFO: Epoch 85: head: Default, loss=0.22511197, RMSE_E_per_atom=   54.09 meV, RMSE_F=  149.01 meV / A
2025-10-14 16:45:26.797 INFO: Epoch 86: head: Default, loss=0.22532855, RMSE_E_per_atom=   52.30 meV, RMSE_F=  149.06 meV / A
2025-10-14 16:45:29.807 INFO: Epoch 87: head: Default, loss=0.22447174, RMSE_E_per_atom=   53.25 meV, RMSE_F=  148.78 meV / A
2025-10-14 16:45:32.950 INFO: Epoch 88: head: Default, loss=0.22444222, RMSE_E_per_atom=   53.79 meV, RMSE_F=  148.76 meV / A
2025-10-14 16:45:36.036 INFO: Epoch 89: head: Default, loss=0.22309476, RMSE_E_per_atom=   51.40 meV, RMSE_F=  148.32 meV / A
2025-10-14 16:45:39.081 INFO: Epoch 90: head: Default, loss=0.22179063, RMSE_E_per_atom=   49.62 meV, RMSE_F=  147.90 meV / A
2025-10-14 16:45:41.977 INFO: Epoch 91: head: Default, loss=0.22224789, RMSE_E_per_atom=   49.29 meV, RMSE_F=  148.04 meV / A
2025-10-14 16:45:45.019 INFO: Epoch 92: head: Default, loss=0.22034256, RMSE_E_per_atom=   48.13 meV, RMSE_F=  147.42 meV / A
2025-10-14 16:45:48.096 INFO: Epoch 93: head: Default, loss=0.21832120, RMSE_E_per_atom=   49.02 meV, RMSE_F=  146.75 meV / A
2025-10-14 16:45:51.144 INFO: Epoch 94: head: Default, loss=0.21821441, RMSE_E_per_atom=   48.58 meV, RMSE_F=  146.73 meV / A
2025-10-14 16:45:54.171 INFO: Epoch 95: head: Default, loss=0.21736117, RMSE_E_per_atom=   45.41 meV, RMSE_F=  146.45 meV / A
2025-10-14 16:45:57.236 INFO: Epoch 96: head: Default, loss=0.21679039, RMSE_E_per_atom=   44.19 meV, RMSE_F=  146.26 meV / A
2025-10-14 16:46:00.297 INFO: Epoch 97: head: Default, loss=0.21576854, RMSE_E_per_atom=   43.47 meV, RMSE_F=  145.93 meV / A
2025-10-14 16:46:03.347 INFO: Epoch 98: head: Default, loss=0.21332614, RMSE_E_per_atom=   43.31 meV, RMSE_F=  145.09 meV / A
2025-10-14 16:46:06.388 INFO: Epoch 99: head: Default, loss=0.21273498, RMSE_E_per_atom=   43.80 meV, RMSE_F=  144.90 meV / A
2025-10-14 16:46:09.437 INFO: Epoch 100: head: Default, loss=0.21090808, RMSE_E_per_atom=   42.27 meV, RMSE_F=  144.30 meV / A
2025-10-14 16:46:12.346 INFO: Epoch 101: head: Default, loss=0.21175666, RMSE_E_per_atom=   38.36 meV, RMSE_F=  144.63 meV / A
2025-10-14 16:46:15.333 INFO: Epoch 102: head: Default, loss=0.21035497, RMSE_E_per_atom=   40.51 meV, RMSE_F=  144.15 meV / A
2025-10-14 16:46:18.427 INFO: Epoch 103: head: Default, loss=0.20822249, RMSE_E_per_atom=   38.93 meV, RMSE_F=  143.42 meV / A
2025-10-14 16:46:21.482 INFO: Epoch 104: head: Default, loss=0.20673967, RMSE_E_per_atom=   41.73 meV, RMSE_F=  142.90 meV / A
2025-10-14 16:46:24.604 INFO: Epoch 105: head: Default, loss=0.20507537, RMSE_E_per_atom=   42.02 meV, RMSE_F=  142.31 meV / A
2025-10-14 16:46:27.682 INFO: Epoch 106: head: Default, loss=0.20457765, RMSE_E_per_atom=   46.02 meV, RMSE_F=  142.12 meV / A
2025-10-14 16:46:30.757 INFO: Epoch 107: head: Default, loss=0.20399559, RMSE_E_per_atom=   45.95 meV, RMSE_F=  141.92 meV / A
2025-10-14 16:46:33.832 INFO: Epoch 108: head: Default, loss=0.20425717, RMSE_E_per_atom=   43.50 meV, RMSE_F=  142.02 meV / A
2025-10-14 16:46:36.889 INFO: Epoch 109: head: Default, loss=0.20413624, RMSE_E_per_atom=   46.39 meV, RMSE_F=  141.97 meV / A
2025-10-14 16:46:39.869 INFO: Epoch 110: head: Default, loss=0.20324919, RMSE_E_per_atom=   46.20 meV, RMSE_F=  141.65 meV / A
2025-10-14 16:46:42.770 INFO: Epoch 111: head: Default, loss=0.20533013, RMSE_E_per_atom=   54.37 meV, RMSE_F=  142.42 meV / A
2025-10-14 16:46:45.799 INFO: Epoch 112: head: Default, loss=0.20342349, RMSE_E_per_atom=   55.26 meV, RMSE_F=  141.72 meV / A
2025-10-14 16:46:48.863 INFO: Epoch 113: head: Default, loss=0.20356498, RMSE_E_per_atom=   49.97 meV, RMSE_F=  141.76 meV / A
2025-10-14 16:46:51.862 INFO: Epoch 114: head: Default, loss=0.20289836, RMSE_E_per_atom=   55.55 meV, RMSE_F=  141.49 meV / A
2025-10-14 16:46:54.925 INFO: Epoch 115: head: Default, loss=0.20180796, RMSE_E_per_atom=   48.59 meV, RMSE_F=  141.12 meV / A
2025-10-14 16:46:58.001 INFO: Epoch 116: head: Default, loss=0.20177764, RMSE_E_per_atom=   47.39 meV, RMSE_F=  141.12 meV / A
2025-10-14 16:47:01.111 INFO: Epoch 117: head: Default, loss=0.20075857, RMSE_E_per_atom=   43.17 meV, RMSE_F=  140.76 meV / A
2025-10-14 16:47:04.161 INFO: Epoch 118: head: Default, loss=0.20008027, RMSE_E_per_atom=   45.56 meV, RMSE_F=  140.49 meV / A
2025-10-14 16:47:07.222 INFO: Epoch 119: head: Default, loss=0.19882110, RMSE_E_per_atom=   44.85 meV, RMSE_F=  140.04 meV / A
2025-10-14 16:47:10.259 INFO: Epoch 120: head: Default, loss=0.19736360, RMSE_E_per_atom=   42.98 meV, RMSE_F=  139.53 meV / A
2025-10-14 16:47:13.171 INFO: Epoch 121: head: Default, loss=0.19727015, RMSE_E_per_atom=   40.66 meV, RMSE_F=  139.48 meV / A
2025-10-14 16:47:16.239 INFO: Epoch 122: head: Default, loss=0.19653800, RMSE_E_per_atom=   38.28 meV, RMSE_F=  139.24 meV / A
2025-10-14 16:47:19.276 INFO: Epoch 123: head: Default, loss=0.19469536, RMSE_E_per_atom=   37.59 meV, RMSE_F=  138.60 meV / A
2025-10-14 16:47:22.311 INFO: Epoch 124: head: Default, loss=0.19296193, RMSE_E_per_atom=   36.03 meV, RMSE_F=  138.00 meV / A
2025-10-14 16:47:25.354 INFO: Epoch 125: head: Default, loss=0.19430871, RMSE_E_per_atom=   36.12 meV, RMSE_F=  138.50 meV / A
2025-10-14 16:47:28.388 INFO: Epoch 126: head: Default, loss=0.19365556, RMSE_E_per_atom=   36.14 meV, RMSE_F=  138.27 meV / A
2025-10-14 16:47:31.399 INFO: Epoch 127: head: Default, loss=0.19475304, RMSE_E_per_atom=   37.38 meV, RMSE_F=  138.69 meV / A
2025-10-14 16:47:34.375 INFO: Epoch 128: head: Default, loss=0.19416961, RMSE_E_per_atom=   38.88 meV, RMSE_F=  138.46 meV / A
2025-10-14 16:47:37.385 INFO: Epoch 129: head: Default, loss=0.19374203, RMSE_E_per_atom=   38.56 meV, RMSE_F=  138.32 meV / A
2025-10-14 16:47:40.404 INFO: Epoch 130: head: Default, loss=0.19295302, RMSE_E_per_atom=   36.31 meV, RMSE_F=  138.03 meV / A
2025-10-14 16:47:43.304 INFO: Epoch 131: head: Default, loss=0.19210856, RMSE_E_per_atom=   34.94 meV, RMSE_F=  137.75 meV / A
2025-10-14 16:47:46.378 INFO: Epoch 132: head: Default, loss=0.19067352, RMSE_E_per_atom=   35.96 meV, RMSE_F=  137.22 meV / A
2025-10-14 16:47:49.451 INFO: Epoch 133: head: Default, loss=0.18902523, RMSE_E_per_atom=   36.17 meV, RMSE_F=  136.63 meV / A
2025-10-14 16:47:52.526 INFO: Epoch 134: head: Default, loss=0.18934535, RMSE_E_per_atom=   37.67 meV, RMSE_F=  136.73 meV / A
2025-10-14 16:47:55.495 INFO: Epoch 135: head: Default, loss=0.19127074, RMSE_E_per_atom=   39.58 meV, RMSE_F=  137.42 meV / A
2025-10-14 16:47:58.530 INFO: Epoch 136: head: Default, loss=0.19336492, RMSE_E_per_atom=   40.96 meV, RMSE_F=  138.15 meV / A
2025-10-14 16:48:01.501 INFO: Epoch 137: head: Default, loss=0.19314128, RMSE_E_per_atom=   41.26 meV, RMSE_F=  138.06 meV / A
2025-10-14 16:48:04.559 INFO: Epoch 138: head: Default, loss=0.19268982, RMSE_E_per_atom=   39.75 meV, RMSE_F=  137.90 meV / A
2025-10-14 16:48:07.528 INFO: Epoch 139: head: Default, loss=0.19150243, RMSE_E_per_atom=   38.20 meV, RMSE_F=  137.49 meV / A
2025-10-14 16:48:10.505 INFO: Epoch 140: head: Default, loss=0.18903128, RMSE_E_per_atom=   36.26 meV, RMSE_F=  136.62 meV / A
2025-10-14 16:48:13.347 INFO: Epoch 141: head: Default, loss=0.19186745, RMSE_E_per_atom=   37.80 meV, RMSE_F=  137.56 meV / A
2025-10-14 16:48:16.353 INFO: Epoch 142: head: Default, loss=0.19043483, RMSE_E_per_atom=   39.45 meV, RMSE_F=  137.04 meV / A
2025-10-14 16:48:19.375 INFO: Epoch 143: head: Default, loss=0.18995450, RMSE_E_per_atom=   41.28 meV, RMSE_F=  136.90 meV / A
2025-10-14 16:48:22.381 INFO: Epoch 144: head: Default, loss=0.18871317, RMSE_E_per_atom=   40.82 meV, RMSE_F=  136.45 meV / A
2025-10-14 16:48:25.418 INFO: Epoch 145: head: Default, loss=0.19108490, RMSE_E_per_atom=   39.14 meV, RMSE_F=  137.32 meV / A
2025-10-14 16:48:28.441 INFO: Epoch 146: head: Default, loss=0.19154549, RMSE_E_per_atom=   38.20 meV, RMSE_F=  137.48 meV / A
2025-10-14 16:48:31.436 INFO: Epoch 147: head: Default, loss=0.19012539, RMSE_E_per_atom=   38.78 meV, RMSE_F=  136.98 meV / A
2025-10-14 16:48:34.442 INFO: Epoch 148: head: Default, loss=0.19146602, RMSE_E_per_atom=   42.02 meV, RMSE_F=  137.46 meV / A
2025-10-14 16:48:37.454 INFO: Epoch 149: head: Default, loss=0.19287151, RMSE_E_per_atom=   41.20 meV, RMSE_F=  137.93 meV / A
2025-10-14 16:48:40.450 INFO: Epoch 150: head: Default, loss=0.19339581, RMSE_E_per_atom=   44.56 meV, RMSE_F=  138.11 meV / A
2025-10-14 16:48:43.306 INFO: Epoch 151: head: Default, loss=0.19313901, RMSE_E_per_atom=   36.99 meV, RMSE_F=  138.12 meV / A
2025-10-14 16:48:46.321 INFO: Epoch 152: head: Default, loss=0.19118615, RMSE_E_per_atom=   37.24 meV, RMSE_F=  137.42 meV / A
2025-10-14 16:48:49.391 INFO: Epoch 153: head: Default, loss=0.18858563, RMSE_E_per_atom=   39.46 meV, RMSE_F=  136.47 meV / A
2025-10-14 16:48:52.460 INFO: Epoch 154: head: Default, loss=0.18800344, RMSE_E_per_atom=   37.13 meV, RMSE_F=  136.27 meV / A
2025-10-14 16:48:55.540 INFO: Epoch 155: head: Default, loss=0.18818224, RMSE_E_per_atom=   40.64 meV, RMSE_F=  136.31 meV / A
2025-10-14 16:48:58.551 INFO: Epoch 156: head: Default, loss=0.18706924, RMSE_E_per_atom=   39.06 meV, RMSE_F=  135.91 meV / A
2025-10-14 16:49:01.609 INFO: Epoch 157: head: Default, loss=0.18698005, RMSE_E_per_atom=   42.59 meV, RMSE_F=  135.84 meV / A
2025-10-14 16:49:04.673 INFO: Epoch 158: head: Default, loss=0.18771443, RMSE_E_per_atom=   45.30 meV, RMSE_F=  136.08 meV / A
2025-10-14 16:49:07.701 INFO: Epoch 159: head: Default, loss=0.18696222, RMSE_E_per_atom=   41.62 meV, RMSE_F=  135.80 meV / A
2025-10-14 16:49:11.326 INFO: Epoch 160: head: Default, loss=0.18710788, RMSE_E_per_atom=   38.04 meV, RMSE_F=  135.87 meV / A
2025-10-14 16:49:14.191 INFO: Epoch 161: head: Default, loss=0.18633048, RMSE_E_per_atom=   33.01 meV, RMSE_F=  135.60 meV / A
2025-10-14 16:49:17.315 INFO: Epoch 162: head: Default, loss=0.18597331, RMSE_E_per_atom=   31.92 meV, RMSE_F=  135.48 meV / A
2025-10-14 16:49:20.428 INFO: Epoch 163: head: Default, loss=0.18426192, RMSE_E_per_atom=   32.10 meV, RMSE_F=  134.85 meV / A
2025-10-14 16:49:23.557 INFO: Epoch 164: head: Default, loss=0.18322657, RMSE_E_per_atom=   32.15 meV, RMSE_F=  134.47 meV / A
2025-10-14 16:49:26.678 INFO: Epoch 165: head: Default, loss=0.18133931, RMSE_E_per_atom=   31.20 meV, RMSE_F=  133.78 meV / A
2025-10-14 16:49:29.757 INFO: Epoch 166: head: Default, loss=0.18036217, RMSE_E_per_atom=   30.91 meV, RMSE_F=  133.41 meV / A
2025-10-14 16:49:32.860 INFO: Epoch 167: head: Default, loss=0.17893917, RMSE_E_per_atom=   30.33 meV, RMSE_F=  132.90 meV / A
2025-10-14 16:49:35.987 INFO: Epoch 168: head: Default, loss=0.17936541, RMSE_E_per_atom=   31.55 meV, RMSE_F=  133.07 meV / A
2025-10-14 16:49:39.091 INFO: Epoch 169: head: Default, loss=0.17870601, RMSE_E_per_atom=   31.02 meV, RMSE_F=  132.82 meV / A
2025-10-14 16:49:42.241 INFO: Epoch 170: head: Default, loss=0.17807704, RMSE_E_per_atom=   29.74 meV, RMSE_F=  132.58 meV / A
2025-10-14 16:49:45.209 INFO: Epoch 171: head: Default, loss=0.17765399, RMSE_E_per_atom=   31.59 meV, RMSE_F=  132.41 meV / A
2025-10-14 16:49:48.372 INFO: Epoch 172: head: Default, loss=0.17694752, RMSE_E_per_atom=   33.44 meV, RMSE_F=  132.14 meV / A
2025-10-14 16:49:51.517 INFO: Epoch 173: head: Default, loss=0.17532614, RMSE_E_per_atom=   31.79 meV, RMSE_F=  131.53 meV / A
2025-10-14 16:49:54.619 INFO: Epoch 174: head: Default, loss=0.17509578, RMSE_E_per_atom=   32.30 meV, RMSE_F=  131.44 meV / A
2025-10-14 16:49:57.771 INFO: Epoch 175: head: Default, loss=0.17548109, RMSE_E_per_atom=   30.39 meV, RMSE_F=  131.59 meV / A
2025-10-14 16:50:00.834 INFO: Epoch 176: head: Default, loss=0.17579729, RMSE_E_per_atom=   32.40 meV, RMSE_F=  131.69 meV / A
2025-10-14 16:50:03.883 INFO: Epoch 177: head: Default, loss=0.17674592, RMSE_E_per_atom=   31.44 meV, RMSE_F=  132.04 meV / A
2025-10-14 16:50:06.996 INFO: Epoch 178: head: Default, loss=0.17597268, RMSE_E_per_atom=   31.34 meV, RMSE_F=  131.78 meV / A
2025-10-14 16:50:10.062 INFO: Epoch 179: head: Default, loss=0.17679661, RMSE_E_per_atom=   29.93 meV, RMSE_F=  132.10 meV / A
2025-10-14 16:50:10.065 INFO: Changing loss based on Stage Two Weights
2025-10-14 16:50:13.125 INFO: Epoch 180: head: Default, loss=0.24900071, RMSE_E_per_atom=   26.60 meV, RMSE_F=  132.68 meV / A
2025-10-14 16:50:16.058 INFO: Epoch 181: head: Default, loss=0.24100019, RMSE_E_per_atom=   24.77 meV, RMSE_F=  133.20 meV / A
2025-10-14 16:50:19.233 INFO: Epoch 182: head: Default, loss=0.23468410, RMSE_E_per_atom=   23.43 meV, RMSE_F=  133.27 meV / A
2025-10-14 16:50:22.451 INFO: Epoch 183: head: Default, loss=0.22391614, RMSE_E_per_atom=   21.14 meV, RMSE_F=  133.07 meV / A
2025-10-14 16:50:25.658 INFO: Epoch 184: head: Default, loss=0.21726395, RMSE_E_per_atom=   19.67 meV, RMSE_F=  132.85 meV / A
2025-10-14 16:50:28.787 INFO: Epoch 185: head: Default, loss=0.20842553, RMSE_E_per_atom=   17.31 meV, RMSE_F=  132.81 meV / A
2025-10-14 16:50:31.916 INFO: Epoch 186: head: Default, loss=0.20396609, RMSE_E_per_atom=   16.06 meV, RMSE_F=  132.72 meV / A
2025-10-14 16:50:35.053 INFO: Epoch 187: head: Default, loss=0.20208629, RMSE_E_per_atom=   15.47 meV, RMSE_F=  132.71 meV / A
2025-10-14 16:50:38.186 INFO: Epoch 188: head: Default, loss=0.20049353, RMSE_E_per_atom=   14.97 meV, RMSE_F=  132.67 meV / A
2025-10-14 16:50:41.284 INFO: Epoch 189: head: Default, loss=0.19840431, RMSE_E_per_atom=   14.36 meV, RMSE_F=  132.55 meV / A
2025-10-14 16:50:44.350 INFO: Epoch 190: head: Default, loss=0.19679876, RMSE_E_per_atom=   13.83 meV, RMSE_F=  132.51 meV / A
2025-10-14 16:50:47.311 INFO: Epoch 191: head: Default, loss=0.19660646, RMSE_E_per_atom=   13.77 meV, RMSE_F=  132.49 meV / A
2025-10-14 16:50:50.487 INFO: Epoch 192: head: Default, loss=0.19589158, RMSE_E_per_atom=   13.50 meV, RMSE_F=  132.50 meV / A
2025-10-14 16:50:53.620 INFO: Epoch 193: head: Default, loss=0.19458139, RMSE_E_per_atom=   13.02 meV, RMSE_F=  132.48 meV / A
2025-10-14 16:50:56.765 INFO: Epoch 194: head: Default, loss=0.19387485, RMSE_E_per_atom=   12.85 meV, RMSE_F=  132.38 meV / A
2025-10-14 16:50:59.870 INFO: Epoch 195: head: Default, loss=0.19370251, RMSE_E_per_atom=   12.83 meV, RMSE_F=  132.34 meV / A
2025-10-14 16:51:03.049 INFO: Epoch 196: head: Default, loss=0.19364949, RMSE_E_per_atom=   12.76 meV, RMSE_F=  132.37 meV / A
2025-10-14 16:51:06.190 INFO: Epoch 197: head: Default, loss=0.19120821, RMSE_E_per_atom=   11.80 meV, RMSE_F=  132.34 meV / A
2025-10-14 16:51:09.311 INFO: Epoch 198: head: Default, loss=0.19068913, RMSE_E_per_atom=   11.69 meV, RMSE_F=  132.24 meV / A
2025-10-14 16:51:12.419 INFO: Epoch 199: head: Default, loss=0.19004409, RMSE_E_per_atom=   11.50 meV, RMSE_F=  132.16 meV / A
2025-10-14 16:51:15.567 INFO: Epoch 200: head: Default, loss=0.19022984, RMSE_E_per_atom=   11.75 meV, RMSE_F=  132.02 meV / A
2025-10-14 16:51:18.448 INFO: Epoch 201: head: Default, loss=0.19709289, RMSE_E_per_atom=   14.45 meV, RMSE_F=  131.94 meV / A
2025-10-14 16:51:21.581 INFO: Epoch 202: head: Default, loss=0.19131442, RMSE_E_per_atom=   12.39 meV, RMSE_F=  131.85 meV / A
2025-10-14 16:51:24.604 INFO: Epoch 203: head: Default, loss=0.18980773, RMSE_E_per_atom=   12.00 meV, RMSE_F=  131.65 meV / A
2025-10-14 16:51:27.794 INFO: Epoch 204: head: Default, loss=0.18860416, RMSE_E_per_atom=   11.66 meV, RMSE_F=  131.50 meV / A
2025-10-14 16:51:30.918 INFO: Epoch 205: head: Default, loss=0.18786414, RMSE_E_per_atom=   11.51 meV, RMSE_F=  131.35 meV / A
2025-10-14 16:51:34.052 INFO: Epoch 206: head: Default, loss=0.18739662, RMSE_E_per_atom=   11.45 meV, RMSE_F=  131.23 meV / A
2025-10-14 16:51:37.164 INFO: Epoch 207: head: Default, loss=0.18796605, RMSE_E_per_atom=   11.79 meV, RMSE_F=  131.14 meV / A
2025-10-14 16:51:40.266 INFO: Epoch 208: head: Default, loss=0.18841285, RMSE_E_per_atom=   12.05 meV, RMSE_F=  131.07 meV / A
2025-10-14 16:51:43.313 INFO: Epoch 209: head: Default, loss=0.18781326, RMSE_E_per_atom=   11.87 meV, RMSE_F=  131.00 meV / A
2025-10-14 16:51:46.351 INFO: Epoch 210: head: Default, loss=0.18671253, RMSE_E_per_atom=   11.59 meV, RMSE_F=  130.84 meV / A
2025-10-14 16:51:49.340 INFO: Epoch 211: head: Default, loss=0.18710239, RMSE_E_per_atom=   11.48 meV, RMSE_F=  131.06 meV / A
2025-10-14 16:51:52.481 INFO: Epoch 212: head: Default, loss=0.18633584, RMSE_E_per_atom=   11.26 meV, RMSE_F=  130.96 meV / A
2025-10-14 16:51:55.619 INFO: Epoch 213: head: Default, loss=0.18602179, RMSE_E_per_atom=   11.22 meV, RMSE_F=  130.88 meV / A
2025-10-14 16:51:58.716 INFO: Epoch 214: head: Default, loss=0.18544513, RMSE_E_per_atom=   10.98 meV, RMSE_F=  130.85 meV / A
2025-10-14 16:52:01.829 INFO: Epoch 215: head: Default, loss=0.18571159, RMSE_E_per_atom=   11.20 meV, RMSE_F=  130.76 meV / A
2025-10-14 16:52:04.946 INFO: Epoch 216: head: Default, loss=0.18606748, RMSE_E_per_atom=   11.52 meV, RMSE_F=  130.62 meV / A
2025-10-14 16:52:07.971 INFO: Epoch 217: head: Default, loss=0.18550947, RMSE_E_per_atom=   11.43 meV, RMSE_F=  130.49 meV / A
2025-10-14 16:52:11.053 INFO: Epoch 218: head: Default, loss=0.18443383, RMSE_E_per_atom=   11.01 meV, RMSE_F=  130.45 meV / A
2025-10-14 16:52:14.155 INFO: Epoch 219: head: Default, loss=0.18563956, RMSE_E_per_atom=   11.43 meV, RMSE_F=  130.53 meV / A
2025-10-14 16:52:17.252 INFO: Epoch 220: head: Default, loss=0.18502804, RMSE_E_per_atom=   11.13 meV, RMSE_F=  130.56 meV / A
2025-10-14 16:52:20.181 INFO: Epoch 221: head: Default, loss=0.18804770, RMSE_E_per_atom=   12.65 meV, RMSE_F=  130.34 meV / A
2025-10-14 16:52:23.215 INFO: Epoch 222: head: Default, loss=0.18642522, RMSE_E_per_atom=   12.13 meV, RMSE_F=  130.22 meV / A
2025-10-14 16:52:26.280 INFO: Epoch 223: head: Default, loss=0.18557519, RMSE_E_per_atom=   11.86 meV, RMSE_F=  130.14 meV / A
2025-10-14 16:52:29.373 INFO: Epoch 224: head: Default, loss=0.18856475, RMSE_E_per_atom=   13.09 meV, RMSE_F=  130.11 meV / A
2025-10-14 16:52:32.467 INFO: Epoch 225: head: Default, loss=0.18759397, RMSE_E_per_atom=   12.66 meV, RMSE_F=  130.16 meV / A
2025-10-14 16:52:35.511 INFO: Epoch 226: head: Default, loss=0.18656377, RMSE_E_per_atom=   12.37 meV, RMSE_F=  130.05 meV / A
2025-10-14 16:52:38.557 INFO: Epoch 227: head: Default, loss=0.18476211, RMSE_E_per_atom=   11.77 meV, RMSE_F=  129.91 meV / A
2025-10-14 16:52:41.605 INFO: Epoch 228: head: Default, loss=0.18364838, RMSE_E_per_atom=   11.38 meV, RMSE_F=  129.84 meV / A
2025-10-14 16:52:44.725 INFO: Epoch 229: head: Default, loss=0.18233164, RMSE_E_per_atom=   10.95 meV, RMSE_F=  129.70 meV / A
2025-10-14 16:52:47.844 INFO: Epoch 230: head: Default, loss=0.18271158, RMSE_E_per_atom=   11.16 meV, RMSE_F=  129.67 meV / A
2025-10-14 16:52:50.709 INFO: Epoch 231: head: Default, loss=0.18730854, RMSE_E_per_atom=   13.02 meV, RMSE_F=  129.70 meV / A
2025-10-14 16:52:53.766 INFO: Epoch 232: head: Default, loss=0.18450475, RMSE_E_per_atom=   11.99 meV, RMSE_F=  129.60 meV / A
2025-10-14 16:52:56.843 INFO: Epoch 233: head: Default, loss=0.18267853, RMSE_E_per_atom=   11.22 meV, RMSE_F=  129.59 meV / A
2025-10-14 16:52:59.899 INFO: Epoch 234: head: Default, loss=0.18225608, RMSE_E_per_atom=   11.01 meV, RMSE_F=  129.60 meV / A
2025-10-14 16:53:03.008 INFO: Epoch 235: head: Default, loss=0.18315751, RMSE_E_per_atom=   11.39 meV, RMSE_F=  129.61 meV / A
2025-10-14 16:53:06.082 INFO: Epoch 236: head: Default, loss=0.18216662, RMSE_E_per_atom=   11.03 meV, RMSE_F=  129.55 meV / A
2025-10-14 16:53:09.209 INFO: Epoch 237: head: Default, loss=0.18179375, RMSE_E_per_atom=   10.91 meV, RMSE_F=  129.50 meV / A
2025-10-14 16:53:12.336 INFO: Epoch 238: head: Default, loss=0.18211036, RMSE_E_per_atom=   11.06 meV, RMSE_F=  129.50 meV / A
2025-10-14 16:53:15.393 INFO: Epoch 239: head: Default, loss=0.18129209, RMSE_E_per_atom=   10.81 meV, RMSE_F=  129.40 meV / A
2025-10-14 16:53:18.525 INFO: Epoch 240: head: Default, loss=0.18094940, RMSE_E_per_atom=   10.69 meV, RMSE_F=  129.37 meV / A
2025-10-14 16:53:21.539 INFO: Epoch 241: head: Default, loss=0.18138564, RMSE_E_per_atom=   10.74 meV, RMSE_F=  129.49 meV / A
2025-10-14 16:53:24.627 INFO: Epoch 242: head: Default, loss=0.18081083, RMSE_E_per_atom=   10.52 meV, RMSE_F=  129.44 meV / A
2025-10-14 16:53:27.741 INFO: Epoch 243: head: Default, loss=0.18068207, RMSE_E_per_atom=   10.48 meV, RMSE_F=  129.43 meV / A
2025-10-14 16:53:30.870 INFO: Epoch 244: head: Default, loss=0.18119438, RMSE_E_per_atom=   10.76 meV, RMSE_F=  129.41 meV / A
2025-10-14 16:53:34.284 INFO: Epoch 245: head: Default, loss=0.18114906, RMSE_E_per_atom=   10.64 meV, RMSE_F=  129.49 meV / A
2025-10-14 16:53:37.326 INFO: Epoch 246: head: Default, loss=0.18049318, RMSE_E_per_atom=   10.50 meV, RMSE_F=  129.35 meV / A
2025-10-14 16:53:40.420 INFO: Epoch 247: head: Default, loss=0.18061610, RMSE_E_per_atom=   10.47 meV, RMSE_F=  129.42 meV / A
2025-10-14 16:53:43.455 INFO: Epoch 248: head: Default, loss=0.18074714, RMSE_E_per_atom=   10.47 meV, RMSE_F=  129.46 meV / A
2025-10-14 16:53:46.537 INFO: Epoch 249: head: Default, loss=0.18173840, RMSE_E_per_atom=   10.97 meV, RMSE_F=  129.44 meV / A
2025-10-14 16:53:49.589 INFO: Epoch 250: head: Default, loss=0.18027460, RMSE_E_per_atom=   10.43 meV, RMSE_F=  129.32 meV / A
2025-10-14 16:53:52.573 INFO: Epoch 251: head: Default, loss=0.18174004, RMSE_E_per_atom=   11.10 meV, RMSE_F=  129.33 meV / A
2025-10-14 16:53:55.622 INFO: Epoch 252: head: Default, loss=0.18108881, RMSE_E_per_atom=   10.97 meV, RMSE_F=  129.19 meV / A
2025-10-14 16:53:58.767 INFO: Epoch 253: head: Default, loss=0.18097635, RMSE_E_per_atom=   10.87 meV, RMSE_F=  129.23 meV / A
2025-10-14 16:54:01.832 INFO: Epoch 254: head: Default, loss=0.18070124, RMSE_E_per_atom=   10.88 meV, RMSE_F=  129.11 meV / A
2025-10-14 16:54:04.904 INFO: Epoch 255: head: Default, loss=0.17973732, RMSE_E_per_atom=   10.67 meV, RMSE_F=  128.92 meV / A
2025-10-14 16:54:08.021 INFO: Epoch 256: head: Default, loss=0.17963472, RMSE_E_per_atom=   10.59 meV, RMSE_F=  128.94 meV / A
2025-10-14 16:54:11.195 INFO: Epoch 257: head: Default, loss=0.17994291, RMSE_E_per_atom=   10.70 meV, RMSE_F=  128.97 meV / A
2025-10-14 16:54:14.226 INFO: Epoch 258: head: Default, loss=0.17949709, RMSE_E_per_atom=   10.60 meV, RMSE_F=  128.88 meV / A
2025-10-14 16:54:17.344 INFO: Epoch 259: head: Default, loss=0.18030385, RMSE_E_per_atom=   10.94 meV, RMSE_F=  128.91 meV / A
2025-10-14 16:54:20.398 INFO: Epoch 260: head: Default, loss=0.17946123, RMSE_E_per_atom=   10.55 meV, RMSE_F=  128.90 meV / A
2025-10-14 16:54:23.363 INFO: Epoch 261: head: Default, loss=0.18003819, RMSE_E_per_atom=   10.88 meV, RMSE_F=  128.85 meV / A
2025-10-14 16:54:26.448 INFO: Epoch 262: head: Default, loss=0.17991845, RMSE_E_per_atom=   10.72 meV, RMSE_F=  128.94 meV / A
2025-10-14 16:54:29.556 INFO: Epoch 263: head: Default, loss=0.18039016, RMSE_E_per_atom=   10.82 meV, RMSE_F=  129.02 meV / A
2025-10-14 16:54:32.643 INFO: Epoch 264: head: Default, loss=0.17972833, RMSE_E_per_atom=   10.50 meV, RMSE_F=  129.03 meV / A
2025-10-14 16:54:35.748 INFO: Epoch 265: head: Default, loss=0.17901663, RMSE_E_per_atom=   10.35 meV, RMSE_F=  128.88 meV / A
2025-10-14 16:54:38.928 INFO: Epoch 266: head: Default, loss=0.17813801, RMSE_E_per_atom=   10.12 meV, RMSE_F=  128.73 meV / A
2025-10-14 16:54:42.034 INFO: Epoch 267: head: Default, loss=0.17755919, RMSE_E_per_atom=    9.93 meV, RMSE_F=  128.66 meV / A
2025-10-14 16:54:45.148 INFO: Epoch 268: head: Default, loss=0.17703583, RMSE_E_per_atom=    9.87 meV, RMSE_F=  128.51 meV / A
2025-10-14 16:54:48.282 INFO: Epoch 269: head: Default, loss=0.17691038, RMSE_E_per_atom=    9.81 meV, RMSE_F=  128.51 meV / A
2025-10-14 16:54:51.436 INFO: Epoch 270: head: Default, loss=0.17692611, RMSE_E_per_atom=    9.83 meV, RMSE_F=  128.50 meV / A
2025-10-14 16:54:54.344 INFO: Epoch 271: head: Default, loss=0.17952205, RMSE_E_per_atom=   11.10 meV, RMSE_F=  128.49 meV / A
2025-10-14 16:54:57.421 INFO: Epoch 272: head: Default, loss=0.17867187, RMSE_E_per_atom=   10.80 meV, RMSE_F=  128.41 meV / A
2025-10-14 16:55:00.519 INFO: Epoch 273: head: Default, loss=0.17790464, RMSE_E_per_atom=   10.50 meV, RMSE_F=  128.37 meV / A
2025-10-14 16:55:03.610 INFO: Epoch 274: head: Default, loss=0.17759011, RMSE_E_per_atom=   10.30 meV, RMSE_F=  128.40 meV / A
2025-10-14 16:55:06.719 INFO: Epoch 275: head: Default, loss=0.17804698, RMSE_E_per_atom=   10.50 meV, RMSE_F=  128.41 meV / A
2025-10-14 16:55:09.748 INFO: Epoch 276: head: Default, loss=0.17706780, RMSE_E_per_atom=   10.12 meV, RMSE_F=  128.35 meV / A
2025-10-14 16:55:12.822 INFO: Epoch 277: head: Default, loss=0.17716453, RMSE_E_per_atom=   10.22 meV, RMSE_F=  128.30 meV / A
2025-10-14 16:55:15.910 INFO: Epoch 278: head: Default, loss=0.17792631, RMSE_E_per_atom=   10.50 meV, RMSE_F=  128.38 meV / A
2025-10-14 16:55:18.971 INFO: Epoch 279: head: Default, loss=0.17745665, RMSE_E_per_atom=   10.25 meV, RMSE_F=  128.40 meV / A
2025-10-14 16:55:22.001 INFO: Epoch 280: head: Default, loss=0.17849301, RMSE_E_per_atom=   10.73 meV, RMSE_F=  128.42 meV / A
2025-10-14 16:55:24.902 INFO: Epoch 281: head: Default, loss=0.18038388, RMSE_E_per_atom=   11.42 meV, RMSE_F=  128.57 meV / A
2025-10-14 16:55:27.997 INFO: Epoch 282: head: Default, loss=0.18084622, RMSE_E_per_atom=   11.68 meV, RMSE_F=  128.52 meV / A
2025-10-14 16:55:31.126 INFO: Epoch 283: head: Default, loss=0.18044854, RMSE_E_per_atom=   11.53 meV, RMSE_F=  128.51 meV / A
2025-10-14 16:55:34.191 INFO: Epoch 284: head: Default, loss=0.18025381, RMSE_E_per_atom=   11.42 meV, RMSE_F=  128.52 meV / A
2025-10-14 16:55:37.257 INFO: Epoch 285: head: Default, loss=0.17916309, RMSE_E_per_atom=   10.99 meV, RMSE_F=  128.47 meV / A
2025-10-14 16:55:40.393 INFO: Epoch 286: head: Default, loss=0.17798242, RMSE_E_per_atom=   10.46 meV, RMSE_F=  128.45 meV / A
2025-10-14 16:55:43.448 INFO: Epoch 287: head: Default, loss=0.17712980, RMSE_E_per_atom=   10.22 meV, RMSE_F=  128.32 meV / A
2025-10-14 16:55:46.551 INFO: Epoch 288: head: Default, loss=0.17648541, RMSE_E_per_atom=    9.88 meV, RMSE_F=  128.33 meV / A
2025-10-14 16:55:49.707 INFO: Epoch 289: head: Default, loss=0.17643619, RMSE_E_per_atom=    9.86 meV, RMSE_F=  128.32 meV / A
2025-10-14 16:55:52.867 INFO: Epoch 290: head: Default, loss=0.17667938, RMSE_E_per_atom=   10.00 meV, RMSE_F=  128.29 meV / A
2025-10-14 16:55:55.744 INFO: Epoch 291: head: Default, loss=0.17559769, RMSE_E_per_atom=    9.48 meV, RMSE_F=  128.26 meV / A
2025-10-14 16:55:58.924 INFO: Epoch 292: head: Default, loss=0.17582605, RMSE_E_per_atom=    9.66 meV, RMSE_F=  128.22 meV / A
2025-10-14 16:56:01.987 INFO: Epoch 293: head: Default, loss=0.17708776, RMSE_E_per_atom=   10.18 meV, RMSE_F=  128.29 meV / A
2025-10-14 16:56:05.088 INFO: Epoch 294: head: Default, loss=0.17706966, RMSE_E_per_atom=   10.25 meV, RMSE_F=  128.23 meV / A
2025-10-14 16:56:08.186 INFO: Epoch 295: head: Default, loss=0.17691055, RMSE_E_per_atom=   10.06 meV, RMSE_F=  128.31 meV / A
2025-10-14 16:56:11.255 INFO: Epoch 296: head: Default, loss=0.17638984, RMSE_E_per_atom=    9.95 meV, RMSE_F=  128.20 meV / A
2025-10-14 16:56:14.298 INFO: Epoch 297: head: Default, loss=0.17614393, RMSE_E_per_atom=    9.97 meV, RMSE_F=  128.10 meV / A
2025-10-14 16:56:17.426 INFO: Epoch 298: head: Default, loss=0.17647390, RMSE_E_per_atom=   10.17 meV, RMSE_F=  128.08 meV / A
2025-10-14 16:56:20.532 INFO: Epoch 299: head: Default, loss=0.17649534, RMSE_E_per_atom=   10.11 meV, RMSE_F=  128.13 meV / A
2025-10-14 16:56:20.535 INFO: Training complete
2025-10-14 16:56:20.537 INFO: 
2025-10-14 16:56:20.539 INFO: ===========RESULTS===========
2025-10-14 16:56:22.556 INFO: Loading checkpoint: models/final_small-1_lila_HfOx-3/small_ft-HfOx_run-555_epoch-174.pt
2025-10-14 16:56:22.604 INFO: Loaded Stage one model from epoch 174 for evaluation
2025-10-14 16:56:22.606 INFO: Saving model to models/final_small-1_lila_HfOx-3/small_ft-HfOx_run-555.model
2025-10-14 16:56:22.676 INFO: RUNING CUEQ TO E3NN
2025-10-14 16:56:22.742 INFO: Creating new model without CuEq settings
2025-10-14 16:56:24.097 INFO: Compiling model, saving metadata to models/final_small-1_lila_HfOx-3/small_ft-HfOx_compiled.model
2025-10-14 16:56:24.863 INFO: Computing metrics for training, validation, and test sets
2025-10-14 16:56:24.865 INFO: Skipping evaluation for heads: ['pt_head']
2025-10-14 16:56:24.867 INFO: Evaluating train_Default ...
2025-10-14 16:56:26.215 INFO: Evaluating valid_Default ...
2025-10-14 16:56:26.672 INFO: Error-table on TRAIN and VALID:
+---------------+---------------------+------------------+-------------------+
|  config_type  | RMSE E / meV / atom | RMSE F / meV / A | relative F RMSE % |
+---------------+---------------------+------------------+-------------------+
| train_Default |           23.3      |        118.5     |          9.73     |
| valid_Default |           32.3      |        131.4     |         11.64     |
+---------------+---------------------+------------------+-------------------+
2025-10-14 16:56:26.674 INFO: Evaluating Default_Default ...
2025-10-14 16:56:28.668 INFO: Error-table on TEST:
+-----------------+---------------------+------------------+-------------------+
|   config_type   | RMSE E / meV / atom | RMSE F / meV / A | relative F RMSE % |
+-----------------+---------------------+------------------+-------------------+
| Default_Default |           27.2      |         91.4     |         10.11     |
+-----------------+---------------------+------------------+-------------------+
2025-10-14 16:56:28.727 INFO: Loading checkpoint: models/final_small-1_lila_HfOx-3/small_ft-HfOx_run-555_epoch-291_swa.pt
2025-10-14 16:56:28.801 INFO: Loaded Stage two model from epoch 291 for evaluation
2025-10-14 16:56:28.804 INFO: Saving model to models/final_small-1_lila_HfOx-3/small_ft-HfOx_run-555_stagetwo.model
2025-10-14 16:56:28.870 INFO: RUNING CUEQ TO E3NN
2025-10-14 16:56:28.935 INFO: Creating new model without CuEq settings
2025-10-14 16:56:30.262 INFO: Compiling model, saving metadata models/final_small-1_lila_HfOx-3/small_ft-HfOx_stagetwo_compiled.model
2025-10-14 16:56:31.033 INFO: Computing metrics for training, validation, and test sets
2025-10-14 16:56:31.037 INFO: Skipping evaluation for heads: ['pt_head']
2025-10-14 16:56:31.039 INFO: Evaluating train_Default ...
2025-10-14 16:56:32.442 INFO: Evaluating valid_Default ...
2025-10-14 16:56:32.916 INFO: Error-table on TRAIN and VALID:
+---------------+---------------------+------------------+-------------------+
|  config_type  | RMSE E / meV / atom | RMSE F / meV / A | relative F RMSE % |
+---------------+---------------------+------------------+-------------------+
| train_Default |            6.2      |        114.0     |          9.33     |
| valid_Default |            9.5      |        128.3     |         11.36     |
+---------------+---------------------+------------------+-------------------+
2025-10-14 16:56:32.919 INFO: Evaluating Default_Default ...
2025-10-14 16:56:34.925 INFO: Error-table on TEST:
+-----------------+---------------------+------------------+-------------------+
|   config_type   | RMSE E / meV / atom | RMSE F / meV / A | relative F RMSE % |
+-----------------+---------------------+------------------+-------------------+
| Default_Default |           16.4      |         89.3     |          9.88     |
+-----------------+---------------------+------------------+-------------------+
2025-10-14 16:56:34.984 INFO: Done
