2025-10-14 16:03:54.624 INFO: ===========VERIFYING SETTINGS===========
2025-10-14 16:03:54.626 INFO: Stage Two is activated as start_stage_two was defined
2025-10-14 16:03:54.627 INFO: MACE version: 0.3.14
2025-10-14 16:03:54.628 DEBUG: Configuration: Namespace(config='configs/final_lila_1.yml', name='small_ft-HfOx', seed=123, work_dir='.', log_dir='models/final_small-1_lila_HfOx-1', model_dir='models/final_small-1_lila_HfOx-1', checkpoints_dir='models/final_small-1_lila_HfOx-1', results_dir='models/final_small-1_lila_HfOx-1', downloads_dir='./downloads', device='cuda', default_dtype='float64', distributed=False, launcher='slurm', log_level='INFO', plot=True, plot_frequency=10, plot_interaction_e=False, error_table='PerAtomRMSE', model='MACE', r_max=5.0, radial_type='bessel', num_radial_basis=8, num_cutoff_basis=5, pair_repulsion=False, distance_transform='None', apply_cutoff=True, use_last_readout_only=False, use_embedding_readout=False, interaction='RealAgnosticResidualInteractionBlock', interaction_first='RealAgnosticResidualInteractionBlock', max_ell=3, correlation=3, use_reduced_cg=False, use_so3=False, use_agnostic_product=False, num_interactions=2, MLP_irreps='16x0e', radial_MLP='[64, 64, 64]', hidden_irreps='128x0e + 128x1o', edge_irreps=None, num_channels=128, max_L=1, gate='silu', scaling='rms_forces_scaling', avg_num_neighbors=1, compute_avg_num_neighbors=True, compute_stress=False, compute_forces=True, compute_polarizability=<function str2bool at 0x79243ab59580>, compute_atomic_dipole=<function str2bool at 0x79243ab59580>, train_file='data/nothing_above_5/new_dpp_train.xyz', valid_file='data/nothing_above_5/new_dpp_validation.xyz', valid_fraction=0.1, test_file='data/nothing_above_5/test.xyz', test_dir=None, multi_processed_test=False, num_workers=0, pin_memory=True, atomic_numbers=None, mean=None, std=None, statistics_file=None, les_arguments=None, E0s='{8: -444.4382601985303, 72: -1528.3129784907499}', pseudolabel_replay=False, foundation_filter_elements=True, heads=None, multiheads_finetuning=False, foundation_head=None, weight_pt_head=1.0, real_pt_data_ratio_threshold=0.1, num_samples_pt=10000, force_mh_ft_lr=False, subselect_pt='random', filter_type_pt='none', allow_random_padding_pt=True, pt_train_file=None, pt_valid_file=None, foundation_model_elements=False, keep_isolated_atoms=False, energy_key='REF_energy', forces_key='REF_forces', virials_key='REF_virials', stress_key='REF_stress', dipole_key='dipole', polarizability_key='polarizability', head_key='head', charges_key='REF_charges', elec_temp_key='elec_temp', total_spin_key='total_spin', total_charge_key='total_charge', embedding_specs=None, skip_evaluate_heads='pt_head', loss='weighted', forces_weight=1.0, swa_forces_weight=100.0, energy_weight=100.0, swa_energy_weight=1.0, virials_weight=1.0, swa_virials_weight=10.0, stress_weight=0.0, swa_stress_weight=10.0, dipole_weight=1.0, swa_dipole_weight=1.0, swa_polarizability_weight=1.0, polarizability_weight=1.0, config_type_weights='{"Default":1.0}', huber_delta=0.001, optimizer='adam', beta=0.9, batch_size=14, valid_batch_size=10, lr=0.01, swa_lr=0.001, weight_decay=5e-07, amsgrad=True, scheduler='ExponentialLR', lr_factor=0.8, scheduler_patience=50, lr_scheduler_gamma=0.9993, swa=True, start_swa=120, lbfgs=False, ema=True, ema_decay=0.99, max_num_epochs=200, patience=2048, foundation_model='small', foundation_model_readout=True, eval_interval=1, keep_checkpoints=False, save_all_checkpoints=False, restart_latest=False, save_cpu=False, clip_grad=10.0, dry_run=False, enable_cueq=True, only_cueq=False, enable_oeq=False, wandb=True, wandb_dir=None, wandb_project='MACE_HfOx_ft', wandb_entity='', wandb_name='final_small-ft-1', wandb_log_hypers=['lr', 'lr_factor', 'lr_scheduler_gamma', 'scheduler', 'swa', 'swa_lr', 'start_swa', 'scheduler_patience', 'swa_energy_weight', 'swa_forces_weight', 'energy_weight', 'forces_weight', 'ema', 'ema_decay', 'weight_decay', 'huber_delta', 'optimizer', 'amsgrad', 'beta', 'batch_size', 'max_num_epochs', 'seed'], key_specification=KeySpecification(info_keys={'energy': 'REF_energy', 'stress': 'REF_stress', 'virials': 'REF_virials', 'dipole': 'dipole', 'head': 'head', 'elec_temp': 'elec_temp', 'total_charge': 'total_charge', 'polarizability': 'polarizability', 'total_spin': 'total_spin'}, arrays_keys={'forces': 'REF_forces', 'charges': 'REF_charges'}))
2025-10-14 16:03:54.725 INFO: CUDA version: 12.6, CUDA device: 0
2025-10-14 16:03:54.727 DEBUG: sys.platform='linux', git_executable='git'
2025-10-14 16:03:54.729 DEBUG: Error accessing Git repository: /content/drive/My Drive/colab_temp/mace_fine-tuning_expts
2025-10-14 16:03:54.729 INFO: Using foundation model mace-mp-0 small as initial checkpoint.
2025-10-14 16:03:55.920 INFO: CUDA version: 12.6, CUDA device: 0
2025-10-14 16:03:55.933 INFO: ===========LOADING INPUT DATA===========
2025-10-14 16:03:55.934 INFO: Using heads: ['Default']
2025-10-14 16:03:55.935 INFO: Using the key specifications to parse data:
2025-10-14 16:03:55.936 INFO: Default: KeySpecification(info_keys={'energy': 'REF_energy', 'stress': 'REF_stress', 'virials': 'REF_virials', 'dipole': 'dipole', 'head': 'head', 'elec_temp': 'elec_temp', 'total_charge': 'total_charge', 'polarizability': 'polarizability', 'total_spin': 'total_spin'}, arrays_keys={'forces': 'REF_forces', 'charges': 'REF_charges'})
2025-10-14 16:03:55.937 INFO: =============    Processing head Default     ===========
2025-10-14 16:03:56.016 DEBUG: Loading training file: data/nothing_above_5/new_dpp_train.xyz
2025-10-14 16:03:57.234 INFO: Training set 1/1 [energy: 361, stress: 361, virials: 0, dipole components: 0, head: 361, elec_temp: 0, total_charge: 0, polarizability: 0, total_spin: 0, forces: 361, charges: 0]
2025-10-14 16:03:57.237 INFO: Total Training set [energy: 361, stress: 361, virials: 0, dipole components: 0, head: 361, elec_temp: 0, total_charge: 0, polarizability: 0, total_spin: 0, forces: 361, charges: 0]
2025-10-14 16:03:58.323 INFO: Validation set 1/1 [energy: 90, stress: 90, virials: 0, dipole components: 0, head: 90, elec_temp: 0, total_charge: 0, polarizability: 0, total_spin: 0, forces: 90, charges: 0]
2025-10-14 16:03:58.325 INFO: Total Validation set [energy: 90, stress: 90, virials: 0, dipole components: 0, head: 90, elec_temp: 0, total_charge: 0, polarizability: 0, total_spin: 0, forces: 90, charges: 0]
2025-10-14 16:03:59.518 INFO: Test set 1/1 [energy: 389, stress: 389, virials: 0, dipole components: 0, head: 389, elec_temp: 0, total_charge: 0, polarizability: 0, total_spin: 0, forces: 389, charges: 0]
2025-10-14 16:03:59.522 INFO: Total Test set [energy: 389, stress: 389, virials: 0, dipole components: 0, head: 389, elec_temp: 0, total_charge: 0, polarizability: 0, total_spin: 0, forces: 389, charges: 0]
2025-10-14 16:03:59.524 INFO: Total number of configurations: train=361, valid=90, tests=[Default_Default: 389],
2025-10-14 16:03:59.532 INFO: Atomic Numbers used: [8, 72]
2025-10-14 16:03:59.533 INFO: Isolated Atomic Energies (E0s) not in training file, using command line argument
2025-10-14 16:03:59.534 INFO: Atomic Energies used (z: eV) for head Default: {8: -444.4382601985303, 72: -1528.3129784907499}
2025-10-14 16:03:59.535 INFO: Processing datasets for head 'Default'
2025-10-14 16:04:02.100 DEBUG: Successfully loaded dataset from ASE files: ['data/nothing_above_5/new_dpp_train.xyz']
2025-10-14 16:04:02.100 INFO: Combining 1 list datasets for head 'Default'
2025-10-14 16:04:02.793 DEBUG: Successfully loaded validation dataset from ASE files: ['data/nothing_above_5/new_dpp_validation.xyz']
2025-10-14 16:04:02.793 INFO: Combining 1 list datasets for head 'Default_valid'
2025-10-14 16:04:02.795 INFO: Combined validation datasets for Default
2025-10-14 16:04:02.795 INFO: Head 'Default' training dataset size: 361
2025-10-14 16:04:02.797 INFO: Computing average number of neighbors
2025-10-14 16:04:03.058 INFO: Average number of neighbors: 59.332753814334104
2025-10-14 16:04:03.060 INFO: During training the following quantities will be reported: energy, forces
2025-10-14 16:04:03.061 INFO: ===========MODEL DETAILS===========
2025-10-14 16:04:03.290 INFO: Loading FOUNDATION model
2025-10-14 16:04:03.292 INFO: Using filtered elements: [8, 72]
2025-10-14 16:04:03.293 INFO: Model configuration extracted from foundation model
2025-10-14 16:04:03.294 INFO: Using weighted loss function for fine-tuning
2025-10-14 16:04:03.295 INFO: Message passing with hidden irreps 128x0e)
2025-10-14 16:04:03.296 INFO: 2 layers, each with correlation order: 3 (body order: 4) and spherical harmonics up to: l=3
2025-10-14 16:04:03.297 INFO: Radial cutoff: 6.0 A (total receptive field for each atom: 12.0 A)
2025-10-14 16:04:03.298 INFO: Distance transform for radial basis functions: None
2025-10-14 16:04:04.734 DEBUG: ScaleShiftMACE(
  (node_embedding): LinearNodeEmbeddingBlock(
    (linear): Linear(2x0e -> 128x0e | 256 weights)
  )
  (radial_embedding): RadialEmbeddingBlock(
    (bessel_fn): BesselBasis(r_max=6.0, num_basis=10, trainable=True)
    (cutoff_fn): PolynomialCutoff(p=5, r_max=6.0)
  )
  (spherical_harmonics): SphericalHarmonics()
  (atomic_energies_fn): AtomicEnergiesBlock(energies=[[-444.4383, -1528.3130]])
  (interactions): ModuleList(
    (0-1): 2 x RealAgnosticResidualInteractionBlock(
      (linear_up): Linear(128x0e -> 128x0e | 16384 weights)
      (conv_tp): TensorProduct(128x0e x 1x0e+1x1o+1x2e+1x3o -> 128x0e+128x1o+128x2e+128x3o | 512 paths | 512 weights)
      (conv_tp_weights): FullyConnectedNet[10, 64, 64, 64, 512]
      (linear): Linear(128x0e+128x1o+128x2e+128x3o -> 128x0e+128x1o+128x2e+128x3o | 65536 weights)
      (skip_tp): FullyConnectedTensorProduct(128x0e x 2x0e -> 128x0e | 32768 paths | 32768 weights)
      (reshape): reshape_irreps()
    )
  )
  (products): ModuleList(
    (0-1): 2 x EquivariantProductBasisBlock(
      (symmetric_contractions): SymmetricContraction(
        (contractions): ModuleList(
          (0): Contraction(
            (contractions_weighting): ModuleList(
              (0-1): 2 x GraphModule()
            )
            (contractions_features): ModuleList(
              (0-1): 2 x GraphModule()
            )
            (weights): ParameterList(
                (0): Parameter containing: [torch.float64 of size 2x4x128 (cuda:0)]
                (1): Parameter containing: [torch.float64 of size 2x1x128 (cuda:0)]
            )
            (graph_opt_main): GraphModule()
          )
        )
      )
      (linear): Linear(128x0e -> 128x0e | 16384 weights)
    )
  )
  (readouts): ModuleList(
    (0): LinearReadoutBlock(
      (linear): Linear(128x0e -> 1x0e | 128 weights)
    )
    (1): NonLinearReadoutBlock(
      (linear_1): Linear(128x0e -> 16x0e | 2048 weights)
      (non_linearity): Activation [x] (16x0e -> 16x0e)
      (linear_2): Linear(16x0e -> 1x0e | 16 weights)
    )
  )
  (scale_shift): ScaleShiftBlock(scale=0.8042, shift=0.1641)
)
2025-10-14 16:04:04.736 INFO: Total number of parameters: 362138
2025-10-14 16:04:04.739 INFO: 
2025-10-14 16:04:04.740 INFO: ===========OPTIMIZER INFORMATION===========
2025-10-14 16:04:04.741 INFO: Using ADAM as parameter optimizer
2025-10-14 16:04:04.742 INFO: Batch size: 14
2025-10-14 16:04:04.743 INFO: Using Exponential Moving Average with decay: 0.99
2025-10-14 16:04:04.744 INFO: Number of gradient updates: 5157
2025-10-14 16:04:04.745 INFO: Learning rate: 0.01, weight decay: 5e-07
2025-10-14 16:04:04.746 INFO: WeightedEnergyForcesLoss(energy_weight=100.000, forces_weight=1.000)
2025-10-14 16:04:04.746 INFO: Converting model to CUEQ for accelerated training
2025-10-14 16:04:04.847 INFO: Creating new model with cuequivariance settings
2025-10-14 16:04:04.849 DEBUG: Normalized paths for operand 2 in uv,iu,iv operands=[(2, 128)],[(1, 2)],[(1, 128)] paths=[op0[0]*op1[0]*op2[0]*1.]: got uv,iu,iv operands=[(2, 128)],[(1, 2)],[(1, 128)] paths=[op0[0]*op1[0]*op2[0]*0.71]
2025-10-14 16:04:04.870 DEBUG: Normalized paths for operand 2 in uv,iu,iv operands=[(128, 128)],[(1, 128)],[(1, 128)] paths=[op0[0]*op1[0]*op2[0]*1.]: got uv,iu,iv operands=[(128, 128)],[(1, 128)],[(1, 128)] paths=[op0[0]*op1[0]*op2[0]*0.09]
2025-10-14 16:04:04.888 DEBUG: Normalized paths for operand 3 in uv,iu,jv,kuv+ijk sizes=512,128,16,2048 num_segments=4,1,4,4 num_paths=4 i=1 j={1, 3, 5, 7} k={1, 3, 5, 7} u=128 v=1: got uv,iu,jv,kuv+ijk sizes=512,128,16,2048 num_segments=4,1,4,4 num_paths=4 i=1 j={1, 3, 5, 7} k={1, 3, 5, 7} u=128 v=1
2025-10-14 16:04:04.890 DEBUG: Flattened ijk in uv,iu,jv,kuv+ijk sizes=512,128,16,2048 num_segments=4,1,4,4 num_paths=4 i=1 j={1, 3, 5, 7} k={1, 3, 5, 7} u=128 v=1: got uv,u,v,uv sizes=512,128,16,2048 num_segments=4,1,16,16 num_paths=16 u=128 v=1
2025-10-14 16:04:04.891 DEBUG: Squeezed uv,u,v,uv sizes=512,128,16,2048 num_segments=4,1,16,16 num_paths=16 u=128 v=1 to u,u,,u sizes=512,128,16,2048 num_segments=4,1,16,16 num_paths=16 u=128
2025-10-14 16:04:04.893 DEBUG: Flattened ijk in uv,iu,jv,kuv+ijk sizes=512,128,16,2048 num_segments=4,1,4,4 num_paths=4 i=1 j={1, 3, 5, 7} k={1, 3, 5, 7} u=128 v=1: got uv,u,v,uv sizes=512,128,16,2048 num_segments=4,1,16,16 num_paths=16 u=128 v=1
2025-10-14 16:04:04.895 DEBUG: Squeezed uv,u,v,uv sizes=512,128,16,2048 num_segments=4,1,16,16 num_paths=16 u=128 v=1 to u,u,,u sizes=512,128,16,2048 num_segments=4,1,16,16 num_paths=16 u=128
2025-10-14 16:04:04.930 DEBUG: Normalized paths for operand 2 in uv,iu,iv sizes=65536,2048,2048 num_segments=4,4,4 num_paths=4 i={1, 3, 5, 7} u=128 v=128: got uv,iu,iv sizes=65536,2048,2048 num_segments=4,4,4 num_paths=4 i={1, 3, 5, 7} u=128 v=128
2025-10-14 16:04:04.966 DEBUG: Normalized paths for operand 3 in uvw,iu,jv,kw+ijk operands=[(128, 2, 128)],[(1, 128)],[(1, 2)],[(1, 128)] paths=[op0[0]*op1[0]*op2[0]*op3[0]*[[[1.]]]]: got uvw,iu,jv,kw+ijk operands=[(128, 2, 128)],[(1, 128)],[(1, 2)],[(1, 128)] paths=[op0[0]*op1[0]*op2[0]*op3[0]*[[[0.06]]]]
2025-10-14 16:04:08.235 DEBUG: Flattened abciu in u,a,b,c,i+abcui operands=[(23,)],[(16,)],[(16,)],[(16,)],[(1,)] paths=[op0[0]*op1[0]*op2[0]*op3[0]*op4[0]*c c.shape=(16, 16, 16, 23, 1) c.nnz=276]: got ,,,, sizes=23,16,16,16,1 num_segments=23,16,16,16,1 num_paths=276
2025-10-14 16:04:08.241 DEBUG: Flattened abiu in u,a,b,i+abui operands=[(4,)],[(16,)],[(16,)],[(1,)] paths=[op0[0]*op1[0]*op2[0]*op3[0]*c c.shape=(16, 16, 4, 1) c.nnz=16]: got ,,, sizes=4,16,16,1 num_segments=4,16,16,1 num_paths=16
2025-10-14 16:04:08.243 DEBUG: Flattened aiu in u,a,i+aui operands=[(1,)],[(16,)],[(1,)] paths=[op0[0]*op1[0]*op2[0]*c c.shape=(16, 1, 1) c.nnz=1]: got ,, sizes=1,16,1 num_segments=1,16,1 num_paths=1
2025-10-14 16:04:08.283 DEBUG: _reduced_tensor_product_basis (0e+1o+2e+3o,), frozenset({(1, (0,))}), keep_ir=frozenset({0e})
2025-10-14 16:04:08.285 DEBUG: Normalized paths for operand 2 in w,a,i+aiw operands=[(1,)],[(16,)],[(1,)] paths=[op0[0]*op1[0]*op2[0]*c c.shape=(16, 1, 1) c.nnz=1]: got w,a,i+aiw operands=[(1,)],[(16,)],[(1,)] paths=[op0[0]*op1[0]*op2[0]*c c.shape=(16, 1, 1) c.nnz=1]
2025-10-14 16:04:08.286 DEBUG: Flattened aiw in w,a,i+aiw operands=[(1,)],[(16,)],[(1,)] paths=[op0[0]*op1[0]*op2[0]*c c.shape=(16, 1, 1) c.nnz=1]: got ,, sizes=1,16,1 num_segments=1,16,1 num_paths=1
2025-10-14 16:04:08.287 DEBUG: _reduced_tensor_product_basis (0e+1o+2e+3o, 0e+1o+2e+3o), frozenset({(1, (0, 1)), (1, (1, 0))}), keep_ir=frozenset({0e}), use _optimized_reduced_symmetric_tensor_product_basis
2025-10-14 16:04:08.287 DEBUG: _reduced_tensor_product_basis (0e,), frozenset({(1, (0,))}), keep_ir=frozenset({0e, 1o, 3o, 2e})
2025-10-14 16:04:08.288 DEBUG: _reduced_tensor_product_basis (0e, 0e), frozenset({(1, (0, 1)), (1, (1, 0))}), keep_ir=frozenset({0e})
2025-10-14 16:04:08.299 DEBUG: _reduced_tensor_product_basis (1o,), frozenset({(1, (0,))}), keep_ir=frozenset({0e, 1o, 3o, 2e})
2025-10-14 16:04:08.300 DEBUG: _reduced_tensor_product_basis (1o, 1o), frozenset({(1, (0, 1)), (1, (1, 0))}), keep_ir=frozenset({0e})
2025-10-14 16:04:08.302 DEBUG: _reduced_tensor_product_basis (2e,), frozenset({(1, (0,))}), keep_ir=frozenset({0e, 1o, 3o, 2e})
2025-10-14 16:04:08.303 DEBUG: _reduced_tensor_product_basis (2e, 2e), frozenset({(1, (0, 1)), (1, (1, 0))}), keep_ir=frozenset({0e})
2025-10-14 16:04:08.306 DEBUG: _reduced_tensor_product_basis (3o,), frozenset({(1, (0,))}), keep_ir=frozenset({0e, 1o, 3o, 2e})
2025-10-14 16:04:08.306 DEBUG: _reduced_tensor_product_basis (3o, 3o), frozenset({(1, (0, 1)), (1, (1, 0))}), keep_ir=frozenset({0e})
2025-10-14 16:04:08.315 DEBUG: Normalized paths for operand 3 in w,a,b,i+abiw operands=[(4,)],[(16,)],[(16,)],[(1,)] paths=[op0[0]*op1[0]*op2[0]*op3[0]*c c.shape=(16, 16, 1, 4) c.nnz=16]: got w,a,b,i+abiw operands=[(4,)],[(16,)],[(16,)],[(1,)] paths=[op0[0]*op1[0]*op2[0]*op3[0]*c c.shape=(16, 16, 1, 4) c.nnz=16]
2025-10-14 16:04:08.317 DEBUG: Flattened abiw in w,a,b,i+abiw operands=[(4,)],[(16,)],[(16,)],[(1,)] paths=[op0[0]*op1[0]*op2[0]*op3[0]*c c.shape=(16, 16, 1, 4) c.nnz=16]: got ,,, sizes=4,16,16,1 num_segments=4,16,16,1 num_paths=16
2025-10-14 16:04:08.318 DEBUG: _reduced_tensor_product_basis (0e+1o+2e+3o, 0e+1o+2e+3o, 0e+1o+2e+3o), frozenset({(1, (0, 1, 2)), (1, (1, 0, 2)), (1, (2, 0, 1)), (1, (1, 2, 0)), (1, (0, 2, 1)), (1, (2, 1, 0))}), keep_ir=frozenset({0e}), use _optimized_reduced_symmetric_tensor_product_basis
2025-10-14 16:04:08.318 DEBUG: _reduced_tensor_product_basis (0e,), frozenset({(1, (0,))}), keep_ir=frozenset({0e, 2o, 3o, 2e, 3e, 5o, 6e, 1e, 1o, 5e, 4o, 4e})
2025-10-14 16:04:08.319 DEBUG: _reduced_tensor_product_basis (0e, 0e), frozenset({(1, (0, 1)), (1, (1, 0))}), keep_ir=frozenset({0e, 1o, 3o, 2e})
2025-10-14 16:04:08.321 DEBUG: _reduced_tensor_product_basis (0e, 0e, 0e), frozenset({(1, (0, 1, 2)), (1, (1, 0, 2)), (1, (2, 0, 1)), (1, (1, 2, 0)), (1, (0, 2, 1)), (1, (2, 1, 0))}), keep_ir=frozenset({0e})
2025-10-14 16:04:08.323 DEBUG: _reduced_tensor_product_basis (1o,), frozenset({(1, (0,))}), keep_ir=frozenset({0e, 2o, 3o, 2e, 3e, 5o, 6e, 1e, 1o, 5e, 4o, 4e})
2025-10-14 16:04:08.324 DEBUG: _reduced_tensor_product_basis (1o, 1o), frozenset({(1, (0, 1)), (1, (1, 0))}), keep_ir=frozenset({0e, 1o, 3o, 2e})
2025-10-14 16:04:08.326 DEBUG: _reduced_tensor_product_basis (1o, 1o, 1o), frozenset({(1, (0, 1, 2)), (1, (1, 0, 2)), (1, (2, 0, 1)), (1, (1, 2, 0)), (1, (0, 2, 1)), (1, (2, 1, 0))}), keep_ir=frozenset({0e})
2025-10-14 16:04:08.327 DEBUG: _reduced_tensor_product_basis (1o, 1o), frozenset({(1, (0, 1)), (1, (1, 0))}), keep_ir=frozenset({1o})
2025-10-14 16:04:08.329 DEBUG: _reduced_tensor_product_basis (2e,), frozenset({(1, (0,))}), keep_ir=frozenset({0e, 2o, 3o, 2e, 3e, 5o, 6e, 1e, 1o, 5e, 4o, 4e})
2025-10-14 16:04:08.329 DEBUG: _reduced_tensor_product_basis (2e, 2e), frozenset({(1, (0, 1)), (1, (1, 0))}), keep_ir=frozenset({0e, 1o, 3o, 2e})
2025-10-14 16:04:08.332 DEBUG: _reduced_tensor_product_basis (2e, 2e, 2e), frozenset({(1, (0, 1, 2)), (1, (1, 0, 2)), (1, (2, 0, 1)), (1, (1, 2, 0)), (1, (0, 2, 1)), (1, (2, 1, 0))}), keep_ir=frozenset({0e})
2025-10-14 16:04:08.332 DEBUG: _reduced_tensor_product_basis (2e, 2e), frozenset({(1, (0, 1)), (1, (1, 0))}), keep_ir=frozenset({2e})
2025-10-14 16:04:08.338 DEBUG: _reduced_tensor_product_basis (3o,), frozenset({(1, (0,))}), keep_ir=frozenset({0e, 2o, 3o, 2e, 3e, 5o, 6e, 1e, 1o, 5e, 4o, 4e})
2025-10-14 16:04:08.339 DEBUG: _reduced_tensor_product_basis (3o, 3o), frozenset({(1, (0, 1)), (1, (1, 0))}), keep_ir=frozenset({0e, 1o, 3o, 2e})
2025-10-14 16:04:08.342 DEBUG: _reduced_tensor_product_basis (3o, 3o, 3o), frozenset({(1, (0, 1, 2)), (1, (1, 0, 2)), (1, (2, 0, 1)), (1, (1, 2, 0)), (1, (0, 2, 1)), (1, (2, 1, 0))}), keep_ir=frozenset({0e})
2025-10-14 16:04:08.342 DEBUG: _reduced_tensor_product_basis (3o, 3o), frozenset({(1, (0, 1)), (1, (1, 0))}), keep_ir=frozenset({3o})
2025-10-14 16:04:08.382 DEBUG: Normalized paths for operand 4 in w,a,b,c,i+abciw operands=[(8,)],[(16,)],[(16,)],[(16,)],[(1,)] paths=[op0[0]*op1[0]*op2[0]*op3[0]*op4[0]*c c.shape=(16, 16, 16, 1, 8) c.nnz=353]: got w,a,b,c,i+abciw operands=[(8,)],[(16,)],[(16,)],[(16,)],[(1,)] paths=[op0[0]*op1[0]*op2[0]*op3[0]*op4[0]*c c.shape=(16, 16, 16, 1, 8) c.nnz=353]
2025-10-14 16:04:08.396 DEBUG: Flattened abciw in w,a,b,c,i+abciw operands=[(8,)],[(16,)],[(16,)],[(16,)],[(1,)] paths=[op0[0]*op1[0]*op2[0]*op3[0]*op4[0]*c c.shape=(16, 16, 16, 1, 8) c.nnz=353]: got ,,,, sizes=8,16,16,16,1 num_segments=8,16,16,16,1 num_paths=353
2025-10-14 16:04:08.541 DEBUG: Normalized paths for operand 2 in uv,iu,iv operands=[(128, 128)],[(1, 128)],[(1, 128)] paths=[op0[0]*op1[0]*op2[0]*1.]: got uv,iu,iv operands=[(128, 128)],[(1, 128)],[(1, 128)] paths=[op0[0]*op1[0]*op2[0]*0.09]
2025-10-14 16:04:08.555 DEBUG: Normalized paths for operand 2 in uv,iu,iv operands=[(128, 1)],[(1, 128)],[(1, 1)] paths=[op0[0]*op1[0]*op2[0]*1.]: got uv,iu,iv operands=[(128, 1)],[(1, 128)],[(1, 1)] paths=[op0[0]*op1[0]*op2[0]*0.09]
2025-10-14 16:04:08.568 DEBUG: Normalized paths for operand 2 in uv,iu,iv operands=[(128, 128)],[(1, 128)],[(1, 128)] paths=[op0[0]*op1[0]*op2[0]*1.]: got uv,iu,iv operands=[(128, 128)],[(1, 128)],[(1, 128)] paths=[op0[0]*op1[0]*op2[0]*0.09]
2025-10-14 16:04:08.585 DEBUG: Normalized paths for operand 3 in uv,iu,jv,kuv+ijk sizes=512,128,16,2048 num_segments=4,1,4,4 num_paths=4 i=1 j={1, 3, 5, 7} k={1, 3, 5, 7} u=128 v=1: got uv,iu,jv,kuv+ijk sizes=512,128,16,2048 num_segments=4,1,4,4 num_paths=4 i=1 j={1, 3, 5, 7} k={1, 3, 5, 7} u=128 v=1
2025-10-14 16:04:08.586 DEBUG: Flattened ijk in uv,iu,jv,kuv+ijk sizes=512,128,16,2048 num_segments=4,1,4,4 num_paths=4 i=1 j={1, 3, 5, 7} k={1, 3, 5, 7} u=128 v=1: got uv,u,v,uv sizes=512,128,16,2048 num_segments=4,1,16,16 num_paths=16 u=128 v=1
2025-10-14 16:04:08.588 DEBUG: Squeezed uv,u,v,uv sizes=512,128,16,2048 num_segments=4,1,16,16 num_paths=16 u=128 v=1 to u,u,,u sizes=512,128,16,2048 num_segments=4,1,16,16 num_paths=16 u=128
2025-10-14 16:04:08.590 DEBUG: Flattened ijk in uv,iu,jv,kuv+ijk sizes=512,128,16,2048 num_segments=4,1,4,4 num_paths=4 i=1 j={1, 3, 5, 7} k={1, 3, 5, 7} u=128 v=1: got uv,u,v,uv sizes=512,128,16,2048 num_segments=4,1,16,16 num_paths=16 u=128 v=1
2025-10-14 16:04:08.591 DEBUG: Squeezed uv,u,v,uv sizes=512,128,16,2048 num_segments=4,1,16,16 num_paths=16 u=128 v=1 to u,u,,u sizes=512,128,16,2048 num_segments=4,1,16,16 num_paths=16 u=128
2025-10-14 16:04:08.629 DEBUG: Normalized paths for operand 2 in uv,iu,iv sizes=65536,2048,2048 num_segments=4,4,4 num_paths=4 i={1, 3, 5, 7} u=128 v=128: got uv,iu,iv sizes=65536,2048,2048 num_segments=4,4,4 num_paths=4 i={1, 3, 5, 7} u=128 v=128
2025-10-14 16:04:08.666 DEBUG: Normalized paths for operand 3 in uvw,iu,jv,kw+ijk operands=[(128, 2, 128)],[(1, 128)],[(1, 2)],[(1, 128)] paths=[op0[0]*op1[0]*op2[0]*op3[0]*[[[1.]]]]: got uvw,iu,jv,kw+ijk operands=[(128, 2, 128)],[(1, 128)],[(1, 2)],[(1, 128)] paths=[op0[0]*op1[0]*op2[0]*op3[0]*[[[0.06]]]]
2025-10-14 16:04:08.690 DEBUG: Normalized paths for operand 2 in uv,iu,iv operands=[(128, 128)],[(1, 128)],[(1, 128)] paths=[op0[0]*op1[0]*op2[0]*1.]: got uv,iu,iv operands=[(128, 128)],[(1, 128)],[(1, 128)] paths=[op0[0]*op1[0]*op2[0]*0.09]
2025-10-14 16:04:08.704 DEBUG: Normalized paths for operand 2 in uv,iu,iv operands=[(128, 16)],[(1, 128)],[(1, 16)] paths=[op0[0]*op1[0]*op2[0]*1.]: got uv,iu,iv operands=[(128, 16)],[(1, 128)],[(1, 16)] paths=[op0[0]*op1[0]*op2[0]*0.09]
2025-10-14 16:04:08.753 DEBUG: Normalized paths for operand 2 in uv,iu,iv operands=[(16, 1)],[(1, 16)],[(1, 1)] paths=[op0[0]*op1[0]*op2[0]*1.]: got uv,iu,iv operands=[(16, 1)],[(1, 16)],[(1, 1)] paths=[op0[0]*op1[0]*op2[0]*0.25]
2025-10-14 16:04:08.795 DEBUG: Transferring key interactions.1.linear_up.weight after adapting shape (16384,) → (1, 16384) -> torch.Size([1, 16384])
2025-10-14 16:04:08.795 DEBUG: Transferring additional key: num_interactions
2025-10-14 16:04:08.795 DEBUG: Transferring additional key: radial_embedding.bessel_fn.r_max
2025-10-14 16:04:08.795 DEBUG: Transferring additional key: atomic_numbers
2025-10-14 16:04:08.795 DEBUG: Transferring additional key: radial_embedding.cutoff_fn.p
2025-10-14 16:04:08.795 DEBUG: Transferring key readouts.0.linear.weight after adapting shape (128,) → (1, 128) -> torch.Size([1, 128])
2025-10-14 16:04:08.795 DEBUG: Transferring additional key: interactions.0.conv_tp_weights.layer2.weight
2025-10-14 16:04:08.796 DEBUG: Transferring key readouts.1.linear_2.weight after adapting shape (16,) → (1, 16) -> torch.Size([1, 16])
2025-10-14 16:04:08.796 DEBUG: Transferring additional key: interactions.1.conv_tp_weights.layer0.weight
2025-10-14 16:04:08.796 DEBUG: Transferring key readouts.1.linear_1.weight after adapting shape (2048,) → (1, 2048) -> torch.Size([1, 2048])
2025-10-14 16:04:08.796 DEBUG: Transferring additional key: interactions.0.conv_tp_weights.layer3.weight
2025-10-14 16:04:08.796 DEBUG: Transferring additional key: radial_embedding.cutoff_fn.r_max
2025-10-14 16:04:08.796 DEBUG: Transferring key interactions.1.skip_tp.weight after adapting shape (32768,) → (1, 32768) -> torch.Size([1, 32768])
2025-10-14 16:04:08.796 DEBUG: Transferring additional key: scale_shift.shift
2025-10-14 16:04:08.796 DEBUG: Transferring additional key: interactions.1.conv_tp_weights.layer3.weight
2025-10-14 16:04:08.796 DEBUG: Transferring additional key: radial_embedding.bessel_fn.prefactor
2025-10-14 16:04:08.796 DEBUG: Transferring additional key: interactions.0.conv_tp_weights.layer1.weight
2025-10-14 16:04:08.796 DEBUG: Transferring additional key: scale_shift.scale
2025-10-14 16:04:08.796 DEBUG: Transferring additional key: interactions.0.conv_tp_weights.layer0.weight
2025-10-14 16:04:08.796 DEBUG: Transferring additional key: atomic_energies_fn.atomic_energies
2025-10-14 16:04:08.797 DEBUG: Transferring additional key: interactions.1.conv_tp_weights.layer1.weight
2025-10-14 16:04:08.797 DEBUG: Transferring additional key: radial_embedding.bessel_fn.bessel_weights
2025-10-14 16:04:08.797 DEBUG: Transferring additional key: r_max
2025-10-14 16:04:08.797 DEBUG: Transferring key interactions.1.linear.weight after adapting shape (65536,) → (1, 65536) -> torch.Size([1, 65536])
2025-10-14 16:04:08.797 DEBUG: Transferring key products.1.linear.weight after adapting shape (16384,) → (1, 16384) -> torch.Size([1, 16384])
2025-10-14 16:04:08.797 DEBUG: Transferring key node_embedding.linear.weight after adapting shape (256,) → (1, 256) -> torch.Size([1, 256])
2025-10-14 16:04:08.797 DEBUG: Transferring key products.0.linear.weight after adapting shape (16384,) → (1, 16384) -> torch.Size([1, 16384])
2025-10-14 16:04:08.797 DEBUG: Transferring additional key: interactions.1.conv_tp_weights.layer2.weight
2025-10-14 16:04:08.797 DEBUG: Transferring key interactions.0.skip_tp.weight after adapting shape (32768,) → (1, 32768) -> torch.Size([1, 32768])
2025-10-14 16:04:08.797 DEBUG: Transferring key interactions.0.linear_up.weight after adapting shape (16384,) → (1, 16384) -> torch.Size([1, 16384])
2025-10-14 16:04:08.797 DEBUG: Transferring key interactions.0.linear.weight after adapting shape (65536,) → (1, 65536) -> torch.Size([1, 65536])
2025-10-14 16:04:08.804 INFO: Stage Two (after 120 epochs) with loss function: WeightedEnergyForcesLoss(energy_weight=1.000, forces_weight=100.000), with energy weight : 1.0, forces weight : 100.0 and learning rate : 0.001
2025-10-14 16:04:08.872 INFO: Using Weights and Biases for logging
2025-10-14 16:04:09.404 DEBUG: sys.platform='linux', git_executable='git'
2025-10-14 16:04:10.547 INFO: Using gradient clipping with tolerance=10.000
2025-10-14 16:04:10.549 INFO: 
2025-10-14 16:04:10.550 INFO: ===========TRAINING===========
2025-10-14 16:04:10.552 INFO: Started training, reporting errors on validation set
2025-10-14 16:04:10.553 INFO: Loss metrics on validation set
2025-10-14 16:04:35.176 INFO: Initial: head: Default, loss=621.89547297, RMSE_E_per_atom= 7885.95 meV, RMSE_F=  361.32 meV / A
2025-10-14 16:05:18.010 INFO: Epoch 0: head: Default, loss=8.28388996, RMSE_E_per_atom=  905.80 meV, RMSE_F=  890.52 meV / A
2025-10-14 16:05:18.012 DEBUG: Running inference on train_Default dataset
2025-10-14 16:05:18.070 DEBUG: Plotting failed: too many indices for tensor of dimension 1
2025-10-14 16:05:18.075 DEBUG: Saving checkpoint: models/final_small-1_lila_HfOx-1/small_ft-HfOx_run-123_epoch-0.pt
2025-10-14 16:05:36.937 INFO: Epoch 1: head: Default, loss=17.18002833, RMSE_E_per_atom= 1307.52 meV, RMSE_F=  918.17 meV / A
2025-10-14 16:05:39.852 INFO: Epoch 2: head: Default, loss=0.31006434, RMSE_E_per_atom=  164.60 meV, RMSE_F=  626.72 meV / A
2025-10-14 16:05:39.857 DEBUG: Deleting old checkpoint file: models/final_small-1_lila_HfOx-1/small_ft-HfOx_run-123_epoch-0.pt
2025-10-14 16:05:39.860 DEBUG: Saving checkpoint: models/final_small-1_lila_HfOx-1/small_ft-HfOx_run-123_epoch-2.pt
2025-10-14 16:05:42.834 INFO: Epoch 3: head: Default, loss=0.08811259, RMSE_E_per_atom=   77.36 meV, RMSE_F=  534.19 meV / A
2025-10-14 16:05:42.839 DEBUG: Deleting old checkpoint file: models/final_small-1_lila_HfOx-1/small_ft-HfOx_run-123_epoch-2.pt
2025-10-14 16:05:42.842 DEBUG: Saving checkpoint: models/final_small-1_lila_HfOx-1/small_ft-HfOx_run-123_epoch-3.pt
2025-10-14 16:05:45.846 INFO: Epoch 4: head: Default, loss=0.06180584, RMSE_E_per_atom=   60.59 meV, RMSE_F=  504.14 meV / A
2025-10-14 16:05:45.851 DEBUG: Deleting old checkpoint file: models/final_small-1_lila_HfOx-1/small_ft-HfOx_run-123_epoch-3.pt
2025-10-14 16:05:45.854 DEBUG: Saving checkpoint: models/final_small-1_lila_HfOx-1/small_ft-HfOx_run-123_epoch-4.pt
2025-10-14 16:05:48.797 INFO: Epoch 5: head: Default, loss=0.05270762, RMSE_E_per_atom=   55.04 meV, RMSE_F=  476.73 meV / A
2025-10-14 16:05:48.802 DEBUG: Deleting old checkpoint file: models/final_small-1_lila_HfOx-1/small_ft-HfOx_run-123_epoch-4.pt
2025-10-14 16:05:48.806 DEBUG: Saving checkpoint: models/final_small-1_lila_HfOx-1/small_ft-HfOx_run-123_epoch-5.pt
2025-10-14 16:05:51.786 INFO: Epoch 6: head: Default, loss=0.11332289, RMSE_E_per_atom=   96.36 meV, RMSE_F=  454.70 meV / A
2025-10-14 16:05:54.693 INFO: Epoch 7: head: Default, loss=0.03738157, RMSE_E_per_atom=   40.45 meV, RMSE_F=  461.03 meV / A
2025-10-14 16:05:54.698 DEBUG: Deleting old checkpoint file: models/final_small-1_lila_HfOx-1/small_ft-HfOx_run-123_epoch-5.pt
2025-10-14 16:05:54.701 DEBUG: Saving checkpoint: models/final_small-1_lila_HfOx-1/small_ft-HfOx_run-123_epoch-7.pt
2025-10-14 16:05:57.660 INFO: Epoch 8: head: Default, loss=0.04023415, RMSE_E_per_atom=   46.80 meV, RMSE_F=  430.88 meV / A
2025-10-14 16:06:00.509 INFO: Epoch 9: head: Default, loss=0.03536556, RMSE_E_per_atom=   42.00 meV, RMSE_F=  423.86 meV / A
2025-10-14 16:06:00.514 DEBUG: Deleting old checkpoint file: models/final_small-1_lila_HfOx-1/small_ft-HfOx_run-123_epoch-7.pt
2025-10-14 16:06:00.517 DEBUG: Saving checkpoint: models/final_small-1_lila_HfOx-1/small_ft-HfOx_run-123_epoch-9.pt
2025-10-14 16:06:03.426 INFO: Epoch 10: head: Default, loss=0.02722171, RMSE_E_per_atom=   32.52 meV, RMSE_F=  410.33 meV / A
2025-10-14 16:06:03.428 DEBUG: Running inference on train_Default dataset
2025-10-14 16:06:03.476 DEBUG: Plotting failed: too many indices for tensor of dimension 1
2025-10-14 16:06:03.480 DEBUG: Deleting old checkpoint file: models/final_small-1_lila_HfOx-1/small_ft-HfOx_run-123_epoch-9.pt
2025-10-14 16:06:03.483 DEBUG: Saving checkpoint: models/final_small-1_lila_HfOx-1/small_ft-HfOx_run-123_epoch-10.pt
2025-10-14 16:06:06.279 INFO: Epoch 11: head: Default, loss=0.07117509, RMSE_E_per_atom=   73.88 meV, RMSE_F=  409.27 meV / A
2025-10-14 16:06:09.222 INFO: Epoch 12: head: Default, loss=0.03616202, RMSE_E_per_atom=   45.46 meV, RMSE_F=  395.38 meV / A
2025-10-14 16:06:12.219 INFO: Epoch 13: head: Default, loss=0.02723883, RMSE_E_per_atom=   35.70 meV, RMSE_F=  382.83 meV / A
2025-10-14 16:06:15.137 INFO: Epoch 14: head: Default, loss=0.02132121, RMSE_E_per_atom=   27.00 meV, RMSE_F=  376.48 meV / A
2025-10-14 16:06:15.142 DEBUG: Deleting old checkpoint file: models/final_small-1_lila_HfOx-1/small_ft-HfOx_run-123_epoch-10.pt
2025-10-14 16:06:15.145 DEBUG: Saving checkpoint: models/final_small-1_lila_HfOx-1/small_ft-HfOx_run-123_epoch-14.pt
2025-10-14 16:06:18.143 INFO: Epoch 15: head: Default, loss=0.02192262, RMSE_E_per_atom=   27.19 meV, RMSE_F=  383.08 meV / A
2025-10-14 16:06:21.078 INFO: Epoch 16: head: Default, loss=0.02316846, RMSE_E_per_atom=   29.70 meV, RMSE_F=  380.72 meV / A
2025-10-14 16:06:24.038 INFO: Epoch 17: head: Default, loss=0.02201985, RMSE_E_per_atom=   29.11 meV, RMSE_F=  369.85 meV / A
2025-10-14 16:06:26.925 INFO: Epoch 18: head: Default, loss=0.01858012, RMSE_E_per_atom=   23.49 meV, RMSE_F=  362.84 meV / A
2025-10-14 16:06:26.930 DEBUG: Deleting old checkpoint file: models/final_small-1_lila_HfOx-1/small_ft-HfOx_run-123_epoch-14.pt
2025-10-14 16:06:26.932 DEBUG: Saving checkpoint: models/final_small-1_lila_HfOx-1/small_ft-HfOx_run-123_epoch-18.pt
2025-10-14 16:06:29.883 INFO: Epoch 19: head: Default, loss=0.01735305, RMSE_E_per_atom=   21.46 meV, RMSE_F=  358.28 meV / A
2025-10-14 16:06:29.888 DEBUG: Deleting old checkpoint file: models/final_small-1_lila_HfOx-1/small_ft-HfOx_run-123_epoch-18.pt
2025-10-14 16:06:29.891 DEBUG: Saving checkpoint: models/final_small-1_lila_HfOx-1/small_ft-HfOx_run-123_epoch-19.pt
2025-10-14 16:06:32.862 INFO: Epoch 20: head: Default, loss=0.01626377, RMSE_E_per_atom=   19.75 meV, RMSE_F=  352.78 meV / A
2025-10-14 16:06:32.865 DEBUG: Running inference on train_Default dataset
2025-10-14 16:06:32.913 DEBUG: Plotting failed: too many indices for tensor of dimension 1
2025-10-14 16:06:32.916 DEBUG: Deleting old checkpoint file: models/final_small-1_lila_HfOx-1/small_ft-HfOx_run-123_epoch-19.pt
2025-10-14 16:06:32.920 DEBUG: Saving checkpoint: models/final_small-1_lila_HfOx-1/small_ft-HfOx_run-123_epoch-20.pt
2025-10-14 16:06:36.146 INFO: Epoch 21: head: Default, loss=0.02261173, RMSE_E_per_atom=   32.48 meV, RMSE_F=  348.32 meV / A
2025-10-14 16:06:39.059 INFO: Epoch 22: head: Default, loss=0.02083163, RMSE_E_per_atom=   30.26 meV, RMSE_F=  342.68 meV / A
2025-10-14 16:06:41.975 INFO: Epoch 23: head: Default, loss=0.01862454, RMSE_E_per_atom=   26.59 meV, RMSE_F=  340.61 meV / A
2025-10-14 16:06:44.872 INFO: Epoch 24: head: Default, loss=0.01881567, RMSE_E_per_atom=   26.90 meV, RMSE_F=  340.54 meV / A
2025-10-14 16:06:47.802 INFO: Epoch 25: head: Default, loss=0.01812340, RMSE_E_per_atom=   26.01 meV, RMSE_F=  337.11 meV / A
2025-10-14 16:06:50.779 INFO: Epoch 26: head: Default, loss=0.01926101, RMSE_E_per_atom=   28.39 meV, RMSE_F=  334.39 meV / A
2025-10-14 16:06:53.693 INFO: Epoch 27: head: Default, loss=0.01921046, RMSE_E_per_atom=   27.90 meV, RMSE_F=  337.36 meV / A
2025-10-14 16:06:56.604 INFO: Epoch 28: head: Default, loss=0.01894231, RMSE_E_per_atom=   27.35 meV, RMSE_F=  337.68 meV / A
2025-10-14 16:06:59.523 INFO: Epoch 29: head: Default, loss=0.01778116, RMSE_E_per_atom=   25.17 meV, RMSE_F=  337.20 meV / A
2025-10-14 16:07:02.470 INFO: Epoch 30: head: Default, loss=0.01743275, RMSE_E_per_atom=   24.52 meV, RMSE_F=  336.96 meV / A
2025-10-14 16:07:02.473 DEBUG: Running inference on train_Default dataset
2025-10-14 16:07:02.518 DEBUG: Plotting failed: too many indices for tensor of dimension 1
2025-10-14 16:07:05.222 INFO: Epoch 31: head: Default, loss=0.01672860, RMSE_E_per_atom=   22.86 meV, RMSE_F=  338.28 meV / A
2025-10-14 16:07:08.157 INFO: Epoch 32: head: Default, loss=0.01654097, RMSE_E_per_atom=   22.34 meV, RMSE_F=  339.08 meV / A
2025-10-14 16:07:11.096 INFO: Epoch 33: head: Default, loss=0.01667726, RMSE_E_per_atom=   23.06 meV, RMSE_F=  336.24 meV / A
2025-10-14 16:07:14.014 INFO: Epoch 34: head: Default, loss=0.01860811, RMSE_E_per_atom=   27.35 meV, RMSE_F=  332.82 meV / A
2025-10-14 16:07:16.904 INFO: Epoch 35: head: Default, loss=0.01846746, RMSE_E_per_atom=   27.63 meV, RMSE_F=  328.47 meV / A
2025-10-14 16:07:19.806 INFO: Epoch 36: head: Default, loss=0.02047690, RMSE_E_per_atom=   30.99 meV, RMSE_F=  328.98 meV / A
2025-10-14 16:07:22.708 INFO: Epoch 37: head: Default, loss=0.02470006, RMSE_E_per_atom=   37.32 meV, RMSE_F=  327.32 meV / A
2025-10-14 16:07:25.649 INFO: Epoch 38: head: Default, loss=0.02679311, RMSE_E_per_atom=   39.91 meV, RMSE_F=  328.92 meV / A
2025-10-14 16:07:28.600 INFO: Epoch 39: head: Default, loss=0.02241019, RMSE_E_per_atom=   33.80 meV, RMSE_F=  331.19 meV / A
2025-10-14 16:07:31.526 INFO: Epoch 40: head: Default, loss=0.01943046, RMSE_E_per_atom=   29.32 meV, RMSE_F=  329.20 meV / A
2025-10-14 16:07:31.528 DEBUG: Running inference on train_Default dataset
2025-10-14 16:07:31.573 DEBUG: Plotting failed: too many indices for tensor of dimension 1
2025-10-14 16:07:34.298 INFO: Epoch 41: head: Default, loss=0.01940516, RMSE_E_per_atom=   29.61 meV, RMSE_F=  326.24 meV / A
2025-10-14 16:07:37.262 INFO: Epoch 42: head: Default, loss=0.01943400, RMSE_E_per_atom=   29.80 meV, RMSE_F=  324.82 meV / A
2025-10-14 16:07:40.208 INFO: Epoch 43: head: Default, loss=0.01924064, RMSE_E_per_atom=   29.56 meV, RMSE_F=  324.27 meV / A
2025-10-14 16:07:43.129 INFO: Epoch 44: head: Default, loss=0.01725756, RMSE_E_per_atom=   26.03 meV, RMSE_F=  324.00 meV / A
2025-10-14 16:07:46.092 INFO: Epoch 45: head: Default, loss=0.01699922, RMSE_E_per_atom=   25.50 meV, RMSE_F=  323.88 meV / A
2025-10-14 16:07:49.024 INFO: Epoch 46: head: Default, loss=0.01618434, RMSE_E_per_atom=   24.02 meV, RMSE_F=  322.47 meV / A
2025-10-14 16:07:49.029 DEBUG: Deleting old checkpoint file: models/final_small-1_lila_HfOx-1/small_ft-HfOx_run-123_epoch-20.pt
2025-10-14 16:07:49.033 DEBUG: Saving checkpoint: models/final_small-1_lila_HfOx-1/small_ft-HfOx_run-123_epoch-46.pt
2025-10-14 16:07:52.033 INFO: Epoch 47: head: Default, loss=0.01569530, RMSE_E_per_atom=   23.26 meV, RMSE_F=  320.26 meV / A
2025-10-14 16:07:52.038 DEBUG: Deleting old checkpoint file: models/final_small-1_lila_HfOx-1/small_ft-HfOx_run-123_epoch-46.pt
2025-10-14 16:07:52.041 DEBUG: Saving checkpoint: models/final_small-1_lila_HfOx-1/small_ft-HfOx_run-123_epoch-47.pt
2025-10-14 16:07:55.003 INFO: Epoch 48: head: Default, loss=0.01456387, RMSE_E_per_atom=   20.96 meV, RMSE_F=  318.42 meV / A
2025-10-14 16:07:55.008 DEBUG: Deleting old checkpoint file: models/final_small-1_lila_HfOx-1/small_ft-HfOx_run-123_epoch-47.pt
2025-10-14 16:07:55.011 DEBUG: Saving checkpoint: models/final_small-1_lila_HfOx-1/small_ft-HfOx_run-123_epoch-48.pt
2025-10-14 16:07:57.984 INFO: Epoch 49: head: Default, loss=0.01343735, RMSE_E_per_atom=   18.63 meV, RMSE_F=  315.11 meV / A
2025-10-14 16:07:57.989 DEBUG: Deleting old checkpoint file: models/final_small-1_lila_HfOx-1/small_ft-HfOx_run-123_epoch-48.pt
2025-10-14 16:07:58.002 DEBUG: Saving checkpoint: models/final_small-1_lila_HfOx-1/small_ft-HfOx_run-123_epoch-49.pt
2025-10-14 16:08:00.980 INFO: Epoch 50: head: Default, loss=0.01296731, RMSE_E_per_atom=   18.03 meV, RMSE_F=  311.05 meV / A
2025-10-14 16:08:00.983 DEBUG: Running inference on train_Default dataset
2025-10-14 16:08:01.031 DEBUG: Plotting failed: too many indices for tensor of dimension 1
2025-10-14 16:08:01.035 DEBUG: Deleting old checkpoint file: models/final_small-1_lila_HfOx-1/small_ft-HfOx_run-123_epoch-49.pt
2025-10-14 16:08:01.038 DEBUG: Saving checkpoint: models/final_small-1_lila_HfOx-1/small_ft-HfOx_run-123_epoch-50.pt
2025-10-14 16:08:03.912 INFO: Epoch 51: head: Default, loss=0.01385513, RMSE_E_per_atom=   20.90 meV, RMSE_F=  307.30 meV / A
2025-10-14 16:08:06.844 INFO: Epoch 52: head: Default, loss=0.01418115, RMSE_E_per_atom=   22.00 meV, RMSE_F=  304.85 meV / A
2025-10-14 16:08:09.783 INFO: Epoch 53: head: Default, loss=0.01228626, RMSE_E_per_atom=   17.42 meV, RMSE_F=  303.41 meV / A
2025-10-14 16:08:09.788 DEBUG: Deleting old checkpoint file: models/final_small-1_lila_HfOx-1/small_ft-HfOx_run-123_epoch-50.pt
2025-10-14 16:08:09.791 DEBUG: Saving checkpoint: models/final_small-1_lila_HfOx-1/small_ft-HfOx_run-123_epoch-53.pt
2025-10-14 16:08:12.798 INFO: Epoch 54: head: Default, loss=0.01157020, RMSE_E_per_atom=   15.41 meV, RMSE_F=  302.50 meV / A
2025-10-14 16:08:12.802 DEBUG: Deleting old checkpoint file: models/final_small-1_lila_HfOx-1/small_ft-HfOx_run-123_epoch-53.pt
2025-10-14 16:08:12.805 DEBUG: Saving checkpoint: models/final_small-1_lila_HfOx-1/small_ft-HfOx_run-123_epoch-54.pt
2025-10-14 16:08:15.794 INFO: Epoch 55: head: Default, loss=0.01121801, RMSE_E_per_atom=   14.72 meV, RMSE_F=  299.99 meV / A
2025-10-14 16:08:15.799 DEBUG: Deleting old checkpoint file: models/final_small-1_lila_HfOx-1/small_ft-HfOx_run-123_epoch-54.pt
2025-10-14 16:08:15.803 DEBUG: Saving checkpoint: models/final_small-1_lila_HfOx-1/small_ft-HfOx_run-123_epoch-55.pt
2025-10-14 16:08:18.792 INFO: Epoch 56: head: Default, loss=0.01104725, RMSE_E_per_atom=   14.80 meV, RMSE_F=  296.73 meV / A
2025-10-14 16:08:18.797 DEBUG: Deleting old checkpoint file: models/final_small-1_lila_HfOx-1/small_ft-HfOx_run-123_epoch-55.pt
2025-10-14 16:08:18.800 DEBUG: Saving checkpoint: models/final_small-1_lila_HfOx-1/small_ft-HfOx_run-123_epoch-56.pt
2025-10-14 16:08:21.778 INFO: Epoch 57: head: Default, loss=0.01142113, RMSE_E_per_atom=   16.41 meV, RMSE_F=  294.79 meV / A
2025-10-14 16:08:24.713 INFO: Epoch 58: head: Default, loss=0.01512657, RMSE_E_per_atom=   25.02 meV, RMSE_F=  297.72 meV / A
2025-10-14 16:08:27.660 INFO: Epoch 59: head: Default, loss=0.01495376, RMSE_E_per_atom=   24.60 meV, RMSE_F=  298.37 meV / A
2025-10-14 16:08:30.578 INFO: Epoch 60: head: Default, loss=0.01334205, RMSE_E_per_atom=   21.22 meV, RMSE_F=  297.21 meV / A
2025-10-14 16:08:30.581 DEBUG: Running inference on train_Default dataset
2025-10-14 16:08:30.627 DEBUG: Plotting failed: too many indices for tensor of dimension 1
2025-10-14 16:08:33.346 INFO: Epoch 61: head: Default, loss=0.01313998, RMSE_E_per_atom=   21.16 meV, RMSE_F=  294.07 meV / A
2025-10-14 16:08:36.253 INFO: Epoch 62: head: Default, loss=0.01195121, RMSE_E_per_atom=   18.45 meV, RMSE_F=  292.03 meV / A
2025-10-14 16:08:39.168 INFO: Epoch 63: head: Default, loss=0.01091834, RMSE_E_per_atom=   15.82 meV, RMSE_F=  289.67 meV / A
2025-10-14 16:08:39.173 DEBUG: Deleting old checkpoint file: models/final_small-1_lila_HfOx-1/small_ft-HfOx_run-123_epoch-56.pt
2025-10-14 16:08:39.176 DEBUG: Saving checkpoint: models/final_small-1_lila_HfOx-1/small_ft-HfOx_run-123_epoch-63.pt
2025-10-14 16:08:42.201 INFO: Epoch 64: head: Default, loss=0.01039050, RMSE_E_per_atom=   14.52 meV, RMSE_F=  287.26 meV / A
2025-10-14 16:08:42.206 DEBUG: Deleting old checkpoint file: models/final_small-1_lila_HfOx-1/small_ft-HfOx_run-123_epoch-63.pt
2025-10-14 16:08:42.209 DEBUG: Saving checkpoint: models/final_small-1_lila_HfOx-1/small_ft-HfOx_run-123_epoch-64.pt
2025-10-14 16:08:45.169 INFO: Epoch 65: head: Default, loss=0.01005515, RMSE_E_per_atom=   13.88 meV, RMSE_F=  284.52 meV / A
2025-10-14 16:08:45.174 DEBUG: Deleting old checkpoint file: models/final_small-1_lila_HfOx-1/small_ft-HfOx_run-123_epoch-64.pt
2025-10-14 16:08:45.177 DEBUG: Saving checkpoint: models/final_small-1_lila_HfOx-1/small_ft-HfOx_run-123_epoch-65.pt
2025-10-14 16:08:48.126 INFO: Epoch 66: head: Default, loss=0.00974605, RMSE_E_per_atom=   13.25 meV, RMSE_F=  282.06 meV / A
2025-10-14 16:08:48.131 DEBUG: Deleting old checkpoint file: models/final_small-1_lila_HfOx-1/small_ft-HfOx_run-123_epoch-65.pt
2025-10-14 16:08:48.134 DEBUG: Saving checkpoint: models/final_small-1_lila_HfOx-1/small_ft-HfOx_run-123_epoch-66.pt
2025-10-14 16:08:50.885 INFO: Epoch 67: head: Default, loss=0.00963397, RMSE_E_per_atom=   13.42 meV, RMSE_F=  279.22 meV / A
2025-10-14 16:08:50.889 DEBUG: Deleting old checkpoint file: models/final_small-1_lila_HfOx-1/small_ft-HfOx_run-123_epoch-66.pt
2025-10-14 16:08:50.891 DEBUG: Saving checkpoint: models/final_small-1_lila_HfOx-1/small_ft-HfOx_run-123_epoch-67.pt
2025-10-14 16:08:53.736 INFO: Epoch 68: head: Default, loss=0.00946837, RMSE_E_per_atom=   13.10 meV, RMSE_F=  277.77 meV / A
2025-10-14 16:08:53.742 DEBUG: Deleting old checkpoint file: models/final_small-1_lila_HfOx-1/small_ft-HfOx_run-123_epoch-67.pt
2025-10-14 16:08:53.746 DEBUG: Saving checkpoint: models/final_small-1_lila_HfOx-1/small_ft-HfOx_run-123_epoch-68.pt
2025-10-14 16:08:56.785 INFO: Epoch 69: head: Default, loss=0.00931736, RMSE_E_per_atom=   12.93 meV, RMSE_F=  275.88 meV / A
2025-10-14 16:08:56.790 DEBUG: Deleting old checkpoint file: models/final_small-1_lila_HfOx-1/small_ft-HfOx_run-123_epoch-68.pt
2025-10-14 16:08:56.793 DEBUG: Saving checkpoint: models/final_small-1_lila_HfOx-1/small_ft-HfOx_run-123_epoch-69.pt
2025-10-14 16:08:59.721 INFO: Epoch 70: head: Default, loss=0.00923239, RMSE_E_per_atom=   13.06 meV, RMSE_F=  273.67 meV / A
2025-10-14 16:08:59.724 DEBUG: Running inference on train_Default dataset
2025-10-14 16:08:59.769 DEBUG: Plotting failed: too many indices for tensor of dimension 1
2025-10-14 16:08:59.774 DEBUG: Deleting old checkpoint file: models/final_small-1_lila_HfOx-1/small_ft-HfOx_run-123_epoch-69.pt
2025-10-14 16:08:59.777 DEBUG: Saving checkpoint: models/final_small-1_lila_HfOx-1/small_ft-HfOx_run-123_epoch-70.pt
2025-10-14 16:09:02.559 INFO: Epoch 71: head: Default, loss=0.01087590, RMSE_E_per_atom=   18.40 meV, RMSE_F=  273.05 meV / A
2025-10-14 16:09:05.503 INFO: Epoch 72: head: Default, loss=0.01018872, RMSE_E_per_atom=   16.55 meV, RMSE_F=  272.32 meV / A
2025-10-14 16:09:08.449 INFO: Epoch 73: head: Default, loss=0.00975779, RMSE_E_per_atom=   15.14 meV, RMSE_F=  272.56 meV / A
2025-10-14 16:09:11.356 INFO: Epoch 74: head: Default, loss=0.00932881, RMSE_E_per_atom=   13.74 meV, RMSE_F=  272.13 meV / A
2025-10-14 16:09:14.259 INFO: Epoch 75: head: Default, loss=0.00901794, RMSE_E_per_atom=   12.86 meV, RMSE_F=  270.73 meV / A
2025-10-14 16:09:14.264 DEBUG: Deleting old checkpoint file: models/final_small-1_lila_HfOx-1/small_ft-HfOx_run-123_epoch-70.pt
2025-10-14 16:09:14.267 DEBUG: Saving checkpoint: models/final_small-1_lila_HfOx-1/small_ft-HfOx_run-123_epoch-75.pt
2025-10-14 16:09:17.275 INFO: Epoch 76: head: Default, loss=0.00915633, RMSE_E_per_atom=   13.56 meV, RMSE_F=  270.02 meV / A
2025-10-14 16:09:20.274 INFO: Epoch 77: head: Default, loss=0.00913481, RMSE_E_per_atom=   13.78 meV, RMSE_F=  268.59 meV / A
2025-10-14 16:09:23.184 INFO: Epoch 78: head: Default, loss=0.00889506, RMSE_E_per_atom=   13.29 meV, RMSE_F=  266.61 meV / A
2025-10-14 16:09:23.189 DEBUG: Deleting old checkpoint file: models/final_small-1_lila_HfOx-1/small_ft-HfOx_run-123_epoch-75.pt
2025-10-14 16:09:23.192 DEBUG: Saving checkpoint: models/final_small-1_lila_HfOx-1/small_ft-HfOx_run-123_epoch-78.pt
2025-10-14 16:09:26.161 INFO: Epoch 79: head: Default, loss=0.00886595, RMSE_E_per_atom=   13.56 meV, RMSE_F=  264.59 meV / A
2025-10-14 16:09:26.165 DEBUG: Deleting old checkpoint file: models/final_small-1_lila_HfOx-1/small_ft-HfOx_run-123_epoch-78.pt
2025-10-14 16:09:26.168 DEBUG: Saving checkpoint: models/final_small-1_lila_HfOx-1/small_ft-HfOx_run-123_epoch-79.pt
2025-10-14 16:09:29.157 INFO: Epoch 80: head: Default, loss=0.01144622, RMSE_E_per_atom=   20.48 meV, RMSE_F=  268.85 meV / A
2025-10-14 16:09:29.159 DEBUG: Running inference on train_Default dataset
2025-10-14 16:09:29.212 DEBUG: Plotting failed: too many indices for tensor of dimension 1
2025-10-14 16:09:31.995 INFO: Epoch 81: head: Default, loss=0.04432280, RMSE_E_per_atom=   58.67 meV, RMSE_F=  313.53 meV / A
2025-10-14 16:09:34.961 INFO: Epoch 82: head: Default, loss=0.09619256, RMSE_E_per_atom=   92.30 meV, RMSE_F=  330.32 meV / A
2025-10-14 16:09:37.905 INFO: Epoch 83: head: Default, loss=0.08345361, RMSE_E_per_atom=   85.52 meV, RMSE_F=  320.10 meV / A
2025-10-14 16:09:40.812 INFO: Epoch 84: head: Default, loss=0.05919752, RMSE_E_per_atom=   70.29 meV, RMSE_F=  311.90 meV / A
2025-10-14 16:09:43.743 INFO: Epoch 85: head: Default, loss=0.03678266, RMSE_E_per_atom=   52.28 meV, RMSE_F=  306.70 meV / A
2025-10-14 16:09:46.683 INFO: Epoch 86: head: Default, loss=0.02680160, RMSE_E_per_atom=   41.89 meV, RMSE_F=  303.43 meV / A
2025-10-14 16:09:49.612 INFO: Epoch 87: head: Default, loss=0.02091527, RMSE_E_per_atom=   34.58 meV, RMSE_F=  298.60 meV / A
2025-10-14 16:09:52.517 INFO: Epoch 88: head: Default, loss=0.01731214, RMSE_E_per_atom=   29.24 meV, RMSE_F=  295.31 meV / A
2025-10-14 16:09:55.431 INFO: Epoch 89: head: Default, loss=0.01606849, RMSE_E_per_atom=   27.27 meV, RMSE_F=  293.08 meV / A
2025-10-14 16:09:58.373 INFO: Epoch 90: head: Default, loss=0.01318178, RMSE_E_per_atom=   21.63 meV, RMSE_F=  290.93 meV / A
2025-10-14 16:09:58.375 DEBUG: Running inference on train_Default dataset
2025-10-14 16:09:58.423 DEBUG: Plotting failed: too many indices for tensor of dimension 1
2025-10-14 16:10:01.133 INFO: Epoch 91: head: Default, loss=0.01135412, RMSE_E_per_atom=   17.35 meV, RMSE_F=  288.22 meV / A
2025-10-14 16:10:04.033 INFO: Epoch 92: head: Default, loss=0.01078186, RMSE_E_per_atom=   15.88 meV, RMSE_F=  286.72 meV / A
2025-10-14 16:10:06.932 INFO: Epoch 93: head: Default, loss=0.01046020, RMSE_E_per_atom=   15.45 meV, RMSE_F=  283.44 meV / A
2025-10-14 16:10:09.844 INFO: Epoch 94: head: Default, loss=0.01081152, RMSE_E_per_atom=   16.96 meV, RMSE_F=  280.94 meV / A
2025-10-14 16:10:12.760 INFO: Epoch 95: head: Default, loss=0.01159296, RMSE_E_per_atom=   19.31 meV, RMSE_F=  279.74 meV / A
2025-10-14 16:10:15.669 INFO: Epoch 96: head: Default, loss=0.01033138, RMSE_E_per_atom=   15.75 meV, RMSE_F=  279.83 meV / A
2025-10-14 16:10:18.590 INFO: Epoch 97: head: Default, loss=0.01112494, RMSE_E_per_atom=   18.14 meV, RMSE_F=  279.41 meV / A
2025-10-14 16:10:21.576 INFO: Epoch 98: head: Default, loss=0.01078697, RMSE_E_per_atom=   17.14 meV, RMSE_F=  280.04 meV / A
2025-10-14 16:10:24.504 INFO: Epoch 99: head: Default, loss=0.01065084, RMSE_E_per_atom=   16.92 meV, RMSE_F=  279.13 meV / A
2025-10-14 16:10:27.428 INFO: Epoch 100: head: Default, loss=0.01030505, RMSE_E_per_atom=   16.20 meV, RMSE_F=  277.14 meV / A
2025-10-14 16:10:27.430 DEBUG: Running inference on train_Default dataset
2025-10-14 16:10:27.481 DEBUG: Plotting failed: too many indices for tensor of dimension 1
2025-10-14 16:10:30.226 INFO: Epoch 101: head: Default, loss=0.00998485, RMSE_E_per_atom=   15.48 meV, RMSE_F=  275.36 meV / A
2025-10-14 16:10:33.106 INFO: Epoch 102: head: Default, loss=0.00962790, RMSE_E_per_atom=   14.62 meV, RMSE_F=  273.52 meV / A
2025-10-14 16:10:36.047 INFO: Epoch 103: head: Default, loss=0.00932677, RMSE_E_per_atom=   13.98 meV, RMSE_F=  271.29 meV / A
2025-10-14 16:10:38.955 INFO: Epoch 104: head: Default, loss=0.00904625, RMSE_E_per_atom=   13.31 meV, RMSE_F=  269.40 meV / A
2025-10-14 16:10:41.842 INFO: Epoch 105: head: Default, loss=0.00879450, RMSE_E_per_atom=   12.75 meV, RMSE_F=  267.44 meV / A
2025-10-14 16:10:41.847 DEBUG: Deleting old checkpoint file: models/final_small-1_lila_HfOx-1/small_ft-HfOx_run-123_epoch-79.pt
2025-10-14 16:10:41.850 DEBUG: Saving checkpoint: models/final_small-1_lila_HfOx-1/small_ft-HfOx_run-123_epoch-105.pt
2025-10-14 16:10:44.813 INFO: Epoch 106: head: Default, loss=0.00887591, RMSE_E_per_atom=   13.39 meV, RMSE_F=  265.76 meV / A
2025-10-14 16:10:47.761 INFO: Epoch 107: head: Default, loss=0.00921518, RMSE_E_per_atom=   14.90 meV, RMSE_F=  263.89 meV / A
2025-10-14 16:10:50.643 INFO: Epoch 108: head: Default, loss=0.00880478, RMSE_E_per_atom=   13.64 meV, RMSE_F=  262.90 meV / A
2025-10-14 16:10:53.523 INFO: Epoch 109: head: Default, loss=0.00862771, RMSE_E_per_atom=   13.16 meV, RMSE_F=  261.92 meV / A
2025-10-14 16:10:53.528 DEBUG: Deleting old checkpoint file: models/final_small-1_lila_HfOx-1/small_ft-HfOx_run-123_epoch-105.pt
2025-10-14 16:10:53.531 DEBUG: Saving checkpoint: models/final_small-1_lila_HfOx-1/small_ft-HfOx_run-123_epoch-109.pt
2025-10-14 16:10:56.515 INFO: Epoch 110: head: Default, loss=0.00847668, RMSE_E_per_atom=   12.85 meV, RMSE_F=  260.55 meV / A
2025-10-14 16:10:56.518 DEBUG: Running inference on train_Default dataset
2025-10-14 16:10:56.564 DEBUG: Plotting failed: too many indices for tensor of dimension 1
2025-10-14 16:10:56.568 DEBUG: Deleting old checkpoint file: models/final_small-1_lila_HfOx-1/small_ft-HfOx_run-123_epoch-109.pt
2025-10-14 16:10:56.571 DEBUG: Saving checkpoint: models/final_small-1_lila_HfOx-1/small_ft-HfOx_run-123_epoch-110.pt
2025-10-14 16:10:59.338 INFO: Epoch 111: head: Default, loss=0.00902076, RMSE_E_per_atom=   14.96 meV, RMSE_F=  259.70 meV / A
2025-10-14 16:11:02.232 INFO: Epoch 112: head: Default, loss=0.00868007, RMSE_E_per_atom=   13.84 meV, RMSE_F=  259.31 meV / A
2025-10-14 16:11:05.103 INFO: Epoch 113: head: Default, loss=0.00836847, RMSE_E_per_atom=   12.66 meV, RMSE_F=  259.34 meV / A
2025-10-14 16:11:05.108 DEBUG: Deleting old checkpoint file: models/final_small-1_lila_HfOx-1/small_ft-HfOx_run-123_epoch-110.pt
2025-10-14 16:11:05.110 DEBUG: Saving checkpoint: models/final_small-1_lila_HfOx-1/small_ft-HfOx_run-123_epoch-113.pt
2025-10-14 16:11:08.047 INFO: Epoch 114: head: Default, loss=0.00823626, RMSE_E_per_atom=   12.18 meV, RMSE_F=  259.10 meV / A
2025-10-14 16:11:08.052 DEBUG: Deleting old checkpoint file: models/final_small-1_lila_HfOx-1/small_ft-HfOx_run-123_epoch-113.pt
2025-10-14 16:11:08.064 DEBUG: Saving checkpoint: models/final_small-1_lila_HfOx-1/small_ft-HfOx_run-123_epoch-114.pt
2025-10-14 16:11:11.027 INFO: Epoch 115: head: Default, loss=0.00811074, RMSE_E_per_atom=   11.70 meV, RMSE_F=  258.90 meV / A
2025-10-14 16:11:11.032 DEBUG: Deleting old checkpoint file: models/final_small-1_lila_HfOx-1/small_ft-HfOx_run-123_epoch-114.pt
2025-10-14 16:11:11.035 DEBUG: Saving checkpoint: models/final_small-1_lila_HfOx-1/small_ft-HfOx_run-123_epoch-115.pt
2025-10-14 16:11:14.080 INFO: Epoch 116: head: Default, loss=0.00802642, RMSE_E_per_atom=   11.31 meV, RMSE_F=  259.03 meV / A
2025-10-14 16:11:14.085 DEBUG: Deleting old checkpoint file: models/final_small-1_lila_HfOx-1/small_ft-HfOx_run-123_epoch-115.pt
2025-10-14 16:11:14.088 DEBUG: Saving checkpoint: models/final_small-1_lila_HfOx-1/small_ft-HfOx_run-123_epoch-116.pt
2025-10-14 16:11:17.055 INFO: Epoch 117: head: Default, loss=0.00797130, RMSE_E_per_atom=   11.22 meV, RMSE_F=  258.34 meV / A
2025-10-14 16:11:17.060 DEBUG: Deleting old checkpoint file: models/final_small-1_lila_HfOx-1/small_ft-HfOx_run-123_epoch-116.pt
2025-10-14 16:11:17.064 DEBUG: Saving checkpoint: models/final_small-1_lila_HfOx-1/small_ft-HfOx_run-123_epoch-117.pt
2025-10-14 16:11:20.022 INFO: Epoch 118: head: Default, loss=0.00828561, RMSE_E_per_atom=   12.55 meV, RMSE_F=  258.32 meV / A
2025-10-14 16:11:22.956 INFO: Epoch 119: head: Default, loss=0.00802522, RMSE_E_per_atom=   11.55 meV, RMSE_F=  258.00 meV / A
2025-10-14 16:11:22.959 INFO: Changing loss based on Stage Two Weights
2025-10-14 16:11:25.880 INFO: Epoch 120: head: Default, loss=0.64824991, RMSE_E_per_atom=   13.27 meV, RMSE_F=  253.96 meV / A
2025-10-14 16:11:25.882 DEBUG: Running inference on train_Default dataset
2025-10-14 16:11:25.936 DEBUG: Plotting failed: too many indices for tensor of dimension 1
2025-10-14 16:11:25.939 DEBUG: Saving checkpoint: models/final_small-1_lila_HfOx-1/small_ft-HfOx_run-123_epoch-120_swa.pt
2025-10-14 16:11:28.742 INFO: Epoch 121: head: Default, loss=0.62484419, RMSE_E_per_atom=   17.63 meV, RMSE_F=  249.31 meV / A
2025-10-14 16:11:28.747 DEBUG: Deleting old checkpoint file: models/final_small-1_lila_HfOx-1/small_ft-HfOx_run-123_epoch-120_swa.pt
2025-10-14 16:11:28.749 DEBUG: Saving checkpoint: models/final_small-1_lila_HfOx-1/small_ft-HfOx_run-123_epoch-121_swa.pt
2025-10-14 16:11:31.780 INFO: Epoch 122: head: Default, loss=0.60386190, RMSE_E_per_atom=   20.77 meV, RMSE_F=  245.05 meV / A
2025-10-14 16:11:31.785 DEBUG: Deleting old checkpoint file: models/final_small-1_lila_HfOx-1/small_ft-HfOx_run-123_epoch-121_swa.pt
2025-10-14 16:11:31.788 DEBUG: Saving checkpoint: models/final_small-1_lila_HfOx-1/small_ft-HfOx_run-123_epoch-122_swa.pt
2025-10-14 16:11:34.754 INFO: Epoch 123: head: Default, loss=0.57980643, RMSE_E_per_atom=   22.20 meV, RMSE_F=  240.09 meV / A
2025-10-14 16:11:34.759 DEBUG: Deleting old checkpoint file: models/final_small-1_lila_HfOx-1/small_ft-HfOx_run-123_epoch-122_swa.pt
2025-10-14 16:11:34.762 DEBUG: Saving checkpoint: models/final_small-1_lila_HfOx-1/small_ft-HfOx_run-123_epoch-123_swa.pt
2025-10-14 16:11:37.747 INFO: Epoch 124: head: Default, loss=0.55705627, RMSE_E_per_atom=   23.11 meV, RMSE_F=  235.31 meV / A
2025-10-14 16:11:37.751 DEBUG: Deleting old checkpoint file: models/final_small-1_lila_HfOx-1/small_ft-HfOx_run-123_epoch-123_swa.pt
2025-10-14 16:11:37.754 DEBUG: Saving checkpoint: models/final_small-1_lila_HfOx-1/small_ft-HfOx_run-123_epoch-124_swa.pt
2025-10-14 16:11:40.739 INFO: Epoch 125: head: Default, loss=0.53372613, RMSE_E_per_atom=   24.38 meV, RMSE_F=  230.32 meV / A
2025-10-14 16:11:40.744 DEBUG: Deleting old checkpoint file: models/final_small-1_lila_HfOx-1/small_ft-HfOx_run-123_epoch-124_swa.pt
2025-10-14 16:11:40.748 DEBUG: Saving checkpoint: models/final_small-1_lila_HfOx-1/small_ft-HfOx_run-123_epoch-125_swa.pt
2025-10-14 16:11:43.729 INFO: Epoch 126: head: Default, loss=0.51284349, RMSE_E_per_atom=   25.97 meV, RMSE_F=  225.73 meV / A
2025-10-14 16:11:43.734 DEBUG: Deleting old checkpoint file: models/final_small-1_lila_HfOx-1/small_ft-HfOx_run-123_epoch-125_swa.pt
2025-10-14 16:11:43.737 DEBUG: Saving checkpoint: models/final_small-1_lila_HfOx-1/small_ft-HfOx_run-123_epoch-126_swa.pt
2025-10-14 16:11:46.678 INFO: Epoch 127: head: Default, loss=0.49322147, RMSE_E_per_atom=   27.81 meV, RMSE_F=  221.34 meV / A
2025-10-14 16:11:46.683 DEBUG: Deleting old checkpoint file: models/final_small-1_lila_HfOx-1/small_ft-HfOx_run-123_epoch-126_swa.pt
2025-10-14 16:11:46.686 DEBUG: Saving checkpoint: models/final_small-1_lila_HfOx-1/small_ft-HfOx_run-123_epoch-127_swa.pt
2025-10-14 16:11:49.673 INFO: Epoch 128: head: Default, loss=0.47542913, RMSE_E_per_atom=   30.07 meV, RMSE_F=  217.28 meV / A
2025-10-14 16:11:49.678 DEBUG: Deleting old checkpoint file: models/final_small-1_lila_HfOx-1/small_ft-HfOx_run-123_epoch-127_swa.pt
2025-10-14 16:11:49.681 DEBUG: Saving checkpoint: models/final_small-1_lila_HfOx-1/small_ft-HfOx_run-123_epoch-128_swa.pt
2025-10-14 16:11:52.695 INFO: Epoch 129: head: Default, loss=0.46086700, RMSE_E_per_atom=   32.71 meV, RMSE_F=  213.89 meV / A
2025-10-14 16:11:52.700 DEBUG: Deleting old checkpoint file: models/final_small-1_lila_HfOx-1/small_ft-HfOx_run-123_epoch-128_swa.pt
2025-10-14 16:11:52.703 DEBUG: Saving checkpoint: models/final_small-1_lila_HfOx-1/small_ft-HfOx_run-123_epoch-129_swa.pt
2025-10-14 16:11:55.715 INFO: Epoch 130: head: Default, loss=0.44696239, RMSE_E_per_atom=   35.22 meV, RMSE_F=  210.60 meV / A
2025-10-14 16:11:55.717 DEBUG: Running inference on train_Default dataset
2025-10-14 16:11:55.763 DEBUG: Plotting failed: too many indices for tensor of dimension 1
2025-10-14 16:11:55.767 DEBUG: Deleting old checkpoint file: models/final_small-1_lila_HfOx-1/small_ft-HfOx_run-123_epoch-129_swa.pt
2025-10-14 16:11:55.782 DEBUG: Saving checkpoint: models/final_small-1_lila_HfOx-1/small_ft-HfOx_run-123_epoch-130_swa.pt
2025-10-14 16:11:58.571 INFO: Epoch 131: head: Default, loss=0.43805698, RMSE_E_per_atom=   37.03 meV, RMSE_F=  208.42 meV / A
2025-10-14 16:11:58.576 DEBUG: Deleting old checkpoint file: models/final_small-1_lila_HfOx-1/small_ft-HfOx_run-123_epoch-130_swa.pt
2025-10-14 16:11:58.579 DEBUG: Saving checkpoint: models/final_small-1_lila_HfOx-1/small_ft-HfOx_run-123_epoch-131_swa.pt
2025-10-14 16:12:01.494 INFO: Epoch 132: head: Default, loss=0.42869553, RMSE_E_per_atom=   39.12 meV, RMSE_F=  206.15 meV / A
2025-10-14 16:12:01.499 DEBUG: Deleting old checkpoint file: models/final_small-1_lila_HfOx-1/small_ft-HfOx_run-123_epoch-131_swa.pt
2025-10-14 16:12:01.502 DEBUG: Saving checkpoint: models/final_small-1_lila_HfOx-1/small_ft-HfOx_run-123_epoch-132_swa.pt
2025-10-14 16:12:04.551 INFO: Epoch 133: head: Default, loss=0.42003887, RMSE_E_per_atom=   41.04 meV, RMSE_F=  204.04 meV / A
2025-10-14 16:12:04.557 DEBUG: Deleting old checkpoint file: models/final_small-1_lila_HfOx-1/small_ft-HfOx_run-123_epoch-132_swa.pt
2025-10-14 16:12:04.560 DEBUG: Saving checkpoint: models/final_small-1_lila_HfOx-1/small_ft-HfOx_run-123_epoch-133_swa.pt
2025-10-14 16:12:07.526 INFO: Epoch 134: head: Default, loss=0.41178251, RMSE_E_per_atom=   42.88 meV, RMSE_F=  202.01 meV / A
2025-10-14 16:12:07.531 DEBUG: Deleting old checkpoint file: models/final_small-1_lila_HfOx-1/small_ft-HfOx_run-123_epoch-133_swa.pt
2025-10-14 16:12:07.534 DEBUG: Saving checkpoint: models/final_small-1_lila_HfOx-1/small_ft-HfOx_run-123_epoch-134_swa.pt
2025-10-14 16:12:10.511 INFO: Epoch 135: head: Default, loss=0.40442063, RMSE_E_per_atom=   44.49 meV, RMSE_F=  200.19 meV / A
2025-10-14 16:12:10.516 DEBUG: Deleting old checkpoint file: models/final_small-1_lila_HfOx-1/small_ft-HfOx_run-123_epoch-134_swa.pt
2025-10-14 16:12:10.519 DEBUG: Saving checkpoint: models/final_small-1_lila_HfOx-1/small_ft-HfOx_run-123_epoch-135_swa.pt
2025-10-14 16:12:13.492 INFO: Epoch 136: head: Default, loss=0.39843638, RMSE_E_per_atom=   45.92 meV, RMSE_F=  198.68 meV / A
2025-10-14 16:12:13.497 DEBUG: Deleting old checkpoint file: models/final_small-1_lila_HfOx-1/small_ft-HfOx_run-123_epoch-135_swa.pt
2025-10-14 16:12:13.500 DEBUG: Saving checkpoint: models/final_small-1_lila_HfOx-1/small_ft-HfOx_run-123_epoch-136_swa.pt
2025-10-14 16:12:16.450 INFO: Epoch 137: head: Default, loss=0.39136439, RMSE_E_per_atom=   47.05 meV, RMSE_F=  196.90 meV / A
2025-10-14 16:12:16.455 DEBUG: Deleting old checkpoint file: models/final_small-1_lila_HfOx-1/small_ft-HfOx_run-123_epoch-136_swa.pt
2025-10-14 16:12:16.458 DEBUG: Saving checkpoint: models/final_small-1_lila_HfOx-1/small_ft-HfOx_run-123_epoch-137_swa.pt
2025-10-14 16:12:19.443 INFO: Epoch 138: head: Default, loss=0.38490950, RMSE_E_per_atom=   48.00 meV, RMSE_F=  195.26 meV / A
2025-10-14 16:12:19.448 DEBUG: Deleting old checkpoint file: models/final_small-1_lila_HfOx-1/small_ft-HfOx_run-123_epoch-137_swa.pt
2025-10-14 16:12:19.451 DEBUG: Saving checkpoint: models/final_small-1_lila_HfOx-1/small_ft-HfOx_run-123_epoch-138_swa.pt
2025-10-14 16:12:22.417 INFO: Epoch 139: head: Default, loss=0.37900677, RMSE_E_per_atom=   48.89 meV, RMSE_F=  193.75 meV / A
2025-10-14 16:12:22.422 DEBUG: Deleting old checkpoint file: models/final_small-1_lila_HfOx-1/small_ft-HfOx_run-123_epoch-138_swa.pt
2025-10-14 16:12:22.434 DEBUG: Saving checkpoint: models/final_small-1_lila_HfOx-1/small_ft-HfOx_run-123_epoch-139_swa.pt
2025-10-14 16:12:25.384 INFO: Epoch 140: head: Default, loss=0.37306601, RMSE_E_per_atom=   49.88 meV, RMSE_F=  192.22 meV / A
2025-10-14 16:12:25.387 DEBUG: Running inference on train_Default dataset
2025-10-14 16:12:25.433 DEBUG: Plotting failed: too many indices for tensor of dimension 1
2025-10-14 16:12:25.436 DEBUG: Deleting old checkpoint file: models/final_small-1_lila_HfOx-1/small_ft-HfOx_run-123_epoch-139_swa.pt
2025-10-14 16:12:25.440 DEBUG: Saving checkpoint: models/final_small-1_lila_HfOx-1/small_ft-HfOx_run-123_epoch-140_swa.pt
2025-10-14 16:12:28.241 INFO: Epoch 141: head: Default, loss=0.36836023, RMSE_E_per_atom=   51.73 meV, RMSE_F=  190.98 meV / A
2025-10-14 16:12:28.246 DEBUG: Deleting old checkpoint file: models/final_small-1_lila_HfOx-1/small_ft-HfOx_run-123_epoch-140_swa.pt
2025-10-14 16:12:28.249 DEBUG: Saving checkpoint: models/final_small-1_lila_HfOx-1/small_ft-HfOx_run-123_epoch-141_swa.pt
2025-10-14 16:12:31.230 INFO: Epoch 142: head: Default, loss=0.36486754, RMSE_E_per_atom=   52.48 meV, RMSE_F=  190.06 meV / A
2025-10-14 16:12:31.235 DEBUG: Deleting old checkpoint file: models/final_small-1_lila_HfOx-1/small_ft-HfOx_run-123_epoch-141_swa.pt
2025-10-14 16:12:31.249 DEBUG: Saving checkpoint: models/final_small-1_lila_HfOx-1/small_ft-HfOx_run-123_epoch-142_swa.pt
2025-10-14 16:12:34.200 INFO: Epoch 143: head: Default, loss=0.36084850, RMSE_E_per_atom=   53.16 meV, RMSE_F=  189.01 meV / A
2025-10-14 16:12:34.205 DEBUG: Deleting old checkpoint file: models/final_small-1_lila_HfOx-1/small_ft-HfOx_run-123_epoch-142_swa.pt
2025-10-14 16:12:34.208 DEBUG: Saving checkpoint: models/final_small-1_lila_HfOx-1/small_ft-HfOx_run-123_epoch-143_swa.pt
2025-10-14 16:12:37.143 INFO: Epoch 144: head: Default, loss=0.35702020, RMSE_E_per_atom=   53.79 meV, RMSE_F=  188.00 meV / A
2025-10-14 16:12:37.148 DEBUG: Deleting old checkpoint file: models/final_small-1_lila_HfOx-1/small_ft-HfOx_run-123_epoch-143_swa.pt
2025-10-14 16:12:37.151 DEBUG: Saving checkpoint: models/final_small-1_lila_HfOx-1/small_ft-HfOx_run-123_epoch-144_swa.pt
2025-10-14 16:12:40.120 INFO: Epoch 145: head: Default, loss=0.35354421, RMSE_E_per_atom=   54.62 meV, RMSE_F=  187.07 meV / A
2025-10-14 16:12:40.125 DEBUG: Deleting old checkpoint file: models/final_small-1_lila_HfOx-1/small_ft-HfOx_run-123_epoch-144_swa.pt
2025-10-14 16:12:40.128 DEBUG: Saving checkpoint: models/final_small-1_lila_HfOx-1/small_ft-HfOx_run-123_epoch-145_swa.pt
2025-10-14 16:12:43.114 INFO: Epoch 146: head: Default, loss=0.35020721, RMSE_E_per_atom=   54.89 meV, RMSE_F=  186.18 meV / A
2025-10-14 16:12:43.119 DEBUG: Deleting old checkpoint file: models/final_small-1_lila_HfOx-1/small_ft-HfOx_run-123_epoch-145_swa.pt
2025-10-14 16:12:43.123 DEBUG: Saving checkpoint: models/final_small-1_lila_HfOx-1/small_ft-HfOx_run-123_epoch-146_swa.pt
2025-10-14 16:12:46.103 INFO: Epoch 147: head: Default, loss=0.34622996, RMSE_E_per_atom=   55.60 meV, RMSE_F=  185.12 meV / A
2025-10-14 16:12:46.109 DEBUG: Deleting old checkpoint file: models/final_small-1_lila_HfOx-1/small_ft-HfOx_run-123_epoch-146_swa.pt
2025-10-14 16:12:46.112 DEBUG: Saving checkpoint: models/final_small-1_lila_HfOx-1/small_ft-HfOx_run-123_epoch-147_swa.pt
2025-10-14 16:12:49.095 INFO: Epoch 148: head: Default, loss=0.34290624, RMSE_E_per_atom=   56.39 meV, RMSE_F=  184.21 meV / A
2025-10-14 16:12:49.100 DEBUG: Deleting old checkpoint file: models/final_small-1_lila_HfOx-1/small_ft-HfOx_run-123_epoch-147_swa.pt
2025-10-14 16:12:49.103 DEBUG: Saving checkpoint: models/final_small-1_lila_HfOx-1/small_ft-HfOx_run-123_epoch-148_swa.pt
2025-10-14 16:12:52.044 INFO: Epoch 149: head: Default, loss=0.34026788, RMSE_E_per_atom=   56.65 meV, RMSE_F=  183.51 meV / A
2025-10-14 16:12:52.049 DEBUG: Deleting old checkpoint file: models/final_small-1_lila_HfOx-1/small_ft-HfOx_run-123_epoch-148_swa.pt
2025-10-14 16:12:52.052 DEBUG: Saving checkpoint: models/final_small-1_lila_HfOx-1/small_ft-HfOx_run-123_epoch-149_swa.pt
2025-10-14 16:12:55.031 INFO: Epoch 150: head: Default, loss=0.33684676, RMSE_E_per_atom=   57.40 meV, RMSE_F=  182.58 meV / A
2025-10-14 16:12:55.033 DEBUG: Running inference on train_Default dataset
2025-10-14 16:12:55.095 DEBUG: Plotting failed: too many indices for tensor of dimension 1
2025-10-14 16:12:55.099 DEBUG: Deleting old checkpoint file: models/final_small-1_lila_HfOx-1/small_ft-HfOx_run-123_epoch-149_swa.pt
2025-10-14 16:12:55.102 DEBUG: Saving checkpoint: models/final_small-1_lila_HfOx-1/small_ft-HfOx_run-123_epoch-150_swa.pt
2025-10-14 16:12:57.884 INFO: Epoch 151: head: Default, loss=0.33495131, RMSE_E_per_atom=   57.75 meV, RMSE_F=  182.07 meV / A
2025-10-14 16:12:57.890 DEBUG: Deleting old checkpoint file: models/final_small-1_lila_HfOx-1/small_ft-HfOx_run-123_epoch-150_swa.pt
2025-10-14 16:12:57.903 DEBUG: Saving checkpoint: models/final_small-1_lila_HfOx-1/small_ft-HfOx_run-123_epoch-151_swa.pt
2025-10-14 16:13:00.848 INFO: Epoch 152: head: Default, loss=0.33306394, RMSE_E_per_atom=   57.99 meV, RMSE_F=  181.55 meV / A
2025-10-14 16:13:00.853 DEBUG: Deleting old checkpoint file: models/final_small-1_lila_HfOx-1/small_ft-HfOx_run-123_epoch-151_swa.pt
2025-10-14 16:13:00.856 DEBUG: Saving checkpoint: models/final_small-1_lila_HfOx-1/small_ft-HfOx_run-123_epoch-152_swa.pt
2025-10-14 16:13:03.838 INFO: Epoch 153: head: Default, loss=0.32994191, RMSE_E_per_atom=   58.13 meV, RMSE_F=  180.69 meV / A
2025-10-14 16:13:03.843 DEBUG: Deleting old checkpoint file: models/final_small-1_lila_HfOx-1/small_ft-HfOx_run-123_epoch-152_swa.pt
2025-10-14 16:13:03.846 DEBUG: Saving checkpoint: models/final_small-1_lila_HfOx-1/small_ft-HfOx_run-123_epoch-153_swa.pt
2025-10-14 16:13:06.863 INFO: Epoch 154: head: Default, loss=0.32744491, RMSE_E_per_atom=   58.24 meV, RMSE_F=  180.01 meV / A
2025-10-14 16:13:06.868 DEBUG: Deleting old checkpoint file: models/final_small-1_lila_HfOx-1/small_ft-HfOx_run-123_epoch-153_swa.pt
2025-10-14 16:13:06.871 DEBUG: Saving checkpoint: models/final_small-1_lila_HfOx-1/small_ft-HfOx_run-123_epoch-154_swa.pt
2025-10-14 16:13:09.860 INFO: Epoch 155: head: Default, loss=0.32469593, RMSE_E_per_atom=   58.94 meV, RMSE_F=  179.24 meV / A
2025-10-14 16:13:09.865 DEBUG: Deleting old checkpoint file: models/final_small-1_lila_HfOx-1/small_ft-HfOx_run-123_epoch-154_swa.pt
2025-10-14 16:13:09.868 DEBUG: Saving checkpoint: models/final_small-1_lila_HfOx-1/small_ft-HfOx_run-123_epoch-155_swa.pt
2025-10-14 16:13:12.821 INFO: Epoch 156: head: Default, loss=0.32216760, RMSE_E_per_atom=   59.40 meV, RMSE_F=  178.52 meV / A
2025-10-14 16:13:12.827 DEBUG: Deleting old checkpoint file: models/final_small-1_lila_HfOx-1/small_ft-HfOx_run-123_epoch-155_swa.pt
2025-10-14 16:13:12.830 DEBUG: Saving checkpoint: models/final_small-1_lila_HfOx-1/small_ft-HfOx_run-123_epoch-156_swa.pt
2025-10-14 16:13:15.769 INFO: Epoch 157: head: Default, loss=0.31960508, RMSE_E_per_atom=   59.94 meV, RMSE_F=  177.79 meV / A
2025-10-14 16:13:15.774 DEBUG: Deleting old checkpoint file: models/final_small-1_lila_HfOx-1/small_ft-HfOx_run-123_epoch-156_swa.pt
2025-10-14 16:13:15.776 DEBUG: Saving checkpoint: models/final_small-1_lila_HfOx-1/small_ft-HfOx_run-123_epoch-157_swa.pt
2025-10-14 16:13:18.729 INFO: Epoch 158: head: Default, loss=0.31747589, RMSE_E_per_atom=   60.11 meV, RMSE_F=  177.20 meV / A
2025-10-14 16:13:18.734 DEBUG: Deleting old checkpoint file: models/final_small-1_lila_HfOx-1/small_ft-HfOx_run-123_epoch-157_swa.pt
2025-10-14 16:13:18.737 DEBUG: Saving checkpoint: models/final_small-1_lila_HfOx-1/small_ft-HfOx_run-123_epoch-158_swa.pt
2025-10-14 16:13:21.742 INFO: Epoch 159: head: Default, loss=0.31521489, RMSE_E_per_atom=   60.53 meV, RMSE_F=  176.57 meV / A
2025-10-14 16:13:21.747 DEBUG: Deleting old checkpoint file: models/final_small-1_lila_HfOx-1/small_ft-HfOx_run-123_epoch-158_swa.pt
2025-10-14 16:13:21.750 DEBUG: Saving checkpoint: models/final_small-1_lila_HfOx-1/small_ft-HfOx_run-123_epoch-159_swa.pt
2025-10-14 16:13:24.706 INFO: Epoch 160: head: Default, loss=0.31320593, RMSE_E_per_atom=   60.78 meV, RMSE_F=  176.00 meV / A
2025-10-14 16:13:24.709 DEBUG: Running inference on train_Default dataset
2025-10-14 16:13:24.755 DEBUG: Plotting failed: too many indices for tensor of dimension 1
2025-10-14 16:13:24.759 DEBUG: Deleting old checkpoint file: models/final_small-1_lila_HfOx-1/small_ft-HfOx_run-123_epoch-159_swa.pt
2025-10-14 16:13:24.762 DEBUG: Saving checkpoint: models/final_small-1_lila_HfOx-1/small_ft-HfOx_run-123_epoch-160_swa.pt
2025-10-14 16:13:27.505 INFO: Epoch 161: head: Default, loss=0.31299256, RMSE_E_per_atom=   60.64 meV, RMSE_F=  175.94 meV / A
2025-10-14 16:13:27.510 DEBUG: Deleting old checkpoint file: models/final_small-1_lila_HfOx-1/small_ft-HfOx_run-123_epoch-160_swa.pt
2025-10-14 16:13:27.513 DEBUG: Saving checkpoint: models/final_small-1_lila_HfOx-1/small_ft-HfOx_run-123_epoch-161_swa.pt
2025-10-14 16:13:30.450 INFO: Epoch 162: head: Default, loss=0.31049382, RMSE_E_per_atom=   61.09 meV, RMSE_F=  175.24 meV / A
2025-10-14 16:13:30.455 DEBUG: Deleting old checkpoint file: models/final_small-1_lila_HfOx-1/small_ft-HfOx_run-123_epoch-161_swa.pt
2025-10-14 16:13:30.458 DEBUG: Saving checkpoint: models/final_small-1_lila_HfOx-1/small_ft-HfOx_run-123_epoch-162_swa.pt
2025-10-14 16:13:33.492 INFO: Epoch 163: head: Default, loss=0.30825998, RMSE_E_per_atom=   61.40 meV, RMSE_F=  174.60 meV / A
2025-10-14 16:13:33.497 DEBUG: Deleting old checkpoint file: models/final_small-1_lila_HfOx-1/small_ft-HfOx_run-123_epoch-162_swa.pt
2025-10-14 16:13:33.500 DEBUG: Saving checkpoint: models/final_small-1_lila_HfOx-1/small_ft-HfOx_run-123_epoch-163_swa.pt
2025-10-14 16:13:36.430 INFO: Epoch 164: head: Default, loss=0.30633118, RMSE_E_per_atom=   61.83 meV, RMSE_F=  174.06 meV / A
2025-10-14 16:13:36.435 DEBUG: Deleting old checkpoint file: models/final_small-1_lila_HfOx-1/small_ft-HfOx_run-123_epoch-163_swa.pt
2025-10-14 16:13:36.438 DEBUG: Saving checkpoint: models/final_small-1_lila_HfOx-1/small_ft-HfOx_run-123_epoch-164_swa.pt
2025-10-14 16:13:39.384 INFO: Epoch 165: head: Default, loss=0.30452568, RMSE_E_per_atom=   62.53 meV, RMSE_F=  173.53 meV / A
2025-10-14 16:13:39.389 DEBUG: Deleting old checkpoint file: models/final_small-1_lila_HfOx-1/small_ft-HfOx_run-123_epoch-164_swa.pt
2025-10-14 16:13:39.392 DEBUG: Saving checkpoint: models/final_small-1_lila_HfOx-1/small_ft-HfOx_run-123_epoch-165_swa.pt
2025-10-14 16:13:42.360 INFO: Epoch 166: head: Default, loss=0.30271980, RMSE_E_per_atom=   62.52 meV, RMSE_F=  173.02 meV / A
2025-10-14 16:13:42.364 DEBUG: Deleting old checkpoint file: models/final_small-1_lila_HfOx-1/small_ft-HfOx_run-123_epoch-165_swa.pt
2025-10-14 16:13:42.367 DEBUG: Saving checkpoint: models/final_small-1_lila_HfOx-1/small_ft-HfOx_run-123_epoch-166_swa.pt
2025-10-14 16:13:45.326 INFO: Epoch 167: head: Default, loss=0.30112227, RMSE_E_per_atom=   62.69 meV, RMSE_F=  172.55 meV / A
2025-10-14 16:13:45.331 DEBUG: Deleting old checkpoint file: models/final_small-1_lila_HfOx-1/small_ft-HfOx_run-123_epoch-166_swa.pt
2025-10-14 16:13:45.335 DEBUG: Saving checkpoint: models/final_small-1_lila_HfOx-1/small_ft-HfOx_run-123_epoch-167_swa.pt
2025-10-14 16:13:48.331 INFO: Epoch 168: head: Default, loss=0.29898818, RMSE_E_per_atom=   62.92 meV, RMSE_F=  171.94 meV / A
2025-10-14 16:13:48.336 DEBUG: Deleting old checkpoint file: models/final_small-1_lila_HfOx-1/small_ft-HfOx_run-123_epoch-167_swa.pt
2025-10-14 16:13:48.340 DEBUG: Saving checkpoint: models/final_small-1_lila_HfOx-1/small_ft-HfOx_run-123_epoch-168_swa.pt
2025-10-14 16:13:51.686 INFO: Epoch 169: head: Default, loss=0.29709122, RMSE_E_per_atom=   63.34 meV, RMSE_F=  171.40 meV / A
2025-10-14 16:13:51.690 DEBUG: Deleting old checkpoint file: models/final_small-1_lila_HfOx-1/small_ft-HfOx_run-123_epoch-168_swa.pt
2025-10-14 16:13:51.694 DEBUG: Saving checkpoint: models/final_small-1_lila_HfOx-1/small_ft-HfOx_run-123_epoch-169_swa.pt
2025-10-14 16:13:54.637 INFO: Epoch 170: head: Default, loss=0.29528287, RMSE_E_per_atom=   63.63 meV, RMSE_F=  170.88 meV / A
2025-10-14 16:13:54.639 DEBUG: Running inference on train_Default dataset
2025-10-14 16:13:54.685 DEBUG: Plotting failed: too many indices for tensor of dimension 1
2025-10-14 16:13:54.690 DEBUG: Deleting old checkpoint file: models/final_small-1_lila_HfOx-1/small_ft-HfOx_run-123_epoch-169_swa.pt
2025-10-14 16:13:54.693 DEBUG: Saving checkpoint: models/final_small-1_lila_HfOx-1/small_ft-HfOx_run-123_epoch-170_swa.pt
2025-10-14 16:13:57.481 INFO: Epoch 171: head: Default, loss=0.29426688, RMSE_E_per_atom=   64.24 meV, RMSE_F=  170.58 meV / A
2025-10-14 16:13:57.486 DEBUG: Deleting old checkpoint file: models/final_small-1_lila_HfOx-1/small_ft-HfOx_run-123_epoch-170_swa.pt
2025-10-14 16:13:57.489 DEBUG: Saving checkpoint: models/final_small-1_lila_HfOx-1/small_ft-HfOx_run-123_epoch-171_swa.pt
2025-10-14 16:14:00.514 INFO: Epoch 172: head: Default, loss=0.29234564, RMSE_E_per_atom=   64.38 meV, RMSE_F=  170.02 meV / A
2025-10-14 16:14:00.519 DEBUG: Deleting old checkpoint file: models/final_small-1_lila_HfOx-1/small_ft-HfOx_run-123_epoch-171_swa.pt
2025-10-14 16:14:00.522 DEBUG: Saving checkpoint: models/final_small-1_lila_HfOx-1/small_ft-HfOx_run-123_epoch-172_swa.pt
2025-10-14 16:14:03.480 INFO: Epoch 173: head: Default, loss=0.29052889, RMSE_E_per_atom=   64.35 meV, RMSE_F=  169.49 meV / A
2025-10-14 16:14:03.485 DEBUG: Deleting old checkpoint file: models/final_small-1_lila_HfOx-1/small_ft-HfOx_run-123_epoch-172_swa.pt
2025-10-14 16:14:03.488 DEBUG: Saving checkpoint: models/final_small-1_lila_HfOx-1/small_ft-HfOx_run-123_epoch-173_swa.pt
2025-10-14 16:14:06.431 INFO: Epoch 174: head: Default, loss=0.28927877, RMSE_E_per_atom=   64.58 meV, RMSE_F=  169.13 meV / A
2025-10-14 16:14:06.436 DEBUG: Deleting old checkpoint file: models/final_small-1_lila_HfOx-1/small_ft-HfOx_run-123_epoch-173_swa.pt
2025-10-14 16:14:06.439 DEBUG: Saving checkpoint: models/final_small-1_lila_HfOx-1/small_ft-HfOx_run-123_epoch-174_swa.pt
2025-10-14 16:14:09.454 INFO: Epoch 175: head: Default, loss=0.28789933, RMSE_E_per_atom=   64.51 meV, RMSE_F=  168.72 meV / A
2025-10-14 16:14:09.458 DEBUG: Deleting old checkpoint file: models/final_small-1_lila_HfOx-1/small_ft-HfOx_run-123_epoch-174_swa.pt
2025-10-14 16:14:09.461 DEBUG: Saving checkpoint: models/final_small-1_lila_HfOx-1/small_ft-HfOx_run-123_epoch-175_swa.pt
2025-10-14 16:14:12.449 INFO: Epoch 176: head: Default, loss=0.28659107, RMSE_E_per_atom=   64.68 meV, RMSE_F=  168.33 meV / A
2025-10-14 16:14:12.453 DEBUG: Deleting old checkpoint file: models/final_small-1_lila_HfOx-1/small_ft-HfOx_run-123_epoch-175_swa.pt
2025-10-14 16:14:12.456 DEBUG: Saving checkpoint: models/final_small-1_lila_HfOx-1/small_ft-HfOx_run-123_epoch-176_swa.pt
2025-10-14 16:14:15.408 INFO: Epoch 177: head: Default, loss=0.28512963, RMSE_E_per_atom=   64.86 meV, RMSE_F=  167.90 meV / A
2025-10-14 16:14:15.413 DEBUG: Deleting old checkpoint file: models/final_small-1_lila_HfOx-1/small_ft-HfOx_run-123_epoch-176_swa.pt
2025-10-14 16:14:15.416 DEBUG: Saving checkpoint: models/final_small-1_lila_HfOx-1/small_ft-HfOx_run-123_epoch-177_swa.pt
2025-10-14 16:14:18.345 INFO: Epoch 178: head: Default, loss=0.28396231, RMSE_E_per_atom=   65.04 meV, RMSE_F=  167.56 meV / A
2025-10-14 16:14:18.350 DEBUG: Deleting old checkpoint file: models/final_small-1_lila_HfOx-1/small_ft-HfOx_run-123_epoch-177_swa.pt
2025-10-14 16:14:18.353 DEBUG: Saving checkpoint: models/final_small-1_lila_HfOx-1/small_ft-HfOx_run-123_epoch-178_swa.pt
2025-10-14 16:14:21.329 INFO: Epoch 179: head: Default, loss=0.28291323, RMSE_E_per_atom=   65.09 meV, RMSE_F=  167.25 meV / A
2025-10-14 16:14:21.335 DEBUG: Deleting old checkpoint file: models/final_small-1_lila_HfOx-1/small_ft-HfOx_run-123_epoch-178_swa.pt
2025-10-14 16:14:21.338 DEBUG: Saving checkpoint: models/final_small-1_lila_HfOx-1/small_ft-HfOx_run-123_epoch-179_swa.pt
2025-10-14 16:14:24.351 INFO: Epoch 180: head: Default, loss=0.28145255, RMSE_E_per_atom=   65.37 meV, RMSE_F=  166.82 meV / A
2025-10-14 16:14:24.354 DEBUG: Running inference on train_Default dataset
2025-10-14 16:14:24.403 DEBUG: Plotting failed: too many indices for tensor of dimension 1
2025-10-14 16:14:24.407 DEBUG: Deleting old checkpoint file: models/final_small-1_lila_HfOx-1/small_ft-HfOx_run-123_epoch-179_swa.pt
2025-10-14 16:14:24.410 DEBUG: Saving checkpoint: models/final_small-1_lila_HfOx-1/small_ft-HfOx_run-123_epoch-180_swa.pt
2025-10-14 16:14:27.235 INFO: Epoch 181: head: Default, loss=0.28039920, RMSE_E_per_atom=   65.78 meV, RMSE_F=  166.51 meV / A
2025-10-14 16:14:27.240 DEBUG: Deleting old checkpoint file: models/final_small-1_lila_HfOx-1/small_ft-HfOx_run-123_epoch-180_swa.pt
2025-10-14 16:14:27.243 DEBUG: Saving checkpoint: models/final_small-1_lila_HfOx-1/small_ft-HfOx_run-123_epoch-181_swa.pt
2025-10-14 16:14:30.226 INFO: Epoch 182: head: Default, loss=0.27909291, RMSE_E_per_atom=   66.17 meV, RMSE_F=  166.12 meV / A
2025-10-14 16:14:30.231 DEBUG: Deleting old checkpoint file: models/final_small-1_lila_HfOx-1/small_ft-HfOx_run-123_epoch-181_swa.pt
2025-10-14 16:14:30.235 DEBUG: Saving checkpoint: models/final_small-1_lila_HfOx-1/small_ft-HfOx_run-123_epoch-182_swa.pt
2025-10-14 16:14:33.237 INFO: Epoch 183: head: Default, loss=0.27740363, RMSE_E_per_atom=   66.27 meV, RMSE_F=  165.62 meV / A
2025-10-14 16:14:33.242 DEBUG: Deleting old checkpoint file: models/final_small-1_lila_HfOx-1/small_ft-HfOx_run-123_epoch-182_swa.pt
2025-10-14 16:14:33.245 DEBUG: Saving checkpoint: models/final_small-1_lila_HfOx-1/small_ft-HfOx_run-123_epoch-183_swa.pt
2025-10-14 16:14:36.241 INFO: Epoch 184: head: Default, loss=0.27613405, RMSE_E_per_atom=   66.32 meV, RMSE_F=  165.24 meV / A
2025-10-14 16:14:36.246 DEBUG: Deleting old checkpoint file: models/final_small-1_lila_HfOx-1/small_ft-HfOx_run-123_epoch-183_swa.pt
2025-10-14 16:14:36.249 DEBUG: Saving checkpoint: models/final_small-1_lila_HfOx-1/small_ft-HfOx_run-123_epoch-184_swa.pt
2025-10-14 16:14:39.242 INFO: Epoch 185: head: Default, loss=0.27536376, RMSE_E_per_atom=   66.68 meV, RMSE_F=  165.00 meV / A
2025-10-14 16:14:39.247 DEBUG: Deleting old checkpoint file: models/final_small-1_lila_HfOx-1/small_ft-HfOx_run-123_epoch-184_swa.pt
2025-10-14 16:14:39.250 DEBUG: Saving checkpoint: models/final_small-1_lila_HfOx-1/small_ft-HfOx_run-123_epoch-185_swa.pt
2025-10-14 16:14:42.224 INFO: Epoch 186: head: Default, loss=0.27403133, RMSE_E_per_atom=   66.79 meV, RMSE_F=  164.59 meV / A
2025-10-14 16:14:42.229 DEBUG: Deleting old checkpoint file: models/final_small-1_lila_HfOx-1/small_ft-HfOx_run-123_epoch-185_swa.pt
2025-10-14 16:14:42.232 DEBUG: Saving checkpoint: models/final_small-1_lila_HfOx-1/small_ft-HfOx_run-123_epoch-186_swa.pt
2025-10-14 16:14:45.207 INFO: Epoch 187: head: Default, loss=0.27278595, RMSE_E_per_atom=   66.51 meV, RMSE_F=  164.22 meV / A
2025-10-14 16:14:45.212 DEBUG: Deleting old checkpoint file: models/final_small-1_lila_HfOx-1/small_ft-HfOx_run-123_epoch-186_swa.pt
2025-10-14 16:14:45.215 DEBUG: Saving checkpoint: models/final_small-1_lila_HfOx-1/small_ft-HfOx_run-123_epoch-187_swa.pt
2025-10-14 16:14:48.212 INFO: Epoch 188: head: Default, loss=0.27145335, RMSE_E_per_atom=   66.56 meV, RMSE_F=  163.81 meV / A
2025-10-14 16:14:48.218 DEBUG: Deleting old checkpoint file: models/final_small-1_lila_HfOx-1/small_ft-HfOx_run-123_epoch-187_swa.pt
2025-10-14 16:14:48.221 DEBUG: Saving checkpoint: models/final_small-1_lila_HfOx-1/small_ft-HfOx_run-123_epoch-188_swa.pt
2025-10-14 16:14:51.247 INFO: Epoch 189: head: Default, loss=0.27020793, RMSE_E_per_atom=   66.29 meV, RMSE_F=  163.43 meV / A
2025-10-14 16:14:51.252 DEBUG: Deleting old checkpoint file: models/final_small-1_lila_HfOx-1/small_ft-HfOx_run-123_epoch-188_swa.pt
2025-10-14 16:14:51.255 DEBUG: Saving checkpoint: models/final_small-1_lila_HfOx-1/small_ft-HfOx_run-123_epoch-189_swa.pt
2025-10-14 16:14:54.258 INFO: Epoch 190: head: Default, loss=0.26927138, RMSE_E_per_atom=   66.04 meV, RMSE_F=  163.16 meV / A
2025-10-14 16:14:54.261 DEBUG: Running inference on train_Default dataset
2025-10-14 16:14:54.308 DEBUG: Plotting failed: too many indices for tensor of dimension 1
2025-10-14 16:14:54.312 DEBUG: Deleting old checkpoint file: models/final_small-1_lila_HfOx-1/small_ft-HfOx_run-123_epoch-189_swa.pt
2025-10-14 16:14:54.315 DEBUG: Saving checkpoint: models/final_small-1_lila_HfOx-1/small_ft-HfOx_run-123_epoch-190_swa.pt
2025-10-14 16:14:57.106 INFO: Epoch 191: head: Default, loss=0.26796840, RMSE_E_per_atom=   66.18 meV, RMSE_F=  162.75 meV / A
2025-10-14 16:14:57.111 DEBUG: Deleting old checkpoint file: models/final_small-1_lila_HfOx-1/small_ft-HfOx_run-123_epoch-190_swa.pt
2025-10-14 16:14:57.114 DEBUG: Saving checkpoint: models/final_small-1_lila_HfOx-1/small_ft-HfOx_run-123_epoch-191_swa.pt
2025-10-14 16:15:00.100 INFO: Epoch 192: head: Default, loss=0.26678418, RMSE_E_per_atom=   66.08 meV, RMSE_F=  162.39 meV / A
2025-10-14 16:15:00.105 DEBUG: Deleting old checkpoint file: models/final_small-1_lila_HfOx-1/small_ft-HfOx_run-123_epoch-191_swa.pt
2025-10-14 16:15:00.108 DEBUG: Saving checkpoint: models/final_small-1_lila_HfOx-1/small_ft-HfOx_run-123_epoch-192_swa.pt
2025-10-14 16:15:03.127 INFO: Epoch 193: head: Default, loss=0.26595427, RMSE_E_per_atom=   66.37 meV, RMSE_F=  162.14 meV / A
2025-10-14 16:15:03.133 DEBUG: Deleting old checkpoint file: models/final_small-1_lila_HfOx-1/small_ft-HfOx_run-123_epoch-192_swa.pt
2025-10-14 16:15:03.136 DEBUG: Saving checkpoint: models/final_small-1_lila_HfOx-1/small_ft-HfOx_run-123_epoch-193_swa.pt
2025-10-14 16:15:06.146 INFO: Epoch 194: head: Default, loss=0.26485206, RMSE_E_per_atom=   66.55 meV, RMSE_F=  161.80 meV / A
2025-10-14 16:15:06.151 DEBUG: Deleting old checkpoint file: models/final_small-1_lila_HfOx-1/small_ft-HfOx_run-123_epoch-193_swa.pt
2025-10-14 16:15:06.154 DEBUG: Saving checkpoint: models/final_small-1_lila_HfOx-1/small_ft-HfOx_run-123_epoch-194_swa.pt
2025-10-14 16:15:09.196 INFO: Epoch 195: head: Default, loss=0.26384851, RMSE_E_per_atom=   66.47 meV, RMSE_F=  161.49 meV / A
2025-10-14 16:15:09.202 DEBUG: Deleting old checkpoint file: models/final_small-1_lila_HfOx-1/small_ft-HfOx_run-123_epoch-194_swa.pt
2025-10-14 16:15:09.205 DEBUG: Saving checkpoint: models/final_small-1_lila_HfOx-1/small_ft-HfOx_run-123_epoch-195_swa.pt
2025-10-14 16:15:12.221 INFO: Epoch 196: head: Default, loss=0.26258931, RMSE_E_per_atom=   66.81 meV, RMSE_F=  161.11 meV / A
2025-10-14 16:15:12.226 DEBUG: Deleting old checkpoint file: models/final_small-1_lila_HfOx-1/small_ft-HfOx_run-123_epoch-195_swa.pt
2025-10-14 16:15:12.229 DEBUG: Saving checkpoint: models/final_small-1_lila_HfOx-1/small_ft-HfOx_run-123_epoch-196_swa.pt
2025-10-14 16:15:15.260 INFO: Epoch 197: head: Default, loss=0.26143285, RMSE_E_per_atom=   66.80 meV, RMSE_F=  160.75 meV / A
2025-10-14 16:15:15.264 DEBUG: Deleting old checkpoint file: models/final_small-1_lila_HfOx-1/small_ft-HfOx_run-123_epoch-196_swa.pt
2025-10-14 16:15:15.268 DEBUG: Saving checkpoint: models/final_small-1_lila_HfOx-1/small_ft-HfOx_run-123_epoch-197_swa.pt
2025-10-14 16:15:18.280 INFO: Epoch 198: head: Default, loss=0.26021556, RMSE_E_per_atom=   67.05 meV, RMSE_F=  160.38 meV / A
2025-10-14 16:15:18.284 DEBUG: Deleting old checkpoint file: models/final_small-1_lila_HfOx-1/small_ft-HfOx_run-123_epoch-197_swa.pt
2025-10-14 16:15:18.288 DEBUG: Saving checkpoint: models/final_small-1_lila_HfOx-1/small_ft-HfOx_run-123_epoch-198_swa.pt
2025-10-14 16:15:21.345 INFO: Epoch 199: head: Default, loss=0.25858262, RMSE_E_per_atom=   66.91 meV, RMSE_F=  159.87 meV / A
2025-10-14 16:15:21.350 DEBUG: Deleting old checkpoint file: models/final_small-1_lila_HfOx-1/small_ft-HfOx_run-123_epoch-198_swa.pt
2025-10-14 16:15:21.353 DEBUG: Saving checkpoint: models/final_small-1_lila_HfOx-1/small_ft-HfOx_run-123_epoch-199_swa.pt
2025-10-14 16:15:21.402 INFO: Training complete
2025-10-14 16:15:21.404 INFO: 
2025-10-14 16:15:21.406 INFO: ===========RESULTS===========
2025-10-14 16:15:23.374 INFO: Loading checkpoint: models/final_small-1_lila_HfOx-1/small_ft-HfOx_run-123_epoch-117.pt
2025-10-14 16:15:23.433 INFO: Loaded Stage one model from epoch 117 for evaluation
2025-10-14 16:15:23.435 INFO: Saving model to models/final_small-1_lila_HfOx-1/small_ft-HfOx_run-123.model
2025-10-14 16:15:23.502 INFO: RUNING CUEQ TO E3NN
2025-10-14 16:15:23.565 INFO: Creating new model without CuEq settings
2025-10-14 16:15:24.766 DEBUG: Transferring key interactions.1.linear_up.weight after adapting shape (1, 16384) → (16384,)
2025-10-14 16:15:24.767 DEBUG: Transferring additional key: num_interactions
2025-10-14 16:15:24.767 DEBUG: Transferring additional key: atomic_numbers
2025-10-14 16:15:24.767 DEBUG: Transferring additional key: radial_embedding.bessel_fn.r_max
2025-10-14 16:15:24.767 DEBUG: Transferring additional key: radial_embedding.cutoff_fn.p
2025-10-14 16:15:24.767 DEBUG: Transferring key readouts.0.linear.weight after adapting shape (1, 128) → (128,)
2025-10-14 16:15:24.767 DEBUG: Transferring additional key: interactions.0.conv_tp_weights.layer2.weight
2025-10-14 16:15:24.767 DEBUG: Transferring key readouts.1.linear_2.weight after adapting shape (1, 16) → (16,)
2025-10-14 16:15:24.767 DEBUG: Transferring additional key: interactions.1.conv_tp_weights.layer0.weight
2025-10-14 16:15:24.767 DEBUG: Transferring key readouts.1.linear_1.weight after adapting shape (1, 2048) → (2048,)
2025-10-14 16:15:24.767 DEBUG: Transferring additional key: interactions.0.conv_tp_weights.layer3.weight
2025-10-14 16:15:24.768 DEBUG: Transferring additional key: radial_embedding.cutoff_fn.r_max
2025-10-14 16:15:24.768 DEBUG: Transferring additional key: scale_shift.shift
2025-10-14 16:15:24.768 DEBUG: Transferring key interactions.1.skip_tp.weight after adapting shape (1, 32768) → (32768,)
2025-10-14 16:15:24.768 DEBUG: Transferring additional key: interactions.1.conv_tp_weights.layer3.weight
2025-10-14 16:15:24.768 DEBUG: Transferring additional key: radial_embedding.bessel_fn.prefactor
2025-10-14 16:15:24.768 DEBUG: Transferring additional key: interactions.0.conv_tp_weights.layer1.weight
2025-10-14 16:15:24.768 DEBUG: Transferring additional key: scale_shift.scale
2025-10-14 16:15:24.768 DEBUG: Transferring additional key: interactions.0.conv_tp_weights.layer0.weight
2025-10-14 16:15:24.768 DEBUG: Transferring additional key: atomic_energies_fn.atomic_energies
2025-10-14 16:15:24.768 DEBUG: Transferring additional key: interactions.1.conv_tp_weights.layer1.weight
2025-10-14 16:15:24.768 DEBUG: Transferring additional key: radial_embedding.bessel_fn.bessel_weights
2025-10-14 16:15:24.769 DEBUG: Transferring additional key: r_max
2025-10-14 16:15:24.769 DEBUG: Transferring key interactions.1.linear.weight after adapting shape (1, 65536) → (65536,)
2025-10-14 16:15:24.769 DEBUG: Transferring key products.1.linear.weight after adapting shape (1, 16384) → (16384,)
2025-10-14 16:15:24.769 DEBUG: Transferring key node_embedding.linear.weight after adapting shape (1, 256) → (256,)
2025-10-14 16:15:24.769 DEBUG: Transferring key products.0.linear.weight after adapting shape (1, 16384) → (16384,)
2025-10-14 16:15:24.769 DEBUG: Transferring additional key: interactions.1.conv_tp_weights.layer2.weight
2025-10-14 16:15:24.769 DEBUG: Transferring key interactions.0.skip_tp.weight after adapting shape (1, 32768) → (32768,)
2025-10-14 16:15:24.769 DEBUG: Transferring key interactions.0.linear_up.weight after adapting shape (1, 16384) → (16384,)
2025-10-14 16:15:24.769 DEBUG: Transferring key interactions.0.linear.weight after adapting shape (1, 65536) → (65536,)
2025-10-14 16:15:24.879 INFO: Compiling model, saving metadata to models/final_small-1_lila_HfOx-1/small_ft-HfOx_compiled.model
2025-10-14 16:15:25.687 INFO: Computing metrics for training, validation, and test sets
2025-10-14 16:15:25.690 INFO: Skipping evaluation for heads: ['pt_head']
2025-10-14 16:15:25.691 INFO: Evaluating train_Default ...
2025-10-14 16:15:27.068 INFO: Evaluating valid_Default ...
2025-10-14 16:15:27.535 INFO: Error-table on TRAIN and VALID:
+---------------+---------------------+------------------+-------------------+
|  config_type  | RMSE E / meV / atom | RMSE F / meV / A | relative F RMSE % |
+---------------+---------------------+------------------+-------------------+
| train_Default |            8.5      |        267.1     |         21.99     |
| valid_Default |           11.2      |        258.3     |         22.88     |
+---------------+---------------------+------------------+-------------------+
2025-10-14 16:15:27.537 INFO: Evaluating Default_Default ...
2025-10-14 16:15:29.526 INFO: Error-table on TEST:
+-----------------+---------------------+------------------+-------------------+
|   config_type   | RMSE E / meV / atom | RMSE F / meV / A | relative F RMSE % |
+-----------------+---------------------+------------------+-------------------+
| Default_Default |           15.3      |        178.8     |         19.78     |
+-----------------+---------------------+------------------+-------------------+
2025-10-14 16:15:29.529 DEBUG: Running inference on train_Default dataset
2025-10-14 16:15:29.583 DEBUG: Plotting failed: too many indices for tensor of dimension 1
2025-10-14 16:15:29.586 INFO: Loading checkpoint: models/final_small-1_lila_HfOx-1/small_ft-HfOx_run-123_epoch-199_swa.pt
2025-10-14 16:15:29.656 INFO: Loaded Stage two model from epoch 199 for evaluation
2025-10-14 16:15:29.658 INFO: Saving model to models/final_small-1_lila_HfOx-1/small_ft-HfOx_run-123_stagetwo.model
2025-10-14 16:15:29.720 INFO: RUNING CUEQ TO E3NN
2025-10-14 16:15:29.785 INFO: Creating new model without CuEq settings
2025-10-14 16:15:30.943 DEBUG: Transferring key interactions.1.linear_up.weight after adapting shape (1, 16384) → (16384,)
2025-10-14 16:15:30.943 DEBUG: Transferring additional key: num_interactions
2025-10-14 16:15:30.943 DEBUG: Transferring additional key: atomic_numbers
2025-10-14 16:15:30.943 DEBUG: Transferring additional key: radial_embedding.bessel_fn.r_max
2025-10-14 16:15:30.943 DEBUG: Transferring additional key: radial_embedding.cutoff_fn.p
2025-10-14 16:15:30.944 DEBUG: Transferring key readouts.0.linear.weight after adapting shape (1, 128) → (128,)
2025-10-14 16:15:30.944 DEBUG: Transferring additional key: interactions.0.conv_tp_weights.layer2.weight
2025-10-14 16:15:30.944 DEBUG: Transferring key readouts.1.linear_2.weight after adapting shape (1, 16) → (16,)
2025-10-14 16:15:30.944 DEBUG: Transferring additional key: interactions.1.conv_tp_weights.layer0.weight
2025-10-14 16:15:30.944 DEBUG: Transferring key readouts.1.linear_1.weight after adapting shape (1, 2048) → (2048,)
2025-10-14 16:15:30.944 DEBUG: Transferring additional key: interactions.0.conv_tp_weights.layer3.weight
2025-10-14 16:15:30.944 DEBUG: Transferring additional key: radial_embedding.cutoff_fn.r_max
2025-10-14 16:15:30.944 DEBUG: Transferring additional key: scale_shift.shift
2025-10-14 16:15:30.944 DEBUG: Transferring key interactions.1.skip_tp.weight after adapting shape (1, 32768) → (32768,)
2025-10-14 16:15:30.944 DEBUG: Transferring additional key: interactions.1.conv_tp_weights.layer3.weight
2025-10-14 16:15:30.944 DEBUG: Transferring additional key: radial_embedding.bessel_fn.prefactor
2025-10-14 16:15:30.944 DEBUG: Transferring additional key: interactions.0.conv_tp_weights.layer1.weight
2025-10-14 16:15:30.945 DEBUG: Transferring additional key: scale_shift.scale
2025-10-14 16:15:30.945 DEBUG: Transferring additional key: interactions.0.conv_tp_weights.layer0.weight
2025-10-14 16:15:30.945 DEBUG: Transferring additional key: atomic_energies_fn.atomic_energies
2025-10-14 16:15:30.945 DEBUG: Transferring additional key: interactions.1.conv_tp_weights.layer1.weight
2025-10-14 16:15:30.945 DEBUG: Transferring additional key: radial_embedding.bessel_fn.bessel_weights
2025-10-14 16:15:30.945 DEBUG: Transferring additional key: r_max
2025-10-14 16:15:30.945 DEBUG: Transferring key interactions.1.linear.weight after adapting shape (1, 65536) → (65536,)
2025-10-14 16:15:30.945 DEBUG: Transferring key products.1.linear.weight after adapting shape (1, 16384) → (16384,)
2025-10-14 16:15:30.945 DEBUG: Transferring key node_embedding.linear.weight after adapting shape (1, 256) → (256,)
2025-10-14 16:15:30.945 DEBUG: Transferring key products.0.linear.weight after adapting shape (1, 16384) → (16384,)
2025-10-14 16:15:30.945 DEBUG: Transferring additional key: interactions.1.conv_tp_weights.layer2.weight
2025-10-14 16:15:30.945 DEBUG: Transferring key interactions.0.skip_tp.weight after adapting shape (1, 32768) → (32768,)
2025-10-14 16:15:30.946 DEBUG: Transferring key interactions.0.linear_up.weight after adapting shape (1, 16384) → (16384,)
2025-10-14 16:15:30.946 DEBUG: Transferring key interactions.0.linear.weight after adapting shape (1, 65536) → (65536,)
2025-10-14 16:15:31.057 INFO: Compiling model, saving metadata models/final_small-1_lila_HfOx-1/small_ft-HfOx_stagetwo_compiled.model
2025-10-14 16:15:31.802 INFO: Computing metrics for training, validation, and test sets
2025-10-14 16:15:31.804 INFO: Skipping evaluation for heads: ['pt_head']
2025-10-14 16:15:31.806 INFO: Evaluating train_Default ...
2025-10-14 16:15:33.160 INFO: Evaluating valid_Default ...
2025-10-14 16:15:33.618 INFO: Error-table on TRAIN and VALID:
+---------------+---------------------+------------------+-------------------+
|  config_type  | RMSE E / meV / atom | RMSE F / meV / A | relative F RMSE % |
+---------------+---------------------+------------------+-------------------+
| train_Default |           41.9      |        160.4     |         13.16     |
| valid_Default |           66.9      |        159.9     |         14.16     |
+---------------+---------------------+------------------+-------------------+
2025-10-14 16:15:33.620 INFO: Evaluating Default_Default ...
2025-10-14 16:15:35.629 INFO: Error-table on TEST:
+-----------------+---------------------+------------------+-------------------+
|   config_type   | RMSE E / meV / atom | RMSE F / meV / A | relative F RMSE % |
+-----------------+---------------------+------------------+-------------------+
| Default_Default |           87.2      |        115.2     |         12.74     |
+-----------------+---------------------+------------------+-------------------+
2025-10-14 16:15:35.631 DEBUG: Running inference on train_Default dataset
2025-10-14 16:15:35.685 DEBUG: Plotting failed: too many indices for tensor of dimension 1
2025-10-14 16:15:35.686 INFO: Done
