 $ LHS File Format Version 1.00 
$
$ This LHS run was executed on 11/19/25 at  9:23: 1.70
$ with LHS Version: 2.30 Release 1, Compiled May 31, 2001        
$ The run title was:
$ Pecos::LHSDriver                                                                                 RANDOM SAMPLE
$
$ Message output file for this run: LHS_distributions.out
$
$ Input file(s) for this run: 
$
$ Point Values for the distributions follow:
$
$ All point values represent mean values that
$ were calculated from the actual LHS sample.
$
    Uniform1              1.1340137E+05
    Uniform2              3.6091181E-01
$
@UNCERTAINTY
  @OBSERVATIONS    200
  @VARIABLES      2
    Uniform1:          
    Uniform2:          
@SAMPLEDATA
           1           2   90631.671890616417       0.36041436640080066     
           2           2   116473.82672131062       0.36815204178448768     
           3           2   137068.67231056094       0.36825449039693919     
           4           2   92624.973356723785       0.36489230929873884     
           5           2   96520.840443670750       0.35055085854139179     
           6           2   131629.82300296426       0.35883758541196581     
           7           2   130516.92729815841       0.36606928287073970     
           8           2   121298.73416572809       0.35220210399944335     
           9           2   103291.28592833877       0.36253916850313544     
          10           2   99894.313897937536       0.36725754749961198     
          11           2   132580.70858940482       0.36032221661414948     
          12           2   95709.808643907309       0.35809478974435477     
          13           2   107855.60550168157       0.35670476606581358     
          14           2   119647.67875894904       0.36769131367560476     
          15           2   122548.57509210706       0.36139345049858090     
          16           2   137064.11368399858       0.35852191309910264     
          17           2   101850.59364885092       0.36190147744026036     
          18           2   130198.37335869670       0.35568438461050389     
          19           2   91743.520606309175       0.35495026319287715     
          20           2   133334.94569733739       0.36127329200040548     
          21           2   109312.65845149755       0.36745327794924376     
          22           2   119408.74940156937       0.36608052737079561     
          23           2   133682.91017040610       0.36627768040169029     
          24           2   131679.10605669022       0.35067907259333875     
          25           2   91857.580214738846       0.35993015941698103     
          26           2   136660.71555018425       0.35081815592478960     
          27           2   121762.39394769073       0.36796936829108745     
          28           2   112360.11659726501       0.36376174713019283     
          29           2   115720.88354453444       0.36540126220323144     
          30           2   98005.138378590345       0.36395884478464724     
          31           2   92491.245511919260       0.36234372173435986     
          32           2   114963.65140378475       0.36351059626322241     
          33           2   126965.60122445226       0.36742864239495249     
          34           2   127957.48939365149       0.36433606715407224     
          35           2   133322.71386310458       0.35726899727713313     
          36           2   90342.460401356220       0.36972148896660656     
          37           2   123941.52283295989       0.35795128097757695     
          38           2   103544.67798024416       0.35210689299739895     
          39           2   134378.49039584398       0.35956143177114425     
          40           2   114447.59526103735       0.35619975355919448     
          41           2   105088.86490389705       0.36098826116416605     
          42           2   103780.95789626241       0.36457765242550522     
          43           2   91159.123498946428       0.36690542798954995     
          44           2   112692.45079904795       0.36961132895201443     
          45           2   119384.60936397314       0.35737345585133878     
          46           2   133666.30383208394       0.36787730729673057     
          47           2   130596.12034633756       0.35696375872939823     
          48           2   135060.76793745160       0.36723824196029453     
          49           2   103430.49685657024       0.36466255798470226     
          50           2   126109.66142266989       0.35784608155023306     
          51           2   98923.390869051218       0.36092958041466772     
          52           2   112936.09660863876       0.36704899098258464     
          53           2   115127.40234285593       0.36494708279613403     
          54           2   109692.75431334972       0.35295445691794153     
          55           2   107878.76066565514       0.36195069772657007     
          56           2   137392.85289868712       0.35643592132721097     
          57           2   111322.61099293828       0.36035246923100200     
          58           2   137948.08341935277       0.36258013213984669     
          59           2   132370.22328749299       0.36051423074677585     
          60           2   135783.28364342451       0.36585302716121076     
          61           2   113242.68012866378       0.35908712294418366     
          62           2   96677.161518484354       0.35983952099923044     
          63           2   100663.53921219707       0.35254011158831416     
          64           2   126933.97540971637       0.35569098394364118     
          65           2   108005.23902475834       0.35025949184317140     
          66           2   117897.12845161557       0.36757743760477751     
          67           2   96293.525051325560       0.35061818900052455     
          68           2   107705.99266514182       0.36559143099002539     
          69           2   106051.15159973502       0.36255843698512763     
          70           2   116057.30033665895       0.35197702564764766     
          71           2   94276.838008314371       0.36768006063532083     
          72           2   112531.54873475432       0.36210453665349629     
          73           2   101917.53083467484       0.35955556103959679     
          74           2   92764.954525977373       0.35117878952063619     
          75           2   104637.21832260489       0.36704556616023182     
          76           2   107367.22894012928       0.36703096097800880     
          77           2   104251.27251818776       0.36296326237730681     
          78           2   92084.068335592747       0.36732885566540063     
          79           2   98874.529637396336       0.35719734683632848     
          80           2   134134.67841222882       0.36380792269948869     
          81           2   102315.13005495071       0.36833697564434259     
          82           2   104126.73319503665       0.35243679057341065     
          83           2   137254.85029444098       0.36068152979016305     
          84           2   103031.03298693895       0.36128692862112072     
          85           2   117329.26347479224       0.35679621701594438     
          86           2   93008.421231061220       0.35351656536571680     
          87           2   97514.762789011002       0.35271346587222069     
          88           2   92620.871342718601       0.35225866171065717     
          89           2   124050.51309987903       0.36326569997705516     
          90           2   106776.88918635249       0.36681783554609865     
          91           2   107994.54221874475       0.36844764706213029     
          92           2   119395.26403695345       0.35570562068838624     
          93           2   119473.75403344631       0.36545868925284591     
          94           2   91949.573781341314       0.36342253215610981     
          95           2   129423.18445444107       0.35369142689742145     
          96           2   115158.13973173499       0.36117652870249001     
          97           2   111900.98896622658       0.36730621879454700     
          98           2   94938.234541565180       0.36591209182981399     
          99           2   113094.04835477471       0.35771486964542415     
         100           2   97923.188969492912       0.36751542430836709     
         101           2   125194.99350339174       0.36489442481659351     
         102           2   126490.09231477976       0.35255224446766076     
         103           2   117149.33007583022       0.35334963291417804     
         104           2   135931.63318186998       0.36480027852114288     
         105           2   101461.60371601582       0.36613589252345263     
         106           2   109010.07730141282       0.36791271576657891     
         107           2   118239.56055566669       0.36984956866595892     
         108           2   94738.308928906918       0.36513891673646864     
         109           2   120741.80152639747       0.36931772627402099     
         110           2   90109.655499458313       0.36610793859697877     
         111           2   112431.85300379992       0.35369572896044699     
         112           2   105889.78401571512       0.36294865018688144     
         113           2   128633.56042653322       0.36520091609098015     
         114           2   113444.74281370640       0.36431500825565305     
         115           2   134420.21224647760       0.35645310256164520     
         116           2   114451.28280669451       0.35966622219886629     
         117           2   121522.69079536200       0.35894018158782270     
         118           2   91952.793035656214       0.35409234252292660     
         119           2   126323.45672696829       0.35615790675859899     
         120           2   135612.07823082805       0.36856633642222730     
         121           2   119037.79796138406       0.35212070498149839     
         122           2   123829.37046512961       0.35892496724613010     
         123           2   99859.267920255661       0.36912506457418204     
         124           2   119086.76756545901       0.36454159904271366     
         125           2   120999.48113411665       0.35880751681048423     
         126           2   99817.282989621162       0.36965245158411564     
         127           2   102352.70928964019       0.36305314971599728     
         128           2   109471.35362774134       0.35756738741882144     
         129           2   121125.58634206653       0.35636869563255458     
         130           2   103462.89511397481       0.36326785515528170     
         131           2   109944.17044892907       0.36420596027746793     
         132           2   128694.89303603768       0.35485924371052530     
         133           2   106846.75534442067       0.36595465183258058     
         134           2   101183.03519859910       0.35615288562607017     
         135           2   105972.17350825667       0.35077652201056481     
         136           2   97637.760188430548       0.36798815773800014     
         137           2   94484.499078243971       0.36049732436425985     
         138           2   134395.52078023553       0.36675137862563134     
         139           2   110328.86645570397       0.35559008163865652     
         140           2   129166.37225076556       0.36434708269312976     
         141           2   90837.921839207411       0.36075326882768421     
         142           2   101044.31798681617       0.35268397791776807     
         143           2   102653.29636260867       0.36020752738695588     
         144           2   111201.47452130914       0.35404348774813116     
         145           2   108519.47807148099       0.35074784211814403     
         146           2   111652.24033221602       0.36563919624779373     
         147           2   108674.33656007051       0.35611292765941471     
         148           2   103316.35002046824       0.36783694304060188     
         149           2   119768.77196878195       0.36232012943830338     
         150           2   120010.00955700874       0.35287201938685026     
         151           2   134068.65668669343       0.36913117360323666     
         152           2   122425.65453797579       0.36045784004498271     
         153           2   97946.878608316183       0.36599138668272646     
         154           2   108986.13057285547       0.36716855300590395     
         155           2   93967.328500002623       0.35606761462055148     
         156           2   133924.37596991658       0.36135148325469346     
         157           2   105502.74924561381       0.36865685064345599     
         158           2   136003.26989963651       0.35497247542720284     
         159           2   119374.89792332053       0.35436837277840821     
         160           2   131440.96086546779       0.36858724981546404     
         161           2   129538.10714185238       0.36322337550111111     
         162           2   125164.85818102956       0.36465631702449169     
         163           2   128904.64592725039       0.35882648261729627     
         164           2   137444.75839287043       0.36655641451012344     
         165           2   119263.89538496733       0.36524588148575277     
         166           2   101766.26846194267       0.35805574337020513     
         167           2   95236.233271658421       0.36840653486549851     
         168           2   94821.634411811829       0.36549555891193447     
         169           2   127179.84984442592       0.36562529210001227     
         170           2   90987.655553966761       0.35796044438611713     
         171           2   134778.79893779755       0.35607998953666536     
         172           2   131228.00819948316       0.36705878594424574     
         173           2   96461.447887122631       0.36181501083076001     
         174           2   108964.72319215536       0.36558490586932746     
         175           2   113218.80466863513       0.35044712079223245     
         176           2   96964.284829795361       0.36482439903076735     
         177           2   112528.93434092402       0.35073012640699741     
         178           2   117219.93390843272       0.36634198155719788     
         179           2   135461.73785626888       0.35819621078670022     
         180           2   93251.744572073221       0.36517722772900013     
         181           2   121303.38615551591       0.35930295967031267     
         182           2   105877.99923866987       0.35869971414096652     
         183           2   104430.28959631920       0.35717234689742328     
         184           2   99804.633423686028       0.35076663215644655     
         185           2   122647.53881469369       0.35478568535298105     
         186           2   109134.67566668987       0.35714118259027600     
         187           2   133538.42497989535       0.35441206644754852     
         188           2   117211.13059669733       0.35547492895275351     
         189           2   94624.440964311361       0.35282389668282121     
         190           2   109615.68631231785       0.35425663004629310     
         191           2   110319.88171488047       0.36912624055054039     
         192           2   131495.05305290222       0.35750282414257523     
         193           2   113226.67404636741       0.35070066333282734     
         194           2   135273.62707257271       0.36053881279658523     
         195           2   94311.929639428854       0.36016261602751909     
         196           2   137434.31742489338       0.36306920814327892     
         197           2   90003.930676728487       0.36715303571429103     
         198           2   121484.30897668004       0.35104668771382419     
         199           2   126990.48318341374       0.36646777278278020     
         200           2   91111.413002014160       0.35865938656963409     
