1

                                             * * * * * * * * *  L H S  * * * * * * * * *

                                             LATIN HYPERCUBE AND RANDOM SAMPLING PROGRAM

                                             * * * * * * * * * * * * * * * * * * * * * *


    Run on 11/19/25 at  9:18:36.74 with LHS Version: 2.30 Release 1, Compiled May 31, 2001        


0    Pecos::LHSDriver                                                                                 RANDOM SAMPLE

    Random Seed =         123

    Number of Variables =   2

    Number of Observations =   10
0   The sample was written to the file: LHS_samples.out
0   Input was read from the file: 
0   The sample input vectors will be printed along with their corresponding ranks.
0   Histograms of the actual sample will be plotted for each input variable.
0   The correlation matrices (raw data and rank correlations) will be printed.
1

    Pecos::LHSDriver                                                                                 RANDOM SAMPLE               

    VARIABLE  DISTRIBUTION          RANGE            LABEL
0       1        UNIFORM    9.000E+04 TO  1.380E+05                                                    
0       2        UNIFORM    0.350     TO  0.350                                                        
1Pecos::LHSDriver                                                                                 RANDOM SAMPLE               
0RANDOM SAMPLE INPUT VECTORS

 RUN NO. X(1)      X(2)
0    1 1.136E+05 0.350    
0    2 1.255E+05 0.350    
0    3 1.155E+05 0.350    
0    4 1.072E+05 0.350    
0    5 1.248E+05 0.350    
0    6 1.105E+05 0.350    
0    7 1.193E+05 0.350    
0    8 1.043E+05 0.350    
0    9 1.308E+05 0.350    
0   10 1.205E+05 0.350    
1Pecos::LHSDriver                                                                                 RANDOM SAMPLE               
0RANKS OF RANDOM SAMPLE INPUT VECTORS

 RUN NO.    X(1)      X(2)
0    1        4.        1.
0    2        9.        7.
0    3        5.        8.
0    4        2.       10.
0    5        8.        6.
0    6        3.        3.
0    7        6.        5.
0    8        1.        4.
0    9       10.        2.
0   10        7.        9.
1   Pecos::LHSDriver                                                                                 RANDOM SAMPLE               
0  HISTOGRAM FOR VARIABLE NO.  1     UNIFORM DISTRIBUTION

     Midpoint          Freq.

   1.0465000E+05         1    X
   1.0595000E+05         0
   1.0725000E+05         1    X
   1.0855000E+05         0
   1.0985000E+05         0
   1.1115000E+05         1    X
   1.1245000E+05         0
   1.1375000E+05         1    X
   1.1505000E+05         1    X
   1.1635000E+05         0
   1.1765000E+05         0
   1.1895000E+05         1    X
   1.2025000E+05         1    X
   1.2155000E+05         0
   1.2285000E+05         0
   1.2415000E+05         1    X
   1.2545000E+05         1    X
   1.2675000E+05         0
   1.2805000E+05         0
   1.2935000E+05         0
   1.3065000E+05         1    X
0                       10


      Min            Max           Range           Mean          Median        Variance

   1.0429346E+05  1.3077273E+05  2.6479262E+04  1.1720109E+05  1.1742843E+05  7.2589673E+07

1   Pecos::LHSDriver                                                                                 RANDOM SAMPLE               
0  HISTOGRAM FOR VARIABLE NO.  2     UNIFORM DISTRIBUTION

     Midpoint          Freq.

   3.5000222E-01         2    XX
   3.5000260E-01         0
   3.5000298E-01         1    X
   3.5000336E-01         1    X
   3.5000374E-01         2    XX
   3.5000412E-01         1    X
   3.5000450E-01         0
   3.5000488E-01         0
   3.5000526E-01         0
   3.5000564E-01         0
   3.5000602E-01         0
   3.5000640E-01         1    X
   3.5000678E-01         0
   3.5000716E-01         1    X
   3.5000754E-01         0
   3.5000792E-01         0
   3.5000830E-01         0
   3.5000868E-01         0
   3.5000906E-01         0
   3.5000944E-01         0
   3.5000982E-01         1    X
0                       10


      Min            Max           Range           Mean          Median        Variance

   3.5000228E-01  3.5000988E-01  7.5973205E-06  3.5000460E-01  3.5000368E-01  6.1717537E-12

1Pecos::LHSDriver                                                                                 RANDOM SAMPLE               
0CORRELATIONS AMONG INPUT VARIABLES CREATED BY THE RANDOM SAMPLE FOR RAW DATA                                        PAGE   1
0    1  1.0000
0    2 -0.2803  1.0000
0            1       2
0VARIABLES
0THE VARIANCE INFLATION FACTOR FOR THIS MATRIX IS  1.09
1Pecos::LHSDriver                                                                                 RANDOM SAMPLE               
0CORRELATIONS AMONG INPUT VARIABLES CREATED BY THE RANDOM SAMPLE FOR RANK DATA                                        PAGE   1
0    1  1.0000
0    2 -0.0182  1.0000
0            1       2
0VARIABLES
0THE VARIANCE INFLATION FACTOR FOR THIS MATRIX IS  1.00
