1

                                             * * * * * * * * *  L H S  * * * * * * * * *

                                             LATIN HYPERCUBE AND RANDOM SAMPLING PROGRAM

                                             * * * * * * * * * * * * * * * * * * * * * *


    Run on 11/19/25 at 23: 0:26.06 with LHS Version: 2.30 Release 1, Compiled May 31, 2001        


0    Pecos::LHSDriver                                                                                 RANDOM SAMPLE

    Random Seed =         123

    Number of Variables =   2

    Number of Observations =   10
0   The sample was written to the file: LHS_samples.out
0   Input was read from the file: 
0   The sample input vectors will be printed along with their corresponding ranks.
0   Histograms of the actual sample will be plotted for each input variable.
0   The correlation matrices (raw data and rank correlations) will be printed.
1

    Pecos::LHSDriver                                                                                 RANDOM SAMPLE               

    VARIABLE  DISTRIBUTION          RANGE            LABEL
0       1        UNIFORM    9.000E+04 TO  1.380E+05                                                    
0       2        UNIFORM    0.350     TO  0.370                                                        
1Pecos::LHSDriver                                                                                 RANDOM SAMPLE               
0RANDOM SAMPLE INPUT VECTORS

 RUN NO. X(1)      X(2)
0    1 1.136E+05 0.355    
0    2 1.255E+05 0.358    
0    3 1.155E+05 0.363    
0    4 1.072E+05 0.370    
0    5 1.248E+05 0.357    
0    6 1.105E+05 0.356    
0    7 1.193E+05 0.357    
0    8 1.043E+05 0.356    
0    9 1.308E+05 0.355    
0   10 1.205E+05 0.364    
1Pecos::LHSDriver                                                                                 RANDOM SAMPLE               
0RANKS OF RANDOM SAMPLE INPUT VECTORS

 RUN NO.    X(1)      X(2)
0    1        4.        1.
0    2        9.        7.
0    3        5.        8.
0    4        2.       10.
0    5        8.        6.
0    6        3.        3.
0    7        6.        5.
0    8        1.        4.
0    9       10.        2.
0   10        7.        9.
1   Pecos::LHSDriver                                                                                 RANDOM SAMPLE               
0  HISTOGRAM FOR VARIABLE NO.  1     UNIFORM DISTRIBUTION

     Midpoint          Freq.

   1.0465000E+05         1    X
   1.0595000E+05         0
   1.0725000E+05         1    X
   1.0855000E+05         0
   1.0985000E+05         0
   1.1115000E+05         1    X
   1.1245000E+05         0
   1.1375000E+05         1    X
   1.1505000E+05         1    X
   1.1635000E+05         0
   1.1765000E+05         0
   1.1895000E+05         1    X
   1.2025000E+05         1    X
   1.2155000E+05         0
   1.2285000E+05         0
   1.2415000E+05         1    X
   1.2545000E+05         1    X
   1.2675000E+05         0
   1.2805000E+05         0
   1.2935000E+05         0
   1.3065000E+05         1    X
0                       10


      Min            Max           Range           Mean          Median        Variance

   1.0429346E+05  1.3077273E+05  2.6479262E+04  1.1720109E+05  1.1742843E+05  7.2589673E+07

1   Pecos::LHSDriver                                                                                 RANDOM SAMPLE               
0  HISTOGRAM FOR VARIABLE NO.  2     UNIFORM DISTRIBUTION

     Midpoint          Freq.

   3.5453999E-01         2    XX
   3.5529999E-01         0
   3.5605999E-01         1    X
   3.5681999E-01         1    X
   3.5757999E-01         2    XX
   3.5833999E-01         1    X
   3.5909999E-01         0
   3.5985999E-01         0
   3.6061999E-01         0
   3.6137999E-01         0
   3.6213999E-01         0
   3.6289999E-01         1    X
   3.6365999E-01         0
   3.6441999E-01         1    X
   3.6517999E-01         0
   3.6593999E-01         0
   3.6669999E-01         0
   3.6745999E-01         0
   3.6821999E-01         0
   3.6897999E-01         0
   3.6973999E-01         1    X
0                       10


      Min            Max           Range           Mean          Median        Variance

   3.5456526E-01  3.6975991E-01  1.5194641E-02  3.5919482E-01  3.5735590E-01  2.4686914E-05

1Pecos::LHSDriver                                                                                 RANDOM SAMPLE               
0CORRELATIONS AMONG INPUT VARIABLES CREATED BY THE RANDOM SAMPLE FOR RAW DATA                                        PAGE   1
0    1  1.0000
0    2 -0.2803  1.0000
0            1       2
0VARIABLES
0THE VARIANCE INFLATION FACTOR FOR THIS MATRIX IS  1.09
1Pecos::LHSDriver                                                                                 RANDOM SAMPLE               
0CORRELATIONS AMONG INPUT VARIABLES CREATED BY THE RANDOM SAMPLE FOR RANK DATA                                        PAGE   1
0    1  1.0000
0    2 -0.0182  1.0000
0            1       2
0VARIABLES
0THE VARIANCE INFLATION FACTOR FOR THIS MATRIX IS  1.00
