2025-10-12 18:42:27.470 INFO: ===========VERIFYING SETTINGS===========
2025-10-12 18:42:27.472 INFO: MACE version: 0.3.14
2025-10-12 18:42:27.474 INFO: CUDA version: 12.6, CUDA device: 0
2025-10-12 18:42:27.478 INFO: Using foundation model mace-mp-0 small as initial checkpoint.
2025-10-12 18:42:27.614 INFO: CUDA version: 12.6, CUDA device: 0
2025-10-12 18:42:27.619 INFO: ===========LOADING INPUT DATA===========
2025-10-12 18:42:27.620 INFO: Using heads: ['Default']
2025-10-12 18:42:27.621 INFO: Using the key specifications to parse data:
2025-10-12 18:42:27.623 INFO: Default: KeySpecification(info_keys={'energy': 'REF_energy', 'stress': 'REF_stress', 'virials': 'REF_virials', 'dipole': 'dipole', 'head': 'head', 'elec_temp': 'elec_temp', 'total_charge': 'total_charge', 'polarizability': 'polarizability', 'total_spin': 'total_spin'}, arrays_keys={'forces': 'REF_forces', 'charges': 'REF_charges'})
2025-10-12 18:42:27.624 INFO: =============    Processing head Default     ===========
2025-10-12 18:42:28.234 INFO: Training set 1/1 [energy: 400, stress: 400, virials: 0, dipole components: 0, head: 400, elec_temp: 0, total_charge: 0, polarizability: 0, total_spin: 0, forces: 400, charges: 0]
2025-10-12 18:42:28.238 INFO: Total Training set [energy: 400, stress: 400, virials: 0, dipole components: 0, head: 400, elec_temp: 0, total_charge: 0, polarizability: 0, total_spin: 0, forces: 400, charges: 0]
2025-10-12 18:42:28.239 INFO: No validation set provided, splitting training data instead.
2025-10-12 18:42:28.245 INFO: Using random 15% of training set for validation with indices saved in: ./valid_indices_123.txt
2025-10-12 18:42:28.248 INFO: Random Split Training set [energy: 340, stress: 340, virials: 0, dipole components: 0, head: 340, elec_temp: 0, total_charge: 0, polarizability: 0, total_spin: 0, forces: 340, charges: 0]
2025-10-12 18:42:28.249 INFO: Random Split Validation set [energy: 60, stress: 60, virials: 0, dipole components: 0, head: 60, elec_temp: 0, total_charge: 0, polarizability: 0, total_spin: 0, forces: 60, charges: 0]
2025-10-12 18:42:29.195 INFO: Test set 1/1 [energy: 674, stress: 674, virials: 0, dipole components: 0, head: 674, elec_temp: 0, total_charge: 0, polarizability: 0, total_spin: 0, forces: 674, charges: 0]
2025-10-12 18:42:29.201 INFO: Total Test set [energy: 674, stress: 674, virials: 0, dipole components: 0, head: 674, elec_temp: 0, total_charge: 0, polarizability: 0, total_spin: 0, forces: 674, charges: 0]
2025-10-12 18:42:29.202 INFO: Total number of configurations: train=340, valid=60, tests=[Default_Default: 674],
2025-10-12 18:42:29.220 INFO: Atomic Numbers used: [8, 13]
2025-10-12 18:42:29.221 INFO: Isolated Atomic Energies (E0s) not in training file, using command line argument
2025-10-12 18:42:29.222 INFO: Atomic Energies used (z: eV) for head Default: {8: -0.20523646, 13: -0.01543451}
2025-10-12 18:42:29.223 INFO: Processing datasets for head 'Default'
2025-10-12 18:42:34.774 INFO: Combining 1 list datasets for head 'Default'
2025-10-12 18:42:35.734 INFO: Head 'Default' training dataset size: 340
2025-10-12 18:42:35.736 INFO: Computing average number of neighbors
2025-10-12 18:42:36.105 INFO: Average number of neighbors: 88.57448317038585
2025-10-12 18:42:36.106 INFO: During training the following quantities will be reported: energy, forces
2025-10-12 18:42:36.108 INFO: ===========MODEL DETAILS===========
2025-10-12 18:42:36.357 INFO: Loading FOUNDATION model
2025-10-12 18:42:36.360 INFO: Using filtered elements: [8, 13]
2025-10-12 18:42:36.361 INFO: Model configuration extracted from foundation model
2025-10-12 18:42:36.362 INFO: Using weighted loss function for fine-tuning
2025-10-12 18:42:36.364 INFO: Message passing with hidden irreps 128x0e)
2025-10-12 18:42:36.365 INFO: 2 layers, each with correlation order: 3 (body order: 4) and spherical harmonics up to: l=3
2025-10-12 18:42:36.366 INFO: Radial cutoff: 6.0 A (total receptive field for each atom: 12.0 A)
2025-10-12 18:42:36.367 INFO: Distance transform for radial basis functions: None
2025-10-12 18:42:37.861 INFO: Total number of parameters: 362138
2025-10-12 18:42:37.862 INFO: 
2025-10-12 18:42:37.863 INFO: ===========OPTIMIZER INFORMATION===========
2025-10-12 18:42:37.865 INFO: Using ADAMW as parameter optimizer
2025-10-12 18:42:37.866 INFO: Batch size: 10
2025-10-12 18:42:37.867 INFO: Using Exponential Moving Average with decay: 0.99
2025-10-12 18:42:37.868 INFO: Number of gradient updates: 6800
2025-10-12 18:42:37.869 INFO: Learning rate: 0.001, weight decay: 5e-07
2025-10-12 18:42:37.871 INFO: WeightedEnergyForcesLoss(energy_weight=1.000, forces_weight=100.000)
2025-10-12 18:42:37.872 INFO: Converting model to CUEQ for accelerated training
2025-10-12 18:42:37.963 INFO: Creating new model with cuequivariance settings
2025-10-12 18:42:38.333 INFO: Stage Two (after 150 epochs) with loss function: WeightedEnergyForcesLoss(energy_weight=1000.000, forces_weight=100.000), with energy weight : 1000.0, forces weight : 100.0 and learning rate : 0.001
2025-10-12 18:42:38.392 INFO: Using Weights and Biases for logging
2025-10-12 18:42:40.662 INFO: Using gradient clipping with tolerance=10.000
2025-10-12 18:42:40.664 INFO: 
2025-10-12 18:42:40.665 INFO: ===========TRAINING===========
2025-10-12 18:42:40.666 INFO: Started training, reporting errors on validation set
2025-10-12 18:42:40.667 INFO: Loss metrics on validation set
2025-10-12 18:42:41.237 INFO: Initial: head: Default, loss=25.40442882, RMSE_E_per_atom= 5823.98 meV, RMSE_F= 1480.84 meV / A
2025-10-12 18:42:50.152 INFO: Epoch 0: head: Default, loss=6.28406113, RMSE_E_per_atom= 5124.69 meV, RMSE_F=  605.64 meV / A
2025-10-12 18:42:58.181 INFO: Epoch 1: head: Default, loss=5.07666573, RMSE_E_per_atom= 4974.38 meV, RMSE_F=  510.80 meV / A
2025-10-12 18:43:06.166 INFO: Epoch 2: head: Default, loss=3.31766555, RMSE_E_per_atom= 3806.41 meV, RMSE_F=  433.01 meV / A
2025-10-12 18:43:14.224 INFO: Epoch 3: head: Default, loss=2.17954359, RMSE_E_per_atom= 2937.23 meV, RMSE_F=  363.58 meV / A
2025-10-12 18:43:22.202 INFO: Epoch 4: head: Default, loss=1.59272098, RMSE_E_per_atom= 2231.51 meV, RMSE_F=  331.49 meV / A
2025-10-12 18:43:30.763 INFO: Epoch 5: head: Default, loss=1.16431935, RMSE_E_per_atom= 1417.32 meV, RMSE_F=  310.93 meV / A
2025-10-12 18:43:38.759 INFO: Epoch 6: head: Default, loss=0.76212249, RMSE_E_per_atom=  901.79 meV, RMSE_F=  261.33 meV / A
2025-10-12 18:43:46.723 INFO: Epoch 7: head: Default, loss=0.54301022, RMSE_E_per_atom=  602.17 meV, RMSE_F=  225.37 meV / A
2025-10-12 18:43:54.643 INFO: Epoch 8: head: Default, loss=0.55517874, RMSE_E_per_atom=  482.82 meV, RMSE_F=  230.94 meV / A
2025-10-12 18:44:02.486 INFO: Epoch 9: head: Default, loss=0.40425821, RMSE_E_per_atom=  393.70 meV, RMSE_F=  197.41 meV / A
2025-10-12 18:44:10.449 INFO: Epoch 10: head: Default, loss=0.34638861, RMSE_E_per_atom=  347.40 meV, RMSE_F=  183.05 meV / A
2025-10-12 18:44:18.087 INFO: Epoch 11: head: Default, loss=0.35183799, RMSE_E_per_atom=  321.73 meV, RMSE_F=  184.97 meV / A
2025-10-12 18:44:26.015 INFO: Epoch 12: head: Default, loss=0.32398345, RMSE_E_per_atom=  297.61 meV, RMSE_F=  177.71 meV / A
2025-10-12 18:44:33.993 INFO: Epoch 13: head: Default, loss=0.33094072, RMSE_E_per_atom=  277.09 meV, RMSE_F=  179.97 meV / A
2025-10-12 18:44:41.854 INFO: Epoch 14: head: Default, loss=0.28736321, RMSE_E_per_atom=  249.60 meV, RMSE_F=  167.87 meV / A
2025-10-12 18:44:49.766 INFO: Epoch 15: head: Default, loss=0.31242613, RMSE_E_per_atom=  227.04 meV, RMSE_F=  175.49 meV / A
2025-10-12 18:44:57.676 INFO: Epoch 16: head: Default, loss=0.30580546, RMSE_E_per_atom=  233.62 meV, RMSE_F=  173.50 meV / A
2025-10-12 18:45:05.577 INFO: Epoch 17: head: Default, loss=0.26698057, RMSE_E_per_atom=  212.88 meV, RMSE_F=  162.17 meV / A
2025-10-12 18:45:13.548 INFO: Epoch 18: head: Default, loss=0.26217855, RMSE_E_per_atom=  205.22 meV, RMSE_F=  160.78 meV / A
2025-10-12 18:45:21.476 INFO: Epoch 19: head: Default, loss=0.28060097, RMSE_E_per_atom=  208.19 meV, RMSE_F=  166.39 meV / A
2025-10-12 18:45:29.329 INFO: Epoch 20: head: Default, loss=0.27267081, RMSE_E_per_atom=  190.62 meV, RMSE_F=  164.18 meV / A
2025-10-12 18:45:36.868 INFO: Epoch 21: head: Default, loss=0.27313978, RMSE_E_per_atom=  180.28 meV, RMSE_F=  164.47 meV / A
2025-10-12 18:45:44.716 INFO: Epoch 22: head: Default, loss=0.24852525, RMSE_E_per_atom=  171.21 meV, RMSE_F=  156.86 meV / A
2025-10-12 18:45:52.650 INFO: Epoch 23: head: Default, loss=0.25469710, RMSE_E_per_atom=  164.41 meV, RMSE_F=  158.89 meV / A
2025-10-12 18:46:00.524 INFO: Epoch 24: head: Default, loss=0.29441752, RMSE_E_per_atom=  166.13 meV, RMSE_F=  170.99 meV / A
2025-10-12 18:46:08.366 INFO: Epoch 25: head: Default, loss=0.27600217, RMSE_E_per_atom=  161.84 meV, RMSE_F=  165.53 meV / A
2025-10-12 18:46:16.251 INFO: Epoch 26: head: Default, loss=0.27886837, RMSE_E_per_atom=  160.02 meV, RMSE_F=  166.40 meV / A
2025-10-12 18:46:24.141 INFO: Epoch 27: head: Default, loss=0.26932961, RMSE_E_per_atom=  153.36 meV, RMSE_F=  163.57 meV / A
2025-10-12 18:46:31.997 INFO: Epoch 28: head: Default, loss=0.28492078, RMSE_E_per_atom=  144.75 meV, RMSE_F=  168.37 meV / A
2025-10-12 18:46:39.872 INFO: Epoch 29: head: Default, loss=0.26386014, RMSE_E_per_atom=  135.68 meV, RMSE_F=  162.05 meV / A
2025-10-12 18:46:47.730 INFO: Epoch 30: head: Default, loss=0.27154302, RMSE_E_per_atom=  121.75 meV, RMSE_F=  164.53 meV / A
2025-10-12 18:46:55.274 INFO: Epoch 31: head: Default, loss=0.35160668, RMSE_E_per_atom=  103.94 meV, RMSE_F=  187.45 meV / A
2025-10-12 18:47:03.164 INFO: Epoch 32: head: Default, loss=0.32915686, RMSE_E_per_atom=  101.75 meV, RMSE_F=  181.36 meV / A
2025-10-12 18:47:11.067 INFO: Epoch 33: head: Default, loss=0.30495292, RMSE_E_per_atom=   96.26 meV, RMSE_F=  174.59 meV / A
2025-10-12 18:47:18.943 INFO: Epoch 34: head: Default, loss=0.28357444, RMSE_E_per_atom=   93.21 meV, RMSE_F=  168.36 meV / A
2025-10-12 18:47:26.824 INFO: Epoch 35: head: Default, loss=0.25541189, RMSE_E_per_atom=   90.53 meV, RMSE_F=  159.76 meV / A
2025-10-12 18:47:34.666 INFO: Epoch 36: head: Default, loss=0.23996160, RMSE_E_per_atom=   88.87 meV, RMSE_F=  154.85 meV / A
2025-10-12 18:47:42.571 INFO: Epoch 37: head: Default, loss=0.22005029, RMSE_E_per_atom=   82.36 meV, RMSE_F=  148.29 meV / A
2025-10-12 18:47:50.489 INFO: Epoch 38: head: Default, loss=0.22900316, RMSE_E_per_atom=   78.59 meV, RMSE_F=  151.32 meV / A
2025-10-12 18:47:58.338 INFO: Epoch 39: head: Default, loss=0.23543949, RMSE_E_per_atom=   75.92 meV, RMSE_F=  153.45 meV / A
2025-10-12 18:48:06.194 INFO: Epoch 40: head: Default, loss=0.23933335, RMSE_E_per_atom=   74.85 meV, RMSE_F=  154.73 meV / A
2025-10-12 18:48:13.718 INFO: Epoch 41: head: Default, loss=0.22029613, RMSE_E_per_atom=   71.85 meV, RMSE_F=  148.44 meV / A
2025-10-12 18:48:21.626 INFO: Epoch 42: head: Default, loss=0.20889223, RMSE_E_per_atom=   75.89 meV, RMSE_F=  144.51 meV / A
2025-10-12 18:48:29.570 INFO: Epoch 43: head: Default, loss=0.20842600, RMSE_E_per_atom=   79.46 meV, RMSE_F=  144.32 meV / A
2025-10-12 18:48:37.514 INFO: Epoch 44: head: Default, loss=0.21187132, RMSE_E_per_atom=   77.54 meV, RMSE_F=  145.53 meV / A
2025-10-12 18:48:45.380 INFO: Epoch 45: head: Default, loss=0.20029305, RMSE_E_per_atom=   77.17 meV, RMSE_F=  141.48 meV / A
2025-10-12 18:48:53.286 INFO: Epoch 46: head: Default, loss=0.21655899, RMSE_E_per_atom=   72.59 meV, RMSE_F=  147.16 meV / A
2025-10-12 18:49:01.158 INFO: Epoch 47: head: Default, loss=0.22794896, RMSE_E_per_atom=   68.40 meV, RMSE_F=  151.02 meV / A
2025-10-12 18:49:08.997 INFO: Epoch 48: head: Default, loss=0.21120628, RMSE_E_per_atom=   66.82 meV, RMSE_F=  145.36 meV / A
2025-10-12 18:49:16.834 INFO: Epoch 49: head: Default, loss=0.21953141, RMSE_E_per_atom=   65.24 meV, RMSE_F=  148.21 meV / A
2025-10-12 18:49:24.703 INFO: Epoch 50: head: Default, loss=0.24628166, RMSE_E_per_atom=   62.02 meV, RMSE_F=  157.02 meV / A
2025-10-12 18:49:32.299 INFO: Epoch 51: head: Default, loss=0.25584170, RMSE_E_per_atom=   57.36 meV, RMSE_F=  160.06 meV / A
2025-10-12 18:49:40.194 INFO: Epoch 52: head: Default, loss=0.21835604, RMSE_E_per_atom=   57.00 meV, RMSE_F=  147.84 meV / A
2025-10-12 18:49:48.044 INFO: Epoch 53: head: Default, loss=0.22246242, RMSE_E_per_atom=   57.77 meV, RMSE_F=  149.23 meV / A
2025-10-12 18:49:55.886 INFO: Epoch 54: head: Default, loss=0.21354456, RMSE_E_per_atom=   59.33 meV, RMSE_F=  146.19 meV / A
2025-10-12 18:50:03.728 INFO: Epoch 55: head: Default, loss=0.22667722, RMSE_E_per_atom=   56.20 meV, RMSE_F=  150.64 meV / A
2025-10-12 18:50:11.649 INFO: Epoch 56: head: Default, loss=0.27313456, RMSE_E_per_atom=   52.58 meV, RMSE_F=  165.42 meV / A
2025-10-12 18:50:19.508 INFO: Epoch 57: head: Default, loss=0.28685279, RMSE_E_per_atom=   48.62 meV, RMSE_F=  169.54 meV / A
2025-10-12 18:50:27.405 INFO: Epoch 58: head: Default, loss=0.24934028, RMSE_E_per_atom=   45.96 meV, RMSE_F=  158.06 meV / A
2025-10-12 18:50:35.299 INFO: Epoch 59: head: Default, loss=0.22054989, RMSE_E_per_atom=   45.46 meV, RMSE_F=  148.64 meV / A
2025-10-12 18:50:43.143 INFO: Epoch 60: head: Default, loss=0.24060626, RMSE_E_per_atom=   42.08 meV, RMSE_F=  155.27 meV / A
2025-10-12 18:50:50.717 INFO: Epoch 61: head: Default, loss=0.27691543, RMSE_E_per_atom=   37.55 meV, RMSE_F=  166.60 meV / A
2025-10-12 18:50:58.569 INFO: Epoch 62: head: Default, loss=0.30525299, RMSE_E_per_atom=   36.25 meV, RMSE_F=  174.93 meV / A
2025-10-12 18:51:06.466 INFO: Epoch 63: head: Default, loss=0.26966458, RMSE_E_per_atom=   37.17 meV, RMSE_F=  164.40 meV / A
2025-10-12 18:51:14.317 INFO: Epoch 64: head: Default, loss=0.23509178, RMSE_E_per_atom=   35.34 meV, RMSE_F=  153.50 meV / A
2025-10-12 18:51:22.193 INFO: Epoch 65: head: Default, loss=0.20759350, RMSE_E_per_atom=   36.79 meV, RMSE_F=  144.22 meV / A
2025-10-12 18:51:30.058 INFO: Epoch 66: head: Default, loss=0.21550304, RMSE_E_per_atom=   35.57 meV, RMSE_F=  146.95 meV / A
2025-10-12 18:51:37.908 INFO: Epoch 67: head: Default, loss=0.23529344, RMSE_E_per_atom=   34.27 meV, RMSE_F=  153.57 meV / A
2025-10-12 18:51:45.748 INFO: Epoch 68: head: Default, loss=0.23628946, RMSE_E_per_atom=   33.84 meV, RMSE_F=  153.89 meV / A
2025-10-12 18:51:53.631 INFO: Epoch 69: head: Default, loss=0.21697982, RMSE_E_per_atom=   34.82 meV, RMSE_F=  147.46 meV / A
2025-10-12 18:52:01.493 INFO: Epoch 70: head: Default, loss=0.21313690, RMSE_E_per_atom=   33.75 meV, RMSE_F=  146.15 meV / A
2025-10-12 18:52:09.020 INFO: Epoch 71: head: Default, loss=0.23011479, RMSE_E_per_atom=   30.34 meV, RMSE_F=  151.86 meV / A
2025-10-12 18:52:16.857 INFO: Epoch 72: head: Default, loss=0.22232490, RMSE_E_per_atom=   30.41 meV, RMSE_F=  149.27 meV / A
2025-10-12 18:52:24.712 INFO: Epoch 73: head: Default, loss=0.21517908, RMSE_E_per_atom=   30.88 meV, RMSE_F=  146.86 meV / A
2025-10-12 18:52:32.563 INFO: Epoch 74: head: Default, loss=0.21329704, RMSE_E_per_atom=   29.88 meV, RMSE_F=  146.22 meV / A
2025-10-12 18:52:40.445 INFO: Epoch 75: head: Default, loss=0.24732251, RMSE_E_per_atom=   29.55 meV, RMSE_F=  157.47 meV / A
2025-10-12 18:52:48.288 INFO: Epoch 76: head: Default, loss=0.21701040, RMSE_E_per_atom=   30.10 meV, RMSE_F=  147.49 meV / A
2025-10-12 18:52:56.206 INFO: Epoch 77: head: Default, loss=0.22120371, RMSE_E_per_atom=   28.73 meV, RMSE_F=  148.91 meV / A
2025-10-12 18:53:04.100 INFO: Epoch 78: head: Default, loss=0.20850422, RMSE_E_per_atom=   28.04 meV, RMSE_F=  144.56 meV / A
2025-10-12 18:53:11.976 INFO: Epoch 79: head: Default, loss=0.22343965, RMSE_E_per_atom=   29.50 meV, RMSE_F=  149.65 meV / A
2025-10-12 18:53:19.833 INFO: Epoch 80: head: Default, loss=0.18902551, RMSE_E_per_atom=   29.78 meV, RMSE_F=  137.62 meV / A
2025-10-12 18:53:27.427 INFO: Epoch 81: head: Default, loss=0.18527433, RMSE_E_per_atom=   26.70 meV, RMSE_F=  136.24 meV / A
2025-10-12 18:53:35.379 INFO: Epoch 82: head: Default, loss=0.21109880, RMSE_E_per_atom=   26.92 meV, RMSE_F=  145.43 meV / A
2025-10-12 18:53:43.262 INFO: Epoch 83: head: Default, loss=0.23174384, RMSE_E_per_atom=   28.15 meV, RMSE_F=  152.40 meV / A
2025-10-12 18:53:51.077 INFO: Epoch 84: head: Default, loss=0.23548839, RMSE_E_per_atom=   28.59 meV, RMSE_F=  153.63 meV / A
2025-10-12 18:53:58.949 INFO: Epoch 85: head: Default, loss=0.23491139, RMSE_E_per_atom=   28.64 meV, RMSE_F=  153.45 meV / A
2025-10-12 18:54:06.814 INFO: Epoch 86: head: Default, loss=0.23272318, RMSE_E_per_atom=   27.73 meV, RMSE_F=  152.74 meV / A
2025-10-12 18:54:14.685 INFO: Epoch 87: head: Default, loss=0.21608685, RMSE_E_per_atom=   26.54 meV, RMSE_F=  147.17 meV / A
2025-10-12 18:54:22.534 INFO: Epoch 88: head: Default, loss=0.23284884, RMSE_E_per_atom=   26.07 meV, RMSE_F=  152.78 meV / A
2025-10-12 18:54:30.394 INFO: Epoch 89: head: Default, loss=0.20526529, RMSE_E_per_atom=   26.88 meV, RMSE_F=  143.43 meV / A
2025-10-12 18:54:38.240 INFO: Epoch 90: head: Default, loss=0.19891570, RMSE_E_per_atom=   26.03 meV, RMSE_F=  141.20 meV / A
2025-10-12 18:54:45.837 INFO: Epoch 91: head: Default, loss=0.21856654, RMSE_E_per_atom=   26.32 meV, RMSE_F=  147.99 meV / A
2025-10-12 18:54:53.755 INFO: Epoch 92: head: Default, loss=0.22224180, RMSE_E_per_atom=   25.64 meV, RMSE_F=  149.24 meV / A
2025-10-12 18:55:01.612 INFO: Epoch 93: head: Default, loss=0.21668915, RMSE_E_per_atom=   26.14 meV, RMSE_F=  147.37 meV / A
2025-10-12 18:55:09.494 INFO: Epoch 94: head: Default, loss=0.23611670, RMSE_E_per_atom=   27.40 meV, RMSE_F=  153.84 meV / A
2025-10-12 18:55:17.372 INFO: Epoch 95: head: Default, loss=0.22271002, RMSE_E_per_atom=   35.39 meV, RMSE_F=  149.39 meV / A
2025-10-12 18:55:25.241 INFO: Epoch 96: head: Default, loss=0.21655926, RMSE_E_per_atom=   39.29 meV, RMSE_F=  147.30 meV / A
2025-10-12 18:55:33.145 INFO: Epoch 97: head: Default, loss=0.20947728, RMSE_E_per_atom=   39.29 meV, RMSE_F=  144.87 meV / A
2025-10-12 18:55:41.052 INFO: Epoch 98: head: Default, loss=0.20936930, RMSE_E_per_atom=   36.14 meV, RMSE_F=  144.85 meV / A
2025-10-12 18:55:48.936 INFO: Epoch 99: head: Default, loss=0.19808394, RMSE_E_per_atom=   34.05 meV, RMSE_F=  140.89 meV / A
2025-10-12 18:55:56.794 INFO: Epoch 100: head: Default, loss=0.21118665, RMSE_E_per_atom=   31.86 meV, RMSE_F=  145.49 meV / A
2025-10-12 18:56:04.357 INFO: Epoch 101: head: Default, loss=0.21801279, RMSE_E_per_atom=   33.77 meV, RMSE_F=  147.83 meV / A
2025-10-12 18:56:12.234 INFO: Epoch 102: head: Default, loss=0.19675080, RMSE_E_per_atom=   30.25 meV, RMSE_F=  140.43 meV / A
2025-10-12 18:56:20.071 INFO: Epoch 103: head: Default, loss=0.19866670, RMSE_E_per_atom=   28.94 meV, RMSE_F=  141.11 meV / A
2025-10-12 18:56:27.952 INFO: Epoch 104: head: Default, loss=0.20596192, RMSE_E_per_atom=   26.55 meV, RMSE_F=  143.69 meV / A
2025-10-12 18:56:35.800 INFO: Epoch 105: head: Default, loss=0.21791353, RMSE_E_per_atom=   29.70 meV, RMSE_F=  147.80 meV / A
2025-10-12 18:56:43.696 INFO: Epoch 106: head: Default, loss=0.21248695, RMSE_E_per_atom=   32.18 meV, RMSE_F=  145.94 meV / A
2025-10-12 18:56:51.565 INFO: Epoch 107: head: Default, loss=0.20815421, RMSE_E_per_atom=   31.41 meV, RMSE_F=  144.45 meV / A
2025-10-12 18:56:59.414 INFO: Epoch 108: head: Default, loss=0.21223854, RMSE_E_per_atom=   30.81 meV, RMSE_F=  145.87 meV / A
2025-10-12 18:57:07.265 INFO: Epoch 109: head: Default, loss=0.21098545, RMSE_E_per_atom=   29.43 meV, RMSE_F=  145.44 meV / A
2025-10-12 18:57:15.128 INFO: Epoch 110: head: Default, loss=0.20477157, RMSE_E_per_atom=   27.67 meV, RMSE_F=  143.28 meV / A
2025-10-12 18:57:22.639 INFO: Epoch 111: head: Default, loss=0.18415089, RMSE_E_per_atom=   26.04 meV, RMSE_F=  135.87 meV / A
2025-10-12 18:57:30.541 INFO: Epoch 112: head: Default, loss=0.17535658, RMSE_E_per_atom=   25.60 meV, RMSE_F=  132.58 meV / A
2025-10-12 18:57:38.473 INFO: Epoch 113: head: Default, loss=0.17383578, RMSE_E_per_atom=   24.43 meV, RMSE_F=  132.01 meV / A
2025-10-12 18:57:46.371 INFO: Epoch 114: head: Default, loss=0.17646185, RMSE_E_per_atom=   26.51 meV, RMSE_F=  133.00 meV / A
2025-10-12 18:57:54.278 INFO: Epoch 115: head: Default, loss=0.18340084, RMSE_E_per_atom=   25.65 meV, RMSE_F=  135.59 meV / A
2025-10-12 18:58:02.183 INFO: Epoch 116: head: Default, loss=0.20692306, RMSE_E_per_atom=   25.12 meV, RMSE_F=  144.03 meV / A
2025-10-12 18:58:10.058 INFO: Epoch 117: head: Default, loss=0.24412123, RMSE_E_per_atom=   25.96 meV, RMSE_F=  156.46 meV / A
2025-10-12 18:58:17.935 INFO: Epoch 118: head: Default, loss=0.22988364, RMSE_E_per_atom=   25.22 meV, RMSE_F=  151.82 meV / A
2025-10-12 18:58:25.792 INFO: Epoch 119: head: Default, loss=0.21653781, RMSE_E_per_atom=   24.09 meV, RMSE_F=  147.35 meV / A
2025-10-12 18:58:33.658 INFO: Epoch 120: head: Default, loss=0.22219065, RMSE_E_per_atom=   23.49 meV, RMSE_F=  149.26 meV / A
2025-10-12 18:58:41.179 INFO: Epoch 121: head: Default, loss=0.21607835, RMSE_E_per_atom=   32.30 meV, RMSE_F=  147.18 meV / A
2025-10-12 18:58:49.025 INFO: Epoch 122: head: Default, loss=0.18725779, RMSE_E_per_atom=   27.66 meV, RMSE_F=  137.01 meV / A
2025-10-12 18:58:56.879 INFO: Epoch 123: head: Default, loss=0.18104186, RMSE_E_per_atom=   28.07 meV, RMSE_F=  134.71 meV / A
2025-10-12 18:59:04.762 INFO: Epoch 124: head: Default, loss=0.15171642, RMSE_E_per_atom=   26.11 meV, RMSE_F=  123.31 meV / A
2025-10-12 18:59:12.810 INFO: Epoch 125: head: Default, loss=0.17096716, RMSE_E_per_atom=   25.15 meV, RMSE_F=  130.91 meV / A
2025-10-12 18:59:20.689 INFO: Epoch 126: head: Default, loss=0.17834356, RMSE_E_per_atom=   22.89 meV, RMSE_F=  133.71 meV / A
2025-10-12 18:59:28.530 INFO: Epoch 127: head: Default, loss=0.18501534, RMSE_E_per_atom=   23.61 meV, RMSE_F=  136.19 meV / A
2025-10-12 18:59:36.374 INFO: Epoch 128: head: Default, loss=0.19499474, RMSE_E_per_atom=   23.46 meV, RMSE_F=  139.82 meV / A
2025-10-12 18:59:44.258 INFO: Epoch 129: head: Default, loss=0.19701214, RMSE_E_per_atom=   21.15 meV, RMSE_F=  140.55 meV / A
2025-10-12 18:59:52.136 INFO: Epoch 130: head: Default, loss=0.19580016, RMSE_E_per_atom=   24.00 meV, RMSE_F=  140.11 meV / A
2025-10-12 18:59:59.661 INFO: Epoch 131: head: Default, loss=0.19857721, RMSE_E_per_atom=   20.95 meV, RMSE_F=  141.09 meV / A
2025-10-12 19:00:07.520 INFO: Epoch 132: head: Default, loss=0.19535791, RMSE_E_per_atom=   20.78 meV, RMSE_F=  139.95 meV / A
2025-10-12 19:00:15.373 INFO: Epoch 133: head: Default, loss=0.19625236, RMSE_E_per_atom=   19.98 meV, RMSE_F=  140.27 meV / A
2025-10-12 19:00:23.238 INFO: Epoch 134: head: Default, loss=0.18606995, RMSE_E_per_atom=   20.13 meV, RMSE_F=  136.58 meV / A
2025-10-12 19:00:31.077 INFO: Epoch 135: head: Default, loss=0.17743154, RMSE_E_per_atom=   19.99 meV, RMSE_F=  133.38 meV / A
2025-10-12 19:00:38.965 INFO: Epoch 136: head: Default, loss=0.17998104, RMSE_E_per_atom=   19.81 meV, RMSE_F=  134.33 meV / A
2025-10-12 19:00:46.850 INFO: Epoch 137: head: Default, loss=0.17959169, RMSE_E_per_atom=   19.45 meV, RMSE_F=  134.19 meV / A
2025-10-12 19:00:54.710 INFO: Epoch 138: head: Default, loss=0.18124364, RMSE_E_per_atom=   18.98 meV, RMSE_F=  134.81 meV / A
2025-10-12 19:01:02.570 INFO: Epoch 139: head: Default, loss=0.18368224, RMSE_E_per_atom=   19.17 meV, RMSE_F=  135.72 meV / A
2025-10-12 19:01:10.420 INFO: Epoch 140: head: Default, loss=0.18486594, RMSE_E_per_atom=   19.33 meV, RMSE_F=  136.15 meV / A
2025-10-12 19:01:17.956 INFO: Epoch 141: head: Default, loss=0.19454524, RMSE_E_per_atom=   21.92 meV, RMSE_F=  139.67 meV / A
2025-10-12 19:01:25.862 INFO: Epoch 142: head: Default, loss=0.19081106, RMSE_E_per_atom=   20.93 meV, RMSE_F=  138.32 meV / A
2025-10-12 19:01:33.730 INFO: Epoch 143: head: Default, loss=0.18633213, RMSE_E_per_atom=   20.32 meV, RMSE_F=  136.69 meV / A
2025-10-12 19:01:41.583 INFO: Epoch 144: head: Default, loss=0.18493059, RMSE_E_per_atom=   20.60 meV, RMSE_F=  136.17 meV / A
2025-10-12 19:01:49.444 INFO: Epoch 145: head: Default, loss=0.18497720, RMSE_E_per_atom=   24.62 meV, RMSE_F=  136.18 meV / A
2025-10-12 19:01:57.294 INFO: Epoch 146: head: Default, loss=0.18783014, RMSE_E_per_atom=   23.40 meV, RMSE_F=  137.23 meV / A
2025-10-12 19:02:05.160 INFO: Epoch 147: head: Default, loss=0.18366121, RMSE_E_per_atom=   22.65 meV, RMSE_F=  135.70 meV / A
2025-10-12 19:02:13.050 INFO: Epoch 148: head: Default, loss=0.21356334, RMSE_E_per_atom=   20.63 meV, RMSE_F=  146.35 meV / A
2025-10-12 19:02:20.906 INFO: Epoch 149: head: Default, loss=0.23484982, RMSE_E_per_atom=   21.99 meV, RMSE_F=  153.47 meV / A
2025-10-12 19:02:20.908 INFO: Changing loss based on Stage Two Weights
2025-10-12 19:02:28.782 INFO: Epoch 150: head: Default, loss=0.26671821, RMSE_E_per_atom=   20.04 meV, RMSE_F=  150.74 meV / A
2025-10-12 19:02:36.405 INFO: Epoch 151: head: Default, loss=0.28748021, RMSE_E_per_atom=   25.04 meV, RMSE_F=  150.14 meV / A
2025-10-12 19:02:44.307 INFO: Epoch 152: head: Default, loss=0.25952149, RMSE_E_per_atom=   20.31 meV, RMSE_F=  147.95 meV / A
2025-10-12 19:02:52.268 INFO: Epoch 153: head: Default, loss=0.25027034, RMSE_E_per_atom=   18.78 meV, RMSE_F=  146.84 meV / A
2025-10-12 19:03:00.181 INFO: Epoch 154: head: Default, loss=0.24221429, RMSE_E_per_atom=   16.93 meV, RMSE_F=  146.34 meV / A
2025-10-12 19:03:08.111 INFO: Epoch 155: head: Default, loss=0.23867708, RMSE_E_per_atom=   15.94 meV, RMSE_F=  146.25 meV / A
2025-10-12 19:03:16.045 INFO: Epoch 156: head: Default, loss=0.23224758, RMSE_E_per_atom=   14.60 meV, RMSE_F=  145.44 meV / A
2025-10-12 19:03:23.987 INFO: Epoch 157: head: Default, loss=0.22762480, RMSE_E_per_atom=   14.21 meV, RMSE_F=  144.23 meV / A
2025-10-12 19:03:31.912 INFO: Epoch 158: head: Default, loss=0.22613590, RMSE_E_per_atom=   13.99 meV, RMSE_F=  143.93 meV / A
2025-10-12 19:03:39.849 INFO: Epoch 159: head: Default, loss=0.22484187, RMSE_E_per_atom=   13.44 meV, RMSE_F=  144.00 meV / A
2025-10-12 19:03:47.774 INFO: Epoch 160: head: Default, loss=0.22458869, RMSE_E_per_atom=   12.99 meV, RMSE_F=  144.33 meV / A
2025-10-12 19:03:55.406 INFO: Epoch 161: head: Default, loss=0.22886528, RMSE_E_per_atom=   14.22 meV, RMSE_F=  144.65 meV / A
2025-10-12 19:04:03.271 INFO: Epoch 162: head: Default, loss=0.22433632, RMSE_E_per_atom=   13.01 meV, RMSE_F=  144.22 meV / A
2025-10-12 19:04:11.209 INFO: Epoch 163: head: Default, loss=0.22083271, RMSE_E_per_atom=   12.61 meV, RMSE_F=  143.36 meV / A
2025-10-12 19:04:19.163 INFO: Epoch 164: head: Default, loss=0.21846783, RMSE_E_per_atom=   12.27 meV, RMSE_F=  142.83 meV / A
2025-10-12 19:04:27.060 INFO: Epoch 165: head: Default, loss=0.21125300, RMSE_E_per_atom=   11.68 meV, RMSE_F=  140.78 meV / A
2025-10-12 19:04:34.989 INFO: Epoch 166: head: Default, loss=0.21145967, RMSE_E_per_atom=   11.25 meV, RMSE_F=  141.20 meV / A
2025-10-12 19:04:42.846 INFO: Epoch 167: head: Default, loss=0.21464952, RMSE_E_per_atom=   11.15 meV, RMSE_F=  142.41 meV / A
2025-10-12 19:04:50.698 INFO: Epoch 168: head: Default, loss=0.21351184, RMSE_E_per_atom=   10.81 meV, RMSE_F=  142.27 meV / A
2025-10-12 19:04:58.574 INFO: Epoch 169: head: Default, loss=0.21500276, RMSE_E_per_atom=   10.94 meV, RMSE_F=  142.69 meV / A
2025-10-12 19:05:06.791 INFO: Epoch 170: head: Default, loss=0.21285661, RMSE_E_per_atom=   10.41 meV, RMSE_F=  142.33 meV / A
2025-10-12 19:05:14.358 INFO: Epoch 171: head: Default, loss=0.20967963, RMSE_E_per_atom=   10.37 meV, RMSE_F=  141.23 meV / A
2025-10-12 19:05:22.290 INFO: Epoch 172: head: Default, loss=0.22426180, RMSE_E_per_atom=   10.22 meV, RMSE_F=  146.43 meV / A
2025-10-12 19:05:30.190 INFO: Epoch 173: head: Default, loss=0.22704530, RMSE_E_per_atom=   10.08 meV, RMSE_F=  147.48 meV / A
2025-10-12 19:05:38.050 INFO: Epoch 174: head: Default, loss=0.22317775, RMSE_E_per_atom=   10.16 meV, RMSE_F=  146.10 meV / A
2025-10-12 19:05:45.914 INFO: Epoch 175: head: Default, loss=0.22008047, RMSE_E_per_atom=   10.10 meV, RMSE_F=  145.07 meV / A
2025-10-12 19:05:53.801 INFO: Epoch 176: head: Default, loss=0.21483800, RMSE_E_per_atom=    9.40 meV, RMSE_F=  143.73 meV / A
2025-10-12 19:06:01.675 INFO: Epoch 177: head: Default, loss=0.21011074, RMSE_E_per_atom=    9.36 meV, RMSE_F=  142.09 meV / A
2025-10-12 19:06:09.535 INFO: Epoch 178: head: Default, loss=0.21082413, RMSE_E_per_atom=    8.84 meV, RMSE_F=  142.67 meV / A
2025-10-12 19:06:17.400 INFO: Epoch 179: head: Default, loss=0.21056551, RMSE_E_per_atom=    8.37 meV, RMSE_F=  142.87 meV / A
2025-10-12 19:06:25.320 INFO: Epoch 180: head: Default, loss=0.20811346, RMSE_E_per_atom=    8.09 meV, RMSE_F=  142.18 meV / A
2025-10-12 19:06:32.921 INFO: Epoch 181: head: Default, loss=0.21829548, RMSE_E_per_atom=   10.00 meV, RMSE_F=  144.56 meV / A
2025-10-12 19:06:40.790 INFO: Epoch 182: head: Default, loss=0.21573259, RMSE_E_per_atom=    8.84 meV, RMSE_F=  144.42 meV / A
2025-10-12 19:06:48.650 INFO: Epoch 183: head: Default, loss=0.21406672, RMSE_E_per_atom=    7.88 meV, RMSE_F=  144.39 meV / A
2025-10-12 19:06:56.494 INFO: Epoch 184: head: Default, loss=0.20922305, RMSE_E_per_atom=    7.71 meV, RMSE_F=  142.78 meV / A
2025-10-12 19:07:04.363 INFO: Epoch 185: head: Default, loss=0.20768426, RMSE_E_per_atom=    7.65 meV, RMSE_F=  142.28 meV / A
2025-10-12 19:07:12.288 INFO: Epoch 186: head: Default, loss=0.20913939, RMSE_E_per_atom=    7.39 meV, RMSE_F=  142.92 meV / A
2025-10-12 19:07:20.138 INFO: Epoch 187: head: Default, loss=0.20781313, RMSE_E_per_atom=    7.11 meV, RMSE_F=  142.59 meV / A
2025-10-12 19:07:28.026 INFO: Epoch 188: head: Default, loss=0.19727260, RMSE_E_per_atom=    6.87 meV, RMSE_F=  138.97 meV / A
2025-10-12 19:07:35.943 INFO: Epoch 189: head: Default, loss=0.19682483, RMSE_E_per_atom=    6.70 meV, RMSE_F=  138.88 meV / A
2025-10-12 19:07:43.885 INFO: Epoch 190: head: Default, loss=0.20309036, RMSE_E_per_atom=    6.56 meV, RMSE_F=  141.20 meV / A
2025-10-12 19:07:51.442 INFO: Epoch 191: head: Default, loss=0.21071713, RMSE_E_per_atom=    9.93 meV, RMSE_F=  141.95 meV / A
2025-10-12 19:07:59.336 INFO: Epoch 192: head: Default, loss=0.20641847, RMSE_E_per_atom=    7.88 meV, RMSE_F=  141.71 meV / A
2025-10-12 19:08:07.199 INFO: Epoch 193: head: Default, loss=0.20623220, RMSE_E_per_atom=    6.85 meV, RMSE_F=  142.18 meV / A
2025-10-12 19:08:15.363 INFO: Epoch 194: head: Default, loss=0.20126506, RMSE_E_per_atom=    6.29 meV, RMSE_F=  140.67 meV / A
2025-10-12 19:08:23.256 INFO: Epoch 195: head: Default, loss=0.19803183, RMSE_E_per_atom=    6.22 meV, RMSE_F=  139.55 meV / A
2025-10-12 19:08:31.149 INFO: Epoch 196: head: Default, loss=0.19749889, RMSE_E_per_atom=    6.09 meV, RMSE_F=  139.42 meV / A
2025-10-12 19:08:39.070 INFO: Epoch 197: head: Default, loss=0.19632965, RMSE_E_per_atom=    6.00 meV, RMSE_F=  139.03 meV / A
2025-10-12 19:08:46.970 INFO: Epoch 198: head: Default, loss=0.19505293, RMSE_E_per_atom=    5.78 meV, RMSE_F=  138.66 meV / A
2025-10-12 19:08:54.872 INFO: Epoch 199: head: Default, loss=0.19803912, RMSE_E_per_atom=    5.68 meV, RMSE_F=  139.78 meV / A
2025-10-12 19:08:54.874 INFO: Training complete
2025-10-12 19:08:54.876 INFO: 
2025-10-12 19:08:54.877 INFO: ===========RESULTS===========
2025-10-12 19:09:05.125 INFO: Loading checkpoint: al-al2o3_models/al-al2o3_small_ft-3/small-ft_al-al2o3_run-123_epoch-124.pt
2025-10-12 19:09:05.181 INFO: Loaded Stage one model from epoch 124 for evaluation
2025-10-12 19:09:05.182 INFO: Saving model to al-al2o3_models/al-al2o3_small_ft-3/small-ft_al-al2o3_run-123.model
2025-10-12 19:09:05.240 INFO: RUNING CUEQ TO E3NN
2025-10-12 19:09:05.295 INFO: Creating new model without CuEq settings
2025-10-12 19:09:06.519 INFO: Compiling model, saving metadata to al-al2o3_models/al-al2o3_small_ft-3/small-ft_al-al2o3_compiled.model
2025-10-12 19:09:07.181 INFO: Computing metrics for training, validation, and test sets
2025-10-12 19:09:07.184 INFO: Skipping evaluation for heads: ['pt_head']
2025-10-12 19:09:07.185 INFO: Evaluating train_Default ...
2025-10-12 19:09:10.224 INFO: Evaluating valid_Default ...
2025-10-12 19:09:10.953 INFO: Error-table on TRAIN and VALID:
+---------------+---------------------+------------------+-------------------+
|  config_type  | RMSE E / meV / atom | RMSE F / meV / A | relative F RMSE % |
+---------------+---------------------+------------------+-------------------+
| train_Default |           29.3      |         78.9     |          1.56     |
| valid_Default |           26.1      |        123.3     |          2.56     |
+---------------+---------------------+------------------+-------------------+
2025-10-12 19:09:10.955 INFO: Evaluating Default_Default ...
2025-10-12 19:09:16.538 INFO: Error-table on TEST:
+-----------------+---------------------+------------------+-------------------+
|   config_type   | RMSE E / meV / atom | RMSE F / meV / A | relative F RMSE % |
+-----------------+---------------------+------------------+-------------------+
| Default_Default |           54.4      |         58.4     |          3.73     |
+-----------------+---------------------+------------------+-------------------+
2025-10-12 19:09:16.972 INFO: Loading checkpoint: al-al2o3_models/al-al2o3_small_ft-3/small-ft_al-al2o3_run-123_epoch-198_swa.pt
2025-10-12 19:09:17.038 INFO: Loaded Stage two model from epoch 198 for evaluation
2025-10-12 19:09:17.039 INFO: Saving model to al-al2o3_models/al-al2o3_small_ft-3/small-ft_al-al2o3_run-123_stagetwo.model
2025-10-12 19:09:17.094 INFO: RUNING CUEQ TO E3NN
2025-10-12 19:09:17.150 INFO: Creating new model without CuEq settings
2025-10-12 19:09:18.325 INFO: Compiling model, saving metadata al-al2o3_models/al-al2o3_small_ft-3/small-ft_al-al2o3_stagetwo_compiled.model
2025-10-12 19:09:18.978 INFO: Computing metrics for training, validation, and test sets
2025-10-12 19:09:18.980 INFO: Skipping evaluation for heads: ['pt_head']
2025-10-12 19:09:18.982 INFO: Evaluating train_Default ...
2025-10-12 19:09:22.055 INFO: Evaluating valid_Default ...
2025-10-12 19:09:22.881 INFO: Error-table on TRAIN and VALID:
+---------------+---------------------+------------------+-------------------+
|  config_type  | RMSE E / meV / atom | RMSE F / meV / A | relative F RMSE % |
+---------------+---------------------+------------------+-------------------+
| train_Default |            5.6      |         75.0     |          1.49     |
| valid_Default |            5.8      |        138.7     |          2.88     |
+---------------+---------------------+------------------+-------------------+
2025-10-12 19:09:22.883 INFO: Evaluating Default_Default ...
2025-10-12 19:09:28.445 INFO: Error-table on TEST:
+-----------------+---------------------+------------------+-------------------+
|   config_type   | RMSE E / meV / atom | RMSE F / meV / A | relative F RMSE % |
+-----------------+---------------------+------------------+-------------------+
| Default_Default |            6.3      |         56.5     |          3.61     |
+-----------------+---------------------+------------------+-------------------+
2025-10-12 19:09:28.848 INFO: Done
