2025-10-05 04:47:41.975 INFO: ===========VERIFYING SETTINGS===========
2025-10-05 04:47:41.978 INFO: MACE version: 0.3.14
2025-10-05 04:47:41.980 INFO: CUDA version: 12.6, CUDA device: 0
2025-10-05 04:47:41.983 INFO: Using foundation model mace-mp-0 medium as initial checkpoint.
2025-10-05 04:47:42.167 INFO: CUDA version: 12.6, CUDA device: 0
2025-10-05 04:47:42.172 INFO: ===========LOADING INPUT DATA===========
2025-10-05 04:47:42.173 INFO: Using heads: ['Default']
2025-10-05 04:47:42.175 INFO: Using the key specifications to parse data:
2025-10-05 04:47:42.176 INFO: Default: KeySpecification(info_keys={'energy': 'REF_energy', 'stress': 'REF_stress', 'virials': 'REF_virials', 'dipole': 'dipole', 'head': 'head', 'elec_temp': 'elec_temp', 'total_charge': 'total_charge', 'polarizability': 'polarizability', 'total_spin': 'total_spin'}, arrays_keys={'forces': 'REF_forces', 'charges': 'REF_charges'})
2025-10-05 04:47:42.177 INFO: =============    Processing head Default     ===========
2025-10-05 04:47:42.528 INFO: Training set 1/1 [energy: 451, stress: 451, virials: 0, dipole components: 0, head: 451, elec_temp: 0, total_charge: 0, polarizability: 0, total_spin: 0, forces: 451, charges: 0]
2025-10-05 04:47:42.532 INFO: Total Training set [energy: 451, stress: 451, virials: 0, dipole components: 0, head: 451, elec_temp: 0, total_charge: 0, polarizability: 0, total_spin: 0, forces: 451, charges: 0]
2025-10-05 04:47:42.533 INFO: No validation set provided, splitting training data instead.
2025-10-05 04:47:42.539 INFO: Using random 20% of training set for validation with indices saved in: ./valid_indices_123.txt
2025-10-05 04:47:42.542 INFO: Random Split Training set [energy: 361, stress: 361, virials: 0, dipole components: 0, head: 361, elec_temp: 0, total_charge: 0, polarizability: 0, total_spin: 0, forces: 361, charges: 0]
2025-10-05 04:47:42.544 INFO: Random Split Validation set [energy: 90, stress: 90, virials: 0, dipole components: 0, head: 90, elec_temp: 0, total_charge: 0, polarizability: 0, total_spin: 0, forces: 90, charges: 0]
2025-10-05 04:47:43.152 INFO: Test set 1/1 [energy: 816, stress: 816, virials: 0, dipole components: 0, head: 816, elec_temp: 0, total_charge: 0, polarizability: 0, total_spin: 0, forces: 816, charges: 0]
2025-10-05 04:47:43.159 INFO: Total Test set [energy: 816, stress: 816, virials: 0, dipole components: 0, head: 816, elec_temp: 0, total_charge: 0, polarizability: 0, total_spin: 0, forces: 816, charges: 0]
2025-10-05 04:47:43.160 INFO: Total number of configurations: train=361, valid=90, tests=[Default_Default: 816],
2025-10-05 04:47:43.168 INFO: Atomic Numbers used: [8, 72]
2025-10-05 04:47:43.169 INFO: Isolated Atomic Energies (E0s) not in training file, using command line argument
2025-10-05 04:47:43.171 INFO: Atomic Energies used (z: eV) for head Default: {8: -443.8224565134432, 72: -1529.4984727695407}
2025-10-05 04:47:43.172 INFO: Processing datasets for head 'Default'
2025-10-05 04:47:45.458 INFO: Combining 1 list datasets for head 'Default'
2025-10-05 04:47:46.006 INFO: Head 'Default' training dataset size: 361
2025-10-05 04:47:46.008 INFO: Computing average number of neighbors
2025-10-05 04:47:46.202 INFO: Average number of neighbors: 57.789612929199976
2025-10-05 04:47:46.203 INFO: During training the following quantities will be reported: energy, forces
2025-10-05 04:47:46.205 INFO: ===========MODEL DETAILS===========
2025-10-05 04:47:46.352 INFO: Loading FOUNDATION model
2025-10-05 04:47:46.355 INFO: Using filtered elements: [8, 72]
2025-10-05 04:47:46.357 INFO: Model configuration extracted from foundation model
2025-10-05 04:47:46.358 INFO: Using weighted loss function for fine-tuning
2025-10-05 04:47:46.359 INFO: Message passing with hidden irreps 128x0e+128x1o)
2025-10-05 04:47:46.360 INFO: 2 layers, each with correlation order: 3 (body order: 4) and spherical harmonics up to: l=3
2025-10-05 04:47:46.361 INFO: Radial cutoff: 6.0 A (total receptive field for each atom: 12.0 A)
2025-10-05 04:47:46.363 INFO: Distance transform for radial basis functions: None
2025-10-05 04:47:48.390 INFO: Total number of parameters: 557210
2025-10-05 04:47:48.391 INFO: 
2025-10-05 04:47:48.393 INFO: ===========OPTIMIZER INFORMATION===========
2025-10-05 04:47:48.394 INFO: Using ADAMW as parameter optimizer
2025-10-05 04:47:48.395 INFO: Batch size: 14
2025-10-05 04:47:48.397 INFO: Using Exponential Moving Average with decay: 0.99
2025-10-05 04:47:48.398 INFO: Number of gradient updates: 12892
2025-10-05 04:47:48.399 INFO: Learning rate: 0.01, weight decay: 5e-07
2025-10-05 04:47:48.400 INFO: WeightedEnergyForcesLoss(energy_weight=100.000, forces_weight=1.000)
2025-10-05 04:47:48.401 INFO: Converting model to CUEQ for accelerated training
2025-10-05 04:47:48.515 INFO: Creating new model with cuequivariance settings
2025-10-05 04:47:48.981 INFO: Stage Two (after 375 epochs) with loss function: WeightedEnergyForcesLoss(energy_weight=1000.000, forces_weight=100.000), with energy weight : 1000.0, forces weight : 100.0 and learning rate : 0.001
2025-10-05 04:47:49.092 INFO: Using Weights and Biases for logging
2025-10-05 04:47:56.832 INFO: Using gradient clipping with tolerance=10.000
2025-10-05 04:47:56.834 INFO: 
2025-10-05 04:47:56.835 INFO: ===========TRAINING===========
2025-10-05 04:47:56.836 INFO: Started training, reporting errors on validation set
2025-10-05 04:47:56.837 INFO: Loss metrics on validation set
2025-10-05 04:47:57.333 INFO: Initial: head: Default, loss=587.92469720, RMSE_E_per_atom= 7667.48 meV, RMSE_F=  476.52 meV / A
2025-10-05 04:48:01.000 INFO: Epoch 0: head: Default, loss=249.28066218, RMSE_E_per_atom= 4972.76 meV, RMSE_F= 4555.18 meV / A
2025-10-05 04:48:04.621 INFO: Epoch 1: head: Default, loss=783.56318513, RMSE_E_per_atom= 8835.15 meV, RMSE_F= 5577.55 meV / A
2025-10-05 04:48:08.292 INFO: Epoch 2: head: Default, loss=0.60187801, RMSE_E_per_atom=  207.40 meV, RMSE_F= 1313.62 meV / A
2025-10-05 04:48:12.034 INFO: Epoch 3: head: Default, loss=0.18748174, RMSE_E_per_atom=   89.68 meV, RMSE_F= 1036.60 meV / A
2025-10-05 04:48:15.776 INFO: Epoch 4: head: Default, loss=0.12448200, RMSE_E_per_atom=   69.63 meV, RMSE_F=  872.51 meV / A
2025-10-05 04:48:19.494 INFO: Epoch 5: head: Default, loss=0.11506190, RMSE_E_per_atom=   76.78 meV, RMSE_F=  748.61 meV / A
2025-10-05 04:48:23.189 INFO: Epoch 6: head: Default, loss=0.07434844, RMSE_E_per_atom=   51.69 meV, RMSE_F=  689.62 meV / A
2025-10-05 04:48:26.897 INFO: Epoch 7: head: Default, loss=0.07400503, RMSE_E_per_atom=   55.04 meV, RMSE_F=  660.86 meV / A
2025-10-05 04:48:30.618 INFO: Epoch 8: head: Default, loss=0.05713310, RMSE_E_per_atom=   43.39 meV, RMSE_F=  618.63 meV / A
2025-10-05 04:48:34.346 INFO: Epoch 9: head: Default, loss=0.05754666, RMSE_E_per_atom=   47.16 meV, RMSE_F=  593.97 meV / A
2025-10-05 04:48:38.011 INFO: Epoch 10: head: Default, loss=0.05178535, RMSE_E_per_atom=   43.26 meV, RMSE_F=  574.93 meV / A
2025-10-05 04:48:41.603 INFO: Epoch 11: head: Default, loss=0.46318979, RMSE_E_per_atom=  206.69 meV, RMSE_F=  599.43 meV / A
2025-10-05 04:48:45.256 INFO: Epoch 12: head: Default, loss=0.20736343, RMSE_E_per_atom=  131.68 meV, RMSE_F=  582.49 meV / A
2025-10-05 04:48:48.938 INFO: Epoch 13: head: Default, loss=0.07250000, RMSE_E_per_atom=   61.88 meV, RMSE_F=  584.73 meV / A
2025-10-05 04:48:52.657 INFO: Epoch 14: head: Default, loss=0.04641899, RMSE_E_per_atom=   38.67 meV, RMSE_F=  560.72 meV / A
2025-10-05 04:48:56.389 INFO: Epoch 15: head: Default, loss=0.04706660, RMSE_E_per_atom=   41.91 meV, RMSE_F=  543.04 meV / A
2025-10-05 04:49:00.031 INFO: Epoch 16: head: Default, loss=0.04008836, RMSE_E_per_atom=   34.77 meV, RMSE_F=  529.06 meV / A
2025-10-05 04:49:03.740 INFO: Epoch 17: head: Default, loss=0.03792504, RMSE_E_per_atom=   33.70 meV, RMSE_F=  515.48 meV / A
2025-10-05 04:49:07.521 INFO: Epoch 18: head: Default, loss=0.03531477, RMSE_E_per_atom=   31.20 meV, RMSE_F=  505.76 meV / A
2025-10-05 04:49:11.243 INFO: Epoch 19: head: Default, loss=0.03270310, RMSE_E_per_atom=   29.74 meV, RMSE_F=  488.49 meV / A
2025-10-05 04:49:14.937 INFO: Epoch 20: head: Default, loss=0.03203221, RMSE_E_per_atom=   29.88 meV, RMSE_F=  480.75 meV / A
2025-10-05 04:49:18.514 INFO: Epoch 21: head: Default, loss=0.03269519, RMSE_E_per_atom=   32.10 meV, RMSE_F=  473.19 meV / A
2025-10-05 04:49:22.141 INFO: Epoch 22: head: Default, loss=0.03014866, RMSE_E_per_atom=   29.16 meV, RMSE_F=  465.19 meV / A
2025-10-05 04:49:25.820 INFO: Epoch 23: head: Default, loss=0.02812239, RMSE_E_per_atom=   27.33 meV, RMSE_F=  454.39 meV / A
2025-10-05 04:49:29.513 INFO: Epoch 24: head: Default, loss=0.02756927, RMSE_E_per_atom=   27.81 meV, RMSE_F=  445.29 meV / A
2025-10-05 04:49:33.277 INFO: Epoch 25: head: Default, loss=0.02594668, RMSE_E_per_atom=   25.79 meV, RMSE_F=  439.25 meV / A
2025-10-05 04:49:36.986 INFO: Epoch 26: head: Default, loss=0.02620162, RMSE_E_per_atom=   26.88 meV, RMSE_F=  435.59 meV / A
2025-10-05 04:49:40.647 INFO: Epoch 27: head: Default, loss=0.02703105, RMSE_E_per_atom=   27.50 meV, RMSE_F=  441.27 meV / A
2025-10-05 04:49:44.322 INFO: Epoch 28: head: Default, loss=0.02630863, RMSE_E_per_atom=   26.73 meV, RMSE_F=  437.80 meV / A
2025-10-05 04:49:47.944 INFO: Epoch 29: head: Default, loss=0.02558376, RMSE_E_per_atom=   25.92 meV, RMSE_F=  434.36 meV / A
2025-10-05 04:49:51.664 INFO: Epoch 30: head: Default, loss=0.02565603, RMSE_E_per_atom=   26.16 meV, RMSE_F=  433.76 meV / A
2025-10-05 04:49:55.159 INFO: Epoch 31: head: Default, loss=0.03109601, RMSE_E_per_atom=   34.80 meV, RMSE_F=  435.75 meV / A
2025-10-05 04:49:58.890 INFO: Epoch 32: head: Default, loss=0.02814043, RMSE_E_per_atom=   30.39 meV, RMSE_F=  434.90 meV / A
2025-10-05 04:50:02.510 INFO: Epoch 33: head: Default, loss=0.02620420, RMSE_E_per_atom=   27.39 meV, RMSE_F=  432.56 meV / A
2025-10-05 04:50:06.110 INFO: Epoch 34: head: Default, loss=0.02520709, RMSE_E_per_atom=   26.41 meV, RMSE_F=  427.10 meV / A
2025-10-05 04:50:09.844 INFO: Epoch 35: head: Default, loss=0.02432439, RMSE_E_per_atom=   25.44 meV, RMSE_F=  422.56 meV / A
2025-10-05 04:50:13.571 INFO: Epoch 36: head: Default, loss=0.02381006, RMSE_E_per_atom=   25.35 meV, RMSE_F=  416.96 meV / A
2025-10-05 04:50:17.353 INFO: Epoch 37: head: Default, loss=0.02298968, RMSE_E_per_atom=   24.31 meV, RMSE_F=  413.29 meV / A
2025-10-05 04:50:21.124 INFO: Epoch 38: head: Default, loss=0.02322396, RMSE_E_per_atom=   24.38 meV, RMSE_F=  415.68 meV / A
2025-10-05 04:50:24.784 INFO: Epoch 39: head: Default, loss=0.02276574, RMSE_E_per_atom=   23.94 meV, RMSE_F=  412.69 meV / A
2025-10-05 04:50:28.559 INFO: Epoch 40: head: Default, loss=0.02355517, RMSE_E_per_atom=   25.03 meV, RMSE_F=  415.73 meV / A
2025-10-05 04:50:32.094 INFO: Epoch 41: head: Default, loss=0.02607600, RMSE_E_per_atom=   28.73 meV, RMSE_F=  422.10 meV / A
2025-10-05 04:50:35.770 INFO: Epoch 42: head: Default, loss=0.02473016, RMSE_E_per_atom=   27.09 meV, RMSE_F=  416.94 meV / A
2025-10-05 04:50:39.403 INFO: Epoch 43: head: Default, loss=0.02384851, RMSE_E_per_atom=   26.00 meV, RMSE_F=  413.27 meV / A
2025-10-05 04:50:43.061 INFO: Epoch 44: head: Default, loss=0.02445830, RMSE_E_per_atom=   26.68 meV, RMSE_F=  416.28 meV / A
2025-10-05 04:50:46.746 INFO: Epoch 45: head: Default, loss=0.02383591, RMSE_E_per_atom=   26.16 meV, RMSE_F=  412.15 meV / A
2025-10-05 04:50:50.448 INFO: Epoch 46: head: Default, loss=0.02302583, RMSE_E_per_atom=   25.84 meV, RMSE_F=  404.25 meV / A
2025-10-05 04:50:54.134 INFO: Epoch 47: head: Default, loss=0.02226245, RMSE_E_per_atom=   25.11 meV, RMSE_F=  399.37 meV / A
2025-10-05 04:50:57.871 INFO: Epoch 48: head: Default, loss=0.02136921, RMSE_E_per_atom=   24.18 meV, RMSE_F=  393.86 meV / A
2025-10-05 04:51:01.611 INFO: Epoch 49: head: Default, loss=0.02053233, RMSE_E_per_atom=   23.44 meV, RMSE_F=  387.70 meV / A
2025-10-05 04:51:05.310 INFO: Epoch 50: head: Default, loss=0.02014109, RMSE_E_per_atom=   23.27 meV, RMSE_F=  383.63 meV / A
2025-10-05 04:51:08.862 INFO: Epoch 51: head: Default, loss=0.02192840, RMSE_E_per_atom=   27.38 meV, RMSE_F=  379.71 meV / A
2025-10-05 04:51:12.535 INFO: Epoch 52: head: Default, loss=0.02166781, RMSE_E_per_atom=   27.15 meV, RMSE_F=  377.91 meV / A
2025-10-05 04:51:16.175 INFO: Epoch 53: head: Default, loss=0.02008375, RMSE_E_per_atom=   24.41 meV, RMSE_F=  375.69 meV / A
2025-10-05 04:51:19.897 INFO: Epoch 54: head: Default, loss=0.01952004, RMSE_E_per_atom=   23.38 meV, RMSE_F=  374.71 meV / A
2025-10-05 04:51:23.604 INFO: Epoch 55: head: Default, loss=0.01930390, RMSE_E_per_atom=   23.05 meV, RMSE_F=  373.89 meV / A
2025-10-05 04:51:27.321 INFO: Epoch 56: head: Default, loss=0.01904997, RMSE_E_per_atom=   22.73 meV, RMSE_F=  372.46 meV / A
2025-10-05 04:51:31.023 INFO: Epoch 57: head: Default, loss=0.01888230, RMSE_E_per_atom=   22.60 meV, RMSE_F=  371.02 meV / A
2025-10-05 04:51:34.788 INFO: Epoch 58: head: Default, loss=0.01874270, RMSE_E_per_atom=   22.48 meV, RMSE_F=  369.89 meV / A
2025-10-05 04:51:38.558 INFO: Epoch 59: head: Default, loss=0.01917586, RMSE_E_per_atom=   23.53 meV, RMSE_F=  369.20 meV / A
2025-10-05 04:51:42.227 INFO: Epoch 60: head: Default, loss=0.01959654, RMSE_E_per_atom=   24.16 meV, RMSE_F=  370.81 meV / A
2025-10-05 04:51:45.705 INFO: Epoch 61: head: Default, loss=0.02887808, RMSE_E_per_atom=   38.11 meV, RMSE_F=  378.86 meV / A
2025-10-05 04:51:49.368 INFO: Epoch 62: head: Default, loss=0.02663353, RMSE_E_per_atom=   34.95 meV, RMSE_F=  379.80 meV / A
2025-10-05 04:51:52.993 INFO: Epoch 63: head: Default, loss=0.02425595, RMSE_E_per_atom=   31.55 meV, RMSE_F=  378.24 meV / A
2025-10-05 04:51:56.655 INFO: Epoch 64: head: Default, loss=0.02377520, RMSE_E_per_atom=   30.80 meV, RMSE_F=  378.06 meV / A
2025-10-05 04:52:00.358 INFO: Epoch 65: head: Default, loss=0.02333536, RMSE_E_per_atom=   29.87 meV, RMSE_F=  379.78 meV / A
2025-10-05 04:52:04.044 INFO: Epoch 66: head: Default, loss=0.02236038, RMSE_E_per_atom=   28.66 meV, RMSE_F=  376.17 meV / A
2025-10-05 04:52:07.693 INFO: Epoch 67: head: Default, loss=0.02159743, RMSE_E_per_atom=   27.40 meV, RMSE_F=  375.35 meV / A
2025-10-05 04:52:11.300 INFO: Epoch 68: head: Default, loss=0.02236563, RMSE_E_per_atom=   28.76 meV, RMSE_F=  375.39 meV / A
2025-10-05 04:52:14.969 INFO: Epoch 69: head: Default, loss=0.02314442, RMSE_E_per_atom=   29.84 meV, RMSE_F=  377.42 meV / A
2025-10-05 04:52:18.618 INFO: Epoch 70: head: Default, loss=0.02292183, RMSE_E_per_atom=   29.49 meV, RMSE_F=  377.16 meV / A
2025-10-05 04:52:22.120 INFO: Epoch 71: head: Default, loss=0.02459886, RMSE_E_per_atom=   31.81 meV, RMSE_F=  380.58 meV / A
2025-10-05 04:52:25.748 INFO: Epoch 72: head: Default, loss=0.02304090, RMSE_E_per_atom=   29.57 meV, RMSE_F=  378.17 meV / A
2025-10-05 04:52:29.409 INFO: Epoch 73: head: Default, loss=0.02106010, RMSE_E_per_atom=   26.57 meV, RMSE_F=  374.18 meV / A
2025-10-05 04:52:33.049 INFO: Epoch 74: head: Default, loss=0.02007601, RMSE_E_per_atom=   25.14 meV, RMSE_F=  370.86 meV / A
2025-10-05 04:52:36.706 INFO: Epoch 75: head: Default, loss=0.02033371, RMSE_E_per_atom=   25.69 meV, RMSE_F=  370.69 meV / A
2025-10-05 04:52:40.445 INFO: Epoch 76: head: Default, loss=0.02012824, RMSE_E_per_atom=   25.28 meV, RMSE_F=  370.73 meV / A
2025-10-05 04:52:44.102 INFO: Epoch 77: head: Default, loss=0.01973138, RMSE_E_per_atom=   24.90 meV, RMSE_F=  367.88 meV / A
2025-10-05 04:52:47.737 INFO: Epoch 78: head: Default, loss=0.01907749, RMSE_E_per_atom=   23.86 meV, RMSE_F=  365.87 meV / A
2025-10-05 04:52:51.430 INFO: Epoch 79: head: Default, loss=0.01829777, RMSE_E_per_atom=   22.67 meV, RMSE_F=  362.72 meV / A
2025-10-05 04:52:55.186 INFO: Epoch 80: head: Default, loss=0.01784811, RMSE_E_per_atom=   22.24 meV, RMSE_F=  359.12 meV / A
2025-10-05 04:52:58.768 INFO: Epoch 81: head: Default, loss=0.01983557, RMSE_E_per_atom=   26.65 meV, RMSE_F=  356.75 meV / A
2025-10-05 04:53:02.423 INFO: Epoch 82: head: Default, loss=0.01887248, RMSE_E_per_atom=   24.83 meV, RMSE_F=  356.38 meV / A
2025-10-05 04:53:06.084 INFO: Epoch 83: head: Default, loss=0.01821382, RMSE_E_per_atom=   23.44 meV, RMSE_F=  356.53 meV / A
2025-10-05 04:53:09.759 INFO: Epoch 84: head: Default, loss=0.01729500, RMSE_E_per_atom=   21.68 meV, RMSE_F=  354.80 meV / A
2025-10-05 04:53:13.464 INFO: Epoch 85: head: Default, loss=0.01700838, RMSE_E_per_atom=   21.21 meV, RMSE_F=  353.59 meV / A
2025-10-05 04:53:17.223 INFO: Epoch 86: head: Default, loss=0.01762066, RMSE_E_per_atom=   22.33 meV, RMSE_F=  355.42 meV / A
2025-10-05 04:53:20.850 INFO: Epoch 87: head: Default, loss=0.01778239, RMSE_E_per_atom=   22.43 meV, RMSE_F=  357.05 meV / A
2025-10-05 04:53:24.521 INFO: Epoch 88: head: Default, loss=0.01768008, RMSE_E_per_atom=   22.16 meV, RMSE_F=  357.30 meV / A
2025-10-05 04:53:28.199 INFO: Epoch 89: head: Default, loss=0.01747272, RMSE_E_per_atom=   22.04 meV, RMSE_F=  355.12 meV / A
2025-10-05 04:53:31.859 INFO: Epoch 90: head: Default, loss=0.01697257, RMSE_E_per_atom=   21.13 meV, RMSE_F=  353.60 meV / A
2025-10-05 04:53:35.421 INFO: Epoch 91: head: Default, loss=0.01789306, RMSE_E_per_atom=   23.32 meV, RMSE_F=  352.87 meV / A
2025-10-05 04:53:39.065 INFO: Epoch 92: head: Default, loss=0.01756543, RMSE_E_per_atom=   22.90 meV, RMSE_F=  350.97 meV / A
2025-10-05 04:53:42.719 INFO: Epoch 93: head: Default, loss=0.01700836, RMSE_E_per_atom=   21.85 meV, RMSE_F=  349.67 meV / A
2025-10-05 04:53:46.363 INFO: Epoch 94: head: Default, loss=0.01740214, RMSE_E_per_atom=   22.86 meV, RMSE_F=  348.86 meV / A
2025-10-05 04:53:49.985 INFO: Epoch 95: head: Default, loss=0.01756670, RMSE_E_per_atom=   23.22 meV, RMSE_F=  348.79 meV / A
2025-10-05 04:53:53.665 INFO: Epoch 96: head: Default, loss=0.01753572, RMSE_E_per_atom=   23.15 meV, RMSE_F=  348.86 meV / A
2025-10-05 04:53:57.357 INFO: Epoch 97: head: Default, loss=0.01711845, RMSE_E_per_atom=   22.24 meV, RMSE_F=  348.77 meV / A
2025-10-05 04:54:01.001 INFO: Epoch 98: head: Default, loss=0.01707890, RMSE_E_per_atom=   22.39 meV, RMSE_F=  347.26 meV / A
2025-10-05 04:54:04.683 INFO: Epoch 99: head: Default, loss=0.01702828, RMSE_E_per_atom=   22.22 meV, RMSE_F=  347.63 meV / A
2025-10-05 04:54:08.383 INFO: Epoch 100: head: Default, loss=0.01687036, RMSE_E_per_atom=   22.05 meV, RMSE_F=  346.47 meV / A
2025-10-05 04:54:11.986 INFO: Epoch 101: head: Default, loss=0.01631033, RMSE_E_per_atom=   20.87 meV, RMSE_F=  345.69 meV / A
2025-10-05 04:54:15.772 INFO: Epoch 102: head: Default, loss=0.01600927, RMSE_E_per_atom=   20.26 meV, RMSE_F=  344.97 meV / A
2025-10-05 04:54:19.559 INFO: Epoch 103: head: Default, loss=0.01577628, RMSE_E_per_atom=   19.92 meV, RMSE_F=  343.61 meV / A
2025-10-05 04:54:23.232 INFO: Epoch 104: head: Default, loss=0.01545366, RMSE_E_per_atom=   19.52 meV, RMSE_F=  341.19 meV / A
2025-10-05 04:54:26.937 INFO: Epoch 105: head: Default, loss=0.01515366, RMSE_E_per_atom=   19.18 meV, RMSE_F=  338.68 meV / A
2025-10-05 04:54:30.634 INFO: Epoch 106: head: Default, loss=0.01487892, RMSE_E_per_atom=   18.78 meV, RMSE_F=  336.85 meV / A
2025-10-05 04:54:34.357 INFO: Epoch 107: head: Default, loss=0.01464129, RMSE_E_per_atom=   18.60 meV, RMSE_F=  334.34 meV / A
2025-10-05 04:54:38.100 INFO: Epoch 108: head: Default, loss=0.01429049, RMSE_E_per_atom=   18.07 meV, RMSE_F=  331.98 meV / A
2025-10-05 04:54:41.853 INFO: Epoch 109: head: Default, loss=0.01419760, RMSE_E_per_atom=   18.19 meV, RMSE_F=  329.93 meV / A
2025-10-05 04:54:45.591 INFO: Epoch 110: head: Default, loss=0.01403431, RMSE_E_per_atom=   17.99 meV, RMSE_F=  328.54 meV / A
2025-10-05 04:54:49.163 INFO: Epoch 111: head: Default, loss=0.01547390, RMSE_E_per_atom=   21.67 meV, RMSE_F=  328.28 meV / A
2025-10-05 04:54:52.799 INFO: Epoch 112: head: Default, loss=0.01504545, RMSE_E_per_atom=   20.80 meV, RMSE_F=  327.38 meV / A
2025-10-05 04:54:56.474 INFO: Epoch 113: head: Default, loss=0.01466732, RMSE_E_per_atom=   20.12 meV, RMSE_F=  325.81 meV / A
2025-10-05 04:55:00.121 INFO: Epoch 114: head: Default, loss=0.01448105, RMSE_E_per_atom=   19.65 meV, RMSE_F=  325.83 meV / A
2025-10-05 04:55:03.766 INFO: Epoch 115: head: Default, loss=0.01436350, RMSE_E_per_atom=   19.45 meV, RMSE_F=  325.25 meV / A
2025-10-05 04:55:07.425 INFO: Epoch 116: head: Default, loss=0.01583234, RMSE_E_per_atom=   22.11 meV, RMSE_F=  330.77 meV / A
2025-10-05 04:55:11.118 INFO: Epoch 117: head: Default, loss=0.01646230, RMSE_E_per_atom=   22.81 meV, RMSE_F=  335.53 meV / A
2025-10-05 04:55:14.769 INFO: Epoch 118: head: Default, loss=0.01629963, RMSE_E_per_atom=   22.35 meV, RMSE_F=  336.17 meV / A
2025-10-05 04:55:18.426 INFO: Epoch 119: head: Default, loss=0.01614008, RMSE_E_per_atom=   21.97 meV, RMSE_F=  336.34 meV / A
2025-10-05 04:55:22.122 INFO: Epoch 120: head: Default, loss=0.01590949, RMSE_E_per_atom=   21.32 meV, RMSE_F=  337.12 meV / A
2025-10-05 04:55:25.634 INFO: Epoch 121: head: Default, loss=0.01462260, RMSE_E_per_atom=   18.28 meV, RMSE_F=  335.81 meV / A
2025-10-05 04:55:29.292 INFO: Epoch 122: head: Default, loss=0.01439079, RMSE_E_per_atom=   17.72 meV, RMSE_F=  335.35 meV / A
2025-10-05 04:55:32.907 INFO: Epoch 123: head: Default, loss=0.01431089, RMSE_E_per_atom=   17.90 meV, RMSE_F=  333.22 meV / A
2025-10-05 04:55:36.567 INFO: Epoch 124: head: Default, loss=0.01412263, RMSE_E_per_atom=   17.68 meV, RMSE_F=  331.57 meV / A
2025-10-05 04:55:40.207 INFO: Epoch 125: head: Default, loss=0.01384828, RMSE_E_per_atom=   17.23 meV, RMSE_F=  329.76 meV / A
2025-10-05 04:55:43.948 INFO: Epoch 126: head: Default, loss=0.01361409, RMSE_E_per_atom=   16.91 meV, RMSE_F=  327.86 meV / A
2025-10-05 04:55:47.710 INFO: Epoch 127: head: Default, loss=0.01370754, RMSE_E_per_atom=   17.47 meV, RMSE_F=  326.35 meV / A
2025-10-05 04:55:51.379 INFO: Epoch 128: head: Default, loss=0.01347282, RMSE_E_per_atom=   16.98 meV, RMSE_F=  325.35 meV / A
2025-10-05 04:55:55.095 INFO: Epoch 129: head: Default, loss=0.01325510, RMSE_E_per_atom=   16.63 meV, RMSE_F=  323.80 meV / A
2025-10-05 04:55:58.801 INFO: Epoch 130: head: Default, loss=0.01295346, RMSE_E_per_atom=   16.06 meV, RMSE_F=  322.06 meV / A
2025-10-05 04:56:02.400 INFO: Epoch 131: head: Default, loss=0.01300265, RMSE_E_per_atom=   16.49 meV, RMSE_F=  320.62 meV / A
2025-10-05 04:56:06.055 INFO: Epoch 132: head: Default, loss=0.01284339, RMSE_E_per_atom=   16.37 meV, RMSE_F=  318.75 meV / A
2025-10-05 04:56:09.764 INFO: Epoch 133: head: Default, loss=0.01284609, RMSE_E_per_atom=   16.59 meV, RMSE_F=  317.63 meV / A
2025-10-05 04:56:13.446 INFO: Epoch 134: head: Default, loss=0.01257763, RMSE_E_per_atom=   16.02 meV, RMSE_F=  316.33 meV / A
2025-10-05 04:56:17.177 INFO: Epoch 135: head: Default, loss=0.01273668, RMSE_E_per_atom=   16.56 meV, RMSE_F=  316.05 meV / A
2025-10-05 04:56:20.805 INFO: Epoch 136: head: Default, loss=0.01266670, RMSE_E_per_atom=   16.50 meV, RMSE_F=  315.26 meV / A
2025-10-05 04:56:24.480 INFO: Epoch 137: head: Default, loss=0.01262707, RMSE_E_per_atom=   16.53 meV, RMSE_F=  314.48 meV / A
2025-10-05 04:56:28.120 INFO: Epoch 138: head: Default, loss=0.01256724, RMSE_E_per_atom=   16.43 meV, RMSE_F=  314.06 meV / A
2025-10-05 04:56:31.808 INFO: Epoch 139: head: Default, loss=0.01241246, RMSE_E_per_atom=   16.06 meV, RMSE_F=  313.50 meV / A
2025-10-05 04:56:35.517 INFO: Epoch 140: head: Default, loss=0.01231779, RMSE_E_per_atom=   15.93 meV, RMSE_F=  312.67 meV / A
2025-10-05 04:56:39.141 INFO: Epoch 141: head: Default, loss=0.01254404, RMSE_E_per_atom=   16.76 meV, RMSE_F=  311.95 meV / A
2025-10-05 04:56:42.822 INFO: Epoch 142: head: Default, loss=0.01223212, RMSE_E_per_atom=   15.97 meV, RMSE_F=  311.04 meV / A
2025-10-05 04:56:46.538 INFO: Epoch 143: head: Default, loss=0.01200478, RMSE_E_per_atom=   15.48 meV, RMSE_F=  309.92 meV / A
2025-10-05 04:56:50.304 INFO: Epoch 144: head: Default, loss=0.01180541, RMSE_E_per_atom=   15.02 meV, RMSE_F=  308.95 meV / A
2025-10-05 04:56:54.035 INFO: Epoch 145: head: Default, loss=0.01164929, RMSE_E_per_atom=   14.78 meV, RMSE_F=  307.59 meV / A
2025-10-05 04:56:57.725 INFO: Epoch 146: head: Default, loss=0.01141946, RMSE_E_per_atom=   14.21 meV, RMSE_F=  306.54 meV / A
2025-10-05 04:57:01.442 INFO: Epoch 147: head: Default, loss=0.01139948, RMSE_E_per_atom=   14.44 meV, RMSE_F=  305.12 meV / A
2025-10-05 04:57:05.159 INFO: Epoch 148: head: Default, loss=0.01125736, RMSE_E_per_atom=   14.08 meV, RMSE_F=  304.46 meV / A
2025-10-05 04:57:08.859 INFO: Epoch 149: head: Default, loss=0.01139082, RMSE_E_per_atom=   14.67 meV, RMSE_F=  303.86 meV / A
2025-10-05 04:57:12.552 INFO: Epoch 150: head: Default, loss=0.01130527, RMSE_E_per_atom=   14.31 meV, RMSE_F=  304.19 meV / A
2025-10-05 04:57:16.058 INFO: Epoch 151: head: Default, loss=0.01125495, RMSE_E_per_atom=   13.40 meV, RMSE_F=  307.43 meV / A
2025-10-05 04:57:19.779 INFO: Epoch 152: head: Default, loss=0.01122793, RMSE_E_per_atom=   13.64 meV, RMSE_F=  305.91 meV / A
2025-10-05 04:57:23.497 INFO: Epoch 153: head: Default, loss=0.01119242, RMSE_E_per_atom=   13.70 meV, RMSE_F=  305.09 meV / A
2025-10-05 04:57:27.268 INFO: Epoch 154: head: Default, loss=0.01106109, RMSE_E_per_atom=   13.35 meV, RMSE_F=  304.47 meV / A
2025-10-05 04:57:31.015 INFO: Epoch 155: head: Default, loss=0.01104288, RMSE_E_per_atom=   13.35 meV, RMSE_F=  304.19 meV / A
2025-10-05 04:57:34.734 INFO: Epoch 156: head: Default, loss=0.01091172, RMSE_E_per_atom=   12.98 meV, RMSE_F=  303.65 meV / A
2025-10-05 04:57:38.510 INFO: Epoch 157: head: Default, loss=0.01084560, RMSE_E_per_atom=   12.89 meV, RMSE_F=  302.95 meV / A
2025-10-05 04:57:42.273 INFO: Epoch 158: head: Default, loss=0.01075864, RMSE_E_per_atom=   12.82 meV, RMSE_F=  301.81 meV / A
2025-10-05 04:57:45.974 INFO: Epoch 159: head: Default, loss=0.01061050, RMSE_E_per_atom=   12.36 meV, RMSE_F=  301.30 meV / A
2025-10-05 04:57:49.739 INFO: Epoch 160: head: Default, loss=0.01060264, RMSE_E_per_atom=   12.43 meV, RMSE_F=  300.88 meV / A
2025-10-05 04:57:53.365 INFO: Epoch 161: head: Default, loss=0.01111509, RMSE_E_per_atom=   14.21 meV, RMSE_F=  301.49 meV / A
2025-10-05 04:57:57.013 INFO: Epoch 162: head: Default, loss=0.01096412, RMSE_E_per_atom=   13.74 meV, RMSE_F=  301.14 meV / A
2025-10-05 04:58:00.641 INFO: Epoch 163: head: Default, loss=0.01070054, RMSE_E_per_atom=   12.99 meV, RMSE_F=  300.09 meV / A
2025-10-05 04:58:04.338 INFO: Epoch 164: head: Default, loss=0.01063551, RMSE_E_per_atom=   13.00 meV, RMSE_F=  298.95 meV / A
2025-10-05 04:58:07.981 INFO: Epoch 165: head: Default, loss=0.01051515, RMSE_E_per_atom=   12.86 meV, RMSE_F=  297.58 meV / A
2025-10-05 04:58:11.696 INFO: Epoch 166: head: Default, loss=0.01035029, RMSE_E_per_atom=   12.47 meV, RMSE_F=  296.44 meV / A
2025-10-05 04:58:15.533 INFO: Epoch 167: head: Default, loss=0.01020640, RMSE_E_per_atom=   12.21 meV, RMSE_F=  295.13 meV / A
2025-10-05 04:58:19.250 INFO: Epoch 168: head: Default, loss=0.01009292, RMSE_E_per_atom=   12.05 meV, RMSE_F=  293.84 meV / A
2025-10-05 04:58:22.951 INFO: Epoch 169: head: Default, loss=0.01009000, RMSE_E_per_atom=   12.22 meV, RMSE_F=  293.09 meV / A
2025-10-05 04:58:26.658 INFO: Epoch 170: head: Default, loss=0.00995400, RMSE_E_per_atom=   11.88 meV, RMSE_F=  292.18 meV / A
2025-10-05 04:58:30.292 INFO: Epoch 171: head: Default, loss=0.00983585, RMSE_E_per_atom=   11.58 meV, RMSE_F=  291.39 meV / A
2025-10-05 04:58:33.991 INFO: Epoch 172: head: Default, loss=0.00974836, RMSE_E_per_atom=   11.37 meV, RMSE_F=  290.70 meV / A
2025-10-05 04:58:37.745 INFO: Epoch 173: head: Default, loss=0.00968411, RMSE_E_per_atom=   11.36 meV, RMSE_F=  289.63 meV / A
2025-10-05 04:58:41.519 INFO: Epoch 174: head: Default, loss=0.00961813, RMSE_E_per_atom=   11.30 meV, RMSE_F=  288.74 meV / A
2025-10-05 04:58:45.242 INFO: Epoch 175: head: Default, loss=0.00956916, RMSE_E_per_atom=   11.38 meV, RMSE_F=  287.59 meV / A
2025-10-05 04:58:48.955 INFO: Epoch 176: head: Default, loss=0.00952179, RMSE_E_per_atom=   11.35 meV, RMSE_F=  286.86 meV / A
2025-10-05 04:58:52.646 INFO: Epoch 177: head: Default, loss=0.00945469, RMSE_E_per_atom=   11.23 meV, RMSE_F=  286.16 meV / A
2025-10-05 04:58:56.385 INFO: Epoch 178: head: Default, loss=0.00938778, RMSE_E_per_atom=   11.06 meV, RMSE_F=  285.67 meV / A
2025-10-05 04:59:00.104 INFO: Epoch 179: head: Default, loss=0.00936055, RMSE_E_per_atom=   11.14 meV, RMSE_F=  284.89 meV / A
2025-10-05 04:59:03.812 INFO: Epoch 180: head: Default, loss=0.00932780, RMSE_E_per_atom=   11.14 meV, RMSE_F=  284.29 meV / A
2025-10-05 04:59:07.445 INFO: Epoch 181: head: Default, loss=0.00984443, RMSE_E_per_atom=   12.88 meV, RMSE_F=  286.06 meV / A
2025-10-05 04:59:11.112 INFO: Epoch 182: head: Default, loss=0.00949372, RMSE_E_per_atom=   11.73 meV, RMSE_F=  284.89 meV / A
2025-10-05 04:59:14.794 INFO: Epoch 183: head: Default, loss=0.00933847, RMSE_E_per_atom=   11.29 meV, RMSE_F=  283.94 meV / A
2025-10-05 04:59:18.475 INFO: Epoch 184: head: Default, loss=0.00919727, RMSE_E_per_atom=   10.83 meV, RMSE_F=  283.21 meV / A
2025-10-05 04:59:22.229 INFO: Epoch 185: head: Default, loss=0.00925329, RMSE_E_per_atom=   10.91 meV, RMSE_F=  283.90 meV / A
2025-10-05 04:59:25.839 INFO: Epoch 186: head: Default, loss=0.00938207, RMSE_E_per_atom=   11.45 meV, RMSE_F=  284.09 meV / A
2025-10-05 04:59:29.506 INFO: Epoch 187: head: Default, loss=0.00961718, RMSE_E_per_atom=   12.29 meV, RMSE_F=  284.70 meV / A
2025-10-05 04:59:33.200 INFO: Epoch 188: head: Default, loss=0.01007863, RMSE_E_per_atom=   13.54 meV, RMSE_F=  287.11 meV / A
2025-10-05 04:59:36.861 INFO: Epoch 189: head: Default, loss=0.01030570, RMSE_E_per_atom=   13.94 meV, RMSE_F=  289.06 meV / A
2025-10-05 04:59:40.513 INFO: Epoch 190: head: Default, loss=0.01067212, RMSE_E_per_atom=   15.01 meV, RMSE_F=  290.05 meV / A
2025-10-05 04:59:44.012 INFO: Epoch 191: head: Default, loss=0.01064053, RMSE_E_per_atom=   14.82 meV, RMSE_F=  290.50 meV / A
2025-10-05 04:59:47.671 INFO: Epoch 192: head: Default, loss=0.01039084, RMSE_E_per_atom=   13.79 meV, RMSE_F=  291.26 meV / A
2025-10-05 04:59:51.307 INFO: Epoch 193: head: Default, loss=0.01051479, RMSE_E_per_atom=   14.12 meV, RMSE_F=  291.78 meV / A
2025-10-05 04:59:54.974 INFO: Epoch 194: head: Default, loss=0.01042168, RMSE_E_per_atom=   13.86 meV, RMSE_F=  291.45 meV / A
2025-10-05 04:59:58.697 INFO: Epoch 195: head: Default, loss=0.01045596, RMSE_E_per_atom=   14.05 meV, RMSE_F=  291.12 meV / A
2025-10-05 05:00:02.294 INFO: Epoch 196: head: Default, loss=0.01087127, RMSE_E_per_atom=   14.99 meV, RMSE_F=  293.55 meV / A
2025-10-05 05:00:05.928 INFO: Epoch 197: head: Default, loss=0.01114610, RMSE_E_per_atom=   15.59 meV, RMSE_F=  295.10 meV / A
2025-10-05 05:00:09.578 INFO: Epoch 198: head: Default, loss=0.01119235, RMSE_E_per_atom=   15.75 meV, RMSE_F=  295.05 meV / A
2025-10-05 05:00:13.201 INFO: Epoch 199: head: Default, loss=0.01103739, RMSE_E_per_atom=   15.25 meV, RMSE_F=  295.04 meV / A
2025-10-05 05:00:16.836 INFO: Epoch 200: head: Default, loss=0.01093022, RMSE_E_per_atom=   15.09 meV, RMSE_F=  294.05 meV / A
2025-10-05 05:00:20.324 INFO: Epoch 201: head: Default, loss=0.01121766, RMSE_E_per_atom=   16.14 meV, RMSE_F=  293.38 meV / A
2025-10-05 05:00:23.993 INFO: Epoch 202: head: Default, loss=0.01087444, RMSE_E_per_atom=   15.29 meV, RMSE_F=  292.10 meV / A
2025-10-05 05:00:27.679 INFO: Epoch 203: head: Default, loss=0.01074548, RMSE_E_per_atom=   15.02 meV, RMSE_F=  291.29 meV / A
2025-10-05 05:00:31.318 INFO: Epoch 204: head: Default, loss=0.01045565, RMSE_E_per_atom=   14.26 meV, RMSE_F=  290.10 meV / A
2025-10-05 05:00:34.972 INFO: Epoch 205: head: Default, loss=0.01026511, RMSE_E_per_atom=   13.77 meV, RMSE_F=  289.23 meV / A
2025-10-05 05:00:38.616 INFO: Epoch 206: head: Default, loss=0.01008505, RMSE_E_per_atom=   13.34 meV, RMSE_F=  288.11 meV / A
2025-10-05 05:00:42.250 INFO: Epoch 207: head: Default, loss=0.01010846, RMSE_E_per_atom=   13.49 meV, RMSE_F=  287.85 meV / A
2025-10-05 05:00:45.972 INFO: Epoch 208: head: Default, loss=0.01004115, RMSE_E_per_atom=   13.41 meV, RMSE_F=  287.03 meV / A
2025-10-05 05:00:49.599 INFO: Epoch 209: head: Default, loss=0.01004379, RMSE_E_per_atom=   13.34 meV, RMSE_F=  287.39 meV / A
2025-10-05 05:00:53.211 INFO: Epoch 210: head: Default, loss=0.00995846, RMSE_E_per_atom=   13.16 meV, RMSE_F=  286.72 meV / A
2025-10-05 05:00:56.719 INFO: Epoch 211: head: Default, loss=0.00995450, RMSE_E_per_atom=   13.14 meV, RMSE_F=  286.74 meV / A
2025-10-05 05:01:00.379 INFO: Epoch 212: head: Default, loss=0.00982749, RMSE_E_per_atom=   12.78 meV, RMSE_F=  286.17 meV / A
2025-10-05 05:01:04.011 INFO: Epoch 213: head: Default, loss=0.00986359, RMSE_E_per_atom=   12.88 meV, RMSE_F=  286.38 meV / A
2025-10-05 05:01:07.642 INFO: Epoch 214: head: Default, loss=0.01004390, RMSE_E_per_atom=   13.56 meV, RMSE_F=  286.36 meV / A
2025-10-05 05:01:11.306 INFO: Epoch 215: head: Default, loss=0.00998659, RMSE_E_per_atom=   13.42 meV, RMSE_F=  286.05 meV / A
2025-10-05 05:01:14.963 INFO: Epoch 216: head: Default, loss=0.00995117, RMSE_E_per_atom=   13.24 meV, RMSE_F=  286.25 meV / A
2025-10-05 05:01:18.587 INFO: Epoch 217: head: Default, loss=0.00985200, RMSE_E_per_atom=   12.96 meV, RMSE_F=  285.79 meV / A
2025-10-05 05:01:22.211 INFO: Epoch 218: head: Default, loss=0.00974149, RMSE_E_per_atom=   12.66 meV, RMSE_F=  285.20 meV / A
2025-10-05 05:01:25.875 INFO: Epoch 219: head: Default, loss=0.00971396, RMSE_E_per_atom=   12.59 meV, RMSE_F=  285.01 meV / A
2025-10-05 05:01:29.514 INFO: Epoch 220: head: Default, loss=0.00959800, RMSE_E_per_atom=   12.29 meV, RMSE_F=  284.28 meV / A
2025-10-05 05:01:32.986 INFO: Epoch 221: head: Default, loss=0.00993639, RMSE_E_per_atom=   13.78 meV, RMSE_F=  283.41 meV / A
2025-10-05 05:01:36.655 INFO: Epoch 222: head: Default, loss=0.00964995, RMSE_E_per_atom=   12.90 meV, RMSE_F=  282.52 meV / A
2025-10-05 05:01:40.332 INFO: Epoch 223: head: Default, loss=0.00952383, RMSE_E_per_atom=   12.54 meV, RMSE_F=  281.88 meV / A
2025-10-05 05:01:43.968 INFO: Epoch 224: head: Default, loss=0.00935375, RMSE_E_per_atom=   11.98 meV, RMSE_F=  281.30 meV / A
2025-10-05 05:01:47.632 INFO: Epoch 225: head: Default, loss=0.00922481, RMSE_E_per_atom=   11.62 meV, RMSE_F=  280.55 meV / A
2025-10-05 05:01:51.377 INFO: Epoch 226: head: Default, loss=0.00918409, RMSE_E_per_atom=   11.60 meV, RMSE_F=  279.90 meV / A
2025-10-05 05:01:55.131 INFO: Epoch 227: head: Default, loss=0.00920505, RMSE_E_per_atom=   11.84 meV, RMSE_F=  279.27 meV / A
2025-10-05 05:01:58.763 INFO: Epoch 228: head: Default, loss=0.00915248, RMSE_E_per_atom=   11.73 meV, RMSE_F=  278.80 meV / A
2025-10-05 05:02:02.532 INFO: Epoch 229: head: Default, loss=0.00934515, RMSE_E_per_atom=   12.27 meV, RMSE_F=  279.92 meV / A
2025-10-05 05:02:06.232 INFO: Epoch 230: head: Default, loss=0.00980510, RMSE_E_per_atom=   13.92 meV, RMSE_F=  280.44 meV / A
2025-10-05 05:02:09.810 INFO: Epoch 231: head: Default, loss=0.01111983, RMSE_E_per_atom=   17.88 meV, RMSE_F=  281.38 meV / A
2025-10-05 05:02:13.478 INFO: Epoch 232: head: Default, loss=0.01048036, RMSE_E_per_atom=   16.08 meV, RMSE_F=  280.87 meV / A
2025-10-05 05:02:17.229 INFO: Epoch 233: head: Default, loss=0.01004806, RMSE_E_per_atom=   14.75 meV, RMSE_F=  280.48 meV / A
2025-10-05 05:02:20.927 INFO: Epoch 234: head: Default, loss=0.00988979, RMSE_E_per_atom=   14.27 meV, RMSE_F=  280.17 meV / A
2025-10-05 05:02:24.593 INFO: Epoch 235: head: Default, loss=0.00980605, RMSE_E_per_atom=   13.80 meV, RMSE_F=  281.01 meV / A
2025-10-05 05:02:28.270 INFO: Epoch 236: head: Default, loss=0.00987410, RMSE_E_per_atom=   14.10 meV, RMSE_F=  280.72 meV / A
2025-10-05 05:02:31.948 INFO: Epoch 237: head: Default, loss=0.01001978, RMSE_E_per_atom=   14.52 meV, RMSE_F=  281.17 meV / A
2025-10-05 05:02:35.572 INFO: Epoch 238: head: Default, loss=0.00993802, RMSE_E_per_atom=   14.27 meV, RMSE_F=  281.03 meV / A
2025-10-05 05:02:39.275 INFO: Epoch 239: head: Default, loss=0.00977427, RMSE_E_per_atom=   13.77 meV, RMSE_F=  280.58 meV / A
2025-10-05 05:02:42.913 INFO: Epoch 240: head: Default, loss=0.00967880, RMSE_E_per_atom=   13.51 meV, RMSE_F=  280.14 meV / A
2025-10-05 05:02:46.457 INFO: Epoch 241: head: Default, loss=0.00991895, RMSE_E_per_atom=   14.37 meV, RMSE_F=  280.20 meV / A
2025-10-05 05:02:50.124 INFO: Epoch 242: head: Default, loss=0.00970238, RMSE_E_per_atom=   13.72 meV, RMSE_F=  279.58 meV / A
2025-10-05 05:02:53.838 INFO: Epoch 243: head: Default, loss=0.00944373, RMSE_E_per_atom=   12.89 meV, RMSE_F=  278.90 meV / A
2025-10-05 05:02:57.496 INFO: Epoch 244: head: Default, loss=0.00937298, RMSE_E_per_atom=   12.74 meV, RMSE_F=  278.33 meV / A
2025-10-05 05:03:01.121 INFO: Epoch 245: head: Default, loss=0.00942136, RMSE_E_per_atom=   12.90 meV, RMSE_F=  278.44 meV / A
2025-10-05 05:03:04.811 INFO: Epoch 246: head: Default, loss=0.00935123, RMSE_E_per_atom=   12.64 meV, RMSE_F=  278.41 meV / A
2025-10-05 05:03:08.456 INFO: Epoch 247: head: Default, loss=0.00962344, RMSE_E_per_atom=   13.42 meV, RMSE_F=  279.60 meV / A
2025-10-05 05:03:12.078 INFO: Epoch 248: head: Default, loss=0.00972111, RMSE_E_per_atom=   13.76 meV, RMSE_F=  279.74 meV / A
2025-10-05 05:03:15.746 INFO: Epoch 249: head: Default, loss=0.00985155, RMSE_E_per_atom=   14.00 meV, RMSE_F=  280.87 meV / A
2025-10-05 05:03:19.446 INFO: Epoch 250: head: Default, loss=0.00963319, RMSE_E_per_atom=   13.25 meV, RMSE_F=  280.61 meV / A
2025-10-05 05:03:22.933 INFO: Epoch 251: head: Default, loss=0.01008248, RMSE_E_per_atom=   14.86 meV, RMSE_F=  280.57 meV / A
2025-10-05 05:03:26.559 INFO: Epoch 252: head: Default, loss=0.00972164, RMSE_E_per_atom=   13.68 meV, RMSE_F=  280.12 meV / A
2025-10-05 05:03:30.227 INFO: Epoch 253: head: Default, loss=0.00935622, RMSE_E_per_atom=   12.49 meV, RMSE_F=  279.13 meV / A
2025-10-05 05:03:33.858 INFO: Epoch 254: head: Default, loss=0.00932021, RMSE_E_per_atom=   12.42 meV, RMSE_F=  278.85 meV / A
2025-10-05 05:03:37.499 INFO: Epoch 255: head: Default, loss=0.00924950, RMSE_E_per_atom=   12.28 meV, RMSE_F=  278.19 meV / A
2025-10-05 05:03:41.143 INFO: Epoch 256: head: Default, loss=0.00912158, RMSE_E_per_atom=   11.82 meV, RMSE_F=  277.90 meV / A
2025-10-05 05:03:44.913 INFO: Epoch 257: head: Default, loss=0.00899333, RMSE_E_per_atom=   11.43 meV, RMSE_F=  277.23 meV / A
2025-10-05 05:03:48.622 INFO: Epoch 258: head: Default, loss=0.00898331, RMSE_E_per_atom=   11.52 meV, RMSE_F=  276.66 meV / A
2025-10-05 05:03:52.358 INFO: Epoch 259: head: Default, loss=0.00894457, RMSE_E_per_atom=   11.51 meV, RMSE_F=  275.96 meV / A
2025-10-05 05:03:56.103 INFO: Epoch 260: head: Default, loss=0.00895531, RMSE_E_per_atom=   11.43 meV, RMSE_F=  276.49 meV / A
2025-10-05 05:03:59.611 INFO: Epoch 261: head: Default, loss=0.00917488, RMSE_E_per_atom=   12.06 meV, RMSE_F=  277.82 meV / A
2025-10-05 05:04:03.261 INFO: Epoch 262: head: Default, loss=0.00909399, RMSE_E_per_atom=   11.68 meV, RMSE_F=  277.96 meV / A
2025-10-05 05:04:06.940 INFO: Epoch 263: head: Default, loss=0.00892934, RMSE_E_per_atom=   11.16 meV, RMSE_F=  277.13 meV / A
2025-10-05 05:04:10.671 INFO: Epoch 264: head: Default, loss=0.00882335, RMSE_E_per_atom=   10.85 meV, RMSE_F=  276.45 meV / A
2025-10-05 05:04:14.413 INFO: Epoch 265: head: Default, loss=0.00875901, RMSE_E_per_atom=   10.73 meV, RMSE_F=  275.76 meV / A
2025-10-05 05:04:18.127 INFO: Epoch 266: head: Default, loss=0.00867811, RMSE_E_per_atom=   10.54 meV, RMSE_F=  275.04 meV / A
2025-10-05 05:04:21.875 INFO: Epoch 267: head: Default, loss=0.00861498, RMSE_E_per_atom=   10.35 meV, RMSE_F=  274.60 meV / A
2025-10-05 05:04:25.587 INFO: Epoch 268: head: Default, loss=0.00855043, RMSE_E_per_atom=   10.11 meV, RMSE_F=  274.34 meV / A
2025-10-05 05:04:29.296 INFO: Epoch 269: head: Default, loss=0.00851480, RMSE_E_per_atom=    9.91 meV, RMSE_F=  274.42 meV / A
2025-10-05 05:04:33.054 INFO: Epoch 270: head: Default, loss=0.00845471, RMSE_E_per_atom=    9.77 meV, RMSE_F=  273.83 meV / A
2025-10-05 05:04:36.732 INFO: Epoch 271: head: Default, loss=0.00851049, RMSE_E_per_atom=   10.08 meV, RMSE_F=  273.73 meV / A
2025-10-05 05:04:40.374 INFO: Epoch 272: head: Default, loss=0.00847916, RMSE_E_per_atom=    9.94 meV, RMSE_F=  273.66 meV / A
2025-10-05 05:04:44.037 INFO: Epoch 273: head: Default, loss=0.00846062, RMSE_E_per_atom=    9.85 meV, RMSE_F=  273.68 meV / A
2025-10-05 05:04:47.656 INFO: Epoch 274: head: Default, loss=0.00847355, RMSE_E_per_atom=    9.81 meV, RMSE_F=  274.05 meV / A
2025-10-05 05:04:51.328 INFO: Epoch 275: head: Default, loss=0.00850669, RMSE_E_per_atom=    9.72 meV, RMSE_F=  274.97 meV / A
2025-10-05 05:04:54.972 INFO: Epoch 276: head: Default, loss=0.00850425, RMSE_E_per_atom=    9.72 meV, RMSE_F=  274.95 meV / A
2025-10-05 05:04:58.649 INFO: Epoch 277: head: Default, loss=0.00849394, RMSE_E_per_atom=    9.54 meV, RMSE_F=  275.41 meV / A
2025-10-05 05:05:02.668 INFO: Epoch 278: head: Default, loss=0.00849814, RMSE_E_per_atom=    9.50 meV, RMSE_F=  275.63 meV / A
2025-10-05 05:05:06.328 INFO: Epoch 279: head: Default, loss=0.00864663, RMSE_E_per_atom=    9.97 meV, RMSE_F=  276.65 meV / A
2025-10-05 05:05:10.020 INFO: Epoch 280: head: Default, loss=0.00861784, RMSE_E_per_atom=    9.77 meV, RMSE_F=  276.87 meV / A
2025-10-05 05:05:13.506 INFO: Epoch 281: head: Default, loss=0.00915344, RMSE_E_per_atom=   12.00 meV, RMSE_F=  277.75 meV / A
2025-10-05 05:05:17.143 INFO: Epoch 282: head: Default, loss=0.00913900, RMSE_E_per_atom=   12.11 meV, RMSE_F=  276.99 meV / A
2025-10-05 05:05:20.790 INFO: Epoch 283: head: Default, loss=0.00894845, RMSE_E_per_atom=   11.50 meV, RMSE_F=  276.16 meV / A
2025-10-05 05:05:24.447 INFO: Epoch 284: head: Default, loss=0.00879961, RMSE_E_per_atom=   10.96 meV, RMSE_F=  275.64 meV / A
2025-10-05 05:05:28.123 INFO: Epoch 285: head: Default, loss=0.00869662, RMSE_E_per_atom=   10.57 meV, RMSE_F=  275.32 meV / A
2025-10-05 05:05:31.766 INFO: Epoch 286: head: Default, loss=0.00862099, RMSE_E_per_atom=   10.32 meV, RMSE_F=  274.90 meV / A
2025-10-05 05:05:35.452 INFO: Epoch 287: head: Default, loss=0.00862521, RMSE_E_per_atom=   10.16 meV, RMSE_F=  275.59 meV / A
2025-10-05 05:05:39.125 INFO: Epoch 288: head: Default, loss=0.00858558, RMSE_E_per_atom=   10.58 meV, RMSE_F=  273.27 meV / A
2025-10-05 05:05:42.766 INFO: Epoch 289: head: Default, loss=0.00870818, RMSE_E_per_atom=   11.39 meV, RMSE_F=  272.23 meV / A
2025-10-05 05:05:46.497 INFO: Epoch 290: head: Default, loss=0.00882000, RMSE_E_per_atom=   11.79 meV, RMSE_F=  272.58 meV / A
2025-10-05 05:05:50.007 INFO: Epoch 291: head: Default, loss=0.00932175, RMSE_E_per_atom=   12.79 meV, RMSE_F=  277.23 meV / A
2025-10-05 05:05:53.632 INFO: Epoch 292: head: Default, loss=0.00901814, RMSE_E_per_atom=   11.12 meV, RMSE_F=  278.96 meV / A
2025-10-05 05:05:57.267 INFO: Epoch 293: head: Default, loss=0.00901566, RMSE_E_per_atom=   10.97 meV, RMSE_F=  279.50 meV / A
2025-10-05 05:06:00.940 INFO: Epoch 294: head: Default, loss=0.00897419, RMSE_E_per_atom=   10.79 meV, RMSE_F=  279.47 meV / A
2025-10-05 05:06:04.565 INFO: Epoch 295: head: Default, loss=0.00884843, RMSE_E_per_atom=   10.61 meV, RMSE_F=  277.93 meV / A
2025-10-05 05:06:08.199 INFO: Epoch 296: head: Default, loss=0.00876246, RMSE_E_per_atom=   10.42 meV, RMSE_F=  277.10 meV / A
2025-10-05 05:06:11.900 INFO: Epoch 297: head: Default, loss=0.00868210, RMSE_E_per_atom=   10.41 meV, RMSE_F=  275.68 meV / A
2025-10-05 05:06:15.543 INFO: Epoch 298: head: Default, loss=0.00858707, RMSE_E_per_atom=   10.12 meV, RMSE_F=  275.02 meV / A
2025-10-05 05:06:19.239 INFO: Epoch 299: head: Default, loss=0.00854849, RMSE_E_per_atom=   10.04 meV, RMSE_F=  274.61 meV / A
2025-10-05 05:06:22.898 INFO: Epoch 300: head: Default, loss=0.00853391, RMSE_E_per_atom=   10.01 meV, RMSE_F=  274.46 meV / A
2025-10-05 05:06:26.434 INFO: Epoch 301: head: Default, loss=0.00860101, RMSE_E_per_atom=   10.34 meV, RMSE_F=  274.47 meV / A
2025-10-05 05:06:30.147 INFO: Epoch 302: head: Default, loss=0.00858159, RMSE_E_per_atom=   10.23 meV, RMSE_F=  274.56 meV / A
2025-10-05 05:06:33.828 INFO: Epoch 303: head: Default, loss=0.00853266, RMSE_E_per_atom=   10.05 meV, RMSE_F=  274.32 meV / A
2025-10-05 05:06:37.619 INFO: Epoch 304: head: Default, loss=0.00847634, RMSE_E_per_atom=    9.95 meV, RMSE_F=  273.67 meV / A
2025-10-05 05:06:41.354 INFO: Epoch 305: head: Default, loss=0.00843686, RMSE_E_per_atom=    9.86 meV, RMSE_F=  273.26 meV / A
2025-10-05 05:06:45.151 INFO: Epoch 306: head: Default, loss=0.00843987, RMSE_E_per_atom=    9.67 meV, RMSE_F=  274.00 meV / A
2025-10-05 05:06:48.917 INFO: Epoch 307: head: Default, loss=0.00848149, RMSE_E_per_atom=    9.63 meV, RMSE_F=  274.94 meV / A
2025-10-05 05:06:52.786 INFO: Epoch 308: head: Default, loss=0.00846110, RMSE_E_per_atom=    9.53 meV, RMSE_F=  274.91 meV / A
2025-10-05 05:06:56.497 INFO: Epoch 309: head: Default, loss=0.00849164, RMSE_E_per_atom=    9.51 meV, RMSE_F=  275.55 meV / A
2025-10-05 05:07:00.252 INFO: Epoch 310: head: Default, loss=0.00865757, RMSE_E_per_atom=   10.37 meV, RMSE_F=  275.46 meV / A
2025-10-05 05:07:03.861 INFO: Epoch 311: head: Default, loss=0.01287192, RMSE_E_per_atom=   23.02 meV, RMSE_F=  275.26 meV / A
2025-10-05 05:07:07.628 INFO: Epoch 312: head: Default, loss=0.01268528, RMSE_E_per_atom=   22.39 meV, RMSE_F=  277.04 meV / A
2025-10-05 05:07:11.380 INFO: Epoch 313: head: Default, loss=0.01197683, RMSE_E_per_atom=   20.25 meV, RMSE_F=  280.65 meV / A
2025-10-05 05:07:15.148 INFO: Epoch 314: head: Default, loss=0.01156202, RMSE_E_per_atom=   19.25 meV, RMSE_F=  280.20 meV / A
2025-10-05 05:07:18.866 INFO: Epoch 315: head: Default, loss=0.01112817, RMSE_E_per_atom=   18.00 meV, RMSE_F=  280.74 meV / A
2025-10-05 05:07:22.544 INFO: Epoch 316: head: Default, loss=0.01043524, RMSE_E_per_atom=   15.99 meV, RMSE_F=  280.59 meV / A
2025-10-05 05:07:26.305 INFO: Epoch 317: head: Default, loss=0.01008356, RMSE_E_per_atom=   14.88 meV, RMSE_F=  280.44 meV / A
2025-10-05 05:07:30.005 INFO: Epoch 318: head: Default, loss=0.00977283, RMSE_E_per_atom=   13.93 meV, RMSE_F=  279.82 meV / A
2025-10-05 05:07:33.673 INFO: Epoch 319: head: Default, loss=0.00954657, RMSE_E_per_atom=   13.28 meV, RMSE_F=  278.94 meV / A
2025-10-05 05:07:37.324 INFO: Epoch 320: head: Default, loss=0.00943270, RMSE_E_per_atom=   13.06 meV, RMSE_F=  277.92 meV / A
2025-10-05 05:07:40.855 INFO: Epoch 321: head: Default, loss=0.00930831, RMSE_E_per_atom=   12.52 meV, RMSE_F=  278.17 meV / A
2025-10-05 05:07:44.500 INFO: Epoch 322: head: Default, loss=0.00928489, RMSE_E_per_atom=   12.61 meV, RMSE_F=  277.36 meV / A
2025-10-05 05:07:48.189 INFO: Epoch 323: head: Default, loss=0.00918219, RMSE_E_per_atom=   12.46 meV, RMSE_F=  276.17 meV / A
2025-10-05 05:07:51.914 INFO: Epoch 324: head: Default, loss=0.00901286, RMSE_E_per_atom=   11.95 meV, RMSE_F=  275.34 meV / A
2025-10-05 05:07:55.588 INFO: Epoch 325: head: Default, loss=0.00894441, RMSE_E_per_atom=   11.80 meV, RMSE_F=  274.74 meV / A
2025-10-05 05:07:59.268 INFO: Epoch 326: head: Default, loss=0.00881525, RMSE_E_per_atom=   11.40 meV, RMSE_F=  274.09 meV / A
2025-10-05 05:08:02.982 INFO: Epoch 327: head: Default, loss=0.00876670, RMSE_E_per_atom=   11.27 meV, RMSE_F=  273.72 meV / A
2025-10-05 05:08:06.660 INFO: Epoch 328: head: Default, loss=0.00871764, RMSE_E_per_atom=   11.27 meV, RMSE_F=  272.82 meV / A
2025-10-05 05:08:10.319 INFO: Epoch 329: head: Default, loss=0.00859923, RMSE_E_per_atom=   10.92 meV, RMSE_F=  272.10 meV / A
2025-10-05 05:08:14.010 INFO: Epoch 330: head: Default, loss=0.00851596, RMSE_E_per_atom=   10.74 meV, RMSE_F=  271.27 meV / A
2025-10-05 05:08:17.600 INFO: Epoch 331: head: Default, loss=0.00864415, RMSE_E_per_atom=   11.51 meV, RMSE_F=  270.48 meV / A
2025-10-05 05:08:21.296 INFO: Epoch 332: head: Default, loss=0.00853591, RMSE_E_per_atom=   11.13 meV, RMSE_F=  270.07 meV / A
2025-10-05 05:08:24.949 INFO: Epoch 333: head: Default, loss=0.00847663, RMSE_E_per_atom=   10.94 meV, RMSE_F=  269.78 meV / A
2025-10-05 05:08:28.590 INFO: Epoch 334: head: Default, loss=0.00837378, RMSE_E_per_atom=   10.52 meV, RMSE_F=  269.55 meV / A
2025-10-05 05:08:32.355 INFO: Epoch 335: head: Default, loss=0.00835766, RMSE_E_per_atom=   10.46 meV, RMSE_F=  269.48 meV / A
2025-10-05 05:08:36.055 INFO: Epoch 336: head: Default, loss=0.00829473, RMSE_E_per_atom=   10.27 meV, RMSE_F=  269.03 meV / A
2025-10-05 05:08:39.753 INFO: Epoch 337: head: Default, loss=0.00824517, RMSE_E_per_atom=   10.15 meV, RMSE_F=  268.59 meV / A
2025-10-05 05:08:43.560 INFO: Epoch 338: head: Default, loss=0.00821465, RMSE_E_per_atom=   10.16 meV, RMSE_F=  267.96 meV / A
2025-10-05 05:08:47.262 INFO: Epoch 339: head: Default, loss=0.00817291, RMSE_E_per_atom=   10.12 meV, RMSE_F=  267.35 meV / A
2025-10-05 05:08:50.963 INFO: Epoch 340: head: Default, loss=0.00814621, RMSE_E_per_atom=   10.05 meV, RMSE_F=  267.11 meV / A
2025-10-05 05:08:54.540 INFO: Epoch 341: head: Default, loss=0.00822296, RMSE_E_per_atom=   10.35 meV, RMSE_F=  267.39 meV / A
2025-10-05 05:08:58.232 INFO: Epoch 342: head: Default, loss=0.00817135, RMSE_E_per_atom=   10.14 meV, RMSE_F=  267.23 meV / A
2025-10-05 05:09:01.882 INFO: Epoch 343: head: Default, loss=0.00814505, RMSE_E_per_atom=   10.12 meV, RMSE_F=  266.85 meV / A
2025-10-05 05:09:05.602 INFO: Epoch 344: head: Default, loss=0.00817882, RMSE_E_per_atom=   10.33 meV, RMSE_F=  266.67 meV / A
2025-10-05 05:09:09.275 INFO: Epoch 345: head: Default, loss=0.00823242, RMSE_E_per_atom=   10.52 meV, RMSE_F=  266.96 meV / A
2025-10-05 05:09:12.954 INFO: Epoch 346: head: Default, loss=0.00834570, RMSE_E_per_atom=   11.05 meV, RMSE_F=  266.94 meV / A
2025-10-05 05:09:16.593 INFO: Epoch 347: head: Default, loss=0.00846483, RMSE_E_per_atom=   11.47 meV, RMSE_F=  267.37 meV / A
2025-10-05 05:09:20.267 INFO: Epoch 348: head: Default, loss=0.00852340, RMSE_E_per_atom=   11.64 meV, RMSE_F=  267.72 meV / A
2025-10-05 05:09:23.902 INFO: Epoch 349: head: Default, loss=0.00848238, RMSE_E_per_atom=   11.35 meV, RMSE_F=  268.22 meV / A
2025-10-05 05:09:27.535 INFO: Epoch 350: head: Default, loss=0.00842707, RMSE_E_per_atom=   11.10 meV, RMSE_F=  268.24 meV / A
2025-10-05 05:09:31.055 INFO: Epoch 351: head: Default, loss=0.00837294, RMSE_E_per_atom=   10.96 meV, RMSE_F=  267.82 meV / A
2025-10-05 05:09:34.679 INFO: Epoch 352: head: Default, loss=0.00827609, RMSE_E_per_atom=   10.55 meV, RMSE_F=  267.65 meV / A
2025-10-05 05:09:38.316 INFO: Epoch 353: head: Default, loss=0.00821316, RMSE_E_per_atom=   10.33 meV, RMSE_F=  267.32 meV / A
2025-10-05 05:09:41.945 INFO: Epoch 354: head: Default, loss=0.00814708, RMSE_E_per_atom=   10.05 meV, RMSE_F=  267.18 meV / A
2025-10-05 05:09:45.580 INFO: Epoch 355: head: Default, loss=0.00810876, RMSE_E_per_atom=    9.83 meV, RMSE_F=  267.29 meV / A
2025-10-05 05:09:49.284 INFO: Epoch 356: head: Default, loss=0.00810776, RMSE_E_per_atom=    9.88 meV, RMSE_F=  267.09 meV / A
2025-10-05 05:09:52.983 INFO: Epoch 357: head: Default, loss=0.00808541, RMSE_E_per_atom=    9.75 meV, RMSE_F=  267.15 meV / A
2025-10-05 05:09:56.719 INFO: Epoch 358: head: Default, loss=0.00803253, RMSE_E_per_atom=    9.59 meV, RMSE_F=  266.72 meV / A
2025-10-05 05:10:00.438 INFO: Epoch 359: head: Default, loss=0.00799642, RMSE_E_per_atom=    9.52 meV, RMSE_F=  266.29 meV / A
2025-10-05 05:10:04.166 INFO: Epoch 360: head: Default, loss=0.00797070, RMSE_E_per_atom=    9.44 meV, RMSE_F=  266.10 meV / A
2025-10-05 05:10:07.764 INFO: Epoch 361: head: Default, loss=0.00802024, RMSE_E_per_atom=    9.76 meV, RMSE_F=  265.92 meV / A
2025-10-05 05:10:11.450 INFO: Epoch 362: head: Default, loss=0.00797734, RMSE_E_per_atom=    9.56 meV, RMSE_F=  265.82 meV / A
2025-10-05 05:10:15.083 INFO: Epoch 363: head: Default, loss=0.00795650, RMSE_E_per_atom=    9.45 meV, RMSE_F=  265.85 meV / A
2025-10-05 05:10:18.816 INFO: Epoch 364: head: Default, loss=0.00792531, RMSE_E_per_atom=    9.33 meV, RMSE_F=  265.68 meV / A
2025-10-05 05:10:22.536 INFO: Epoch 365: head: Default, loss=0.00788459, RMSE_E_per_atom=    9.13 meV, RMSE_F=  265.62 meV / A
2025-10-05 05:10:26.290 INFO: Epoch 366: head: Default, loss=0.00783870, RMSE_E_per_atom=    9.00 meV, RMSE_F=  265.17 meV / A
2025-10-05 05:10:29.962 INFO: Epoch 367: head: Default, loss=0.00783862, RMSE_E_per_atom=    8.91 meV, RMSE_F=  265.50 meV / A
2025-10-05 05:10:33.727 INFO: Epoch 368: head: Default, loss=0.00784788, RMSE_E_per_atom=    8.95 meV, RMSE_F=  265.52 meV / A
2025-10-05 05:10:37.420 INFO: Epoch 369: head: Default, loss=0.00785824, RMSE_E_per_atom=    9.04 meV, RMSE_F=  265.41 meV / A
2025-10-05 05:10:41.052 INFO: Epoch 370: head: Default, loss=0.00785941, RMSE_E_per_atom=    9.07 meV, RMSE_F=  265.35 meV / A
2025-10-05 05:10:44.587 INFO: Epoch 371: head: Default, loss=0.00795361, RMSE_E_per_atom=    9.62 meV, RMSE_F=  265.19 meV / A
2025-10-05 05:10:48.247 INFO: Epoch 372: head: Default, loss=0.00791496, RMSE_E_per_atom=    9.44 meV, RMSE_F=  265.11 meV / A
2025-10-05 05:10:51.897 INFO: Epoch 373: head: Default, loss=0.00786434, RMSE_E_per_atom=    9.19 meV, RMSE_F=  265.04 meV / A
2025-10-05 05:10:55.540 INFO: Epoch 374: head: Default, loss=0.00784815, RMSE_E_per_atom=    9.03 meV, RMSE_F=  265.30 meV / A
2025-10-05 05:10:55.542 INFO: Changing loss based on Stage Two Weights
2025-10-05 05:10:59.233 INFO: Epoch 375: head: Default, loss=0.70753746, RMSE_E_per_atom=    8.97 meV, RMSE_F=  264.57 meV / A
2025-10-05 05:11:02.953 INFO: Epoch 376: head: Default, loss=0.70154763, RMSE_E_per_atom=    9.04 meV, RMSE_F=  263.41 meV / A
2025-10-05 05:11:06.678 INFO: Epoch 377: head: Default, loss=0.69235267, RMSE_E_per_atom=    9.00 meV, RMSE_F=  261.67 meV / A
2025-10-05 05:11:10.426 INFO: Epoch 378: head: Default, loss=0.68450490, RMSE_E_per_atom=    9.00 meV, RMSE_F=  260.15 meV / A
2025-10-05 05:11:14.164 INFO: Epoch 379: head: Default, loss=0.67541620, RMSE_E_per_atom=    9.04 meV, RMSE_F=  258.38 meV / A
2025-10-05 05:11:17.903 INFO: Epoch 380: head: Default, loss=0.66761986, RMSE_E_per_atom=    9.08 meV, RMSE_F=  256.86 meV / A
2025-10-05 05:11:21.518 INFO: Epoch 381: head: Default, loss=0.66287367, RMSE_E_per_atom=    9.89 meV, RMSE_F=  255.63 meV / A
2025-10-05 05:11:25.305 INFO: Epoch 382: head: Default, loss=0.65661721, RMSE_E_per_atom=    9.62 meV, RMSE_F=  254.50 meV / A
2025-10-05 05:11:29.036 INFO: Epoch 383: head: Default, loss=0.65141221, RMSE_E_per_atom=    9.31 meV, RMSE_F=  253.58 meV / A
2025-10-05 05:11:32.783 INFO: Epoch 384: head: Default, loss=0.64646653, RMSE_E_per_atom=    9.36 meV, RMSE_F=  252.58 meV / A
2025-10-05 05:11:36.548 INFO: Epoch 385: head: Default, loss=0.64282991, RMSE_E_per_atom=    9.01 meV, RMSE_F=  251.98 meV / A
2025-10-05 05:11:40.263 INFO: Epoch 386: head: Default, loss=0.63979040, RMSE_E_per_atom=    8.96 meV, RMSE_F=  251.39 meV / A
2025-10-05 05:11:44.013 INFO: Epoch 387: head: Default, loss=0.63654252, RMSE_E_per_atom=    8.89 meV, RMSE_F=  250.77 meV / A
2025-10-05 05:11:47.743 INFO: Epoch 388: head: Default, loss=0.63363358, RMSE_E_per_atom=    8.84 meV, RMSE_F=  250.21 meV / A
2025-10-05 05:11:51.463 INFO: Epoch 389: head: Default, loss=0.62778244, RMSE_E_per_atom=    8.80 meV, RMSE_F=  249.04 meV / A
2025-10-05 05:11:55.242 INFO: Epoch 390: head: Default, loss=0.62446172, RMSE_E_per_atom=    8.71 meV, RMSE_F=  248.40 meV / A
2025-10-05 05:11:58.772 INFO: Epoch 391: head: Default, loss=0.62634224, RMSE_E_per_atom=    9.05 meV, RMSE_F=  248.64 meV / A
2025-10-05 05:12:02.419 INFO: Epoch 392: head: Default, loss=0.62388773, RMSE_E_per_atom=    8.82 meV, RMSE_F=  248.23 meV / A
2025-10-05 05:12:06.152 INFO: Epoch 393: head: Default, loss=0.62221242, RMSE_E_per_atom=    8.71 meV, RMSE_F=  247.93 meV / A
2025-10-05 05:12:09.881 INFO: Epoch 394: head: Default, loss=0.61999889, RMSE_E_per_atom=    8.60 meV, RMSE_F=  247.52 meV / A
2025-10-05 05:12:13.614 INFO: Epoch 395: head: Default, loss=0.61853493, RMSE_E_per_atom=    8.55 meV, RMSE_F=  247.25 meV / A
2025-10-05 05:12:17.308 INFO: Epoch 396: head: Default, loss=0.61719706, RMSE_E_per_atom=    8.44 meV, RMSE_F=  247.01 meV / A
2025-10-05 05:12:21.024 INFO: Epoch 397: head: Default, loss=0.61710786, RMSE_E_per_atom=    8.31 meV, RMSE_F=  247.04 meV / A
2025-10-05 05:12:24.791 INFO: Epoch 398: head: Default, loss=0.61675832, RMSE_E_per_atom=    8.29 meV, RMSE_F=  246.98 meV / A
2025-10-05 05:12:28.535 INFO: Epoch 399: head: Default, loss=0.61578003, RMSE_E_per_atom=    8.32 meV, RMSE_F=  246.77 meV / A
2025-10-05 05:12:32.250 INFO: Epoch 400: head: Default, loss=0.61506892, RMSE_E_per_atom=    8.39 meV, RMSE_F=  246.60 meV / A
2025-10-05 05:12:35.835 INFO: Epoch 401: head: Default, loss=0.61674945, RMSE_E_per_atom=    8.76 meV, RMSE_F=  246.81 meV / A
2025-10-05 05:12:39.525 INFO: Epoch 402: head: Default, loss=0.61592034, RMSE_E_per_atom=    8.61 meV, RMSE_F=  246.69 meV / A
2025-10-05 05:12:43.220 INFO: Epoch 403: head: Default, loss=0.61368926, RMSE_E_per_atom=    8.52 meV, RMSE_F=  246.27 meV / A
2025-10-05 05:12:46.986 INFO: Epoch 404: head: Default, loss=0.61351829, RMSE_E_per_atom=    8.39 meV, RMSE_F=  246.28 meV / A
2025-10-05 05:12:50.759 INFO: Epoch 405: head: Default, loss=0.61341267, RMSE_E_per_atom=    8.42 meV, RMSE_F=  246.25 meV / A
2025-10-05 05:12:54.440 INFO: Epoch 406: head: Default, loss=0.61432921, RMSE_E_per_atom=    8.37 meV, RMSE_F=  246.45 meV / A
2025-10-05 05:12:58.091 INFO: Epoch 407: head: Default, loss=0.61400941, RMSE_E_per_atom=    8.33 meV, RMSE_F=  246.40 meV / A
2025-10-05 05:13:01.689 INFO: Epoch 408: head: Default, loss=0.61342320, RMSE_E_per_atom=    8.33 meV, RMSE_F=  246.28 meV / A
2025-10-05 05:13:05.386 INFO: Epoch 409: head: Default, loss=0.61314050, RMSE_E_per_atom=    8.38 meV, RMSE_F=  246.21 meV / A
2025-10-05 05:13:09.137 INFO: Epoch 410: head: Default, loss=0.61261949, RMSE_E_per_atom=    8.29 meV, RMSE_F=  246.13 meV / A
2025-10-05 05:13:12.708 INFO: Epoch 411: head: Default, loss=0.61145583, RMSE_E_per_atom=    8.10 meV, RMSE_F=  245.95 meV / A
2025-10-05 05:13:16.456 INFO: Epoch 412: head: Default, loss=0.61203198, RMSE_E_per_atom=    8.12 meV, RMSE_F=  246.07 meV / A
2025-10-05 05:13:20.083 INFO: Epoch 413: head: Default, loss=0.61346808, RMSE_E_per_atom=    8.17 meV, RMSE_F=  246.34 meV / A
2025-10-05 05:13:23.725 INFO: Epoch 414: head: Default, loss=0.61546311, RMSE_E_per_atom=    8.12 meV, RMSE_F=  246.76 meV / A
2025-10-05 05:13:27.390 INFO: Epoch 415: head: Default, loss=0.61571262, RMSE_E_per_atom=    8.13 meV, RMSE_F=  246.81 meV / A
2025-10-05 05:13:31.054 INFO: Epoch 416: head: Default, loss=0.61501213, RMSE_E_per_atom=    8.13 meV, RMSE_F=  246.66 meV / A
2025-10-05 05:13:34.681 INFO: Epoch 417: head: Default, loss=0.61516138, RMSE_E_per_atom=    8.06 meV, RMSE_F=  246.71 meV / A
2025-10-05 05:13:38.329 INFO: Epoch 418: head: Default, loss=0.61529999, RMSE_E_per_atom=    8.06 meV, RMSE_F=  246.74 meV / A
2025-10-05 05:13:41.967 INFO: Epoch 419: head: Default, loss=0.61818147, RMSE_E_per_atom=    8.05 meV, RMSE_F=  247.32 meV / A
2025-10-05 05:13:45.603 INFO: Epoch 420: head: Default, loss=0.62111424, RMSE_E_per_atom=    8.06 meV, RMSE_F=  247.91 meV / A
2025-10-05 05:13:49.078 INFO: Epoch 421: head: Default, loss=0.62410809, RMSE_E_per_atom=    8.02 meV, RMSE_F=  248.52 meV / A
2025-10-05 05:13:52.755 INFO: Epoch 422: head: Default, loss=0.62473824, RMSE_E_per_atom=    7.95 meV, RMSE_F=  248.67 meV / A
2025-10-05 05:13:56.448 INFO: Epoch 423: head: Default, loss=0.62424419, RMSE_E_per_atom=    7.96 meV, RMSE_F=  248.56 meV / A
2025-10-05 05:14:00.064 INFO: Epoch 424: head: Default, loss=0.62479098, RMSE_E_per_atom=    7.91 meV, RMSE_F=  248.69 meV / A
2025-10-05 05:14:03.727 INFO: Epoch 425: head: Default, loss=0.62328727, RMSE_E_per_atom=    7.86 meV, RMSE_F=  248.40 meV / A
2025-10-05 05:14:07.402 INFO: Epoch 426: head: Default, loss=0.62798996, RMSE_E_per_atom=    7.95 meV, RMSE_F=  249.31 meV / A
2025-10-05 05:14:11.019 INFO: Epoch 427: head: Default, loss=0.63215767, RMSE_E_per_atom=    7.88 meV, RMSE_F=  250.17 meV / A
2025-10-05 05:14:14.629 INFO: Epoch 428: head: Default, loss=0.63312931, RMSE_E_per_atom=    7.83 meV, RMSE_F=  250.37 meV / A
2025-10-05 05:14:18.276 INFO: Epoch 429: head: Default, loss=0.63439464, RMSE_E_per_atom=    7.80 meV, RMSE_F=  250.63 meV / A
2025-10-05 05:14:21.934 INFO: Epoch 430: head: Default, loss=0.63394846, RMSE_E_per_atom=    7.81 meV, RMSE_F=  250.53 meV / A
2025-10-05 05:14:25.449 INFO: Epoch 431: head: Default, loss=0.63235160, RMSE_E_per_atom=    8.04 meV, RMSE_F=  250.15 meV / A
2025-10-05 05:14:29.096 INFO: Epoch 432: head: Default, loss=0.63464070, RMSE_E_per_atom=    7.98 meV, RMSE_F=  250.63 meV / A
2025-10-05 05:14:32.750 INFO: Epoch 433: head: Default, loss=0.63696965, RMSE_E_per_atom=    7.96 meV, RMSE_F=  251.10 meV / A
2025-10-05 05:14:36.388 INFO: Epoch 434: head: Default, loss=0.63787121, RMSE_E_per_atom=    7.93 meV, RMSE_F=  251.28 meV / A
2025-10-05 05:14:39.998 INFO: Epoch 435: head: Default, loss=0.63870361, RMSE_E_per_atom=    7.95 meV, RMSE_F=  251.44 meV / A
2025-10-05 05:14:43.704 INFO: Epoch 436: head: Default, loss=0.64161189, RMSE_E_per_atom=    7.98 meV, RMSE_F=  252.00 meV / A
2025-10-05 05:14:47.403 INFO: Epoch 437: head: Default, loss=0.64444713, RMSE_E_per_atom=    8.01 meV, RMSE_F=  252.55 meV / A
2025-10-05 05:14:51.094 INFO: Epoch 438: head: Default, loss=0.64829023, RMSE_E_per_atom=    8.07 meV, RMSE_F=  253.29 meV / A
2025-10-05 05:14:54.757 INFO: Epoch 439: head: Default, loss=0.64837626, RMSE_E_per_atom=    7.98 meV, RMSE_F=  253.33 meV / A
2025-10-05 05:14:58.393 INFO: Epoch 440: head: Default, loss=0.64481696, RMSE_E_per_atom=    7.97 meV, RMSE_F=  252.64 meV / A
2025-10-05 05:15:01.893 INFO: Epoch 441: head: Default, loss=0.64237712, RMSE_E_per_atom=    7.81 meV, RMSE_F=  252.21 meV / A
2025-10-05 05:15:05.583 INFO: Epoch 442: head: Default, loss=0.64318536, RMSE_E_per_atom=    7.79 meV, RMSE_F=  252.37 meV / A
2025-10-05 05:15:09.231 INFO: Epoch 443: head: Default, loss=0.64159996, RMSE_E_per_atom=    7.76 meV, RMSE_F=  252.07 meV / A
2025-10-05 05:15:12.878 INFO: Epoch 444: head: Default, loss=0.64347318, RMSE_E_per_atom=    7.71 meV, RMSE_F=  252.45 meV / A
2025-10-05 05:15:16.560 INFO: Epoch 445: head: Default, loss=0.64347887, RMSE_E_per_atom=    7.68 meV, RMSE_F=  252.46 meV / A
2025-10-05 05:15:20.317 INFO: Epoch 446: head: Default, loss=0.64617775, RMSE_E_per_atom=    7.66 meV, RMSE_F=  253.00 meV / A
2025-10-05 05:15:24.058 INFO: Epoch 447: head: Default, loss=0.64611928, RMSE_E_per_atom=    7.73 meV, RMSE_F=  252.96 meV / A
2025-10-05 05:15:27.742 INFO: Epoch 448: head: Default, loss=0.64971464, RMSE_E_per_atom=    7.79 meV, RMSE_F=  253.65 meV / A
2025-10-05 05:15:31.409 INFO: Epoch 449: head: Default, loss=0.65278218, RMSE_E_per_atom=    7.78 meV, RMSE_F=  254.25 meV / A
2025-10-05 05:15:35.081 INFO: Epoch 450: head: Default, loss=0.65453783, RMSE_E_per_atom=    7.84 meV, RMSE_F=  254.57 meV / A
2025-10-05 05:15:38.624 INFO: Epoch 451: head: Default, loss=0.65669002, RMSE_E_per_atom=    7.94 meV, RMSE_F=  254.96 meV / A
2025-10-05 05:15:42.290 INFO: Epoch 452: head: Default, loss=0.65691022, RMSE_E_per_atom=    7.87 meV, RMSE_F=  255.03 meV / A
2025-10-05 05:15:46.003 INFO: Epoch 453: head: Default, loss=0.65989704, RMSE_E_per_atom=    7.87 meV, RMSE_F=  255.61 meV / A
2025-10-05 05:15:49.649 INFO: Epoch 454: head: Default, loss=0.66299350, RMSE_E_per_atom=    7.88 meV, RMSE_F=  256.21 meV / A
2025-10-05 05:15:53.297 INFO: Epoch 455: head: Default, loss=0.66269235, RMSE_E_per_atom=    7.93 meV, RMSE_F=  256.13 meV / A
2025-10-05 05:15:56.946 INFO: Epoch 456: head: Default, loss=0.65998945, RMSE_E_per_atom=    7.99 meV, RMSE_F=  255.59 meV / A
2025-10-05 05:16:00.669 INFO: Epoch 457: head: Default, loss=0.66074401, RMSE_E_per_atom=    8.02 meV, RMSE_F=  255.72 meV / A
2025-10-05 05:16:04.318 INFO: Epoch 458: head: Default, loss=0.66235407, RMSE_E_per_atom=    8.06 meV, RMSE_F=  256.02 meV / A
2025-10-05 05:16:07.944 INFO: Epoch 459: head: Default, loss=0.66567936, RMSE_E_per_atom=    8.02 meV, RMSE_F=  256.68 meV / A
2025-10-05 05:16:11.637 INFO: Epoch 460: head: Default, loss=0.66683597, RMSE_E_per_atom=    8.00 meV, RMSE_F=  256.91 meV / A
2025-10-05 05:16:15.175 INFO: Epoch 461: head: Default, loss=0.66986636, RMSE_E_per_atom=    8.16 meV, RMSE_F=  257.45 meV / A
2025-10-05 05:16:18.841 INFO: Epoch 462: head: Default, loss=0.67038689, RMSE_E_per_atom=    8.06 meV, RMSE_F=  257.58 meV / A
2025-10-05 05:16:22.532 INFO: Epoch 463: head: Default, loss=0.67120168, RMSE_E_per_atom=    7.99 meV, RMSE_F=  257.76 meV / A
2025-10-05 05:16:26.221 INFO: Epoch 464: head: Default, loss=0.67521273, RMSE_E_per_atom=    8.00 meV, RMSE_F=  258.53 meV / A
2025-10-05 05:16:29.908 INFO: Epoch 465: head: Default, loss=0.66911615, RMSE_E_per_atom=    7.99 meV, RMSE_F=  257.36 meV / A
2025-10-05 05:16:33.573 INFO: Epoch 466: head: Default, loss=0.67169217, RMSE_E_per_atom=    7.93 meV, RMSE_F=  257.88 meV / A
2025-10-05 05:16:37.277 INFO: Epoch 467: head: Default, loss=0.66262281, RMSE_E_per_atom=    7.96 meV, RMSE_F=  256.12 meV / A
2025-10-05 05:16:40.955 INFO: Epoch 468: head: Default, loss=0.66665208, RMSE_E_per_atom=    7.90 meV, RMSE_F=  256.92 meV / A
2025-10-05 05:16:44.612 INFO: Epoch 469: head: Default, loss=0.66532678, RMSE_E_per_atom=    7.92 meV, RMSE_F=  256.65 meV / A
2025-10-05 05:16:48.337 INFO: Epoch 470: head: Default, loss=0.66221246, RMSE_E_per_atom=    7.83 meV, RMSE_F=  256.06 meV / A
2025-10-05 05:16:51.875 INFO: Epoch 471: head: Default, loss=0.66629146, RMSE_E_per_atom=    8.15 meV, RMSE_F=  256.76 meV / A
2025-10-05 05:16:55.544 INFO: Epoch 472: head: Default, loss=0.66579555, RMSE_E_per_atom=    7.98 meV, RMSE_F=  256.72 meV / A
2025-10-05 05:16:59.243 INFO: Epoch 473: head: Default, loss=0.66423671, RMSE_E_per_atom=    8.00 meV, RMSE_F=  256.41 meV / A
2025-10-05 05:17:02.923 INFO: Epoch 474: head: Default, loss=0.66569530, RMSE_E_per_atom=    7.93 meV, RMSE_F=  256.71 meV / A
2025-10-05 05:17:06.638 INFO: Epoch 475: head: Default, loss=0.66653391, RMSE_E_per_atom=    7.87 meV, RMSE_F=  256.89 meV / A
2025-10-05 05:17:10.372 INFO: Epoch 476: head: Default, loss=0.66743027, RMSE_E_per_atom=    7.76 meV, RMSE_F=  257.09 meV / A
2025-10-05 05:17:14.151 INFO: Epoch 477: head: Default, loss=0.66813344, RMSE_E_per_atom=    7.73 meV, RMSE_F=  257.24 meV / A
2025-10-05 05:17:17.909 INFO: Epoch 478: head: Default, loss=0.66867503, RMSE_E_per_atom=    7.67 meV, RMSE_F=  257.36 meV / A
2025-10-05 05:17:21.630 INFO: Epoch 479: head: Default, loss=0.67044674, RMSE_E_per_atom=    7.62 meV, RMSE_F=  257.71 meV / A
2025-10-05 05:17:25.332 INFO: Epoch 480: head: Default, loss=0.67235383, RMSE_E_per_atom=    7.59 meV, RMSE_F=  258.09 meV / A
2025-10-05 05:17:28.873 INFO: Epoch 481: head: Default, loss=0.67377634, RMSE_E_per_atom=    7.80 meV, RMSE_F=  258.30 meV / A
2025-10-05 05:17:32.555 INFO: Epoch 482: head: Default, loss=0.67793860, RMSE_E_per_atom=    7.73 meV, RMSE_F=  259.12 meV / A
2025-10-05 05:17:36.290 INFO: Epoch 483: head: Default, loss=0.68142817, RMSE_E_per_atom=    7.70 meV, RMSE_F=  259.80 meV / A
2025-10-05 05:17:40.064 INFO: Epoch 484: head: Default, loss=0.67995745, RMSE_E_per_atom=    7.74 meV, RMSE_F=  259.50 meV / A
2025-10-05 05:17:43.809 INFO: Epoch 485: head: Default, loss=0.68322414, RMSE_E_per_atom=    7.75 meV, RMSE_F=  260.13 meV / A
2025-10-05 05:17:47.532 INFO: Epoch 486: head: Default, loss=0.67134074, RMSE_E_per_atom=    7.73 meV, RMSE_F=  257.85 meV / A
2025-10-05 05:17:51.246 INFO: Epoch 487: head: Default, loss=0.66972859, RMSE_E_per_atom=    7.72 meV, RMSE_F=  257.55 meV / A
2025-10-05 05:17:54.953 INFO: Epoch 488: head: Default, loss=0.66819739, RMSE_E_per_atom=    7.70 meV, RMSE_F=  257.25 meV / A
2025-10-05 05:17:58.661 INFO: Epoch 489: head: Default, loss=0.66918529, RMSE_E_per_atom=    7.66 meV, RMSE_F=  257.46 meV / A
2025-10-05 05:18:02.395 INFO: Epoch 490: head: Default, loss=0.67044134, RMSE_E_per_atom=    7.58 meV, RMSE_F=  257.72 meV / A
2025-10-05 05:18:05.998 INFO: Epoch 491: head: Default, loss=0.67391827, RMSE_E_per_atom=    7.82 meV, RMSE_F=  258.32 meV / A
2025-10-05 05:18:09.728 INFO: Epoch 492: head: Default, loss=0.67655022, RMSE_E_per_atom=    7.65 meV, RMSE_F=  258.88 meV / A
2025-10-05 05:18:13.409 INFO: Epoch 493: head: Default, loss=0.67335506, RMSE_E_per_atom=    7.52 meV, RMSE_F=  258.30 meV / A
2025-10-05 05:18:17.128 INFO: Epoch 494: head: Default, loss=0.66706820, RMSE_E_per_atom=    7.38 meV, RMSE_F=  257.13 meV / A
2025-10-05 05:18:20.895 INFO: Epoch 495: head: Default, loss=0.68165406, RMSE_E_per_atom=    7.45 meV, RMSE_F=  259.91 meV / A
2025-10-05 05:18:24.612 INFO: Epoch 496: head: Default, loss=0.69798480, RMSE_E_per_atom=    7.42 meV, RMSE_F=  263.03 meV / A
2025-10-05 05:18:28.352 INFO: Epoch 497: head: Default, loss=0.70984797, RMSE_E_per_atom=    7.42 meV, RMSE_F=  265.26 meV / A
2025-10-05 05:18:32.068 INFO: Epoch 498: head: Default, loss=0.72745729, RMSE_E_per_atom=    7.44 meV, RMSE_F=  268.53 meV / A
2025-10-05 05:18:35.802 INFO: Epoch 499: head: Default, loss=0.74312802, RMSE_E_per_atom=    7.46 meV, RMSE_F=  271.41 meV / A
2025-10-05 05:18:35.805 INFO: Training complete
2025-10-05 05:18:35.806 INFO: 
2025-10-05 05:18:35.807 INFO: ===========RESULTS===========
2025-10-05 05:18:40.888 INFO: Loading checkpoint: models/medium_HfOx-ft_5/medium_ft-HfOx_run-123_epoch-367.pt
2025-10-05 05:18:40.939 INFO: Loaded Stage one model from epoch 367 for evaluation
2025-10-05 05:18:40.941 INFO: Saving model to models/medium_HfOx-ft_5/medium_ft-HfOx_run-123.model
2025-10-05 05:18:41.032 INFO: RUNING CUEQ TO E3NN
2025-10-05 05:18:41.121 INFO: Creating new model without CuEq settings
2025-10-05 05:18:42.779 INFO: Compiling model, saving metadata to models/medium_HfOx-ft_5/medium_ft-HfOx_compiled.model
2025-10-05 05:18:43.566 INFO: Computing metrics for training, validation, and test sets
2025-10-05 05:18:43.568 INFO: Skipping evaluation for heads: ['pt_head']
2025-10-05 05:18:43.570 INFO: Evaluating train_Default ...
2025-10-05 05:18:45.186 INFO: Evaluating valid_Default ...
2025-10-05 05:18:45.705 INFO: Error-table on TRAIN and VALID:
+---------------+---------------------+------------------+-------------------+
|  config_type  | RMSE E / meV / atom | RMSE F / meV / A | relative F RMSE % |
+---------------+---------------------+------------------+-------------------+
| train_Default |            4.3      |        195.7     |         10.38     |
| valid_Default |            8.9      |        265.5     |         12.72     |
+---------------+---------------------+------------------+-------------------+
2025-10-05 05:18:45.707 INFO: Evaluating Default_Default ...
2025-10-05 05:18:50.420 INFO: Error-table on TEST:
+-----------------+---------------------+------------------+-------------------+
|   config_type   | RMSE E / meV / atom | RMSE F / meV / A | relative F RMSE % |
+-----------------+---------------------+------------------+-------------------+
| Default_Default |           10.4      |        254.7     |         13.05     |
+-----------------+---------------------+------------------+-------------------+
2025-10-05 05:18:50.487 INFO: Loading checkpoint: models/medium_HfOx-ft_5/medium_ft-HfOx_run-123_epoch-411_swa.pt
2025-10-05 05:18:50.564 INFO: Loaded Stage two model from epoch 411 for evaluation
2025-10-05 05:18:50.566 INFO: Saving model to models/medium_HfOx-ft_5/medium_ft-HfOx_run-123_stagetwo.model
2025-10-05 05:18:51.116 INFO: RUNING CUEQ TO E3NN
2025-10-05 05:18:51.208 INFO: Creating new model without CuEq settings
2025-10-05 05:18:52.965 INFO: Compiling model, saving metadata models/medium_HfOx-ft_5/medium_ft-HfOx_stagetwo_compiled.model
2025-10-05 05:18:53.784 INFO: Computing metrics for training, validation, and test sets
2025-10-05 05:18:53.786 INFO: Skipping evaluation for heads: ['pt_head']
2025-10-05 05:18:53.788 INFO: Evaluating train_Default ...
2025-10-05 05:18:55.382 INFO: Evaluating valid_Default ...
2025-10-05 05:18:55.889 INFO: Error-table on TRAIN and VALID:
+---------------+---------------------+------------------+-------------------+
|  config_type  | RMSE E / meV / atom | RMSE F / meV / A | relative F RMSE % |
+---------------+---------------------+------------------+-------------------+
| train_Default |            5.8      |        168.5     |          8.98     |
| valid_Default |            8.1      |        246.0     |         11.78     |
+---------------+---------------------+------------------+-------------------+
2025-10-05 05:18:55.890 INFO: Evaluating Default_Default ...
2025-10-05 05:19:00.592 INFO: Error-table on TEST:
+-----------------+---------------------+------------------+-------------------+
|   config_type   | RMSE E / meV / atom | RMSE F / meV / A | relative F RMSE % |
+-----------------+---------------------+------------------+-------------------+
| Default_Default |            9.5      |        276.5     |         14.17     |
+-----------------+---------------------+------------------+-------------------+
2025-10-05 05:19:00.658 INFO: Done
