2025-10-14 17:44:11.462 INFO: ===========VERIFYING SETTINGS===========
2025-10-14 17:44:11.464 INFO: Stage Two is activated as start_stage_two was defined
2025-10-14 17:44:11.464 INFO: MACE version: 0.3.14
2025-10-14 17:44:11.555 INFO: CUDA version: 12.6, CUDA device: 0
2025-10-14 17:44:11.559 INFO: Using foundation model mace-mp-0 small as initial checkpoint.
2025-10-14 17:44:12.707 INFO: CUDA version: 12.6, CUDA device: 0
2025-10-14 17:44:12.717 INFO: ===========LOADING INPUT DATA===========
2025-10-14 17:44:12.718 INFO: Using heads: ['Default']
2025-10-14 17:44:12.719 INFO: Using the key specifications to parse data:
2025-10-14 17:44:12.720 INFO: Default: KeySpecification(info_keys={'energy': 'REF_energy', 'stress': 'REF_stress', 'virials': 'REF_virials', 'dipole': 'dipole', 'head': 'head', 'elec_temp': 'elec_temp', 'total_charge': 'total_charge', 'polarizability': 'polarizability', 'total_spin': 'total_spin'}, arrays_keys={'forces': 'REF_forces', 'charges': 'REF_charges'})
2025-10-14 17:44:12.721 INFO: =============    Processing head Default     ===========
2025-10-14 17:44:14.988 INFO: Training set 1/1 [energy: 361, stress: 361, virials: 0, dipole components: 0, head: 361, elec_temp: 0, total_charge: 0, polarizability: 0, total_spin: 0, forces: 361, charges: 0]
2025-10-14 17:44:14.992 INFO: Total Training set [energy: 361, stress: 361, virials: 0, dipole components: 0, head: 361, elec_temp: 0, total_charge: 0, polarizability: 0, total_spin: 0, forces: 361, charges: 0]
2025-10-14 17:44:16.438 INFO: Validation set 1/1 [energy: 90, stress: 90, virials: 0, dipole components: 0, head: 90, elec_temp: 0, total_charge: 0, polarizability: 0, total_spin: 0, forces: 90, charges: 0]
2025-10-14 17:44:16.439 INFO: Total Validation set [energy: 90, stress: 90, virials: 0, dipole components: 0, head: 90, elec_temp: 0, total_charge: 0, polarizability: 0, total_spin: 0, forces: 90, charges: 0]
2025-10-14 17:44:18.212 INFO: Test set 1/1 [energy: 389, stress: 389, virials: 0, dipole components: 0, head: 389, elec_temp: 0, total_charge: 0, polarizability: 0, total_spin: 0, forces: 389, charges: 0]
2025-10-14 17:44:18.215 INFO: Total Test set [energy: 389, stress: 389, virials: 0, dipole components: 0, head: 389, elec_temp: 0, total_charge: 0, polarizability: 0, total_spin: 0, forces: 389, charges: 0]
2025-10-14 17:44:18.216 INFO: Total number of configurations: train=361, valid=90, tests=[Default_Default: 389],
2025-10-14 17:44:18.224 INFO: Atomic Numbers used: [8, 72]
2025-10-14 17:44:18.224 INFO: Isolated Atomic Energies (E0s) not in training file, using command line argument
2025-10-14 17:44:18.225 INFO: Atomic Energies used (z: eV) for head Default: {8: -444.4382601985303, 72: -1528.3129784907499}
2025-10-14 17:44:18.226 INFO: Processing datasets for head 'Default'
2025-10-14 17:44:20.589 INFO: Combining 1 list datasets for head 'Default'
2025-10-14 17:44:21.248 INFO: Combining 1 list datasets for head 'Default_valid'
2025-10-14 17:44:21.249 INFO: Combined validation datasets for Default
2025-10-14 17:44:21.250 INFO: Head 'Default' training dataset size: 361
2025-10-14 17:44:21.251 INFO: Computing average number of neighbors
2025-10-14 17:44:21.487 INFO: Average number of neighbors: 59.54062481261618
2025-10-14 17:44:21.488 INFO: During training the following quantities will be reported: energy, forces
2025-10-14 17:44:21.489 INFO: ===========MODEL DETAILS===========
2025-10-14 17:44:21.666 INFO: Loading FOUNDATION model
2025-10-14 17:44:21.668 INFO: Using filtered elements: [8, 72]
2025-10-14 17:44:21.669 INFO: Model configuration extracted from foundation model
2025-10-14 17:44:21.670 INFO: Using weighted loss function for fine-tuning
2025-10-14 17:44:21.671 INFO: Message passing with hidden irreps 128x0e)
2025-10-14 17:44:21.671 INFO: 2 layers, each with correlation order: 3 (body order: 4) and spherical harmonics up to: l=3
2025-10-14 17:44:21.672 INFO: Radial cutoff: 6.0 A (total receptive field for each atom: 12.0 A)
2025-10-14 17:44:21.673 INFO: Distance transform for radial basis functions: None
2025-10-14 17:44:22.946 INFO: Total number of parameters: 362138
2025-10-14 17:44:22.948 INFO: 
2025-10-14 17:44:22.948 INFO: ===========OPTIMIZER INFORMATION===========
2025-10-14 17:44:22.949 INFO: Using ADAMW as parameter optimizer
2025-10-14 17:44:22.950 INFO: Batch size: 14
2025-10-14 17:44:22.951 INFO: Using Exponential Moving Average with decay: 0.99
2025-10-14 17:44:22.952 INFO: Number of gradient updates: 7735
2025-10-14 17:44:22.953 INFO: Learning rate: 0.01, weight decay: 5e-07
2025-10-14 17:44:22.954 INFO: WeightedEnergyForcesLoss(energy_weight=1.000, forces_weight=100.000)
2025-10-14 17:44:22.955 INFO: Converting model to CUEQ for accelerated training
2025-10-14 17:44:23.037 INFO: Creating new model with cuequivariance settings
2025-10-14 17:44:26.630 INFO: Stage Two (after 180 epochs) with loss function: WeightedEnergyForcesLoss(energy_weight=1000.000, forces_weight=100.000), with energy weight : 1000.0, forces weight : 100.0 and learning rate : 0.001
2025-10-14 17:44:26.688 INFO: Using Weights and Biases for logging
2025-10-14 17:44:28.369 INFO: Using gradient clipping with tolerance=10.000
2025-10-14 17:44:28.371 INFO: 
2025-10-14 17:44:28.372 INFO: ===========TRAINING===========
2025-10-14 17:44:28.373 INFO: Started training, reporting errors on validation set
2025-10-14 17:44:28.374 INFO: Loss metrics on validation set
2025-10-14 17:44:50.838 INFO: Initial: head: Default, loss=7.52737403, RMSE_E_per_atom= 7885.95 meV, RMSE_F=  361.32 meV / A
2025-10-14 17:45:29.976 INFO: Epoch 0: head: Default, loss=1.26917781, RMSE_E_per_atom= 1498.37 meV, RMSE_F=  326.85 meV / A
2025-10-14 17:45:47.270 INFO: Epoch 1: head: Default, loss=1.54253275, RMSE_E_per_atom= 1483.00 meV, RMSE_F=  364.95 meV / A
2025-10-14 17:45:49.763 INFO: Epoch 2: head: Default, loss=0.70505595, RMSE_E_per_atom=  687.28 meV, RMSE_F=  255.50 meV / A
2025-10-14 17:45:52.405 INFO: Epoch 3: head: Default, loss=0.57232090, RMSE_E_per_atom=  410.85 meV, RMSE_F=  234.61 meV / A
2025-10-14 17:45:54.975 INFO: Epoch 4: head: Default, loss=0.52079459, RMSE_E_per_atom=  257.78 meV, RMSE_F=  225.60 meV / A
2025-10-14 17:45:57.531 INFO: Epoch 5: head: Default, loss=0.49756396, RMSE_E_per_atom=  266.43 meV, RMSE_F=  220.13 meV / A
2025-10-14 17:46:00.089 INFO: Epoch 6: head: Default, loss=0.45634591, RMSE_E_per_atom=  174.32 meV, RMSE_F=  211.68 meV / A
2025-10-14 17:46:02.686 INFO: Epoch 7: head: Default, loss=0.44556428, RMSE_E_per_atom=  191.59 meV, RMSE_F=  208.91 meV / A
2025-10-14 17:46:05.296 INFO: Epoch 8: head: Default, loss=0.44878598, RMSE_E_per_atom=  187.81 meV, RMSE_F=  209.77 meV / A
2025-10-14 17:46:07.802 INFO: Epoch 9: head: Default, loss=0.43638825, RMSE_E_per_atom=  159.89 meV, RMSE_F=  207.02 meV / A
2025-10-14 17:46:10.380 INFO: Epoch 10: head: Default, loss=0.42511384, RMSE_E_per_atom=  150.38 meV, RMSE_F=  204.39 meV / A
2025-10-14 17:46:12.859 INFO: Epoch 11: head: Default, loss=0.47076919, RMSE_E_per_atom=  218.77 meV, RMSE_F=  214.93 meV / A
2025-10-14 17:46:15.374 INFO: Epoch 12: head: Default, loss=0.41226460, RMSE_E_per_atom=  171.59 meV, RMSE_F=  201.27 meV / A
2025-10-14 17:46:17.985 INFO: Epoch 13: head: Default, loss=0.39071846, RMSE_E_per_atom=  155.85 meV, RMSE_F=  195.97 meV / A
2025-10-14 17:46:20.548 INFO: Epoch 14: head: Default, loss=0.38049323, RMSE_E_per_atom=  142.70 meV, RMSE_F=  193.38 meV / A
2025-10-14 17:46:23.100 INFO: Epoch 15: head: Default, loss=0.37025676, RMSE_E_per_atom=  138.51 meV, RMSE_F=  190.72 meV / A
2025-10-14 17:46:25.648 INFO: Epoch 16: head: Default, loss=0.35930794, RMSE_E_per_atom=  122.59 meV, RMSE_F=  187.96 meV / A
2025-10-14 17:46:28.240 INFO: Epoch 17: head: Default, loss=0.35114670, RMSE_E_per_atom=  113.42 meV, RMSE_F=  185.82 meV / A
2025-10-14 17:46:30.817 INFO: Epoch 18: head: Default, loss=0.35313893, RMSE_E_per_atom=  111.09 meV, RMSE_F=  186.41 meV / A
2025-10-14 17:46:33.351 INFO: Epoch 19: head: Default, loss=0.35697348, RMSE_E_per_atom=  131.55 meV, RMSE_F=  187.32 meV / A
2025-10-14 17:46:35.878 INFO: Epoch 20: head: Default, loss=0.35916929, RMSE_E_per_atom=  127.08 meV, RMSE_F=  187.87 meV / A
2025-10-14 17:46:38.323 INFO: Epoch 21: head: Default, loss=0.37472634, RMSE_E_per_atom=  109.34 meV, RMSE_F=  192.06 meV / A
2025-10-14 17:46:40.864 INFO: Epoch 22: head: Default, loss=0.35970237, RMSE_E_per_atom=  102.18 meV, RMSE_F=  188.18 meV / A
2025-10-14 17:46:43.432 INFO: Epoch 23: head: Default, loss=0.34448377, RMSE_E_per_atom=   97.56 meV, RMSE_F=  184.17 meV / A
2025-10-14 17:46:46.032 INFO: Epoch 24: head: Default, loss=0.33290016, RMSE_E_per_atom=  100.23 meV, RMSE_F=  181.03 meV / A
2025-10-14 17:46:48.587 INFO: Epoch 25: head: Default, loss=0.32316387, RMSE_E_per_atom=   98.20 meV, RMSE_F=  178.35 meV / A
2025-10-14 17:46:51.155 INFO: Epoch 26: head: Default, loss=0.31957310, RMSE_E_per_atom=   97.42 meV, RMSE_F=  177.34 meV / A
2025-10-14 17:46:53.738 INFO: Epoch 27: head: Default, loss=0.31887946, RMSE_E_per_atom=   99.95 meV, RMSE_F=  177.15 meV / A
2025-10-14 17:46:56.333 INFO: Epoch 28: head: Default, loss=0.31582896, RMSE_E_per_atom=   99.37 meV, RMSE_F=  176.30 meV / A
2025-10-14 17:46:58.894 INFO: Epoch 29: head: Default, loss=0.31624585, RMSE_E_per_atom=  104.44 meV, RMSE_F=  176.36 meV / A
2025-10-14 17:47:01.384 INFO: Epoch 30: head: Default, loss=0.31298383, RMSE_E_per_atom=   94.59 meV, RMSE_F=  175.47 meV / A
2025-10-14 17:47:03.847 INFO: Epoch 31: head: Default, loss=0.32007909, RMSE_E_per_atom=   80.71 meV, RMSE_F=  177.48 meV / A
2025-10-14 17:47:06.377 INFO: Epoch 32: head: Default, loss=0.31336054, RMSE_E_per_atom=   78.39 meV, RMSE_F=  175.63 meV / A
2025-10-14 17:47:08.920 INFO: Epoch 33: head: Default, loss=0.30875161, RMSE_E_per_atom=   77.91 meV, RMSE_F=  174.34 meV / A
2025-10-14 17:47:11.517 INFO: Epoch 34: head: Default, loss=0.30506881, RMSE_E_per_atom=   76.02 meV, RMSE_F=  173.31 meV / A
2025-10-14 17:47:14.059 INFO: Epoch 35: head: Default, loss=0.30538429, RMSE_E_per_atom=   84.38 meV, RMSE_F=  173.36 meV / A
2025-10-14 17:47:16.557 INFO: Epoch 36: head: Default, loss=0.30185225, RMSE_E_per_atom=   87.24 meV, RMSE_F=  172.33 meV / A
2025-10-14 17:47:19.127 INFO: Epoch 37: head: Default, loss=0.29798884, RMSE_E_per_atom=   81.37 meV, RMSE_F=  171.27 meV / A
2025-10-14 17:47:21.704 INFO: Epoch 38: head: Default, loss=0.29509770, RMSE_E_per_atom=   80.62 meV, RMSE_F=  170.44 meV / A
2025-10-14 17:47:24.268 INFO: Epoch 39: head: Default, loss=0.29060942, RMSE_E_per_atom=   75.08 meV, RMSE_F=  169.17 meV / A
2025-10-14 17:47:26.850 INFO: Epoch 40: head: Default, loss=0.28731071, RMSE_E_per_atom=   82.13 meV, RMSE_F=  168.19 meV / A
2025-10-14 17:47:29.361 INFO: Epoch 41: head: Default, loss=0.29077082, RMSE_E_per_atom=   92.55 meV, RMSE_F=  169.17 meV / A
2025-10-14 17:47:31.888 INFO: Epoch 42: head: Default, loss=0.28702623, RMSE_E_per_atom=   92.01 meV, RMSE_F=  168.07 meV / A
2025-10-14 17:47:34.648 INFO: Epoch 43: head: Default, loss=0.28366582, RMSE_E_per_atom=   85.59 meV, RMSE_F=  167.14 meV / A
2025-10-14 17:47:37.226 INFO: Epoch 44: head: Default, loss=0.27917722, RMSE_E_per_atom=   83.55 meV, RMSE_F=  165.79 meV / A
2025-10-14 17:47:39.844 INFO: Epoch 45: head: Default, loss=0.27735586, RMSE_E_per_atom=   83.12 meV, RMSE_F=  165.25 meV / A
2025-10-14 17:47:42.417 INFO: Epoch 46: head: Default, loss=0.27712435, RMSE_E_per_atom=   82.92 meV, RMSE_F=  165.21 meV / A
2025-10-14 17:47:45.056 INFO: Epoch 47: head: Default, loss=0.27348620, RMSE_E_per_atom=   75.85 meV, RMSE_F=  164.16 meV / A
2025-10-14 17:47:47.629 INFO: Epoch 48: head: Default, loss=0.27027509, RMSE_E_per_atom=   72.31 meV, RMSE_F=  163.19 meV / A
2025-10-14 17:47:50.193 INFO: Epoch 49: head: Default, loss=0.26673260, RMSE_E_per_atom=   68.83 meV, RMSE_F=  162.12 meV / A
2025-10-14 17:47:52.734 INFO: Epoch 50: head: Default, loss=0.26408500, RMSE_E_per_atom=   66.25 meV, RMSE_F=  161.34 meV / A
2025-10-14 17:47:55.231 INFO: Epoch 51: head: Default, loss=0.26424060, RMSE_E_per_atom=   62.07 meV, RMSE_F=  161.42 meV / A
2025-10-14 17:47:57.787 INFO: Epoch 52: head: Default, loss=0.26104031, RMSE_E_per_atom=   60.37 meV, RMSE_F=  160.43 meV / A
2025-10-14 17:48:00.359 INFO: Epoch 53: head: Default, loss=0.25870006, RMSE_E_per_atom=   59.99 meV, RMSE_F=  159.69 meV / A
2025-10-14 17:48:02.924 INFO: Epoch 54: head: Default, loss=0.25700199, RMSE_E_per_atom=   62.45 meV, RMSE_F=  159.20 meV / A
2025-10-14 17:48:05.500 INFO: Epoch 55: head: Default, loss=0.25571806, RMSE_E_per_atom=   61.15 meV, RMSE_F=  158.87 meV / A
2025-10-14 17:48:08.103 INFO: Epoch 56: head: Default, loss=0.25462374, RMSE_E_per_atom=   60.12 meV, RMSE_F=  158.49 meV / A
2025-10-14 17:48:10.701 INFO: Epoch 57: head: Default, loss=0.25641919, RMSE_E_per_atom=   64.27 meV, RMSE_F=  159.01 meV / A
2025-10-14 17:48:13.211 INFO: Epoch 58: head: Default, loss=0.25631883, RMSE_E_per_atom=   64.33 meV, RMSE_F=  158.95 meV / A
2025-10-14 17:48:15.717 INFO: Epoch 59: head: Default, loss=0.25349777, RMSE_E_per_atom=   61.21 meV, RMSE_F=  158.07 meV / A
2025-10-14 17:48:18.303 INFO: Epoch 60: head: Default, loss=0.25169457, RMSE_E_per_atom=   62.53 meV, RMSE_F=  157.49 meV / A
2025-10-14 17:48:20.773 INFO: Epoch 61: head: Default, loss=0.24921934, RMSE_E_per_atom=   61.18 meV, RMSE_F=  156.72 meV / A
2025-10-14 17:48:23.394 INFO: Epoch 62: head: Default, loss=0.25027993, RMSE_E_per_atom=   60.26 meV, RMSE_F=  157.06 meV / A
2025-10-14 17:48:25.908 INFO: Epoch 63: head: Default, loss=0.25168231, RMSE_E_per_atom=   60.30 meV, RMSE_F=  157.49 meV / A
2025-10-14 17:48:28.445 INFO: Epoch 64: head: Default, loss=0.25366921, RMSE_E_per_atom=   62.72 meV, RMSE_F=  158.11 meV / A
2025-10-14 17:48:30.948 INFO: Epoch 65: head: Default, loss=0.25297512, RMSE_E_per_atom=   62.28 meV, RMSE_F=  157.88 meV / A
2025-10-14 17:48:33.475 INFO: Epoch 66: head: Default, loss=0.25173775, RMSE_E_per_atom=   64.53 meV, RMSE_F=  157.49 meV / A
2025-10-14 17:48:36.022 INFO: Epoch 67: head: Default, loss=0.25202795, RMSE_E_per_atom=   59.36 meV, RMSE_F=  157.59 meV / A
2025-10-14 17:48:38.513 INFO: Epoch 68: head: Default, loss=0.25115124, RMSE_E_per_atom=   62.20 meV, RMSE_F=  157.33 meV / A
2025-10-14 17:48:41.011 INFO: Epoch 69: head: Default, loss=0.24984626, RMSE_E_per_atom=   58.66 meV, RMSE_F=  156.94 meV / A
2025-10-14 17:48:43.492 INFO: Epoch 70: head: Default, loss=0.24682619, RMSE_E_per_atom=   54.97 meV, RMSE_F=  156.00 meV / A
2025-10-14 17:48:46.029 INFO: Epoch 71: head: Default, loss=0.25142988, RMSE_E_per_atom=   48.70 meV, RMSE_F=  157.47 meV / A
2025-10-14 17:48:48.548 INFO: Epoch 72: head: Default, loss=0.24662366, RMSE_E_per_atom=   51.89 meV, RMSE_F=  155.94 meV / A
2025-10-14 17:48:51.130 INFO: Epoch 73: head: Default, loss=0.24307710, RMSE_E_per_atom=   49.97 meV, RMSE_F=  154.80 meV / A
2025-10-14 17:48:53.681 INFO: Epoch 74: head: Default, loss=0.24107127, RMSE_E_per_atom=   49.23 meV, RMSE_F=  154.18 meV / A
2025-10-14 17:48:56.265 INFO: Epoch 75: head: Default, loss=0.23955819, RMSE_E_per_atom=   53.36 meV, RMSE_F=  153.69 meV / A
2025-10-14 17:48:58.863 INFO: Epoch 76: head: Default, loss=0.23613813, RMSE_E_per_atom=   48.83 meV, RMSE_F=  152.61 meV / A
2025-10-14 17:49:01.513 INFO: Epoch 77: head: Default, loss=0.23498446, RMSE_E_per_atom=   46.85 meV, RMSE_F=  152.25 meV / A
2025-10-14 17:49:04.095 INFO: Epoch 78: head: Default, loss=0.23357331, RMSE_E_per_atom=   46.17 meV, RMSE_F=  151.79 meV / A
2025-10-14 17:49:06.663 INFO: Epoch 79: head: Default, loss=0.23299908, RMSE_E_per_atom=   51.80 meV, RMSE_F=  151.59 meV / A
2025-10-14 17:49:09.228 INFO: Epoch 80: head: Default, loss=0.23109772, RMSE_E_per_atom=   51.46 meV, RMSE_F=  150.97 meV / A
2025-10-14 17:49:11.735 INFO: Epoch 81: head: Default, loss=0.23073417, RMSE_E_per_atom=   58.00 meV, RMSE_F=  150.84 meV / A
2025-10-14 17:49:14.340 INFO: Epoch 82: head: Default, loss=0.22923324, RMSE_E_per_atom=   52.63 meV, RMSE_F=  150.38 meV / A
2025-10-14 17:49:16.903 INFO: Epoch 83: head: Default, loss=0.22688110, RMSE_E_per_atom=   48.95 meV, RMSE_F=  149.62 meV / A
2025-10-14 17:49:19.479 INFO: Epoch 84: head: Default, loss=0.22331095, RMSE_E_per_atom=   47.91 meV, RMSE_F=  148.44 meV / A
2025-10-14 17:49:22.064 INFO: Epoch 85: head: Default, loss=0.22104368, RMSE_E_per_atom=   45.62 meV, RMSE_F=  147.71 meV / A
2025-10-14 17:49:24.662 INFO: Epoch 86: head: Default, loss=0.22022705, RMSE_E_per_atom=   48.79 meV, RMSE_F=  147.41 meV / A
2025-10-14 17:49:27.239 INFO: Epoch 87: head: Default, loss=0.22162616, RMSE_E_per_atom=   50.05 meV, RMSE_F=  147.86 meV / A
2025-10-14 17:49:29.768 INFO: Epoch 88: head: Default, loss=0.22359873, RMSE_E_per_atom=   52.82 meV, RMSE_F=  148.51 meV / A
2025-10-14 17:49:32.323 INFO: Epoch 89: head: Default, loss=0.22149696, RMSE_E_per_atom=   51.06 meV, RMSE_F=  147.82 meV / A
2025-10-14 17:49:34.812 INFO: Epoch 90: head: Default, loss=0.21956011, RMSE_E_per_atom=   47.50 meV, RMSE_F=  147.18 meV / A
2025-10-14 17:49:37.337 INFO: Epoch 91: head: Default, loss=0.21935933, RMSE_E_per_atom=   46.32 meV, RMSE_F=  147.11 meV / A
2025-10-14 17:49:39.898 INFO: Epoch 92: head: Default, loss=0.21777500, RMSE_E_per_atom=   44.87 meV, RMSE_F=  146.60 meV / A
2025-10-14 17:49:42.439 INFO: Epoch 93: head: Default, loss=0.21626223, RMSE_E_per_atom=   46.18 meV, RMSE_F=  146.09 meV / A
2025-10-14 17:49:45.017 INFO: Epoch 94: head: Default, loss=0.21397927, RMSE_E_per_atom=   46.70 meV, RMSE_F=  145.32 meV / A
2025-10-14 17:49:47.593 INFO: Epoch 95: head: Default, loss=0.21178203, RMSE_E_per_atom=   44.43 meV, RMSE_F=  144.58 meV / A
2025-10-14 17:49:50.204 INFO: Epoch 96: head: Default, loss=0.21081809, RMSE_E_per_atom=   41.53 meV, RMSE_F=  144.25 meV / A
2025-10-14 17:49:52.769 INFO: Epoch 97: head: Default, loss=0.20900330, RMSE_E_per_atom=   40.13 meV, RMSE_F=  143.64 meV / A
2025-10-14 17:49:55.363 INFO: Epoch 98: head: Default, loss=0.20616953, RMSE_E_per_atom=   39.83 meV, RMSE_F=  142.66 meV / A
2025-10-14 17:49:57.922 INFO: Epoch 99: head: Default, loss=0.20747138, RMSE_E_per_atom=   40.05 meV, RMSE_F=  143.11 meV / A
2025-10-14 17:50:00.448 INFO: Epoch 100: head: Default, loss=0.20720765, RMSE_E_per_atom=   42.70 meV, RMSE_F=  142.99 meV / A
2025-10-14 17:50:02.946 INFO: Epoch 101: head: Default, loss=0.21070235, RMSE_E_per_atom=   48.91 meV, RMSE_F=  144.18 meV / A
2025-10-14 17:50:05.480 INFO: Epoch 102: head: Default, loss=0.20971117, RMSE_E_per_atom=   48.25 meV, RMSE_F=  143.86 meV / A
2025-10-14 17:50:07.994 INFO: Epoch 103: head: Default, loss=0.20816945, RMSE_E_per_atom=   43.32 meV, RMSE_F=  143.35 meV / A
2025-10-14 17:50:10.503 INFO: Epoch 104: head: Default, loss=0.20703726, RMSE_E_per_atom=   45.08 meV, RMSE_F=  142.97 meV / A
2025-10-14 17:50:13.035 INFO: Epoch 105: head: Default, loss=0.20532979, RMSE_E_per_atom=   43.61 meV, RMSE_F=  142.38 meV / A
2025-10-14 17:50:15.651 INFO: Epoch 106: head: Default, loss=0.20469334, RMSE_E_per_atom=   45.77 meV, RMSE_F=  142.15 meV / A
2025-10-14 17:50:18.239 INFO: Epoch 107: head: Default, loss=0.20385275, RMSE_E_per_atom=   46.58 meV, RMSE_F=  141.85 meV / A
2025-10-14 17:50:20.832 INFO: Epoch 108: head: Default, loss=0.20437429, RMSE_E_per_atom=   43.70 meV, RMSE_F=  142.05 meV / A
2025-10-14 17:50:23.341 INFO: Epoch 109: head: Default, loss=0.20341564, RMSE_E_per_atom=   48.26 meV, RMSE_F=  141.71 meV / A
2025-10-14 17:50:25.947 INFO: Epoch 110: head: Default, loss=0.20271546, RMSE_E_per_atom=   46.77 meV, RMSE_F=  141.46 meV / A
2025-10-14 17:50:28.477 INFO: Epoch 111: head: Default, loss=0.20513653, RMSE_E_per_atom=   52.14 meV, RMSE_F=  142.32 meV / A
2025-10-14 17:50:31.330 INFO: Epoch 112: head: Default, loss=0.20474971, RMSE_E_per_atom=   52.85 meV, RMSE_F=  142.16 meV / A
2025-10-14 17:50:33.851 INFO: Epoch 113: head: Default, loss=0.20288072, RMSE_E_per_atom=   48.51 meV, RMSE_F=  141.48 meV / A
2025-10-14 17:50:36.395 INFO: Epoch 114: head: Default, loss=0.20546929, RMSE_E_per_atom=   55.36 meV, RMSE_F=  142.36 meV / A
2025-10-14 17:50:38.965 INFO: Epoch 115: head: Default, loss=0.20898059, RMSE_E_per_atom=   49.98 meV, RMSE_F=  143.56 meV / A
2025-10-14 17:50:41.520 INFO: Epoch 116: head: Default, loss=0.21136602, RMSE_E_per_atom=   55.35 meV, RMSE_F=  144.35 meV / A
2025-10-14 17:50:44.032 INFO: Epoch 117: head: Default, loss=0.21123508, RMSE_E_per_atom=   53.76 meV, RMSE_F=  144.32 meV / A
2025-10-14 17:50:46.557 INFO: Epoch 118: head: Default, loss=0.21041829, RMSE_E_per_atom=   53.19 meV, RMSE_F=  144.03 meV / A
2025-10-14 17:50:49.073 INFO: Epoch 119: head: Default, loss=0.20840473, RMSE_E_per_atom=   51.02 meV, RMSE_F=  143.34 meV / A
2025-10-14 17:50:51.597 INFO: Epoch 120: head: Default, loss=0.20551336, RMSE_E_per_atom=   44.74 meV, RMSE_F=  142.37 meV / A
2025-10-14 17:50:54.062 INFO: Epoch 121: head: Default, loss=0.20320133, RMSE_E_per_atom=   40.27 meV, RMSE_F=  141.57 meV / A
2025-10-14 17:50:56.579 INFO: Epoch 122: head: Default, loss=0.20113841, RMSE_E_per_atom=   38.34 meV, RMSE_F=  140.87 meV / A
2025-10-14 17:50:59.195 INFO: Epoch 123: head: Default, loss=0.19862035, RMSE_E_per_atom=   38.02 meV, RMSE_F=  139.97 meV / A
2025-10-14 17:51:01.761 INFO: Epoch 124: head: Default, loss=0.19660413, RMSE_E_per_atom=   36.08 meV, RMSE_F=  139.27 meV / A
2025-10-14 17:51:04.335 INFO: Epoch 125: head: Default, loss=0.19662903, RMSE_E_per_atom=   34.25 meV, RMSE_F=  139.30 meV / A
2025-10-14 17:51:06.912 INFO: Epoch 126: head: Default, loss=0.19475309, RMSE_E_per_atom=   33.50 meV, RMSE_F=  138.64 meV / A
2025-10-14 17:51:09.484 INFO: Epoch 127: head: Default, loss=0.19337135, RMSE_E_per_atom=   33.41 meV, RMSE_F=  138.18 meV / A
2025-10-14 17:51:12.060 INFO: Epoch 128: head: Default, loss=0.19156776, RMSE_E_per_atom=   34.03 meV, RMSE_F=  137.51 meV / A
2025-10-14 17:51:14.612 INFO: Epoch 129: head: Default, loss=0.19100061, RMSE_E_per_atom=   35.01 meV, RMSE_F=  137.32 meV / A
2025-10-14 17:51:17.233 INFO: Epoch 130: head: Default, loss=0.18999958, RMSE_E_per_atom=   32.15 meV, RMSE_F=  136.97 meV / A
2025-10-14 17:51:19.761 INFO: Epoch 131: head: Default, loss=0.18873213, RMSE_E_per_atom=   30.13 meV, RMSE_F=  136.51 meV / A
2025-10-14 17:51:22.336 INFO: Epoch 132: head: Default, loss=0.18767314, RMSE_E_per_atom=   31.69 meV, RMSE_F=  136.12 meV / A
2025-10-14 17:51:24.946 INFO: Epoch 133: head: Default, loss=0.18657318, RMSE_E_per_atom=   29.91 meV, RMSE_F=  135.73 meV / A
2025-10-14 17:51:27.527 INFO: Epoch 134: head: Default, loss=0.18709643, RMSE_E_per_atom=   30.90 meV, RMSE_F=  135.92 meV / A
2025-10-14 17:51:30.078 INFO: Epoch 135: head: Default, loss=0.18926454, RMSE_E_per_atom=   33.69 meV, RMSE_F=  136.70 meV / A
2025-10-14 17:51:32.641 INFO: Epoch 136: head: Default, loss=0.19128732, RMSE_E_per_atom=   35.46 meV, RMSE_F=  137.41 meV / A
2025-10-14 17:51:35.150 INFO: Epoch 137: head: Default, loss=0.19120742, RMSE_E_per_atom=   37.04 meV, RMSE_F=  137.38 meV / A
2025-10-14 17:51:37.665 INFO: Epoch 138: head: Default, loss=0.19102486, RMSE_E_per_atom=   36.09 meV, RMSE_F=  137.30 meV / A
2025-10-14 17:51:40.179 INFO: Epoch 139: head: Default, loss=0.19183608, RMSE_E_per_atom=   37.87 meV, RMSE_F=  137.60 meV / A
2025-10-14 17:51:42.714 INFO: Epoch 140: head: Default, loss=0.19031945, RMSE_E_per_atom=   36.48 meV, RMSE_F=  137.07 meV / A
2025-10-14 17:51:45.192 INFO: Epoch 141: head: Default, loss=0.19256889, RMSE_E_per_atom=   34.33 meV, RMSE_F=  137.82 meV / A
2025-10-14 17:51:47.710 INFO: Epoch 142: head: Default, loss=0.19144960, RMSE_E_per_atom=   36.29 meV, RMSE_F=  137.42 meV / A
2025-10-14 17:51:50.257 INFO: Epoch 143: head: Default, loss=0.19091919, RMSE_E_per_atom=   37.74 meV, RMSE_F=  137.25 meV / A
2025-10-14 17:51:52.753 INFO: Epoch 144: head: Default, loss=0.19044991, RMSE_E_per_atom=   37.55 meV, RMSE_F=  137.08 meV / A
2025-10-14 17:51:55.308 INFO: Epoch 145: head: Default, loss=0.19276592, RMSE_E_per_atom=   36.03 meV, RMSE_F=  137.91 meV / A
2025-10-14 17:51:57.865 INFO: Epoch 146: head: Default, loss=0.19213752, RMSE_E_per_atom=   35.16 meV, RMSE_F=  137.70 meV / A
2025-10-14 17:52:00.383 INFO: Epoch 147: head: Default, loss=0.19031069, RMSE_E_per_atom=   36.00 meV, RMSE_F=  137.05 meV / A
2025-10-14 17:52:02.907 INFO: Epoch 148: head: Default, loss=0.19183684, RMSE_E_per_atom=   37.70 meV, RMSE_F=  137.62 meV / A
2025-10-14 17:52:05.432 INFO: Epoch 149: head: Default, loss=0.19375902, RMSE_E_per_atom=   38.05 meV, RMSE_F=  138.24 meV / A
2025-10-14 17:52:08.001 INFO: Epoch 150: head: Default, loss=0.19455217, RMSE_E_per_atom=   41.60 meV, RMSE_F=  138.52 meV / A
2025-10-14 17:52:10.462 INFO: Epoch 151: head: Default, loss=0.19463665, RMSE_E_per_atom=   31.64 meV, RMSE_F=  138.68 meV / A
2025-10-14 17:52:13.012 INFO: Epoch 152: head: Default, loss=0.19247684, RMSE_E_per_atom=   32.96 meV, RMSE_F=  137.89 meV / A
2025-10-14 17:52:15.548 INFO: Epoch 153: head: Default, loss=0.19081114, RMSE_E_per_atom=   36.16 meV, RMSE_F=  137.29 meV / A
2025-10-14 17:52:18.071 INFO: Epoch 154: head: Default, loss=0.19000412, RMSE_E_per_atom=   35.68 meV, RMSE_F=  137.00 meV / A
2025-10-14 17:52:20.619 INFO: Epoch 155: head: Default, loss=0.18948835, RMSE_E_per_atom=   40.07 meV, RMSE_F=  136.80 meV / A
2025-10-14 17:52:23.171 INFO: Epoch 156: head: Default, loss=0.18867209, RMSE_E_per_atom=   37.57 meV, RMSE_F=  136.50 meV / A
2025-10-14 17:52:25.675 INFO: Epoch 157: head: Default, loss=0.18796442, RMSE_E_per_atom=   39.35 meV, RMSE_F=  136.22 meV / A
2025-10-14 17:52:28.191 INFO: Epoch 158: head: Default, loss=0.18921158, RMSE_E_per_atom=   44.50 meV, RMSE_F=  136.64 meV / A
2025-10-14 17:52:30.709 INFO: Epoch 159: head: Default, loss=0.18849090, RMSE_E_per_atom=   40.74 meV, RMSE_F=  136.38 meV / A
2025-10-14 17:52:33.272 INFO: Epoch 160: head: Default, loss=0.18882125, RMSE_E_per_atom=   37.18 meV, RMSE_F=  136.52 meV / A
2025-10-14 17:52:35.719 INFO: Epoch 161: head: Default, loss=0.19130854, RMSE_E_per_atom=   37.14 meV, RMSE_F=  137.41 meV / A
2025-10-14 17:52:38.239 INFO: Epoch 162: head: Default, loss=0.19048277, RMSE_E_per_atom=   34.43 meV, RMSE_F=  137.13 meV / A
2025-10-14 17:52:40.769 INFO: Epoch 163: head: Default, loss=0.18924590, RMSE_E_per_atom=   35.25 meV, RMSE_F=  136.68 meV / A
2025-10-14 17:52:43.286 INFO: Epoch 164: head: Default, loss=0.18812526, RMSE_E_per_atom=   33.91 meV, RMSE_F=  136.29 meV / A
2025-10-14 17:52:45.837 INFO: Epoch 165: head: Default, loss=0.18592088, RMSE_E_per_atom=   32.89 meV, RMSE_F=  135.48 meV / A
2025-10-14 17:52:48.439 INFO: Epoch 166: head: Default, loss=0.18412859, RMSE_E_per_atom=   32.31 meV, RMSE_F=  134.83 meV / A
2025-10-14 17:52:51.057 INFO: Epoch 167: head: Default, loss=0.18248436, RMSE_E_per_atom=   33.47 meV, RMSE_F=  134.23 meV / A
2025-10-14 17:52:53.673 INFO: Epoch 168: head: Default, loss=0.18343382, RMSE_E_per_atom=   32.25 meV, RMSE_F=  134.59 meV / A
2025-10-14 17:52:56.192 INFO: Epoch 169: head: Default, loss=0.18261834, RMSE_E_per_atom=   30.64 meV, RMSE_F=  134.28 meV / A
2025-10-14 17:52:58.813 INFO: Epoch 170: head: Default, loss=0.18164967, RMSE_E_per_atom=   28.90 meV, RMSE_F=  133.92 meV / A
2025-10-14 17:53:01.316 INFO: Epoch 171: head: Default, loss=0.18052436, RMSE_E_per_atom=   32.45 meV, RMSE_F=  133.50 meV / A
2025-10-14 17:53:03.886 INFO: Epoch 172: head: Default, loss=0.17965351, RMSE_E_per_atom=   35.07 meV, RMSE_F=  133.16 meV / A
2025-10-14 17:53:06.503 INFO: Epoch 173: head: Default, loss=0.17825947, RMSE_E_per_atom=   32.53 meV, RMSE_F=  132.64 meV / A
2025-10-14 17:53:09.111 INFO: Epoch 174: head: Default, loss=0.17760163, RMSE_E_per_atom=   31.81 meV, RMSE_F=  132.41 meV / A
2025-10-14 17:53:11.726 INFO: Epoch 175: head: Default, loss=0.17820087, RMSE_E_per_atom=   29.97 meV, RMSE_F=  132.64 meV / A
2025-10-14 17:53:14.239 INFO: Epoch 176: head: Default, loss=0.17801826, RMSE_E_per_atom=   32.05 meV, RMSE_F=  132.54 meV / A
2025-10-14 17:53:16.777 INFO: Epoch 177: head: Default, loss=0.17879556, RMSE_E_per_atom=   32.27 meV, RMSE_F=  132.83 meV / A
2025-10-14 17:53:19.322 INFO: Epoch 178: head: Default, loss=0.17843390, RMSE_E_per_atom=   31.35 meV, RMSE_F=  132.71 meV / A
2025-10-14 17:53:21.863 INFO: Epoch 179: head: Default, loss=0.17922357, RMSE_E_per_atom=   28.91 meV, RMSE_F=  133.01 meV / A
2025-10-14 17:53:21.865 INFO: Changing loss based on Stage Two Weights
2025-10-14 17:53:24.428 INFO: Epoch 180: head: Default, loss=0.24543173, RMSE_E_per_atom=   25.57 meV, RMSE_F=  133.37 meV / A
2025-10-14 17:53:26.925 INFO: Epoch 181: head: Default, loss=0.23191671, RMSE_E_per_atom=   22.58 meV, RMSE_F=  133.71 meV / A
2025-10-14 17:53:29.493 INFO: Epoch 182: head: Default, loss=0.22325061, RMSE_E_per_atom=   20.43 meV, RMSE_F=  133.92 meV / A
2025-10-14 17:53:32.073 INFO: Epoch 183: head: Default, loss=0.21664427, RMSE_E_per_atom=   18.64 meV, RMSE_F=  134.09 meV / A
2025-10-14 17:53:34.679 INFO: Epoch 184: head: Default, loss=0.21342203, RMSE_E_per_atom=   17.75 meV, RMSE_F=  134.10 meV / A
2025-10-14 17:53:37.274 INFO: Epoch 185: head: Default, loss=0.21098255, RMSE_E_per_atom=   16.99 meV, RMSE_F=  134.17 meV / A
2025-10-14 17:53:39.824 INFO: Epoch 186: head: Default, loss=0.20729549, RMSE_E_per_atom=   15.82 meV, RMSE_F=  134.22 meV / A
2025-10-14 17:53:42.441 INFO: Epoch 187: head: Default, loss=0.20470362, RMSE_E_per_atom=   15.00 meV, RMSE_F=  134.18 meV / A
2025-10-14 17:53:45.045 INFO: Epoch 188: head: Default, loss=0.20242292, RMSE_E_per_atom=   14.28 meV, RMSE_F=  134.12 meV / A
2025-10-14 17:53:47.639 INFO: Epoch 189: head: Default, loss=0.20270799, RMSE_E_per_atom=   14.54 meV, RMSE_F=  133.95 meV / A
2025-10-14 17:53:50.193 INFO: Epoch 190: head: Default, loss=0.20015990, RMSE_E_per_atom=   13.70 meV, RMSE_F=  133.87 meV / A
2025-10-14 17:53:52.725 INFO: Epoch 191: head: Default, loss=0.19963054, RMSE_E_per_atom=   13.50 meV, RMSE_F=  133.86 meV / A
2025-10-14 17:53:55.313 INFO: Epoch 192: head: Default, loss=0.19794707, RMSE_E_per_atom=   13.06 meV, RMSE_F=  133.67 meV / A
2025-10-14 17:53:57.893 INFO: Epoch 193: head: Default, loss=0.19674319, RMSE_E_per_atom=   12.81 meV, RMSE_F=  133.47 meV / A
2025-10-14 17:54:00.498 INFO: Epoch 194: head: Default, loss=0.19683340, RMSE_E_per_atom=   12.98 meV, RMSE_F=  133.33 meV / A
2025-10-14 17:54:03.081 INFO: Epoch 195: head: Default, loss=0.19602650, RMSE_E_per_atom=   12.90 meV, RMSE_F=  133.11 meV / A
2025-10-14 17:54:05.696 INFO: Epoch 196: head: Default, loss=0.19572191, RMSE_E_per_atom=   12.95 meV, RMSE_F=  132.95 meV / A
2025-10-14 17:54:08.305 INFO: Epoch 197: head: Default, loss=0.19634306, RMSE_E_per_atom=   13.23 meV, RMSE_F=  132.90 meV / A
2025-10-14 17:54:10.825 INFO: Epoch 198: head: Default, loss=0.19571292, RMSE_E_per_atom=   13.02 meV, RMSE_F=  132.87 meV / A
2025-10-14 17:54:13.438 INFO: Epoch 199: head: Default, loss=0.19548649, RMSE_E_per_atom=   12.96 meV, RMSE_F=  132.84 meV / A
2025-10-14 17:54:16.048 INFO: Epoch 200: head: Default, loss=0.19521079, RMSE_E_per_atom=   12.90 meV, RMSE_F=  132.79 meV / A
2025-10-14 17:54:18.537 INFO: Epoch 201: head: Default, loss=0.19491614, RMSE_E_per_atom=   12.83 meV, RMSE_F=  132.75 meV / A
2025-10-14 17:54:21.159 INFO: Epoch 202: head: Default, loss=0.19417511, RMSE_E_per_atom=   12.49 meV, RMSE_F=  132.79 meV / A
2025-10-14 17:54:23.744 INFO: Epoch 203: head: Default, loss=0.19429247, RMSE_E_per_atom=   12.74 meV, RMSE_F=  132.61 meV / A
2025-10-14 17:54:26.341 INFO: Epoch 204: head: Default, loss=0.19350604, RMSE_E_per_atom=   12.54 meV, RMSE_F=  132.51 meV / A
2025-10-14 17:54:28.938 INFO: Epoch 205: head: Default, loss=0.19574172, RMSE_E_per_atom=   13.47 meV, RMSE_F=  132.44 meV / A
2025-10-14 17:54:31.444 INFO: Epoch 206: head: Default, loss=0.19388048, RMSE_E_per_atom=   12.86 meV, RMSE_F=  132.34 meV / A
2025-10-14 17:54:34.001 INFO: Epoch 207: head: Default, loss=0.19147823, RMSE_E_per_atom=   11.98 meV, RMSE_F=  132.26 meV / A
2025-10-14 17:54:36.608 INFO: Epoch 208: head: Default, loss=0.19065357, RMSE_E_per_atom=   11.65 meV, RMSE_F=  132.24 meV / A
2025-10-14 17:54:39.247 INFO: Epoch 209: head: Default, loss=0.19028748, RMSE_E_per_atom=   11.61 meV, RMSE_F=  132.15 meV / A
2025-10-14 17:54:41.822 INFO: Epoch 210: head: Default, loss=0.19071882, RMSE_E_per_atom=   12.06 meV, RMSE_F=  131.92 meV / A
2025-10-14 17:54:44.282 INFO: Epoch 211: head: Default, loss=0.19307949, RMSE_E_per_atom=   12.97 meV, RMSE_F=  131.95 meV / A
2025-10-14 17:54:46.851 INFO: Epoch 212: head: Default, loss=0.19466697, RMSE_E_per_atom=   13.58 meV, RMSE_F=  131.93 meV / A
2025-10-14 17:54:49.425 INFO: Epoch 213: head: Default, loss=0.19381877, RMSE_E_per_atom=   13.34 meV, RMSE_F=  131.85 meV / A
2025-10-14 17:54:51.978 INFO: Epoch 214: head: Default, loss=0.19312845, RMSE_E_per_atom=   13.10 meV, RMSE_F=  131.83 meV / A
2025-10-14 17:54:54.518 INFO: Epoch 215: head: Default, loss=0.19123650, RMSE_E_per_atom=   12.42 meV, RMSE_F=  131.78 meV / A
2025-10-14 17:54:57.041 INFO: Epoch 216: head: Default, loss=0.18938841, RMSE_E_per_atom=   11.68 meV, RMSE_F=  131.74 meV / A
2025-10-14 17:54:59.610 INFO: Epoch 217: head: Default, loss=0.18864021, RMSE_E_per_atom=   11.40 meV, RMSE_F=  131.70 meV / A
2025-10-14 17:55:02.201 INFO: Epoch 218: head: Default, loss=0.18833273, RMSE_E_per_atom=   11.43 meV, RMSE_F=  131.57 meV / A
2025-10-14 17:55:04.843 INFO: Epoch 219: head: Default, loss=0.18791406, RMSE_E_per_atom=   11.34 meV, RMSE_F=  131.49 meV / A
2025-10-14 17:55:07.441 INFO: Epoch 220: head: Default, loss=0.18803966, RMSE_E_per_atom=   11.36 meV, RMSE_F=  131.51 meV / A
2025-10-14 17:55:09.905 INFO: Epoch 221: head: Default, loss=0.18922286, RMSE_E_per_atom=   11.95 meV, RMSE_F=  131.44 meV / A
2025-10-14 17:55:12.453 INFO: Epoch 222: head: Default, loss=0.18825764, RMSE_E_per_atom=   11.59 meV, RMSE_F=  131.40 meV / A
2025-10-14 17:55:14.983 INFO: Epoch 223: head: Default, loss=0.18690751, RMSE_E_per_atom=   11.23 meV, RMSE_F=  131.20 meV / A
2025-10-14 17:55:17.623 INFO: Epoch 224: head: Default, loss=0.18605588, RMSE_E_per_atom=   10.98 meV, RMSE_F=  131.09 meV / A
2025-10-14 17:55:20.232 INFO: Epoch 225: head: Default, loss=0.18600906, RMSE_E_per_atom=   11.02 meV, RMSE_F=  131.05 meV / A
2025-10-14 17:55:22.818 INFO: Epoch 226: head: Default, loss=0.18554046, RMSE_E_per_atom=   10.90 meV, RMSE_F=  130.97 meV / A
2025-10-14 17:55:25.418 INFO: Epoch 227: head: Default, loss=0.18495827, RMSE_E_per_atom=   10.66 meV, RMSE_F=  130.94 meV / A
2025-10-14 17:55:28.004 INFO: Epoch 228: head: Default, loss=0.18489224, RMSE_E_per_atom=   10.71 meV, RMSE_F=  130.89 meV / A
2025-10-14 17:55:30.616 INFO: Epoch 229: head: Default, loss=0.18430601, RMSE_E_per_atom=   10.47 meV, RMSE_F=  130.86 meV / A
2025-10-14 17:55:33.174 INFO: Epoch 230: head: Default, loss=0.18465857, RMSE_E_per_atom=   10.54 meV, RMSE_F=  130.93 meV / A
2025-10-14 17:55:35.622 INFO: Epoch 231: head: Default, loss=0.18586159, RMSE_E_per_atom=   11.00 meV, RMSE_F=  131.01 meV / A
2025-10-14 17:55:38.131 INFO: Epoch 232: head: Default, loss=0.18564106, RMSE_E_per_atom=   10.92 meV, RMSE_F=  131.00 meV / A
2025-10-14 17:55:40.674 INFO: Epoch 233: head: Default, loss=0.18527154, RMSE_E_per_atom=   10.77 meV, RMSE_F=  130.99 meV / A
2025-10-14 17:55:43.230 INFO: Epoch 234: head: Default, loss=0.18552766, RMSE_E_per_atom=   10.97 meV, RMSE_F=  130.92 meV / A
2025-10-14 17:55:45.744 INFO: Epoch 235: head: Default, loss=0.18648742, RMSE_E_per_atom=   11.46 meV, RMSE_F=  130.87 meV / A
2025-10-14 17:55:48.291 INFO: Epoch 236: head: Default, loss=0.18615417, RMSE_E_per_atom=   11.50 meV, RMSE_F=  130.71 meV / A
2025-10-14 17:55:50.811 INFO: Epoch 237: head: Default, loss=0.18552919, RMSE_E_per_atom=   11.31 meV, RMSE_F=  130.63 meV / A
2025-10-14 17:55:53.358 INFO: Epoch 238: head: Default, loss=0.18483664, RMSE_E_per_atom=   11.02 meV, RMSE_F=  130.61 meV / A
2025-10-14 17:55:55.902 INFO: Epoch 239: head: Default, loss=0.18424505, RMSE_E_per_atom=   10.72 meV, RMSE_F=  130.63 meV / A
2025-10-14 17:55:58.495 INFO: Epoch 240: head: Default, loss=0.18417052, RMSE_E_per_atom=   10.84 meV, RMSE_F=  130.51 meV / A
2025-10-14 17:56:00.996 INFO: Epoch 241: head: Default, loss=0.18364972, RMSE_E_per_atom=   10.72 meV, RMSE_F=  130.41 meV / A
2025-10-14 17:56:03.608 INFO: Epoch 242: head: Default, loss=0.18368921, RMSE_E_per_atom=   10.85 meV, RMSE_F=  130.32 meV / A
2025-10-14 17:56:06.193 INFO: Epoch 243: head: Default, loss=0.18554823, RMSE_E_per_atom=   11.70 meV, RMSE_F=  130.29 meV / A
2025-10-14 17:56:08.754 INFO: Epoch 244: head: Default, loss=0.18519969, RMSE_E_per_atom=   11.48 meV, RMSE_F=  130.36 meV / A
2025-10-14 17:56:11.299 INFO: Epoch 245: head: Default, loss=0.18412829, RMSE_E_per_atom=   10.86 meV, RMSE_F=  130.48 meV / A
2025-10-14 17:56:13.839 INFO: Epoch 246: head: Default, loss=0.18377767, RMSE_E_per_atom=   10.79 meV, RMSE_F=  130.41 meV / A
2025-10-14 17:56:16.361 INFO: Epoch 247: head: Default, loss=0.18358711, RMSE_E_per_atom=   10.75 meV, RMSE_F=  130.37 meV / A
2025-10-14 17:56:19.013 INFO: Epoch 248: head: Default, loss=0.18363576, RMSE_E_per_atom=   10.92 meV, RMSE_F=  130.25 meV / A
2025-10-14 17:56:21.588 INFO: Epoch 249: head: Default, loss=0.18315977, RMSE_E_per_atom=   10.67 meV, RMSE_F=  130.27 meV / A
2025-10-14 17:56:24.168 INFO: Epoch 250: head: Default, loss=0.18267255, RMSE_E_per_atom=   10.59 meV, RMSE_F=  130.15 meV / A
2025-10-14 17:56:26.677 INFO: Epoch 251: head: Default, loss=0.18161635, RMSE_E_per_atom=   10.19 meV, RMSE_F=  130.06 meV / A
2025-10-14 17:56:29.260 INFO: Epoch 252: head: Default, loss=0.18111241, RMSE_E_per_atom=   10.23 meV, RMSE_F=  129.84 meV / A
2025-10-14 17:56:31.887 INFO: Epoch 253: head: Default, loss=0.18113392, RMSE_E_per_atom=   10.34 meV, RMSE_F=  129.77 meV / A
2025-10-14 17:56:34.406 INFO: Epoch 254: head: Default, loss=0.18090237, RMSE_E_per_atom=   10.31 meV, RMSE_F=  129.70 meV / A
2025-10-14 17:56:36.984 INFO: Epoch 255: head: Default, loss=0.18070110, RMSE_E_per_atom=   10.36 meV, RMSE_F=  129.58 meV / A
2025-10-14 17:56:39.568 INFO: Epoch 256: head: Default, loss=0.18049778, RMSE_E_per_atom=   10.32 meV, RMSE_F=  129.53 meV / A
2025-10-14 17:56:42.170 INFO: Epoch 257: head: Default, loss=0.18040723, RMSE_E_per_atom=   10.29 meV, RMSE_F=  129.51 meV / A
2025-10-14 17:56:44.796 INFO: Epoch 258: head: Default, loss=0.18044647, RMSE_E_per_atom=   10.33 meV, RMSE_F=  129.49 meV / A
2025-10-14 17:56:47.336 INFO: Epoch 259: head: Default, loss=0.18089565, RMSE_E_per_atom=   10.49 meV, RMSE_F=  129.53 meV / A
2025-10-14 17:56:49.884 INFO: Epoch 260: head: Default, loss=0.18108064, RMSE_E_per_atom=   10.65 meV, RMSE_F=  129.47 meV / A
2025-10-14 17:56:52.329 INFO: Epoch 261: head: Default, loss=0.18492048, RMSE_E_per_atom=   12.17 meV, RMSE_F=  129.61 meV / A
2025-10-14 17:56:54.870 INFO: Epoch 262: head: Default, loss=0.18392133, RMSE_E_per_atom=   11.80 meV, RMSE_F=  129.57 meV / A
2025-10-14 17:56:57.441 INFO: Epoch 263: head: Default, loss=0.18288027, RMSE_E_per_atom=   11.27 meV, RMSE_F=  129.64 meV / A
2025-10-14 17:57:00.001 INFO: Epoch 264: head: Default, loss=0.18106455, RMSE_E_per_atom=   10.48 meV, RMSE_F=  129.62 meV / A
2025-10-14 17:57:02.558 INFO: Epoch 265: head: Default, loss=0.18240398, RMSE_E_per_atom=   11.14 meV, RMSE_F=  129.58 meV / A
2025-10-14 17:57:05.075 INFO: Epoch 266: head: Default, loss=0.18145669, RMSE_E_per_atom=   10.72 meV, RMSE_F=  129.58 meV / A
2025-10-14 17:57:07.620 INFO: Epoch 267: head: Default, loss=0.18082746, RMSE_E_per_atom=   10.45 meV, RMSE_F=  129.56 meV / A
2025-10-14 17:57:10.192 INFO: Epoch 268: head: Default, loss=0.18040274, RMSE_E_per_atom=   10.24 meV, RMSE_F=  129.56 meV / A
2025-10-14 17:57:12.761 INFO: Epoch 269: head: Default, loss=0.17990815, RMSE_E_per_atom=   10.00 meV, RMSE_F=  129.56 meV / A
2025-10-14 17:57:15.350 INFO: Epoch 270: head: Default, loss=0.18012188, RMSE_E_per_atom=   10.02 meV, RMSE_F=  129.63 meV / A
2025-10-14 17:57:17.798 INFO: Epoch 271: head: Default, loss=0.18011256, RMSE_E_per_atom=    9.97 meV, RMSE_F=  129.66 meV / A
2025-10-14 17:57:20.364 INFO: Epoch 272: head: Default, loss=0.17996153, RMSE_E_per_atom=    9.92 meV, RMSE_F=  129.64 meV / A
2025-10-14 17:57:22.948 INFO: Epoch 273: head: Default, loss=0.18012695, RMSE_E_per_atom=   10.00 meV, RMSE_F=  129.64 meV / A
2025-10-14 17:57:25.495 INFO: Epoch 274: head: Default, loss=0.17973755, RMSE_E_per_atom=    9.88 meV, RMSE_F=  129.58 meV / A
2025-10-14 17:57:28.109 INFO: Epoch 275: head: Default, loss=0.17960083, RMSE_E_per_atom=    9.90 meV, RMSE_F=  129.51 meV / A
2025-10-14 17:57:30.685 INFO: Epoch 276: head: Default, loss=0.17977810, RMSE_E_per_atom=   10.20 meV, RMSE_F=  129.35 meV / A
2025-10-14 17:57:33.224 INFO: Epoch 277: head: Default, loss=0.17962689, RMSE_E_per_atom=   10.33 meV, RMSE_F=  129.19 meV / A
2025-10-14 17:57:35.778 INFO: Epoch 278: head: Default, loss=0.17931171, RMSE_E_per_atom=   10.20 meV, RMSE_F=  129.17 meV / A
2025-10-14 17:57:38.394 INFO: Epoch 279: head: Default, loss=0.17881291, RMSE_E_per_atom=    9.95 meV, RMSE_F=  129.18 meV / A
2025-10-14 17:57:40.980 INFO: Epoch 280: head: Default, loss=0.17867564, RMSE_E_per_atom=    9.96 meV, RMSE_F=  129.13 meV / A
2025-10-14 17:57:43.501 INFO: Epoch 281: head: Default, loss=0.17848662, RMSE_E_per_atom=    9.89 meV, RMSE_F=  129.12 meV / A
2025-10-14 17:57:46.149 INFO: Epoch 282: head: Default, loss=0.17811655, RMSE_E_per_atom=    9.83 meV, RMSE_F=  129.02 meV / A
2025-10-14 17:57:48.766 INFO: Epoch 283: head: Default, loss=0.17777593, RMSE_E_per_atom=    9.79 meV, RMSE_F=  128.92 meV / A
2025-10-14 17:57:51.355 INFO: Epoch 284: head: Default, loss=0.17842170, RMSE_E_per_atom=   10.11 meV, RMSE_F=  128.92 meV / A
2025-10-14 17:57:53.875 INFO: Epoch 285: head: Default, loss=0.17811754, RMSE_E_per_atom=    9.97 meV, RMSE_F=  128.90 meV / A
2025-10-14 17:57:56.433 INFO: Epoch 286: head: Default, loss=0.17787624, RMSE_E_per_atom=    9.85 meV, RMSE_F=  128.91 meV / A
2025-10-14 17:57:58.998 INFO: Epoch 287: head: Default, loss=0.17788067, RMSE_E_per_atom=    9.82 meV, RMSE_F=  128.92 meV / A
2025-10-14 17:58:01.524 INFO: Epoch 288: head: Default, loss=0.17820613, RMSE_E_per_atom=    9.96 meV, RMSE_F=  128.94 meV / A
2025-10-14 17:58:04.039 INFO: Epoch 289: head: Default, loss=0.17843291, RMSE_E_per_atom=   10.07 meV, RMSE_F=  128.94 meV / A
2025-10-14 17:58:06.610 INFO: Epoch 290: head: Default, loss=0.17831033, RMSE_E_per_atom=   10.05 meV, RMSE_F=  128.91 meV / A
2025-10-14 17:58:09.071 INFO: Epoch 291: head: Default, loss=0.17893629, RMSE_E_per_atom=   10.34 meV, RMSE_F=  128.92 meV / A
2025-10-14 17:58:11.664 INFO: Epoch 292: head: Default, loss=0.17882192, RMSE_E_per_atom=   10.22 meV, RMSE_F=  128.97 meV / A
2025-10-14 17:58:14.215 INFO: Epoch 293: head: Default, loss=0.18076019, RMSE_E_per_atom=   11.07 meV, RMSE_F=  129.02 meV / A
2025-10-14 17:58:16.743 INFO: Epoch 294: head: Default, loss=0.18082902, RMSE_E_per_atom=   11.08 meV, RMSE_F=  129.04 meV / A
2025-10-14 17:58:19.280 INFO: Epoch 295: head: Default, loss=0.17976944, RMSE_E_per_atom=   10.59 meV, RMSE_F=  129.04 meV / A
2025-10-14 17:58:21.819 INFO: Epoch 296: head: Default, loss=0.17938751, RMSE_E_per_atom=   10.55 meV, RMSE_F=  128.93 meV / A
2025-10-14 17:58:24.396 INFO: Epoch 297: head: Default, loss=0.17872359, RMSE_E_per_atom=   10.28 meV, RMSE_F=  128.89 meV / A
2025-10-14 17:58:26.951 INFO: Epoch 298: head: Default, loss=0.17798460, RMSE_E_per_atom=   10.01 meV, RMSE_F=  128.81 meV / A
2025-10-14 17:58:29.471 INFO: Epoch 299: head: Default, loss=0.17813160, RMSE_E_per_atom=   10.10 meV, RMSE_F=  128.80 meV / A
2025-10-14 17:58:29.473 INFO: Training complete
2025-10-14 17:58:29.474 INFO: 
2025-10-14 17:58:29.476 INFO: ===========RESULTS===========
2025-10-14 17:58:31.286 INFO: Loading checkpoint: models/final_small-1_lila_HfOx-4/small_ft-HfOx_run-555_epoch-174.pt
2025-10-14 17:58:31.339 INFO: Loaded Stage one model from epoch 174 for evaluation
2025-10-14 17:58:31.341 INFO: Saving model to models/final_small-1_lila_HfOx-4/small_ft-HfOx_run-555.model
2025-10-14 17:58:31.397 INFO: RUNING CUEQ TO E3NN
2025-10-14 17:58:31.450 INFO: Creating new model without CuEq settings
2025-10-14 17:58:32.617 INFO: Compiling model, saving metadata to models/final_small-1_lila_HfOx-4/small_ft-HfOx_compiled.model
2025-10-14 17:58:33.316 INFO: Computing metrics for training, validation, and test sets
2025-10-14 17:58:33.318 INFO: Skipping evaluation for heads: ['pt_head']
2025-10-14 17:58:33.320 INFO: Evaluating train_Default ...
2025-10-14 17:58:34.469 INFO: Evaluating valid_Default ...
2025-10-14 17:58:34.859 INFO: Error-table on TRAIN and VALID:
+---------------+---------------------+------------------+-------------------+
|  config_type  | RMSE E / meV / atom | RMSE F / meV / A | relative F RMSE % |
+---------------+---------------------+------------------+-------------------+
| train_Default |           23.1      |        119.4     |          9.80     |
| valid_Default |           31.8      |        132.4     |         11.73     |
+---------------+---------------------+------------------+-------------------+
2025-10-14 17:58:34.861 INFO: Evaluating Default_Default ...
2025-10-14 17:58:36.436 INFO: Error-table on TEST:
+-----------------+---------------------+------------------+-------------------+
|   config_type   | RMSE E / meV / atom | RMSE F / meV / A | relative F RMSE % |
+-----------------+---------------------+------------------+-------------------+
| Default_Default |           24.4      |         91.7     |         10.14     |
+-----------------+---------------------+------------------+-------------------+
2025-10-14 17:58:36.486 INFO: Loading checkpoint: models/final_small-1_lila_HfOx-4/small_ft-HfOx_run-555_epoch-283_swa.pt
2025-10-14 17:58:36.553 INFO: Loaded Stage two model from epoch 283 for evaluation
2025-10-14 17:58:36.555 INFO: Saving model to models/final_small-1_lila_HfOx-4/small_ft-HfOx_run-555_stagetwo.model
2025-10-14 17:58:36.610 INFO: RUNING CUEQ TO E3NN
2025-10-14 17:58:36.663 INFO: Creating new model without CuEq settings
2025-10-14 17:58:38.158 INFO: Compiling model, saving metadata models/final_small-1_lila_HfOx-4/small_ft-HfOx_stagetwo_compiled.model
2025-10-14 17:58:38.800 INFO: Computing metrics for training, validation, and test sets
2025-10-14 17:58:38.802 INFO: Skipping evaluation for heads: ['pt_head']
2025-10-14 17:58:38.804 INFO: Evaluating train_Default ...
2025-10-14 17:58:39.929 INFO: Evaluating valid_Default ...
2025-10-14 17:58:40.317 INFO: Error-table on TRAIN and VALID:
+---------------+---------------------+------------------+-------------------+
|  config_type  | RMSE E / meV / atom | RMSE F / meV / A | relative F RMSE % |
+---------------+---------------------+------------------+-------------------+
| train_Default |            6.4      |        114.7     |          9.39     |
| valid_Default |            9.8      |        128.9     |         11.42     |
+---------------+---------------------+------------------+-------------------+
2025-10-14 17:58:40.318 INFO: Evaluating Default_Default ...
2025-10-14 17:58:41.860 INFO: Error-table on TEST:
+-----------------+---------------------+------------------+-------------------+
|   config_type   | RMSE E / meV / atom | RMSE F / meV / A | relative F RMSE % |
+-----------------+---------------------+------------------+-------------------+
| Default_Default |           15.8      |         89.5     |          9.90     |
+-----------------+---------------------+------------------+-------------------+
2025-10-14 17:58:41.908 INFO: Done
